[2025-05-30 16:39:06.372] PYTHON_PROGRESS: Progress log initialized by Python.
[2025-05-30 16:39:06.372] PYTHON_PROGRESS: Progress: 0% complete - Python Scheduler Process Started.
[2025-05-30 16:39:06.372] PYTHON_PROGRESS: ================================================================================
[2025-05-30 16:39:06.372] PYTHON_PROGRESS: =====               0. PYTHON: LOADING SCHEDULER CONFIGURATION               =====
[2025-05-30 16:39:06.385] PYTHON_PROGRESS: ================================================================================
[2025-05-30 16:39:06.388] PYTHON_PROGRESS: Python: Effective Configuration (excluding log path): {'semester_id_to_load': 1, 'cp_time_limit_seconds': 30, 'ga_population_size': 50, 'ga_generations': 100, 'ga_crossover_rate': 0.8, 'ga_mutation_rate': 0.2, 'ga_tournament_size': 5, 'ga_allow_hard_constraint_violations': False, 'priority_student_clash': 'medium', 'priority_lecturer_load_break': 'medium', 'priority_classroom_util': 'medium'}
[2025-05-30 16:39:06.388] PYTHON_PROGRESS: Python: Output will be saved to: output_data/final_schedule_output_20250530_113904_8ee938f9.json
[2025-05-30 16:39:06.388] PYTHON_PROGRESS: Python: Progress log will be written to: C:\xampp\htdocs\DSS\python_algorithm\output_data/logs/scheduler_progress_20250530_113904_8ee938f9.log
[2025-05-30 16:39:06.388] PYTHON_PROGRESS: Python: Parameters Parsed. SemesterID=1
[2025-05-30 16:39:06.392] PYTHON_PROGRESS: Progress: 5% complete - Configuration loaded.
[2025-05-30 16:39:06.392] PYTHON_PROGRESS: ================================================================================
[2025-05-30 16:39:06.393] PYTHON_PROGRESS: =====         1. PYTHON: LOADING & PREPROCESSING DATA - SEMESTER: 1          =====
[2025-05-30 16:39:06.393] PYTHON_PROGRESS: ================================================================================
[2025-05-30 16:39:06.456] PYTHON_PROGRESS: Python: Raw data loaded: 50 SchedClasses.
[2025-05-30 16:39:06.456] PYTHON_PROGRESS: Progress: 15% complete - Data loaded. Starting preprocessing.
[2025-05-30 16:39:06.466] PYTHON_PROGRESS: Python: Data preprocessed. 50 items for scheduling.
[2025-05-30 16:39:06.468] PYTHON_PROGRESS: Progress: 25% complete - Preprocessing finished.
[2025-05-30 16:39:06.468] PYTHON_PROGRESS: ================================================================================
[2025-05-30 16:39:06.469] PYTHON_PROGRESS: =====            2. PYTHON: SOLVING HARD CONSTRAINTS WITH CP-SAT             =====
[2025-05-30 16:39:06.469] PYTHON_PROGRESS: ================================================================================
[2025-05-30 16:39:06.469] PYTHON_PROGRESS: Python: Starting CP-SAT. Time limit: 30.0s.
[2025-05-30 16:39:06.469] PYTHON_PROGRESS: CP_SAT: CP-SAT Module Initialized.
[2025-05-30 16:39:06.469] PYTHON_PROGRESS: CP_SAT: Starting CP-SAT model solving process...
[2025-05-30 16:39:06.471] PYTHON_PROGRESS: CP_SAT: Starting pre-filtering and variable creation...
[2025-05-30 16:39:06.472] PYTHON_PROGRESS: CP_SAT: Pre-filter: 50 items are potentially schedulable and variables created.
[2025-05-30 16:39:06.472] PYTHON_PROGRESS: CP_SAT: Finished pre-filtering and variable creation.
[2025-05-30 16:39:06.472] PYTHON_PROGRESS: CP_SAT: Adding hard constraints to the model...
[2025-05-30 16:39:06.666] PYTHON_PROGRESS: CP_SAT: Added 25 HC1 (Lecturer-Timeslot) and 1225 HC2 (Classroom-Timeslot) constraints.
[2025-05-30 16:39:06.666] PYTHON_PROGRESS: CP_SAT: Added 0 HC3 (Instructor Unavailable Slots) constraints.
[2025-05-30 16:39:06.671] PYTHON_PROGRESS: CP_SAT: Finished adding hard constraints.
[2025-05-30 16:39:06.672] PYTHON_PROGRESS: CP_SAT: Time to build CP-SAT model for 50 items: 0.20s.
[2025-05-30 16:39:06.672] PYTHON_PROGRESS: CP_SAT: Solver starting... Time limit: 30.0s. Solving for 50 items.
[2025-05-30 16:39:08.211] PYTHON_PROGRESS: CP_SAT: Solver finished in 1.54s. Status: OPTIMAL
[2025-05-30 16:39:08.213] PYTHON_PROGRESS: CP_SAT: Solver found a FEASIBLE or OPTIMAL solution. Extracting schedule...
[2025-05-30 16:39:08.213] PYTHON_PROGRESS: CP_SAT: Finished processing solver results. Extracted 50 fully scheduled items.
[2025-05-30 16:39:08.213] PYTHON_PROGRESS: CP_SAT: Successfully scheduled all 50 targeted items.
[2025-05-30 16:39:08.216] PYTHON_PROGRESS: CP_SAT: CP-SAT model solving process ended. Returning 50 actual scheduled items.
[2025-05-30 16:39:08.216] PYTHON_PROGRESS: CP-SAT found solution with 50 events. Status: OPTIMAL.
[2025-05-30 16:39:08.218] PYTHON_PROGRESS: Output data saved to: C:\xampp\htdocs\DSS\python_algorithm\output_data/cp_debug_solution_20250530_113904_8ee938f9.json
[2025-05-30 16:39:08.221] PYTHON_PROGRESS: Progress: 50% complete - CP-SAT Stage Finished.
[2025-05-30 16:39:08.221] PYTHON_PROGRESS: ================================================================================
[2025-05-30 16:39:08.221] PYTHON_PROGRESS: =====     3. PYTHON: OPTIMIZING SOFT CONSTRAINTS WITH GENETIC ALGORITHM      =====
[2025-05-30 16:39:08.221] PYTHON_PROGRESS: ================================================================================
[2025-05-30 16:39:08.221] PYTHON_PROGRESS: Python: Starting GA. Pop: 50, Gens: 100.
[2025-05-30 16:39:08.221] PYTHON_PROGRESS: GA: Initializing GeneticAlgorithmScheduler...
[2025-05-30 16:39:08.221] PYTHON_PROGRESS: GA: GA courses_catalog_map initialized. Number of entries: 55
[2025-05-30 16:39:08.221] PYTHON_PROGRESS: GA:   DEBUG CHECK: Problematic ID 'INS328003' IS PRESENT in self.courses_catalog (Name: Data Preparation and Visualization).
[2025-05-30 16:39:08.221] PYTHON_PROGRESS: GA:   DEBUG CHECK: Problematic ID 'INE105102' IS PRESENT in self.courses_catalog (Name: Macroeconomics).
[2025-05-30 16:39:08.221] PYTHON_PROGRESS: GA:   DEBUG CHECK: Problematic ID 'INS327102' IS PRESENT in self.courses_catalog (Name: International Accounting).
[2025-05-30 16:39:08.221] PYTHON_PROGRESS: GA:   DEBUG CHECK: Problematic ID 'INS325101' IS PRESENT in self.courses_catalog (Name: Taxation).
[2025-05-30 16:39:08.221] PYTHON_PROGRESS: GA:   DEBUG CHECK: Problematic ID 'PEC100802' IS PRESENT in self.courses_catalog (Name: Marx Leninist Political Economy).
[2025-05-30 16:39:08.221] PYTHON_PROGRESS: GA:   DEBUG CHECK: Problematic ID 'INS303002' IS PRESENT in self.courses_catalog (Name: Financial Statement Analysis).
[2025-05-30 16:39:08.221] PYTHON_PROGRESS: GA:   DEBUG CHECK: All previously problematic IDs checked ARE NOW PRESENT in self.courses_catalog.
[2025-05-30 16:39:08.221] PYTHON_PROGRESS: GA: GA Initialized. PopSize=50, Gens=100, AllowHCViolations=False
[2025-05-30 16:39:08.221] PYTHON_PROGRESS: GA: Settings: StudentClashPenalty=1000.0, LecturerOverloadPenalty=50.0, LecturerMinPeriods=4
[2025-05-30 16:39:08.221] PYTHON_PROGRESS: GA: Attempting to initialize GA population...
[2025-05-30 16:39:08.221] PYTHON_PROGRESS: GA: Initializing population...
[2025-05-30 16:39:08.221] PYTHON_PROGRESS: GA: Processing 1 schedule(s) from CP input.
[2025-05-30 16:39:08.221] PYTHON_PROGRESS: GA: Cloning 1 valid schedule(s) to reach population size 50.
[2025-05-30 16:39:08.271] PYTHON_PROGRESS: GA: Successfully initialized population with 50 individuals.
[2025-05-30 16:39:08.272] PYTHON_PROGRESS: GA: Evaluating initial population for GA...
[2025-05-30 16:39:08.305] PYTHON_PROGRESS: GA: Fitness (Total=39220.00): SC1_StudentClash=37000|SC2_LecturerUnderload=2220|
[2025-05-30 16:39:08.332] PYTHON_PROGRESS: GA: Fitness (Total=39220.00): SC1_StudentClash=37000|SC2_LecturerUnderload=2220|
[2025-05-30 16:39:08.364] PYTHON_PROGRESS: GA: Fitness (Total=39220.00): SC1_StudentClash=37000|SC2_LecturerUnderload=2220|
[2025-05-30 16:39:08.421] PYTHON_PROGRESS: GA: GA evolution started. PopSize: 50. Gens: 100.
[2025-05-30 16:39:08.421] PYTHON_PROGRESS: GA: Initial best penalty: 39220.00 for sched with 50 events.
[2025-05-30 16:39:08.507] PYTHON_PROGRESS: GA: ValidationFail HC2 (Event 18): Room 1 conflict at TS 7 for Course INS207402
[2025-05-30 16:39:08.522] PYTHON_PROGRESS: GA: ValidationFail HC2 (Event 35): Room 11 conflict at TS 1 for Course INS308001
[2025-05-30 16:39:08.531] PYTHON_PROGRESS: GA: ValidationFail HC2 (Event 31): Room 7 conflict at TS 1 for Course INS306002
[2025-05-30 16:39:08.533] PYTHON_PROGRESS: GA: ValidationFail HC2 (Event 39): Room 6 conflict at TS 1 for Course INS318901
[2025-05-30 16:39:08.563] PYTHON_PROGRESS: GA: ValidationFail HC2 (Event 43): Room 17 conflict at TS 1 for Course INS327102
[2025-05-30 16:39:08.572] PYTHON_PROGRESS: GA: ValidationFail HC2 (Event 16): Room 1 conflict at TS 7 for Course INS203702
[2025-05-30 16:39:08.591] PYTHON_PROGRESS: GA: Fitness (Total=39220.00): SC1_StudentClash=37000|SC2_LecturerUnderload=2220|
[2025-05-30 16:39:08.740] PYTHON_PROGRESS: GA: Fitness (Total=39220.00): SC1_StudentClash=37000|SC2_LecturerUnderload=2220|
[2025-05-30 16:39:08.740] PYTHON_PROGRESS: GA: End Gen 1/100: BestInGenPen=39220.00, OverallBestPen=39220.00
[2025-05-30 16:39:08.857] PYTHON_PROGRESS: GA: ValidationFail HC2 (Event 48): Room 4 conflict at TS 1 for Course PHI100201
[2025-05-30 16:39:08.988] PYTHON_PROGRESS: GA: Fitness (Total=39220.00): SC1_StudentClash=37000|SC2_LecturerUnderload=2220|
[2025-05-30 16:39:09.111] PYTHON_PROGRESS: GA: ValidationFail HC2 (Event 45): Room 11 conflict at TS 1 for Course MAT100501
[2025-05-30 16:39:09.125] PYTHON_PROGRESS: GA: ValidationFail HC2 (Event 38): Room 8 conflict at TS 2 for Course INS315201
[2025-05-30 16:39:09.155] PYTHON_PROGRESS: GA: ValidationFail HC2 (Event 20): Room 14 conflict at TS 2 for Course INS210902
[2025-05-30 16:39:09.166] PYTHON_PROGRESS: GA: ValidationFail HC2 (Event 29): Room 5 conflict at TS 1 for Course INS303201
[2025-05-30 16:39:09.182] PYTHON_PROGRESS: GA: ValidationFail HC2 (Event 16): Room 1 conflict at TS 7 for Course INS203702
[2025-05-30 16:39:09.199] PYTHON_PROGRESS: GA: ValidationFail HC2 (Event 45): Room 19 conflict at TS 1 for Course MAT100501
[2025-05-30 16:39:09.240] PYTHON_PROGRESS: GA: Fitness (Total=39220.00): SC1_StudentClash=37000|SC2_LecturerUnderload=2220|
[2025-05-30 16:39:09.262] PYTHON_PROGRESS: GA: Fitness (Total=37220.00): SC1_StudentClash=35000|SC2_LecturerUnderload=2220|
[2025-05-30 16:39:09.305] PYTHON_PROGRESS: GA: Fitness (Total=39220.00): SC1_StudentClash=37000|SC2_LecturerUnderload=2220|
[2025-05-30 16:39:09.505] PYTHON_PROGRESS: GA: ValidationFail HC2 (Event 30): Room 3 conflict at TS 1 for Course INS304901
[2025-05-30 16:39:09.651] PYTHON_PROGRESS: GA: Fitness (Total=35220.00): SC1_StudentClash=33000|SC2_LecturerUnderload=2220|
[2025-05-30 16:39:09.807] PYTHON_PROGRESS: GA: ValidationFail HC2 (Event 39): Room 13 conflict at TS 1 for Course INS318901
[2025-05-30 16:39:09.906] PYTHON_PROGRESS: GA: Fitness (Total=34220.00): SC1_StudentClash=32000|SC2_LecturerUnderload=2220|
[2025-05-30 16:39:10.037] PYTHON_PROGRESS: GA: ValidationFail HC2 (Event 44): Room 18 conflict at TS 1 for Course INS328003
[2025-05-30 16:39:10.045] PYTHON_PROGRESS: GA: ValidationFail HC2 (Event 43): Room 17 conflict at TS 1 for Course INS327102
[2025-05-30 16:39:10.075] PYTHON_PROGRESS: GA: ValidationFail HC2 (Event 32): Room 8 conflict at TS 1 for Course INS306603
[2025-05-30 16:39:10.223] PYTHON_PROGRESS: GA: Fitness (Total=30220.00): SC1_StudentClash=28000|SC2_LecturerUnderload=2220|
[2025-05-30 16:39:10.226] PYTHON_PROGRESS: GA: Fitness (Total=30220.00): SC1_StudentClash=28000|SC2_LecturerUnderload=2220|
[2025-05-30 16:39:10.288] PYTHON_PROGRESS: GA: Fitness (Total=31220.00): SC1_StudentClash=29000|SC2_LecturerUnderload=2220|
[2025-05-30 16:39:10.302] PYTHON_PROGRESS: GA: Fitness (Total=30220.00): SC1_StudentClash=28000|SC2_LecturerUnderload=2220|
[2025-05-30 16:39:10.431] PYTHON_PROGRESS: GA: ValidationFail HC2 (Event 45): Room 19 conflict at TS 1 for Course MAT100501
[2025-05-30 16:39:10.450] PYTHON_PROGRESS: GA: ValidationFail HC2 (Event 19): Room 14 conflict at TS 3 for Course INS209801
[2025-05-30 16:39:10.480] PYTHON_PROGRESS: GA: Fitness (Total=29220.00): SC1_StudentClash=27000|SC2_LecturerUnderload=2220|
[2025-05-30 16:39:10.524] PYTHON_PROGRESS: GA: Fitness (Total=29220.00): SC1_StudentClash=27000|SC2_LecturerUnderload=2220|
[2025-05-30 16:39:10.590] PYTHON_PROGRESS: GA: Fitness (Total=29220.00): SC1_StudentClash=27000|SC2_LecturerUnderload=2220|
[2025-05-30 16:39:10.738] PYTHON_PROGRESS: GA: ValidationFail HC2 (Event 45): Room 6 conflict at TS 1 for Course MAT100501
[2025-05-30 16:39:10.788] PYTHON_PROGRESS: GA: ValidationFail HC2 (Event 37): Room 12 conflict at TS 1 for Course INS315101
[2025-05-30 16:39:10.813] PYTHON_PROGRESS: GA: Fitness (Total=28220.00): SC1_StudentClash=26000|SC2_LecturerUnderload=2220|
[2025-05-30 16:39:10.922] PYTHON_PROGRESS: GA: Fitness (Total=31220.00): SC1_StudentClash=29000|SC2_LecturerUnderload=2220|
[2025-05-30 16:39:11.045] PYTHON_PROGRESS: GA: ValidationFail HC2 (Event 34): Room 9 conflict at TS 1 for Course INS307403
[2025-05-30 16:39:11.089] PYTHON_PROGRESS: GA: ValidationFail HC2 (Event 32): Room 1 conflict at TS 7 for Course INS306603
[2025-05-30 16:39:11.195] PYTHON_PROGRESS: GA: Fitness (Total=25220.00): SC1_StudentClash=23000|SC2_LecturerUnderload=2220|
[2025-05-30 16:39:11.239] PYTHON_PROGRESS: GA: Fitness (Total=25220.00): SC1_StudentClash=23000|SC2_LecturerUnderload=2220|
[2025-05-30 16:39:11.245] PYTHON_PROGRESS: GA: Fitness (Total=22220.00): SC1_StudentClash=20000|SC2_LecturerUnderload=2220|
[2025-05-30 16:39:11.339] PYTHON_PROGRESS: GA: ValidationFail HC2 (Event 29): Room 5 conflict at TS 1 for Course INS303201
[2025-05-30 16:39:11.354] PYTHON_PROGRESS: GA: ValidationFail HC2 (Event 36): Room 12 conflict at TS 2 for Course INS309701
[2025-05-30 16:39:11.371] PYTHON_PROGRESS: GA: ValidationFail HC2 (Event 34): Room 10 conflict at TS 1 for Course INS307403
[2025-05-30 16:39:11.395] PYTHON_PROGRESS: GA: ValidationFail HC2 (Event 45): Room 10 conflict at TS 1 for Course MAT100501
[2025-05-30 16:39:11.540] PYTHON_PROGRESS: GA: Fitness (Total=21220.00): SC1_StudentClash=19000|SC2_LecturerUnderload=2220|
[2025-05-30 16:39:11.598] PYTHON_PROGRESS: GA: Fitness (Total=23220.00): SC1_StudentClash=21000|SC2_LecturerUnderload=2220|
[2025-05-30 16:39:11.608] PYTHON_PROGRESS: GA: End Gen 10/100: BestInGenPen=19220.00, OverallBestPen=19220.00
[2025-05-30 16:39:11.663] PYTHON_PROGRESS: GA: ValidationFail HC2 (Event 26): Room 8 conflict at TS 2 for Course INS302803
[2025-05-30 16:39:11.679] PYTHON_PROGRESS: GA: ValidationFail HC2 (Event 47): Room 21 conflict at TS 1 for Course PEC100802
[2025-05-30 16:39:11.687] PYTHON_PROGRESS: GA: ValidationFail HC2 (Event 43): Room 17 conflict at TS 1 for Course INS327102
[2025-05-30 16:39:11.823] PYTHON_PROGRESS: GA: Fitness (Total=21220.00): SC1_StudentClash=19000|SC2_LecturerUnderload=2220|
[2025-05-30 16:39:11.857] PYTHON_PROGRESS: GA: Fitness (Total=20220.00): SC1_StudentClash=18000|SC2_LecturerUnderload=2220|
[2025-05-30 16:39:11.872] PYTHON_PROGRESS: GA: Fitness (Total=21220.00): SC1_StudentClash=19000|SC2_LecturerUnderload=2220|
[2025-05-30 16:39:12.123] PYTHON_PROGRESS: GA: ValidationFail HC2 (Event 38): Room 23 conflict at TS 2 for Course INS315201
[2025-05-30 16:39:12.204] PYTHON_PROGRESS: GA: Fitness (Total=19220.00): SC1_StudentClash=17000|SC2_LecturerUnderload=2220|
[2025-05-30 16:39:12.288] PYTHON_PROGRESS: GA: Fitness (Total=16220.00): SC1_StudentClash=14000|SC2_LecturerUnderload=2220|
[2025-05-30 16:39:12.321] PYTHON_PROGRESS: GA: Fitness (Total=21220.00): SC1_StudentClash=19000|SC2_LecturerUnderload=2220|
[2025-05-30 16:39:12.457] PYTHON_PROGRESS: GA: ValidationFail HC1 (Event 24): Lect 18 conflict at TS 1 for Course INS301603
[2025-05-30 16:39:12.489] PYTHON_PROGRESS: GA: Fitness (Total=18220.00): SC1_StudentClash=16000|SC2_LecturerUnderload=2220|
[2025-05-30 16:39:12.520] PYTHON_PROGRESS: GA: Fitness (Total=18220.00): SC1_StudentClash=16000|SC2_LecturerUnderload=2220|
[2025-05-30 16:39:12.550] PYTHON_PROGRESS: GA: Fitness (Total=16220.00): SC1_StudentClash=14000|SC2_LecturerUnderload=2220|
[2025-05-30 16:39:12.581] PYTHON_PROGRESS: GA: Fitness (Total=17220.00): SC1_StudentClash=15000|SC2_LecturerUnderload=2220|
[2025-05-30 16:39:12.717] PYTHON_PROGRESS: GA: ValidationFail HC2 (Event 47): Room 21 conflict at TS 1 for Course PEC100802
[2025-05-30 16:39:12.770] PYTHON_PROGRESS: GA: ValidationFail HC2 (Event 47): Room 20 conflict at TS 1 for Course PEC100802
[2025-05-30 16:39:12.806] PYTHON_PROGRESS: GA: Fitness (Total=16220.00): SC1_StudentClash=14000|SC2_LecturerUnderload=2220|
[2025-05-30 16:39:12.813] PYTHON_PROGRESS: GA: Fitness (Total=13220.00): SC1_StudentClash=11000|SC2_LecturerUnderload=2220|
[2025-05-30 16:39:12.903] PYTHON_PROGRESS: GA: Fitness (Total=18220.00): SC1_StudentClash=16000|SC2_LecturerUnderload=2220|
[2025-05-30 16:39:12.922] PYTHON_PROGRESS: GA: Fitness (Total=16220.00): SC1_StudentClash=14000|SC2_LecturerUnderload=2220|
[2025-05-30 16:39:13.122] PYTHON_PROGRESS: GA: ValidationFail HC1 (Event 41): Lect 7 conflict at TS 3 for Course INS325101
[2025-05-30 16:39:13.167] PYTHON_PROGRESS: GA: Fitness (Total=18220.00): SC1_StudentClash=16000|SC2_LecturerUnderload=2220|
[2025-05-30 16:39:13.189] PYTHON_PROGRESS: GA: Fitness (Total=16220.00): SC1_StudentClash=14000|SC2_LecturerUnderload=2220|
[2025-05-30 16:39:13.401] PYTHON_PROGRESS: GA: ValidationFail HC2 (Event 41): Room 23 conflict at TS 3 for Course INS325101
[2025-05-30 16:39:13.437] PYTHON_PROGRESS: GA: ValidationFail HC2 (Event 34): Room 3 conflict at TS 1 for Course INS307403
[2025-05-30 16:39:13.472] PYTHON_PROGRESS: GA: ValidationFail HC2 (Event 47): Room 21 conflict at TS 1 for Course PEC100802
[2025-05-30 16:39:13.506] PYTHON_PROGRESS: GA: Fitness (Total=12220.00): SC1_StudentClash=10000|SC2_LecturerUnderload=2220|
[2025-05-30 16:39:13.603] PYTHON_PROGRESS: GA: Fitness (Total=13220.00): SC1_StudentClash=11000|SC2_LecturerUnderload=2220|
[2025-05-30 16:39:13.689] PYTHON_PROGRESS: GA: ValidationFail HC2 (Event 46): Room 19 conflict at TS 1 for Course MAT109204
[2025-05-30 16:39:13.706] PYTHON_PROGRESS: GA: ValidationFail HC2 (Event 14): Room 1 conflict at TS 5 for Course INS201502
[2025-05-30 16:39:13.706] PYTHON_PROGRESS: GA: ValidationFail HC2 (Event 21): Room 2 conflict at TS 5 for Course INS211102
[2025-05-30 16:39:13.786] PYTHON_PROGRESS: GA: ValidationFail HC2 (Event 25): Room 12 conflict at TS 2 for Course INS30201
[2025-05-30 16:39:13.813] PYTHON_PROGRESS: GA: ValidationFail HC2 (Event 42): Room 16 conflict at TS 1 for Course INS325201
[2025-05-30 16:39:14.070] PYTHON_PROGRESS: GA: ValidationFail HC1 (Event 22): Lect 18 conflict at TS 21 for Course INS300202
[2025-05-30 16:39:14.187] PYTHON_PROGRESS: GA: Fitness (Total=13220.00): SC1_StudentClash=11000|SC2_LecturerUnderload=2220|
[2025-05-30 16:39:14.190] PYTHON_PROGRESS: GA: Fitness (Total=11220.00): SC1_StudentClash=9000|SC2_LecturerUnderload=2220|
[2025-05-30 16:39:14.227] PYTHON_PROGRESS: GA: Fitness (Total=13220.00): SC1_StudentClash=11000|SC2_LecturerUnderload=2220|
[2025-05-30 16:39:14.320] PYTHON_PROGRESS: GA: ValidationFail HC2 (Event 24): Room 3 conflict at TS 1 for Course INS301603
[2025-05-30 16:39:14.326] PYTHON_PROGRESS: GA: ValidationFail HC2 (Event 44): Room 18 conflict at TS 2 for Course INS328003
[2025-05-30 16:39:14.469] PYTHON_PROGRESS: GA: Fitness (Total=12220.00): SC1_StudentClash=10000|SC2_LecturerUnderload=2220|
[2025-05-30 16:39:14.480] PYTHON_PROGRESS: GA: Fitness (Total=11220.00): SC1_StudentClash=9000|SC2_LecturerUnderload=2220|
[2025-05-30 16:39:14.672] PYTHON_PROGRESS: GA: ValidationFail HC2 (Event 15): Room 1 conflict at TS 6 for Course INS201503
[2025-05-30 16:39:14.764] PYTHON_PROGRESS: GA: Fitness (Total=11220.00): SC1_StudentClash=9000|SC2_LecturerUnderload=2220|
[2025-05-30 16:39:14.875] PYTHON_PROGRESS: GA: Fitness (Total=11220.00): SC1_StudentClash=9000|SC2_LecturerUnderload=2220|
[2025-05-30 16:39:14.897] PYTHON_PROGRESS: GA: End Gen 20/100: BestInGenPen=8220.00, OverallBestPen=8220.00
[2025-05-30 16:39:15.032] PYTHON_PROGRESS: GA: ValidationFail HC2 (Event 27): Room 17 conflict at TS 2 for Course INS302901
[2025-05-30 16:39:15.058] PYTHON_PROGRESS: GA: Fitness (Total=8220.00): SC1_StudentClash=6000|SC2_LecturerUnderload=2220|
[2025-05-30 16:39:15.178] PYTHON_PROGRESS: GA: Fitness (Total=8220.00): SC1_StudentClash=6000|SC2_LecturerUnderload=2220|
[2025-05-30 16:39:15.302] PYTHON_PROGRESS: GA: ValidationFail HC2 (Event 44): Room 18 conflict at TS 2 for Course INS328003
[2025-05-30 16:39:15.318] PYTHON_PROGRESS: GA: ValidationFail HC2 (Event 28): Room 2 conflict at TS 4 for Course INS303002
[2025-05-30 16:39:15.323] PYTHON_PROGRESS: GA: ValidationFail HC2 (Event 46): Room 4 conflict at TS 1 for Course MAT109204
[2025-05-30 16:39:15.398] PYTHON_PROGRESS: GA: Fitness (Total=8220.00): SC1_StudentClash=6000|SC2_LecturerUnderload=2220|
[2025-05-30 16:39:15.522] PYTHON_PROGRESS: GA: Fitness (Total=8220.00): SC1_StudentClash=6000|SC2_LecturerUnderload=2220|
[2025-05-30 16:39:15.586] PYTHON_PROGRESS: GA: ValidationFail HC1 (Event 49): Lect 4 conflict at TS 2 for Course RUS500201
[2025-05-30 16:39:15.586] PYTHON_PROGRESS: GA: ValidationFail HC1 (Event 29): Lect 32 conflict at TS 2 for Course INS303201
[2025-05-30 16:39:15.603] PYTHON_PROGRESS: GA: ValidationFail HC2 (Event 38): Room 17 conflict at TS 2 for Course INS315201
[2025-05-30 16:39:15.623] PYTHON_PROGRESS: GA: ValidationFail HC2 (Event 43): Room 10 conflict at TS 1 for Course INS327102
[2025-05-30 16:39:15.803] PYTHON_PROGRESS: GA: Fitness (Total=8220.00): SC1_StudentClash=6000|SC2_LecturerUnderload=2220|
[2025-05-30 16:39:15.938] PYTHON_PROGRESS: GA: ValidationFail HC2 (Event 46): Room 20 conflict at TS 1 for Course MAT109204
[2025-05-30 16:39:16.095] PYTHON_PROGRESS: GA: Fitness (Total=7220.00): SC1_StudentClash=5000|SC2_LecturerUnderload=2220|
[2025-05-30 16:39:16.121] PYTHON_PROGRESS: GA: Fitness (Total=7220.00): SC1_StudentClash=5000|SC2_LecturerUnderload=2220|
[2025-05-30 16:39:16.165] PYTHON_PROGRESS: GA: Fitness (Total=8220.00): SC1_StudentClash=6000|SC2_LecturerUnderload=2220|
[2025-05-30 16:39:16.318] PYTHON_PROGRESS: GA: ValidationFail HC1 (Event 39): Lect 35 conflict at TS 1 for Course INS318901
[2025-05-30 16:39:16.402] PYTHON_PROGRESS: GA: Fitness (Total=7220.00): SC1_StudentClash=5000|SC2_LecturerUnderload=2220|
[2025-05-30 16:39:16.444] PYTHON_PROGRESS: GA: Fitness (Total=8220.00): SC1_StudentClash=6000|SC2_LecturerUnderload=2220|
[2025-05-30 16:39:16.454] PYTHON_PROGRESS: GA: Fitness (Total=7220.00): SC1_StudentClash=5000|SC2_LecturerUnderload=2220|
[2025-05-30 16:39:16.462] PYTHON_PROGRESS: GA: Fitness (Total=7220.00): SC1_StudentClash=5000|SC2_LecturerUnderload=2220|
[2025-05-30 16:39:16.579] PYTHON_PROGRESS: GA: ValidationFail HC2 (Event 28): Room 15 conflict at TS 4 for Course INS303002
[2025-05-30 16:39:16.605] PYTHON_PROGRESS: GA: ValidationFail HC2 (Event 12): Room 1 conflict at TS 2 for Course INS201101
[2025-05-30 16:39:16.672] PYTHON_PROGRESS: GA: Fitness (Total=6220.00): SC1_StudentClash=4000|SC2_LecturerUnderload=2220|
[2025-05-30 16:39:16.687] PYTHON_PROGRESS: GA: Fitness (Total=7220.00): SC1_StudentClash=5000|SC2_LecturerUnderload=2220|
[2025-05-30 16:39:16.843] PYTHON_PROGRESS: GA: Fitness (Total=7220.00): SC1_StudentClash=5000|SC2_LecturerUnderload=2220|
[2025-05-30 16:39:16.882] PYTHON_PROGRESS: GA: Fitness (Total=7220.00): SC1_StudentClash=5000|SC2_LecturerUnderload=2220|
[2025-05-30 16:39:16.939] PYTHON_PROGRESS: GA: ValidationFail HC2 (Event 45): Room 6 conflict at TS 1 for Course MAT100501
[2025-05-30 16:39:17.012] PYTHON_PROGRESS: GA: ValidationFail HC2 (Event 44): Room 1 conflict at TS 2 for Course INS328003
[2025-05-30 16:39:17.021] PYTHON_PROGRESS: GA: ValidationFail HC2 (Event 30): Room 6 conflict at TS 1 for Course INS304901
[2025-05-30 16:39:17.026] PYTHON_PROGRESS: GA: ValidationFail HC2 (Event 36): Room 14 conflict at TS 2 for Course INS309701
[2025-05-30 16:39:17.039] PYTHON_PROGRESS: GA: Fitness (Total=6220.00): SC1_StudentClash=4000|SC2_LecturerUnderload=2220|
[2025-05-30 16:39:17.039] PYTHON_PROGRESS: GA: Fitness (Total=6220.00): SC1_StudentClash=4000|SC2_LecturerUnderload=2220|
[2025-05-30 16:39:17.039] PYTHON_PROGRESS: GA: Fitness (Total=6220.00): SC1_StudentClash=4000|SC2_LecturerUnderload=2220|
[2025-05-30 16:39:17.335] PYTHON_PROGRESS: GA: Fitness (Total=5220.00): SC1_StudentClash=3000|SC2_LecturerUnderload=2220|
[2025-05-30 16:39:17.352] PYTHON_PROGRESS: GA: Fitness (Total=6220.00): SC1_StudentClash=4000|SC2_LecturerUnderload=2220|
[2025-05-30 16:39:17.361] PYTHON_PROGRESS: GA: Fitness (Total=4220.00): SC1_StudentClash=2000|SC2_LecturerUnderload=2220|
[2025-05-30 16:39:17.395] PYTHON_PROGRESS: GA: Fitness (Total=6220.00): SC1_StudentClash=4000|SC2_LecturerUnderload=2220|
[2025-05-30 16:39:17.435] PYTHON_PROGRESS: GA: Fitness (Total=6220.00): SC1_StudentClash=4000|SC2_LecturerUnderload=2220|
[2025-05-30 16:39:17.530] PYTHON_PROGRESS: GA: ValidationFail HC1 (Event 41): Lect 7 conflict at TS 4 for Course INS325101
[2025-05-30 16:39:17.585] PYTHON_PROGRESS: GA: ValidationFail HC2 (Event 39): Room 3 conflict at TS 1 for Course INS318901
[2025-05-30 16:39:17.671] PYTHON_PROGRESS: GA: Fitness (Total=6220.00): SC1_StudentClash=4000|SC2_LecturerUnderload=2220|
[2025-05-30 16:39:17.676] PYTHON_PROGRESS: GA: Fitness (Total=5220.00): SC1_StudentClash=3000|SC2_LecturerUnderload=2220|
[2025-05-30 16:39:17.720] PYTHON_PROGRESS: GA: Fitness (Total=6220.00): SC1_StudentClash=4000|SC2_LecturerUnderload=2220|
[2025-05-30 16:39:17.864] PYTHON_PROGRESS: GA: ValidationFail HC1 (Event 46): Lect 22 conflict at TS 7 for Course MAT109204
[2025-05-30 16:39:17.970] PYTHON_PROGRESS: GA: Fitness (Total=5220.00): SC1_StudentClash=3000|SC2_LecturerUnderload=2220|
[2025-05-30 16:39:18.029] PYTHON_PROGRESS: GA: Fitness (Total=4220.00): SC1_StudentClash=2000|SC2_LecturerUnderload=2220|
[2025-05-30 16:39:18.093] PYTHON_PROGRESS: GA: Fitness (Total=5220.00): SC1_StudentClash=3000|SC2_LecturerUnderload=2220|
[2025-05-30 16:39:18.099] PYTHON_PROGRESS: GA: End Gen 30/100: BestInGenPen=4220.00, OverallBestPen=4220.00
[2025-05-30 16:39:18.171] PYTHON_PROGRESS: GA: ValidationFail HC2 (Event 30): Room 6 conflict at TS 1 for Course INS304901
[2025-05-30 16:39:18.218] PYTHON_PROGRESS: GA: ValidationFail HC2 (Event 43): Room 17 conflict at TS 1 for Course INS327102
[2025-05-30 16:39:18.371] PYTHON_PROGRESS: GA: Fitness (Total=4220.00): SC1_StudentClash=2000|SC2_LecturerUnderload=2220|
[2025-05-30 16:39:18.452] PYTHON_PROGRESS: GA: ValidationFail HC2 (Event 44): Room 20 conflict at TS 2 for Course INS328003
[2025-05-30 16:39:18.510] PYTHON_PROGRESS: GA: ValidationFail HC1 (Event 11): Lect 18 conflict at TS 4 for Course INS200903
[2025-05-30 16:39:18.572] PYTHON_PROGRESS: GA: Fitness (Total=4220.00): SC1_StudentClash=2000|SC2_LecturerUnderload=2220|
[2025-05-30 16:39:18.596] PYTHON_PROGRESS: GA: Fitness (Total=4220.00): SC1_StudentClash=2000|SC2_LecturerUnderload=2220|
[2025-05-30 16:39:18.651] PYTHON_PROGRESS: GA: Fitness (Total=4220.00): SC1_StudentClash=2000|SC2_LecturerUnderload=2220|
[2025-05-30 16:39:18.660] PYTHON_PROGRESS: GA: Fitness (Total=4220.00): SC1_StudentClash=2000|SC2_LecturerUnderload=2220|
[2025-05-30 16:39:18.706] PYTHON_PROGRESS: GA: Fitness (Total=4220.00): SC1_StudentClash=2000|SC2_LecturerUnderload=2220|
[2025-05-30 16:39:18.794] PYTHON_PROGRESS: GA: ValidationFail HC2 (Event 42): Room 16 conflict at TS 1 for Course INS325201
[2025-05-30 16:39:18.835] PYTHON_PROGRESS: GA: ValidationFail HC2 (Event 9): Room 23 conflict at TS 3 for Course INE306001
[2025-05-30 16:39:18.951] PYTHON_PROGRESS: GA: Fitness (Total=3220.00): SC1_StudentClash=1000|SC2_LecturerUnderload=2220|
[2025-05-30 16:39:19.115] PYTHON_PROGRESS: GA: ValidationFail HC2 (Event 18): Room 1 conflict at TS 9 for Course INS207402
[2025-05-30 16:39:19.151] PYTHON_PROGRESS: GA: ValidationFail HC1 (Event 16): Lect 26 conflict at TS 8 for Course INS203702
[2025-05-30 16:39:19.205] PYTHON_PROGRESS: GA: Fitness (Total=3220.00): SC1_StudentClash=1000|SC2_LecturerUnderload=2220|
[2025-05-30 16:39:19.239] PYTHON_PROGRESS: GA: Fitness (Total=3220.00): SC1_StudentClash=1000|SC2_LecturerUnderload=2220|
[2025-05-30 16:39:19.321] PYTHON_PROGRESS: GA: Fitness (Total=3220.00): SC1_StudentClash=1000|SC2_LecturerUnderload=2220|
[2025-05-30 16:39:19.629] PYTHON_PROGRESS: GA: Fitness (Total=3220.00): SC1_StudentClash=1000|SC2_LecturerUnderload=2220|
[2025-05-30 16:39:19.868] PYTHON_PROGRESS: GA: Fitness (Total=3220.00): SC1_StudentClash=1000|SC2_LecturerUnderload=2220|
[2025-05-30 16:39:19.915] PYTHON_PROGRESS: GA: Fitness (Total=3220.00): SC1_StudentClash=1000|SC2_LecturerUnderload=2220|
[2025-05-30 16:39:19.954] PYTHON_PROGRESS: GA: Fitness (Total=3220.00): SC1_StudentClash=1000|SC2_LecturerUnderload=2220|
[2025-05-30 16:39:20.061] PYTHON_PROGRESS: GA: ValidationFail HC2 (Event 21): Room 2 conflict at TS 15 for Course INS211102
[2025-05-30 16:39:20.070] PYTHON_PROGRESS: GA: ValidationFail HC2 (Event 13): Room 8 conflict at TS 2 for Course INS201501
[2025-05-30 16:39:20.084] PYTHON_PROGRESS: GA: ValidationFail HC2 (Event 38): Room 5 conflict at TS 2 for Course INS315201
[2025-05-30 16:39:20.194] PYTHON_PROGRESS: GA: Fitness (Total=3220.00): SC1_StudentClash=1000|SC2_LecturerUnderload=2220|
[2025-05-30 16:39:20.268] PYTHON_PROGRESS: GA: Fitness (Total=3220.00): SC1_StudentClash=1000|SC2_LecturerUnderload=2220|
[2025-05-30 16:39:20.318] PYTHON_PROGRESS: GA: Fitness (Total=3220.00): SC1_StudentClash=1000|SC2_LecturerUnderload=2220|
[2025-05-30 16:39:20.617] PYTHON_PROGRESS: GA: Fitness (Total=3220.00): SC1_StudentClash=1000|SC2_LecturerUnderload=2220|
[2025-05-30 16:39:20.784] PYTHON_PROGRESS: GA: ValidationFail HC2 (Event 36): Room 20 conflict at TS 2 for Course INS309701
[2025-05-30 16:39:20.820] PYTHON_PROGRESS: GA: Fitness (Total=3220.00): SC1_StudentClash=1000|SC2_LecturerUnderload=2220|
[2025-05-30 16:39:21.020] PYTHON_PROGRESS: GA: ValidationFail HC2 (Event 33): Room 9 conflict at TS 8 for Course INS306901
[2025-05-30 16:39:21.070] PYTHON_PROGRESS: GA: ValidationFail HC1 (Event 38): Lect 4 conflict at TS 3 for Course INS315201
[2025-05-30 16:39:21.104] PYTHON_PROGRESS: GA: Fitness (Total=3220.00): SC1_StudentClash=1000|SC2_LecturerUnderload=2220|
[2025-05-30 16:39:21.213] PYTHON_PROGRESS: GA: Fitness (Total=3220.00): SC1_StudentClash=1000|SC2_LecturerUnderload=2220|
[2025-05-30 16:39:21.253] PYTHON_PROGRESS: GA: End Gen 40/100: BestInGenPen=3220.00, OverallBestPen=3220.00
[2025-05-30 16:39:21.309] PYTHON_PROGRESS: GA: ValidationFail HC2 (Event 15): Room 1 conflict at TS 6 for Course INS201503
[2025-05-30 16:39:21.317] PYTHON_PROGRESS: GA: ValidationFail HC2 (Event 33): Room 9 conflict at TS 8 for Course INS306901
[2025-05-30 16:39:21.455] PYTHON_PROGRESS: GA: Fitness (Total=3220.00): SC1_StudentClash=1000|SC2_LecturerUnderload=2220|
[2025-05-30 16:39:21.613] PYTHON_PROGRESS: GA: ValidationFail HC2 (Event 47): Room 21 conflict at TS 1 for Course PEC100802
[2025-05-30 16:39:21.755] PYTHON_PROGRESS: GA: Fitness (Total=3220.00): SC1_StudentClash=1000|SC2_LecturerUnderload=2220|
[2025-05-30 16:39:21.767] PYTHON_PROGRESS: GA: Fitness (Total=3220.00): SC1_StudentClash=1000|SC2_LecturerUnderload=2220|
[2025-05-30 16:39:21.992] PYTHON_PROGRESS: GA: ValidationFail HC2 (Event 43): Room 17 conflict at TS 1 for Course INS327102
[2025-05-30 16:39:22.013] PYTHON_PROGRESS: GA: ValidationFail HC2 (Event 47): Room 21 conflict at TS 1 for Course PEC100802
[2025-05-30 16:39:22.042] PYTHON_PROGRESS: GA: Fitness (Total=2220.00): SC2_LecturerUnderload=2220|
[2025-05-30 16:39:22.093] PYTHON_PROGRESS: GA: Fitness (Total=3220.00): SC1_StudentClash=1000|SC2_LecturerUnderload=2220|
[2025-05-30 16:39:22.251] PYTHON_PROGRESS: GA: ValidationFail HC2 (Event 36): Room 5 conflict at TS 2 for Course INS309701
[2025-05-30 16:39:22.576] PYTHON_PROGRESS: GA: ValidationFail HC2 (Event 49): Room 23 conflict at TS 1 for Course RUS500201
[2025-05-30 16:39:22.596] PYTHON_PROGRESS: GA: ValidationFail HC2 (Event 49): Room 16 conflict at TS 1 for Course RUS500201
[2025-05-30 16:39:22.758] PYTHON_PROGRESS: GA: Fitness (Total=3220.00): SC1_StudentClash=1000|SC2_LecturerUnderload=2220|
[2025-05-30 16:39:22.886] PYTHON_PROGRESS: GA: ValidationFail HC2 (Event 45): Room 19 conflict at TS 1 for Course MAT100501
[2025-05-30 16:39:22.902] PYTHON_PROGRESS: GA: ValidationFail HC2 (Event 27): Room 21 conflict at TS 2 for Course INS302901
[2025-05-30 16:39:22.913] PYTHON_PROGRESS: GA: ValidationFail HC2 (Event 32): Room 8 conflict at TS 15 for Course INS306603
[2025-05-30 16:39:22.945] PYTHON_PROGRESS: GA: ValidationFail HC2 (Event 49): Room 23 conflict at TS 1 for Course RUS500201
[2025-05-30 16:39:23.019] PYTHON_PROGRESS: GA: Fitness (Total=2220.00): SC2_LecturerUnderload=2220|
[2025-05-30 16:39:23.039] PYTHON_PROGRESS: GA: Fitness (Total=2220.00): SC2_LecturerUnderload=2220|
[2025-05-30 16:39:23.051] PYTHON_PROGRESS: GA: Fitness (Total=2220.00): SC2_LecturerUnderload=2220|
[2025-05-30 16:39:23.065] PYTHON_PROGRESS: GA: Fitness (Total=2220.00): SC2_LecturerUnderload=2220|
[2025-05-30 16:39:23.358] PYTHON_PROGRESS: GA: Fitness (Total=2220.00): SC2_LecturerUnderload=2220|
[2025-05-30 16:39:23.366] PYTHON_PROGRESS: GA: Fitness (Total=2220.00): SC2_LecturerUnderload=2220|
[2025-05-30 16:39:23.371] PYTHON_PROGRESS: GA: Fitness (Total=2220.00): SC2_LecturerUnderload=2220|
[2025-05-30 16:39:23.519] PYTHON_PROGRESS: GA: ValidationFail HC2 (Event 41): Room 15 conflict at TS 3 for Course INS325101
[2025-05-30 16:39:23.550] PYTHON_PROGRESS: GA: ValidationFail HC2 (Event 47): Room 16 conflict at TS 1 for Course PEC100802
[2025-05-30 16:39:23.574] PYTHON_PROGRESS: GA: Fitness (Total=2220.00): SC2_LecturerUnderload=2220|
[2025-05-30 16:39:23.968] PYTHON_PROGRESS: GA: Fitness (Total=2220.00): SC2_LecturerUnderload=2220|
[2025-05-30 16:39:24.148] PYTHON_PROGRESS: GA: ValidationFail HC2 (Event 38): Room 23 conflict at TS 2 for Course INS315201
[2025-05-30 16:39:24.190] PYTHON_PROGRESS: GA: Fitness (Total=2220.00): SC2_LecturerUnderload=2220|
[2025-05-30 16:39:24.196] PYTHON_PROGRESS: GA: Fitness (Total=2220.00): SC2_LecturerUnderload=2220|
[2025-05-30 16:39:24.233] PYTHON_PROGRESS: GA: Fitness (Total=2220.00): SC2_LecturerUnderload=2220|
[2025-05-30 16:39:24.286] PYTHON_PROGRESS: GA: Fitness (Total=2220.00): SC2_LecturerUnderload=2220|
[2025-05-30 16:39:24.336] PYTHON_PROGRESS: GA: Fitness (Total=2220.00): SC2_LecturerUnderload=2220|
[2025-05-30 16:39:24.347] PYTHON_PROGRESS: GA: End Gen 50/100: BestInGenPen=2220.00, OverallBestPen=2220.00
[2025-05-30 16:39:24.444] PYTHON_PROGRESS: GA: ValidationFail HC2 (Event 17): Room 1 conflict at TS 8 for Course INS207303
[2025-05-30 16:39:24.468] PYTHON_PROGRESS: GA: ValidationFail HC2 (Event 36): Room 5 conflict at TS 2 for Course INS309701
[2025-05-30 16:39:24.476] PYTHON_PROGRESS: GA: ValidationFail HC2 (Event 49): Room 5 conflict at TS 1 for Course RUS500201
[2025-05-30 16:39:24.513] PYTHON_PROGRESS: GA: Fitness (Total=2220.00): SC2_LecturerUnderload=2220|
[2025-05-30 16:39:24.543] PYTHON_PROGRESS: GA: Fitness (Total=2220.00): SC2_LecturerUnderload=2220|
[2025-05-30 16:39:24.622] PYTHON_PROGRESS: GA: Fitness (Total=2220.00): SC2_LecturerUnderload=2220|
[2025-05-30 16:39:24.635] PYTHON_PROGRESS: GA: Fitness (Total=2220.00): SC2_LecturerUnderload=2220|
[2025-05-30 16:39:24.703] PYTHON_PROGRESS: GA: ValidationFail HC2 (Event 38): Room 23 conflict at TS 2 for Course INS315201
[2025-05-30 16:39:24.716] PYTHON_PROGRESS: GA: ValidationFail HC2 (Event 39): Room 13 conflict at TS 1 for Course INS318901
[2025-05-30 16:39:24.726] PYTHON_PROGRESS: GA: ValidationFail HC1 (Event 38): Lect 4 conflict at TS 2 for Course INS315201
[2025-05-30 16:39:24.876] PYTHON_PROGRESS: GA: Fitness (Total=2220.00): SC2_LecturerUnderload=2220|
[2025-05-30 16:39:24.924] PYTHON_PROGRESS: GA: Fitness (Total=2220.00): SC2_LecturerUnderload=2220|
[2025-05-30 16:39:25.162] PYTHON_PROGRESS: GA: Fitness (Total=2220.00): SC2_LecturerUnderload=2220|
[2025-05-30 16:39:25.252] PYTHON_PROGRESS: GA: Fitness (Total=2220.00): SC2_LecturerUnderload=2220|
[2025-05-30 16:39:25.396] PYTHON_PROGRESS: GA: ValidationFail HC2 (Event 42): Room 3 conflict at TS 1 for Course INS325201
[2025-05-30 16:39:25.415] PYTHON_PROGRESS: GA: ValidationFail HC2 (Event 28): Room 1 conflict at TS 4 for Course INS303002
[2025-05-30 16:39:25.485] PYTHON_PROGRESS: GA: Fitness (Total=2220.00): SC2_LecturerUnderload=2220|
[2025-05-30 16:39:25.497] PYTHON_PROGRESS: GA: Fitness (Total=2220.00): SC2_LecturerUnderload=2220|
[2025-05-30 16:39:25.628] PYTHON_PROGRESS: GA: ValidationFail HC2 (Event 40): Room 6 conflict at TS 1 for Course INS323702
[2025-05-30 16:39:25.866] PYTHON_PROGRESS: GA: Fitness (Total=2220.00): SC2_LecturerUnderload=2220|
[2025-05-30 16:39:25.877] PYTHON_PROGRESS: GA: Fitness (Total=2220.00): SC2_LecturerUnderload=2220|
[2025-05-30 16:39:25.898] PYTHON_PROGRESS: GA: Fitness (Total=2220.00): SC2_LecturerUnderload=2220|
[2025-05-30 16:39:26.133] PYTHON_PROGRESS: GA: Fitness (Total=2220.00): SC2_LecturerUnderload=2220|
[2025-05-30 16:39:26.149] PYTHON_PROGRESS: GA: Fitness (Total=2220.00): SC2_LecturerUnderload=2220|
[2025-05-30 16:39:26.166] PYTHON_PROGRESS: GA: Fitness (Total=2220.00): SC2_LecturerUnderload=2220|
[2025-05-30 16:39:26.343] PYTHON_PROGRESS: GA: ValidationFail HC2 (Event 30): Room 3 conflict at TS 1 for Course INS304901
[2025-05-30 16:39:26.399] PYTHON_PROGRESS: GA: Fitness (Total=2220.00): SC2_LecturerUnderload=2220|
[2025-05-30 16:39:26.546] PYTHON_PROGRESS: GA: ValidationFail HC2 (Event 40): Room 5 conflict at TS 1 for Course INS323702
[2025-05-30 16:39:26.641] PYTHON_PROGRESS: GA: Fitness (Total=2220.00): SC2_LecturerUnderload=2220|
[2025-05-30 16:39:26.766] PYTHON_PROGRESS: GA: Fitness (Total=2220.00): SC2_LecturerUnderload=2220|
[2025-05-30 16:39:26.841] PYTHON_PROGRESS: GA: ValidationFail HC2 (Event 17): Room 1 conflict at TS 6 for Course INS207303
[2025-05-30 16:39:26.882] PYTHON_PROGRESS: GA: ValidationFail HC2 (Event 43): Room 17 conflict at TS 1 for Course INS327102
[2025-05-30 16:39:27.036] PYTHON_PROGRESS: GA: Fitness (Total=2220.00): SC2_LecturerUnderload=2220|
[2025-05-30 16:39:27.041] PYTHON_PROGRESS: GA: Fitness (Total=2220.00): SC2_LecturerUnderload=2220|
[2025-05-30 16:39:27.082] PYTHON_PROGRESS: GA: Fitness (Total=2220.00): SC2_LecturerUnderload=2220|
[2025-05-30 16:39:27.106] PYTHON_PROGRESS: GA: Fitness (Total=2220.00): SC2_LecturerUnderload=2220|
[2025-05-30 16:39:27.234] PYTHON_PROGRESS: GA: ValidationFail HC2 (Event 47): Room 21 conflict at TS 1 for Course PEC100802
[2025-05-30 16:39:27.268] PYTHON_PROGRESS: GA: ValidationFail HC2 (Event 17): Room 1 conflict at TS 9 for Course INS207303
[2025-05-30 16:39:27.276] PYTHON_PROGRESS: GA: Fitness (Total=2220.00): SC2_LecturerUnderload=2220|
[2025-05-30 16:39:27.334] PYTHON_PROGRESS: GA: Fitness (Total=2220.00): SC2_LecturerUnderload=2220|
[2025-05-30 16:39:27.349] PYTHON_PROGRESS: GA: Fitness (Total=2220.00): SC2_LecturerUnderload=2220|
[2025-05-30 16:39:27.355] PYTHON_PROGRESS: GA: Fitness (Total=2220.00): SC2_LecturerUnderload=2220|
[2025-05-30 16:39:27.419] PYTHON_PROGRESS: GA: Fitness (Total=2220.00): SC2_LecturerUnderload=2220|
[2025-05-30 16:39:27.427] PYTHON_PROGRESS: GA: End Gen 60/100: BestInGenPen=2220.00, OverallBestPen=2220.00
[2025-05-30 16:39:27.491] PYTHON_PROGRESS: GA: ValidationFail HC2 (Event 49): Room 19 conflict at TS 1 for Course RUS500201
[2025-05-30 16:39:27.613] PYTHON_PROGRESS: GA: Fitness (Total=2220.00): SC2_LecturerUnderload=2220|
[2025-05-30 16:39:27.665] PYTHON_PROGRESS: GA: Fitness (Total=2220.00): SC2_LecturerUnderload=2220|
[2025-05-30 16:39:27.832] PYTHON_PROGRESS: GA: ValidationFail HC2 (Event 49): Room 23 conflict at TS 1 for Course RUS500201
[2025-05-30 16:39:27.899] PYTHON_PROGRESS: GA: Fitness (Total=2220.00): SC2_LecturerUnderload=2220|
[2025-05-30 16:39:28.127] PYTHON_PROGRESS: GA: ValidationFail HC2 (Event 45): Room 13 conflict at TS 1 for Course MAT100501
[2025-05-30 16:39:28.169] PYTHON_PROGRESS: GA: ValidationFail HC2 (Event 43): Room 15 conflict at TS 1 for Course INS327102
[2025-05-30 16:39:28.272] PYTHON_PROGRESS: GA: Fitness (Total=2220.00): SC2_LecturerUnderload=2220|
[2025-05-30 16:39:28.276] PYTHON_PROGRESS: GA: Fitness (Total=2220.00): SC2_LecturerUnderload=2220|
[2025-05-30 16:39:28.305] PYTHON_PROGRESS: GA: Fitness (Total=2220.00): SC2_LecturerUnderload=2220|
[2025-05-30 16:39:28.332] PYTHON_PROGRESS: GA: Fitness (Total=2220.00): SC2_LecturerUnderload=2220|
[2025-05-30 16:39:28.532] PYTHON_PROGRESS: GA: ValidationFail HC1 (Event 49): Lect 4 conflict at TS 1 for Course RUS500201
[2025-05-30 16:39:28.602] PYTHON_PROGRESS: GA: Fitness (Total=2220.00): SC2_LecturerUnderload=2220|
[2025-05-30 16:39:28.756] PYTHON_PROGRESS: GA: ValidationFail HC1 (Event 49): Lect 4 conflict at TS 1 for Course RUS500201
[2025-05-30 16:39:28.838] PYTHON_PROGRESS: GA: ValidationFail HC2 (Event 24): Room 3 conflict at TS 1 for Course INS301603
[2025-05-30 16:39:28.897] PYTHON_PROGRESS: GA: Fitness (Total=2220.00): SC2_LecturerUnderload=2220|
[2025-05-30 16:39:28.918] PYTHON_PROGRESS: GA: Fitness (Total=2220.00): SC2_LecturerUnderload=2220|
[2025-05-30 16:39:28.932] PYTHON_PROGRESS: GA: Fitness (Total=2220.00): SC2_LecturerUnderload=2220|
[2025-05-30 16:39:28.985] PYTHON_PROGRESS: GA: Fitness (Total=2220.00): SC2_LecturerUnderload=2220|
[2025-05-30 16:39:29.008] PYTHON_PROGRESS: GA: Fitness (Total=2220.00): SC2_LecturerUnderload=2220|
[2025-05-30 16:39:29.084] PYTHON_PROGRESS: GA: ValidationFail HC1 (Event 40): Lect 19 conflict at TS 1 for Course INS323702
[2025-05-30 16:39:29.115] PYTHON_PROGRESS: GA: ValidationFail HC2 (Event 30): Room 6 conflict at TS 1 for Course INS304901
[2025-05-30 16:39:29.220] PYTHON_PROGRESS: GA: Fitness (Total=2220.00): SC2_LecturerUnderload=2220|
[2025-05-30 16:39:29.485] PYTHON_PROGRESS: GA: Fitness (Total=3220.00): SC1_StudentClash=1000|SC2_LecturerUnderload=2220|
[2025-05-30 16:39:29.564] PYTHON_PROGRESS: GA: Fitness (Total=2220.00): SC2_LecturerUnderload=2220|
[2025-05-30 16:39:29.581] PYTHON_PROGRESS: GA: Fitness (Total=2220.00): SC2_LecturerUnderload=2220|
[2025-05-30 16:39:29.669] PYTHON_PROGRESS: GA: ValidationFail HC2 (Event 43): Room 17 conflict at TS 1 for Course INS327102
[2025-05-30 16:39:29.762] PYTHON_PROGRESS: GA: ValidationFail HC2 (Event 43): Room 17 conflict at TS 1 for Course INS327102
[2025-05-30 16:39:29.917] PYTHON_PROGRESS: GA: Fitness (Total=2220.00): SC2_LecturerUnderload=2220|
[2025-05-30 16:39:30.164] PYTHON_PROGRESS: GA: Fitness (Total=2220.00): SC2_LecturerUnderload=2220|
[2025-05-30 16:39:30.167] PYTHON_PROGRESS: GA: Fitness (Total=2220.00): SC2_LecturerUnderload=2220|
[2025-05-30 16:39:30.184] PYTHON_PROGRESS: GA: Fitness (Total=2220.00): SC2_LecturerUnderload=2220|
[2025-05-30 16:39:30.397] PYTHON_PROGRESS: GA: Fitness (Total=2220.00): SC2_LecturerUnderload=2220|
[2025-05-30 16:39:30.482] PYTHON_PROGRESS: GA: Fitness (Total=2220.00): SC2_LecturerUnderload=2220|
[2025-05-30 16:39:30.514] PYTHON_PROGRESS: GA: Fitness (Total=2220.00): SC2_LecturerUnderload=2220|
[2025-05-30 16:39:30.531] PYTHON_PROGRESS: GA: End Gen 70/100: BestInGenPen=2220.00, OverallBestPen=2220.00
[2025-05-30 16:39:30.685] PYTHON_PROGRESS: GA: Fitness (Total=2220.00): SC2_LecturerUnderload=2220|
[2025-05-30 16:39:30.748] PYTHON_PROGRESS: GA: Fitness (Total=2220.00): SC2_LecturerUnderload=2220|
[2025-05-30 16:39:30.776] PYTHON_PROGRESS: GA: Fitness (Total=2220.00): SC2_LecturerUnderload=2220|
[2025-05-30 16:39:30.798] PYTHON_PROGRESS: GA: Fitness (Total=2220.00): SC2_LecturerUnderload=2220|
[2025-05-30 16:39:30.917] PYTHON_PROGRESS: GA: ValidationFail HC2 (Event 28): Room 2 conflict at TS 4 for Course INS303002
[2025-05-30 16:39:30.974] PYTHON_PROGRESS: GA: Fitness (Total=2220.00): SC2_LecturerUnderload=2220|
[2025-05-30 16:39:31.064] PYTHON_PROGRESS: GA: Fitness (Total=2220.00): SC2_LecturerUnderload=2220|
[2025-05-30 16:39:31.291] PYTHON_PROGRESS: GA: Fitness (Total=2220.00): SC2_LecturerUnderload=2220|
[2025-05-30 16:39:31.331] PYTHON_PROGRESS: GA: Fitness (Total=2220.00): SC2_LecturerUnderload=2220|
[2025-05-30 16:39:31.414] PYTHON_PROGRESS: GA: Fitness (Total=2220.00): SC2_LecturerUnderload=2220|
[2025-05-30 16:39:31.450] PYTHON_PROGRESS: GA: Fitness (Total=2220.00): SC2_LecturerUnderload=2220|
[2025-05-30 16:39:31.514] PYTHON_PROGRESS: GA: ValidationFail HC2 (Event 49): Room 13 conflict at TS 1 for Course RUS500201
[2025-05-30 16:39:31.569] PYTHON_PROGRESS: GA: ValidationFail HC2 (Event 27): Room 21 conflict at TS 2 for Course INS302901
[2025-05-30 16:39:31.634] PYTHON_PROGRESS: GA: Fitness (Total=2220.00): SC2_LecturerUnderload=2220|
[2025-05-30 16:39:31.680] PYTHON_PROGRESS: GA: Fitness (Total=2220.00): SC2_LecturerUnderload=2220|
[2025-05-30 16:39:31.716] PYTHON_PROGRESS: GA: Fitness (Total=2220.00): SC2_LecturerUnderload=2220|
[2025-05-30 16:39:31.789] PYTHON_PROGRESS: GA: Fitness (Total=2220.00): SC2_LecturerUnderload=2220|
[2025-05-30 16:39:31.913] PYTHON_PROGRESS: GA: ValidationFail HC2 (Event 42): Room 10 conflict at TS 1 for Course INS325201
[2025-05-30 16:39:32.018] PYTHON_PROGRESS: GA: Fitness (Total=2220.00): SC2_LecturerUnderload=2220|
[2025-05-30 16:39:32.032] PYTHON_PROGRESS: GA: Fitness (Total=2220.00): SC2_LecturerUnderload=2220|
[2025-05-30 16:39:32.036] PYTHON_PROGRESS: GA: Fitness (Total=2220.00): SC2_LecturerUnderload=2220|
[2025-05-30 16:39:32.049] PYTHON_PROGRESS: GA: Fitness (Total=2220.00): SC2_LecturerUnderload=2220|
[2025-05-30 16:39:32.067] PYTHON_PROGRESS: GA: Fitness (Total=2220.00): SC2_LecturerUnderload=2220|
[2025-05-30 16:39:32.084] PYTHON_PROGRESS: GA: Fitness (Total=2220.00): SC2_LecturerUnderload=2220|
[2025-05-30 16:39:32.193] PYTHON_PROGRESS: GA: ValidationFail HC2 (Event 38): Room 23 conflict at TS 2 for Course INS315201
[2025-05-30 16:39:32.199] PYTHON_PROGRESS: GA: ValidationFail HC2 (Event 41): Room 15 conflict at TS 3 for Course INS325101
[2025-05-30 16:39:32.326] PYTHON_PROGRESS: GA: Fitness (Total=2220.00): SC2_LecturerUnderload=2220|
[2025-05-30 16:39:32.542] PYTHON_PROGRESS: GA: ValidationFail HC2 (Event 10): Room 1 conflict at TS 2 for Course INS109101
[2025-05-30 16:39:32.564] PYTHON_PROGRESS: GA: ValidationFail HC2 (Event 45): Room 19 conflict at TS 1 for Course MAT100501
[2025-05-30 16:39:32.651] PYTHON_PROGRESS: GA: Fitness (Total=2220.00): SC2_LecturerUnderload=2220|
[2025-05-30 16:39:32.665] PYTHON_PROGRESS: GA: Fitness (Total=2220.00): SC2_LecturerUnderload=2220|
[2025-05-30 16:39:32.709] PYTHON_PROGRESS: GA: Fitness (Total=2220.00): SC2_LecturerUnderload=2220|
[2025-05-30 16:39:32.958] PYTHON_PROGRESS: GA: Fitness (Total=2220.00): SC2_LecturerUnderload=2220|
[2025-05-30 16:39:33.011] PYTHON_PROGRESS: GA: Fitness (Total=2220.00): SC2_LecturerUnderload=2220|
[2025-05-30 16:39:33.015] PYTHON_PROGRESS: GA: Fitness (Total=4220.00): SC1_StudentClash=2000|SC2_LecturerUnderload=2220|
[2025-05-30 16:39:33.115] PYTHON_PROGRESS: GA: ValidationFail HC2 (Event 41): Room 15 conflict at TS 15 for Course INS325101
[2025-05-30 16:39:33.237] PYTHON_PROGRESS: GA: Fitness (Total=2220.00): SC2_LecturerUnderload=2220|
[2025-05-30 16:39:33.314] PYTHON_PROGRESS: GA: Fitness (Total=2220.00): SC2_LecturerUnderload=2220|
[2025-05-30 16:39:33.315] PYTHON_PROGRESS: GA: Fitness (Total=2220.00): SC2_LecturerUnderload=2220|
[2025-05-30 16:39:33.395] PYTHON_PROGRESS: GA: ValidationFail HC1 (Event 46): Lect 22 conflict at TS 21 for Course MAT109204
[2025-05-30 16:39:33.446] PYTHON_PROGRESS: GA: ValidationFail HC1 (Event 29): Lect 32 conflict at TS 8 for Course INS303201
[2025-05-30 16:39:33.467] PYTHON_PROGRESS: GA: ValidationFail HC2 (Event 37): Room 12 conflict at TS 11 for Course INS315101
[2025-05-30 16:39:33.549] PYTHON_PROGRESS: GA: Fitness (Total=2220.00): SC2_LecturerUnderload=2220|
[2025-05-30 16:39:33.581] PYTHON_PROGRESS: GA: Fitness (Total=2220.00): SC2_LecturerUnderload=2220|
[2025-05-30 16:39:33.617] PYTHON_PROGRESS: GA: End Gen 80/100: BestInGenPen=2220.00, OverallBestPen=2220.00
[2025-05-30 16:39:33.690] PYTHON_PROGRESS: GA: ValidationFail HC2 (Event 16): Room 1 conflict at TS 7 for Course INS203702
[2025-05-30 16:39:33.718] PYTHON_PROGRESS: GA: ValidationFail HC2 (Event 9): Room 1 conflict at TS 3 for Course INE306001
[2025-05-30 16:39:33.815] PYTHON_PROGRESS: GA: Fitness (Total=2220.00): SC2_LecturerUnderload=2220|
[2025-05-30 16:39:33.938] PYTHON_PROGRESS: GA: Fitness (Total=2220.00): SC2_LecturerUnderload=2220|
[2025-05-30 16:39:33.959] PYTHON_PROGRESS: GA: Fitness (Total=2220.00): SC2_LecturerUnderload=2220|
[2025-05-30 16:39:34.093] PYTHON_PROGRESS: GA: ValidationFail HC2 (Event 44): Room 21 conflict at TS 2 for Course INS328003
[2025-05-30 16:39:34.131] PYTHON_PROGRESS: GA: ValidationFail HC1 (Event 48): Lect 37 conflict at TS 12 for Course PHI100201
[2025-05-30 16:39:34.367] PYTHON_PROGRESS: GA: Fitness (Total=2220.00): SC2_LecturerUnderload=2220|
[2025-05-30 16:39:34.458] PYTHON_PROGRESS: GA: ValidationFail HC2 (Event 28): Room 15 conflict at TS 4 for Course INS303002
[2025-05-30 16:39:34.484] PYTHON_PROGRESS: GA: ValidationFail HC2 (Event 43): Room 10 conflict at TS 1 for Course INS327102
[2025-05-30 16:39:34.517] PYTHON_PROGRESS: GA: ValidationFail HC2 (Event 44): Room 23 conflict at TS 2 for Course INS328003
[2025-05-30 16:39:34.649] PYTHON_PROGRESS: GA: Fitness (Total=2220.00): SC2_LecturerUnderload=2220|
[2025-05-30 16:39:34.665] PYTHON_PROGRESS: GA: Fitness (Total=2220.00): SC2_LecturerUnderload=2220|
[2025-05-30 16:39:34.883] PYTHON_PROGRESS: GA: ValidationFail HC2 (Event 27): Room 21 conflict at TS 2 for Course INS302901
[2025-05-30 16:39:34.883] PYTHON_PROGRESS: GA: ValidationFail HC2 (Event 39): Room 5 conflict at TS 1 for Course INS318901
[2025-05-30 16:39:34.906] PYTHON_PROGRESS: GA: ValidationFail HC2 (Event 16): Room 1 conflict at TS 7 for Course INS203702
[2025-05-30 16:39:35.232] PYTHON_PROGRESS: GA: ValidationFail HC1 (Event 22): Lect 18 conflict at TS 3 for Course INS300202
[2025-05-30 16:39:35.283] PYTHON_PROGRESS: GA: Fitness (Total=2220.00): SC2_LecturerUnderload=2220|
[2025-05-30 16:39:35.332] PYTHON_PROGRESS: GA: Fitness (Total=2220.00): SC2_LecturerUnderload=2220|
[2025-05-30 16:39:35.351] PYTHON_PROGRESS: GA: Fitness (Total=2220.00): SC2_LecturerUnderload=2220|
[2025-05-30 16:39:35.499] PYTHON_PROGRESS: GA: ValidationFail HC2 (Event 30): Room 5 conflict at TS 1 for Course INS304901
[2025-05-30 16:39:35.571] PYTHON_PROGRESS: GA: Fitness (Total=2220.00): SC2_LecturerUnderload=2220|
[2025-05-30 16:39:35.580] PYTHON_PROGRESS: GA: Fitness (Total=2220.00): SC2_LecturerUnderload=2220|
[2025-05-30 16:39:35.604] PYTHON_PROGRESS: GA: Fitness (Total=2220.00): SC2_LecturerUnderload=2220|
[2025-05-30 16:39:35.635] PYTHON_PROGRESS: GA: Fitness (Total=2220.00): SC2_LecturerUnderload=2220|
[2025-05-30 16:39:35.937] PYTHON_PROGRESS: GA: Fitness (Total=2220.00): SC2_LecturerUnderload=2220|
[2025-05-30 16:39:35.986] PYTHON_PROGRESS: GA: Fitness (Total=2220.00): SC2_LecturerUnderload=2220|
[2025-05-30 16:39:36.001] PYTHON_PROGRESS: GA: Fitness (Total=2220.00): SC2_LecturerUnderload=2220|
[2025-05-30 16:39:36.099] PYTHON_PROGRESS: GA: ValidationFail HC2 (Event 40): Room 4 conflict at TS 1 for Course INS323702
[2025-05-30 16:39:36.105] PYTHON_PROGRESS: GA: ValidationFail HC2 (Event 48): Room 22 conflict at TS 12 for Course PHI100201
[2025-05-30 16:39:36.271] PYTHON_PROGRESS: GA: Fitness (Total=2220.00): SC2_LecturerUnderload=2220|
[2025-05-30 16:39:36.403] PYTHON_PROGRESS: GA: ValidationFail HC2 (Event 44): Room 18 conflict at TS 2 for Course INS328003
[2025-05-30 16:39:36.489] PYTHON_PROGRESS: GA: Fitness (Total=2220.00): SC2_LecturerUnderload=2220|
[2025-05-30 16:39:36.525] PYTHON_PROGRESS: GA: Fitness (Total=2220.00): SC2_LecturerUnderload=2220|
[2025-05-30 16:39:36.582] PYTHON_PROGRESS: GA: Fitness (Total=2220.00): SC2_LecturerUnderload=2220|
[2025-05-30 16:39:36.713] PYTHON_PROGRESS: GA: ValidationFail HC1 (Event 47): Lect 33 conflict at TS 1 for Course PEC100802
[2025-05-30 16:39:36.719] PYTHON_PROGRESS: GA: ValidationFail HC2 (Event 4): Room 13 conflict at TS 8 for Course FIB300501
[2025-05-30 16:39:36.801] PYTHON_PROGRESS: GA: Fitness (Total=2220.00): SC2_LecturerUnderload=2220|
[2025-05-30 16:39:36.805] PYTHON_PROGRESS: GA: Fitness (Total=2220.00): SC2_LecturerUnderload=2220|
[2025-05-30 16:39:36.918] PYTHON_PROGRESS: GA: End Gen 90/100: BestInGenPen=2220.00, OverallBestPen=2220.00
[2025-05-30 16:39:36.982] PYTHON_PROGRESS: GA: ValidationFail HC2 (Event 21): Room 2 conflict at TS 6 for Course INS211102
[2025-05-30 16:39:37.115] PYTHON_PROGRESS: GA: Fitness (Total=2220.00): SC2_LecturerUnderload=2220|
[2025-05-30 16:39:37.157] PYTHON_PROGRESS: GA: Fitness (Total=2220.00): SC2_LecturerUnderload=2220|
[2025-05-30 16:39:37.482] PYTHON_PROGRESS: GA: Fitness (Total=2220.00): SC2_LecturerUnderload=2220|
[2025-05-30 16:39:37.618] PYTHON_PROGRESS: GA: ValidationFail HC2 (Event 40): Room 20 conflict at TS 1 for Course INS323702
[2025-05-30 16:39:37.623] PYTHON_PROGRESS: GA: ValidationFail HC2 (Event 34): Room 4 conflict at TS 1 for Course INS307403
[2025-05-30 16:39:37.634] PYTHON_PROGRESS: GA: ValidationFail HC2 (Event 44): Room 18 conflict at TS 2 for Course INS328003
[2025-05-30 16:39:37.661] PYTHON_PROGRESS: GA: ValidationFail HC2 (Event 39): Room 13 conflict at TS 1 for Course INS318901
[2025-05-30 16:39:37.703] PYTHON_PROGRESS: GA: ValidationFail HC2 (Event 7): Room 2 conflict at TS 6 for Course INE105102
[2025-05-30 16:39:37.720] PYTHON_PROGRESS: GA: Fitness (Total=2220.00): SC2_LecturerUnderload=2220|
[2025-05-30 16:39:37.832] PYTHON_PROGRESS: GA: Fitness (Total=2220.00): SC2_LecturerUnderload=2220|
[2025-05-30 16:39:37.842] PYTHON_PROGRESS: GA: Fitness (Total=2220.00): SC2_LecturerUnderload=2220|
[2025-05-30 16:39:38.000] PYTHON_PROGRESS: GA: ValidationFail HC2 (Event 40): Room 20 conflict at TS 1 for Course INS323702
[2025-05-30 16:39:38.003] PYTHON_PROGRESS: GA: ValidationFail HC2 (Event 12): Room 1 conflict at TS 3 for Course INS201101
[2025-05-30 16:39:38.025] PYTHON_PROGRESS: GA: ValidationFail HC2 (Event 47): Room 2 conflict at TS 15 for Course PEC100802
[2025-05-30 16:39:38.050] PYTHON_PROGRESS: GA: Fitness (Total=2220.00): SC2_LecturerUnderload=2220|
[2025-05-30 16:39:38.098] PYTHON_PROGRESS: GA: Fitness (Total=2220.00): SC2_LecturerUnderload=2220|
[2025-05-30 16:39:38.166] PYTHON_PROGRESS: GA: Fitness (Total=2220.00): SC2_LecturerUnderload=2220|
[2025-05-30 16:39:38.180] PYTHON_PROGRESS: GA: Fitness (Total=2220.00): SC2_LecturerUnderload=2220|
[2025-05-30 16:39:38.184] PYTHON_PROGRESS: GA: Fitness (Total=2220.00): SC2_LecturerUnderload=2220|
[2025-05-30 16:39:38.272] PYTHON_PROGRESS: GA: ValidationFail HC2 (Event 40): Room 14 conflict at TS 1 for Course INS323702
[2025-05-30 16:39:38.291] PYTHON_PROGRESS: GA: ValidationFail HC2 (Event 47): Room 2 conflict at TS 1 for Course PEC100802
[2025-05-30 16:39:38.306] PYTHON_PROGRESS: GA: ValidationFail HC2 (Event 28): Room 15 conflict at TS 15 for Course INS303002
[2025-05-30 16:39:38.315] PYTHON_PROGRESS: GA: ValidationFail HC2 (Event 15): Room 1 conflict at TS 6 for Course INS201503
[2025-05-30 16:39:38.340] PYTHON_PROGRESS: GA: ValidationFail HC2 (Event 44): Room 8 conflict at TS 2 for Course INS328003
[2025-05-30 16:39:38.472] PYTHON_PROGRESS: GA: Fitness (Total=2220.00): SC2_LecturerUnderload=2220|
[2025-05-30 16:39:38.476] PYTHON_PROGRESS: GA: Fitness (Total=2220.00): SC2_LecturerUnderload=2220|
[2025-05-30 16:39:38.593] PYTHON_PROGRESS: GA: ValidationFail HC2 (Event 42): Room 16 conflict at TS 1 for Course INS325201
[2025-05-30 16:39:38.705] PYTHON_PROGRESS: GA: Fitness (Total=2220.00): SC2_LecturerUnderload=2220|
[2025-05-30 16:39:38.849] PYTHON_PROGRESS: GA: Fitness (Total=2220.00): SC2_LecturerUnderload=2220|
[2025-05-30 16:39:39.129] PYTHON_PROGRESS: GA: Fitness (Total=2220.00): SC2_LecturerUnderload=2220|
[2025-05-30 16:39:39.135] PYTHON_PROGRESS: GA: Fitness (Total=2220.00): SC2_LecturerUnderload=2220|
[2025-05-30 16:39:39.184] PYTHON_PROGRESS: GA: Fitness (Total=2220.00): SC2_LecturerUnderload=2220|
[2025-05-30 16:39:39.238] PYTHON_PROGRESS: GA: Fitness (Total=2220.00): SC2_LecturerUnderload=2220|
[2025-05-30 16:39:39.475] PYTHON_PROGRESS: GA: Fitness (Total=2220.00): SC2_LecturerUnderload=2220|
[2025-05-30 16:39:39.571] PYTHON_PROGRESS: GA: Fitness (Total=2220.00): SC2_LecturerUnderload=2220|
[2025-05-30 16:39:39.749] PYTHON_PROGRESS: GA: ValidationFail HC2 (Event 36): Room 20 conflict at TS 2 for Course INS309701
[2025-05-30 16:39:39.793] PYTHON_PROGRESS: GA: ValidationFail HC2 (Event 32): Room 2 conflict at TS 16 for Course INS306603
[2025-05-30 16:39:39.808] PYTHON_PROGRESS: GA: ValidationFail HC2 (Event 49): Room 23 conflict at TS 1 for Course RUS500201
[2025-05-30 16:39:39.816] PYTHON_PROGRESS: GA: ValidationFail HC2 (Event 36): Room 20 conflict at TS 2 for Course INS309701
[2025-05-30 16:39:39.936] PYTHON_PROGRESS: GA: Fitness (Total=2220.00): SC2_LecturerUnderload=2220|
[2025-05-30 16:39:40.169] PYTHON_PROGRESS: GA: ValidationFail HC2 (Event 45): Room 22 conflict at TS 1 for Course MAT100501
[2025-05-30 16:39:40.227] PYTHON_PROGRESS: GA: ValidationFail HC2 (Event 15): Room 1 conflict at TS 6 for Course INS201503
[2025-05-30 16:39:40.285] PYTHON_PROGRESS: GA: Fitness (Total=2220.00): SC2_LecturerUnderload=2220|
[2025-05-30 16:39:40.315] PYTHON_PROGRESS: GA: Fitness (Total=2220.00): SC2_LecturerUnderload=2220|
[2025-05-30 16:39:40.322] PYTHON_PROGRESS: GA: Fitness (Total=2220.00): SC2_LecturerUnderload=2220|
[2025-05-30 16:39:40.326] PYTHON_PROGRESS: GA: Fitness (Total=2220.00): SC2_LecturerUnderload=2220|
[2025-05-30 16:39:40.417] PYTHON_PROGRESS: GA: End Gen 100/100: BestInGenPen=2220.00, OverallBestPen=2220.00
[2025-05-30 16:39:40.417] PYTHON_PROGRESS: GA: GA Evolution Finished. Final best penalty: 2220.00
[2025-05-30 16:39:40.425] PYTHON_PROGRESS: GA: Detailed Metrics Calculated: {'final_penalty_score': 2220.0, 'num_scheduled_events': 50, 'hard_constraints_violated_in_final_schedule': False, 'soft_constraints_details': {'lecturer_underload': {'count': 74, 'penalty_contribution': 2220.0}}}
[2025-05-30 16:39:40.425] PYTHON_PROGRESS: GA: Num events in best GA schedule: 50
[2025-05-30 16:39:40.425] PYTHON_PROGRESS: Progress: 95% complete - GA Stage Finished.
[2025-05-30 16:39:40.425] PYTHON_PROGRESS: ================================================================================
[2025-05-30 16:39:40.425] PYTHON_PROGRESS: =====                4. PYTHON: FINALIZING AND SAVING RESULTS                =====
[2025-05-30 16:39:40.425] PYTHON_PROGRESS: ================================================================================
[2025-05-30 16:39:40.433] PYTHON_PROGRESS: Python: Final Outcome: success_full_schedule_generated_py - Python: Schedule generation status: success_full_schedule_generated_py. Events: 50. GA penalty: 2220.00.
[2025-05-30 16:39:40.433] PYTHON_PROGRESS: Output data saved to: C:\xampp\htdocs\DSS\python_algorithm\output_data/final_schedule_output_20250530_113904_8ee938f9.json
[2025-05-30 16:39:40.433] PYTHON_PROGRESS: Progress: 100% complete - Python: Results finalized and saved.
[2025-05-30 16:39:40.433] PYTHON_PROGRESS: Python: Total script execution time: 34.061 seconds.
[2025-05-30 16:39:40.453] PYTHON_PROGRESS: --- PYTHON: END OF SCHEDULER SCRIPT EXECUTION ---
