[2025-05-30 17:20:35.453] PYTHON_PROGRESS: Progress log initialized by Python.
[2025-05-30 17:20:35.453] PYTHON_PROGRESS: Progress: 0% complete - Python Scheduler Process Started.
[2025-05-30 17:20:35.453] PYTHON_PROGRESS: ================================================================================
[2025-05-30 17:20:35.453] PYTHON_PROGRESS: =====               0. PYTHON: LOADING SCHEDULER CONFIGURATION               =====
[2025-05-30 17:20:35.453] PYTHON_PROGRESS: ================================================================================
[2025-05-30 17:20:35.462] PYTHON_PROGRESS: Python: Effective Configuration (excluding log path): {'semester_id_to_load': 1, 'cp_time_limit_seconds': 30, 'ga_population_size': 50, 'ga_generations': 100, 'ga_crossover_rate': 0.8, 'ga_mutation_rate': 0.2, 'ga_tournament_size': 5, 'ga_allow_hard_constraint_violations': False, 'priority_student_clash': 'medium', 'priority_lecturer_load_break': 'medium', 'priority_classroom_util': 'medium'}
[2025-05-30 17:20:35.463] PYTHON_PROGRESS: Python: Output will be saved to: output_data/final_schedule_output_20250530_122033_b7ca5ddf.json
[2025-05-30 17:20:35.464] PYTHON_PROGRESS: Python: Progress log will be written to: C:\xampp\htdocs\DSS\python_algorithm\output_data/logs/scheduler_progress_20250530_122033_b7ca5ddf.log
[2025-05-30 17:20:35.465] PYTHON_PROGRESS: Python: Parameters Parsed. SemesterID=1
[2025-05-30 17:20:35.465] PYTHON_PROGRESS: Progress: 5% complete - Configuration loaded.
[2025-05-30 17:20:35.466] PYTHON_PROGRESS: ================================================================================
[2025-05-30 17:20:35.466] PYTHON_PROGRESS: =====         1. PYTHON: LOADING & PREPROCESSING DATA - SEMESTER: 1          =====
[2025-05-30 17:20:35.467] PYTHON_PROGRESS: ================================================================================
[2025-05-30 17:20:35.535] PYTHON_PROGRESS: Python: Raw data loaded: 50 SchedClasses.
[2025-05-30 17:20:35.537] PYTHON_PROGRESS: Progress: 15% complete - Data loaded. Starting preprocessing.
[2025-05-30 17:20:35.537] PYTHON_PROGRESS: Python: Data preprocessed. 50 items for scheduling.
[2025-05-30 17:20:35.537] PYTHON_PROGRESS: Progress: 25% complete - Preprocessing finished.
[2025-05-30 17:20:35.537] PYTHON_PROGRESS: ================================================================================
[2025-05-30 17:20:35.537] PYTHON_PROGRESS: =====            2. PYTHON: SOLVING HARD CONSTRAINTS WITH CP-SAT             =====
[2025-05-30 17:20:35.537] PYTHON_PROGRESS: ================================================================================
[2025-05-30 17:20:35.537] PYTHON_PROGRESS: Python: Starting CP-SAT. Time limit: 30.0s.
[2025-05-30 17:20:35.537] PYTHON_PROGRESS: CP_SAT: CP-SAT Module Initialized.
[2025-05-30 17:20:35.537] PYTHON_PROGRESS: CP_SAT: Starting CP-SAT model solving process...
[2025-05-30 17:20:35.537] PYTHON_PROGRESS: CP_SAT: Starting pre-filtering and variable creation...
[2025-05-30 17:20:35.537] PYTHON_PROGRESS: CP_SAT: Pre-filter: 50 items are potentially schedulable and variables created.
[2025-05-30 17:20:35.547] PYTHON_PROGRESS: CP_SAT: Finished pre-filtering and variable creation.
[2025-05-30 17:20:35.548] PYTHON_PROGRESS: CP_SAT: Adding hard constraints to the model...
[2025-05-30 17:20:35.720] PYTHON_PROGRESS: CP_SAT: Added 25 HC1 (Lecturer-Timeslot) and 1225 HC2 (Classroom-Timeslot) constraints.
[2025-05-30 17:20:35.720] PYTHON_PROGRESS: CP_SAT: Added 0 HC3 (Instructor Unavailable Slots) constraints.
[2025-05-30 17:20:35.730] PYTHON_PROGRESS: CP_SAT: Finished adding hard constraints.
[2025-05-30 17:20:35.730] PYTHON_PROGRESS: CP_SAT: Time to build CP-SAT model for 50 items: 0.19s.
[2025-05-30 17:20:35.731] PYTHON_PROGRESS: CP_SAT: Solver starting... Time limit: 30.0s. Solving for 50 items.
[2025-05-30 17:20:37.181] PYTHON_PROGRESS: CP_SAT: Solver finished in 1.45s. Status: OPTIMAL
[2025-05-30 17:20:37.183] PYTHON_PROGRESS: CP_SAT: Solver found a FEASIBLE or OPTIMAL solution. Extracting schedule...
[2025-05-30 17:20:37.185] PYTHON_PROGRESS: CP_SAT: Finished processing solver results. Extracted 50 fully scheduled items.
[2025-05-30 17:20:37.185] PYTHON_PROGRESS: CP_SAT: Successfully scheduled all 50 targeted items.
[2025-05-30 17:20:37.186] PYTHON_PROGRESS: CP_SAT: CP-SAT model solving process ended. Returning 50 actual scheduled items.
[2025-05-30 17:20:37.187] PYTHON_PROGRESS: CP-SAT found solution with 50 events. Status: OPTIMAL.
[2025-05-30 17:20:37.190] PYTHON_PROGRESS: Output data saved to: C:\xampp\htdocs\DSS\python_algorithm\output_data/cp_debug_solution_20250530_122033_b7ca5ddf.json
[2025-05-30 17:20:37.191] PYTHON_PROGRESS: Progress: 50% complete - CP-SAT Stage Finished.
[2025-05-30 17:20:37.192] PYTHON_PROGRESS: ================================================================================
[2025-05-30 17:20:37.193] PYTHON_PROGRESS: =====     3. PYTHON: OPTIMIZING SOFT CONSTRAINTS WITH GENETIC ALGORITHM      =====
[2025-05-30 17:20:37.194] PYTHON_PROGRESS: ================================================================================
[2025-05-30 17:20:37.194] PYTHON_PROGRESS: Python: Starting GA. Pop: 50, Gens: 100.
[2025-05-30 17:20:37.195] PYTHON_PROGRESS: GA: Initializing GeneticAlgorithmScheduler...
[2025-05-30 17:20:37.196] PYTHON_PROGRESS: GA: GA courses_catalog_map initialized. Number of entries: 55
[2025-05-30 17:20:37.197] PYTHON_PROGRESS: GA:   DEBUG CHECK: Problematic ID 'INS328003' IS PRESENT in self.courses_catalog (Name: Data Preparation and Visualization).
[2025-05-30 17:20:37.198] PYTHON_PROGRESS: GA:   DEBUG CHECK: Problematic ID 'INE105102' IS PRESENT in self.courses_catalog (Name: Macroeconomics).
[2025-05-30 17:20:37.198] PYTHON_PROGRESS: GA:   DEBUG CHECK: Problematic ID 'INS327102' IS PRESENT in self.courses_catalog (Name: International Accounting).
[2025-05-30 17:20:37.199] PYTHON_PROGRESS: GA:   DEBUG CHECK: Problematic ID 'INS325101' IS PRESENT in self.courses_catalog (Name: Taxation).
[2025-05-30 17:20:37.200] PYTHON_PROGRESS: GA:   DEBUG CHECK: Problematic ID 'PEC100802' IS PRESENT in self.courses_catalog (Name: Marx Leninist Political Economy).
[2025-05-30 17:20:37.200] PYTHON_PROGRESS: GA:   DEBUG CHECK: Problematic ID 'INS303002' IS PRESENT in self.courses_catalog (Name: Financial Statement Analysis).
[2025-05-30 17:20:37.201] PYTHON_PROGRESS: GA:   DEBUG CHECK: All previously problematic IDs checked ARE NOW PRESENT in self.courses_catalog.
[2025-05-30 17:20:37.202] PYTHON_PROGRESS: GA: GA Initialized. PopSize=50, Gens=100, AllowHCViolations=False
[2025-05-30 17:20:37.202] PYTHON_PROGRESS: GA: Settings: StudentClashPenalty=1000.0, LecturerOverloadPenalty=50.0, LecturerMinPeriods=4
[2025-05-30 17:20:37.203] PYTHON_PROGRESS: GA: Attempting to initialize GA population...
[2025-05-30 17:20:37.203] PYTHON_PROGRESS: GA: Initializing population...
[2025-05-30 17:20:37.204] PYTHON_PROGRESS: GA: Processing 1 schedule(s) from CP input.
[2025-05-30 17:20:37.205] PYTHON_PROGRESS: GA: Cloning 1 valid schedule(s) to reach population size 50.
[2025-05-30 17:20:37.236] PYTHON_PROGRESS: GA: Successfully initialized population with 50 individuals.
[2025-05-30 17:20:37.236] PYTHON_PROGRESS: GA: Evaluating initial population for GA...
[2025-05-30 17:20:37.347] PYTHON_PROGRESS: GA: Fitness (Total=39220.00): SC1_StudentClash=37000|SC2_LecturerUnderload=2220|
[2025-05-30 17:20:37.364] PYTHON_PROGRESS: GA: Fitness (Total=39220.00): SC1_StudentClash=37000|SC2_LecturerUnderload=2220|
[2025-05-30 17:20:37.380] PYTHON_PROGRESS: GA: Fitness (Total=39220.00): SC1_StudentClash=37000|SC2_LecturerUnderload=2220|
[2025-05-30 17:20:37.380] PYTHON_PROGRESS: GA: GA evolution started. PopSize: 50. Gens: 100.
[2025-05-30 17:20:37.397] PYTHON_PROGRESS: GA: Initial best penalty: 39220.00 for sched with 50 events.
[2025-05-30 17:20:37.486] PYTHON_PROGRESS: GA: ValidationFail HC1 (Event 11): Lect 18 conflict at TS 4 for Course INS200903
[2025-05-30 17:20:37.499] PYTHON_PROGRESS: GA: ValidationFail HC2 (Event 3): Room 1 conflict at TS 3 for Course BSA301402
[2025-05-30 17:20:37.526] PYTHON_PROGRESS: GA: ValidationFail HC2 (Event 38): Room 23 conflict at TS 2 for Course INS315201
[2025-05-30 17:20:37.558] PYTHON_PROGRESS: GA: Fitness (Total=39220.00): SC1_StudentClash=37000|SC2_LecturerUnderload=2220|
[2025-05-30 17:20:37.648] PYTHON_PROGRESS: GA: Fitness (Total=39220.00): SC1_StudentClash=37000|SC2_LecturerUnderload=2220|
[2025-05-30 17:20:37.668] PYTHON_PROGRESS: GA: Fitness (Total=39220.00): SC1_StudentClash=37000|SC2_LecturerUnderload=2220|
[2025-05-30 17:20:37.685] PYTHON_PROGRESS: GA: End Gen 1/100: BestInGenPen=30220.00, OverallBestPen=30220.00
[2025-05-30 17:20:37.737] PYTHON_PROGRESS: GA: ValidationFail HC2 (Event 49): Room 6 conflict at TS 1 for Course RUS500201
[2025-05-30 17:20:37.779] PYTHON_PROGRESS: GA: ValidationFail HC2 (Event 48): Room 22 conflict at TS 1 for Course PHI100201
[2025-05-30 17:20:37.781] PYTHON_PROGRESS: GA: ValidationFail HC2 (Event 30): Room 3 conflict at TS 1 for Course INS304901
[2025-05-30 17:20:37.791] PYTHON_PROGRESS: GA: ValidationFail HC2 (Event 39): Room 13 conflict at TS 1 for Course INS318901
[2025-05-30 17:20:37.799] PYTHON_PROGRESS: GA: ValidationFail HC2 (Event 13): Room 22 conflict at TS 2 for Course INS201501
[2025-05-30 17:20:37.813] PYTHON_PROGRESS: GA: ValidationFail HC2 (Event 49): Room 23 conflict at TS 1 for Course RUS500201
[2025-05-30 17:20:37.815] PYTHON_PROGRESS: GA: ValidationFail HC2 (Event 47): Room 21 conflict at TS 1 for Course PEC100802
[2025-05-30 17:20:37.837] PYTHON_PROGRESS: GA: Fitness (Total=39220.00): SC1_StudentClash=37000|SC2_LecturerUnderload=2220|
[2025-05-30 17:20:37.883] PYTHON_PROGRESS: GA: Fitness (Total=30220.00): SC1_StudentClash=28000|SC2_LecturerUnderload=2220|
[2025-05-30 17:20:37.916] PYTHON_PROGRESS: GA: Fitness (Total=37220.00): SC1_StudentClash=35000|SC2_LecturerUnderload=2220|
[2025-05-30 17:20:38.014] PYTHON_PROGRESS: GA: ValidationFail HC2 (Event 47): Room 10 conflict at TS 1 for Course PEC100802
[2025-05-30 17:20:38.031] PYTHON_PROGRESS: GA: ValidationFail HC2 (Event 47): Room 20 conflict at TS 1 for Course PEC100802
[2025-05-30 17:20:38.131] PYTHON_PROGRESS: GA: Fitness (Total=30220.00): SC1_StudentClash=28000|SC2_LecturerUnderload=2220|
[2025-05-30 17:20:38.231] PYTHON_PROGRESS: GA: Fitness (Total=39220.00): SC1_StudentClash=37000|SC2_LecturerUnderload=2220|
[2025-05-30 17:20:38.331] PYTHON_PROGRESS: GA: ValidationFail HC1 (Event 29): Lect 32 conflict at TS 2 for Course INS303201
[2025-05-30 17:20:38.331] PYTHON_PROGRESS: GA: ValidationFail HC2 (Event 45): Room 4 conflict at TS 1 for Course MAT100501
[2025-05-30 17:20:38.347] PYTHON_PROGRESS: GA: ValidationFail HC1 (Event 49): Lect 4 conflict at TS 1 for Course RUS500201
[2025-05-30 17:20:38.381] PYTHON_PROGRESS: GA: ValidationFail HC2 (Event 48): Room 21 conflict at TS 1 for Course PHI100201
[2025-05-30 17:20:38.431] PYTHON_PROGRESS: GA: Fitness (Total=30220.00): SC1_StudentClash=28000|SC2_LecturerUnderload=2220|
[2025-05-30 17:20:38.488] PYTHON_PROGRESS: GA: Fitness (Total=30220.00): SC1_StudentClash=28000|SC2_LecturerUnderload=2220|
[2025-05-30 17:20:38.631] PYTHON_PROGRESS: GA: ValidationFail HC2 (Event 27): Room 14 conflict at TS 2 for Course INS302901
[2025-05-30 17:20:38.748] PYTHON_PROGRESS: GA: Fitness (Total=30220.00): SC1_StudentClash=28000|SC2_LecturerUnderload=2220|
[2025-05-30 17:20:39.000] PYTHON_PROGRESS: GA: ValidationFail HC2 (Event 18): Room 1 conflict at TS 10 for Course INS207402
[2025-05-30 17:20:39.102] PYTHON_PROGRESS: GA: Fitness (Total=27220.00): SC1_StudentClash=25000|SC2_LecturerUnderload=2220|
[2025-05-30 17:20:39.134] PYTHON_PROGRESS: GA: Fitness (Total=27220.00): SC1_StudentClash=25000|SC2_LecturerUnderload=2220|
[2025-05-30 17:20:39.153] PYTHON_PROGRESS: GA: Fitness (Total=27220.00): SC1_StudentClash=25000|SC2_LecturerUnderload=2220|
[2025-05-30 17:20:39.195] PYTHON_PROGRESS: GA: ValidationFail HC2 (Event 16): Room 1 conflict at TS 6 for Course INS203702
[2025-05-30 17:20:39.219] PYTHON_PROGRESS: GA: ValidationFail HC2 (Event 39): Room 13 conflict at TS 1 for Course INS318901
[2025-05-30 17:20:39.245] PYTHON_PROGRESS: GA: ValidationFail HC2 (Event 39): Room 13 conflict at TS 1 for Course INS318901
[2025-05-30 17:20:39.361] PYTHON_PROGRESS: GA: Fitness (Total=27220.00): SC1_StudentClash=25000|SC2_LecturerUnderload=2220|
[2025-05-30 17:20:39.375] PYTHON_PROGRESS: GA: Fitness (Total=24220.00): SC1_StudentClash=22000|SC2_LecturerUnderload=2220|
[2025-05-30 17:20:39.437] PYTHON_PROGRESS: GA: Fitness (Total=27220.00): SC1_StudentClash=25000|SC2_LecturerUnderload=2220|
[2025-05-30 17:20:39.515] PYTHON_PROGRESS: GA: ValidationFail HC2 (Event 46): Room 20 conflict at TS 1 for Course MAT109204
[2025-05-30 17:20:39.520] PYTHON_PROGRESS: GA: ValidationFail HC2 (Event 47): Room 8 conflict at TS 1 for Course PEC100802
[2025-05-30 17:20:39.533] PYTHON_PROGRESS: GA: ValidationFail HC2 (Event 43): Room 16 conflict at TS 1 for Course INS327102
[2025-05-30 17:20:39.583] PYTHON_PROGRESS: GA: Fitness (Total=23220.00): SC1_StudentClash=21000|SC2_LecturerUnderload=2220|
[2025-05-30 17:20:39.630] PYTHON_PROGRESS: GA: Fitness (Total=24220.00): SC1_StudentClash=22000|SC2_LecturerUnderload=2220|
[2025-05-30 17:20:39.801] PYTHON_PROGRESS: GA: ValidationFail HC2 (Event 25): Room 15 conflict at TS 2 for Course INS30201
[2025-05-30 17:20:39.832] PYTHON_PROGRESS: GA: ValidationFail HC2 (Event 30): Room 6 conflict at TS 1 for Course INS304901
[2025-05-30 17:20:39.882] PYTHON_PROGRESS: GA: Fitness (Total=22220.00): SC1_StudentClash=20000|SC2_LecturerUnderload=2220|
[2025-05-30 17:20:40.071] PYTHON_PROGRESS: GA: ValidationFail HC2 (Event 45): Room 19 conflict at TS 1 for Course MAT100501
[2025-05-30 17:20:40.109] PYTHON_PROGRESS: GA: ValidationFail HC2 (Event 46): Room 20 conflict at TS 1 for Course MAT109204
[2025-05-30 17:20:40.129] PYTHON_PROGRESS: GA: Fitness (Total=19220.00): SC1_StudentClash=17000|SC2_LecturerUnderload=2220|
[2025-05-30 17:20:40.196] PYTHON_PROGRESS: GA: Fitness (Total=20220.00): SC1_StudentClash=18000|SC2_LecturerUnderload=2220|
[2025-05-30 17:20:40.263] PYTHON_PROGRESS: GA: End Gen 10/100: BestInGenPen=17220.00, OverallBestPen=17220.00
[2025-05-30 17:20:40.300] PYTHON_PROGRESS: GA: ValidationFail HC2 (Event 38): Room 5 conflict at TS 2 for Course INS315201
[2025-05-30 17:20:40.318] PYTHON_PROGRESS: GA: ValidationFail HC2 (Event 26): Room 1 conflict at TS 2 for Course INS302803
[2025-05-30 17:20:40.339] PYTHON_PROGRESS: GA: ValidationFail HC2 (Event 42): Room 16 conflict at TS 1 for Course INS325201
[2025-05-30 17:20:40.423] PYTHON_PROGRESS: GA: Fitness (Total=20220.00): SC1_StudentClash=18000|SC2_LecturerUnderload=2220|
[2025-05-30 17:20:40.443] PYTHON_PROGRESS: GA: Fitness (Total=20220.00): SC1_StudentClash=18000|SC2_LecturerUnderload=2220|
[2025-05-30 17:20:40.449] PYTHON_PROGRESS: GA: Fitness (Total=17220.00): SC1_StudentClash=15000|SC2_LecturerUnderload=2220|
[2025-05-30 17:20:40.458] PYTHON_PROGRESS: GA: Fitness (Total=20220.00): SC1_StudentClash=18000|SC2_LecturerUnderload=2220|
[2025-05-30 17:20:40.467] PYTHON_PROGRESS: GA: Fitness (Total=19220.00): SC1_StudentClash=17000|SC2_LecturerUnderload=2220|
[2025-05-30 17:20:40.479] PYTHON_PROGRESS: GA: Fitness (Total=17220.00): SC1_StudentClash=15000|SC2_LecturerUnderload=2220|
[2025-05-30 17:20:40.488] PYTHON_PROGRESS: GA: Fitness (Total=20220.00): SC1_StudentClash=18000|SC2_LecturerUnderload=2220|
[2025-05-30 17:20:40.617] PYTHON_PROGRESS: GA: ValidationFail HC2 (Event 27): Room 15 conflict at TS 2 for Course INS302901
[2025-05-30 17:20:40.669] PYTHON_PROGRESS: GA: ValidationFail HC2 (Event 43): Room 17 conflict at TS 1 for Course INS327102
[2025-05-30 17:20:40.732] PYTHON_PROGRESS: GA: Fitness (Total=18220.00): SC1_StudentClash=16000|SC2_LecturerUnderload=2220|
[2025-05-30 17:20:40.738] PYTHON_PROGRESS: GA: Fitness (Total=17220.00): SC1_StudentClash=15000|SC2_LecturerUnderload=2220|
[2025-05-30 17:20:40.795] PYTHON_PROGRESS: GA: Fitness (Total=17220.00): SC1_StudentClash=15000|SC2_LecturerUnderload=2220|
[2025-05-30 17:20:40.807] PYTHON_PROGRESS: GA: Fitness (Total=18220.00): SC1_StudentClash=16000|SC2_LecturerUnderload=2220|
[2025-05-30 17:20:41.208] PYTHON_PROGRESS: GA: ValidationFail HC2 (Event 20): Room 22 conflict at TS 2 for Course INS210902
[2025-05-30 17:20:41.218] PYTHON_PROGRESS: GA: ValidationFail HC2 (Event 35): Room 13 conflict at TS 10 for Course INS308001
[2025-05-30 17:20:41.222] PYTHON_PROGRESS: GA: ValidationFail HC2 (Event 17): Room 1 conflict at TS 5 for Course INS207303
[2025-05-30 17:20:41.409] PYTHON_PROGRESS: GA: Fitness (Total=15220.00): SC1_StudentClash=13000|SC2_LecturerUnderload=2220|
[2025-05-30 17:20:41.510] PYTHON_PROGRESS: GA: ValidationFail HC2 (Event 45): Room 8 conflict at TS 1 for Course MAT100501
[2025-05-30 17:20:41.535] PYTHON_PROGRESS: GA: ValidationFail HC2 (Event 26): Room 5 conflict at TS 2 for Course INS302803
[2025-05-30 17:20:41.546] PYTHON_PROGRESS: GA: ValidationFail HC2 (Event 41): Room 15 conflict at TS 2 for Course INS325101
[2025-05-30 17:20:41.552] PYTHON_PROGRESS: GA: ValidationFail HC2 (Event 39): Room 6 conflict at TS 1 for Course INS318901
[2025-05-30 17:20:41.598] PYTHON_PROGRESS: GA: ValidationFail HC2 (Event 48): Room 4 conflict at TS 1 for Course PHI100201
[2025-05-30 17:20:41.647] PYTHON_PROGRESS: GA: Fitness (Total=14220.00): SC1_StudentClash=12000|SC2_LecturerUnderload=2220|
[2025-05-30 17:20:41.705] PYTHON_PROGRESS: GA: Fitness (Total=14220.00): SC1_StudentClash=12000|SC2_LecturerUnderload=2220|
[2025-05-30 17:20:41.725] PYTHON_PROGRESS: GA: Fitness (Total=14220.00): SC1_StudentClash=12000|SC2_LecturerUnderload=2220|
[2025-05-30 17:20:41.754] PYTHON_PROGRESS: GA: Fitness (Total=14220.00): SC1_StudentClash=12000|SC2_LecturerUnderload=2220|
[2025-05-30 17:20:41.765] PYTHON_PROGRESS: GA: Fitness (Total=15220.00): SC1_StudentClash=13000|SC2_LecturerUnderload=2220|
[2025-05-30 17:20:41.840] PYTHON_PROGRESS: GA: ValidationFail HC2 (Event 27): Room 8 conflict at TS 2 for Course INS302901
[2025-05-30 17:20:41.848] PYTHON_PROGRESS: GA: ValidationFail HC2 (Event 17): Room 1 conflict at TS 7 for Course INS207303
[2025-05-30 17:20:41.853] PYTHON_PROGRESS: GA: ValidationFail HC1 (Event 24): Lect 18 conflict at TS 15 for Course INS301603
[2025-05-30 17:20:41.900] PYTHON_PROGRESS: GA: ValidationFail HC2 (Event 38): Room 1 conflict at TS 2 for Course INS315201
[2025-05-30 17:20:41.941] PYTHON_PROGRESS: GA: Fitness (Total=13220.00): SC1_StudentClash=11000|SC2_LecturerUnderload=2220|
[2025-05-30 17:20:41.973] PYTHON_PROGRESS: GA: Fitness (Total=13220.00): SC1_StudentClash=11000|SC2_LecturerUnderload=2220|
[2025-05-30 17:20:42.163] PYTHON_PROGRESS: GA: ValidationFail HC2 (Event 43): Room 13 conflict at TS 1 for Course INS327102
[2025-05-30 17:20:42.198] PYTHON_PROGRESS: GA: ValidationFail HC2 (Event 49): Room 17 conflict at TS 1 for Course RUS500201
[2025-05-30 17:20:42.224] PYTHON_PROGRESS: GA: Fitness (Total=12220.00): SC1_StudentClash=10000|SC2_LecturerUnderload=2220|
[2025-05-30 17:20:42.280] PYTHON_PROGRESS: GA: Fitness (Total=12220.00): SC1_StudentClash=10000|SC2_LecturerUnderload=2220|
[2025-05-30 17:20:42.301] PYTHON_PROGRESS: GA: Fitness (Total=13220.00): SC1_StudentClash=11000|SC2_LecturerUnderload=2220|
[2025-05-30 17:20:42.310] PYTHON_PROGRESS: GA: Fitness (Total=12220.00): SC1_StudentClash=10000|SC2_LecturerUnderload=2220|
[2025-05-30 17:20:42.424] PYTHON_PROGRESS: GA: ValidationFail HC2 (Event 45): Room 19 conflict at TS 1 for Course MAT100501
[2025-05-30 17:20:42.435] PYTHON_PROGRESS: GA: ValidationFail HC2 (Event 26): Room 5 conflict at TS 2 for Course INS302803
[2025-05-30 17:20:42.501] PYTHON_PROGRESS: GA: ValidationFail HC2 (Event 49): Room 6 conflict at TS 1 for Course RUS500201
[2025-05-30 17:20:42.691] PYTHON_PROGRESS: GA: ValidationFail HC2 (Event 49): Room 14 conflict at TS 1 for Course RUS500201
[2025-05-30 17:20:42.706] PYTHON_PROGRESS: GA: ValidationFail HC2 (Event 38): Room 7 conflict at TS 2 for Course INS315201
[2025-05-30 17:20:42.778] PYTHON_PROGRESS: GA: ValidationFail HC2 (Event 45): Room 9 conflict at TS 1 for Course MAT100501
[2025-05-30 17:20:42.847] PYTHON_PROGRESS: GA: Fitness (Total=10220.00): SC1_StudentClash=8000|SC2_LecturerUnderload=2220|
[2025-05-30 17:20:42.997] PYTHON_PROGRESS: GA: ValidationFail HC2 (Event 39): Room 8 conflict at TS 1 for Course INS318901
[2025-05-30 17:20:43.066] PYTHON_PROGRESS: GA: ValidationFail HC2 (Event 46): Room 20 conflict at TS 10 for Course MAT109204
[2025-05-30 17:20:43.072] PYTHON_PROGRESS: GA: ValidationFail HC2 (Event 46): Room 20 conflict at TS 10 for Course MAT109204
[2025-05-30 17:20:43.207] PYTHON_PROGRESS: GA: Fitness (Total=9220.00): SC1_StudentClash=7000|SC2_LecturerUnderload=2220|
[2025-05-30 17:20:43.224] PYTHON_PROGRESS: GA: End Gen 20/100: BestInGenPen=9220.00, OverallBestPen=9220.00
[2025-05-30 17:20:43.266] PYTHON_PROGRESS: GA: ValidationFail HC2 (Event 46): Room 20 conflict at TS 10 for Course MAT109204
[2025-05-30 17:20:43.301] PYTHON_PROGRESS: GA: ValidationFail HC2 (Event 46): Room 20 conflict at TS 10 for Course MAT109204
[2025-05-30 17:20:43.441] PYTHON_PROGRESS: GA: Fitness (Total=10220.00): SC1_StudentClash=8000|SC2_LecturerUnderload=2220|
[2025-05-30 17:20:43.447] PYTHON_PROGRESS: GA: Fitness (Total=8220.00): SC1_StudentClash=6000|SC2_LecturerUnderload=2220|
[2025-05-30 17:20:43.681] PYTHON_PROGRESS: GA: Fitness (Total=9220.00): SC1_StudentClash=7000|SC2_LecturerUnderload=2220|
[2025-05-30 17:20:43.685] PYTHON_PROGRESS: GA: Fitness (Total=9220.00): SC1_StudentClash=7000|SC2_LecturerUnderload=2220|
[2025-05-30 17:20:43.765] PYTHON_PROGRESS: GA: Fitness (Total=8220.00): SC1_StudentClash=6000|SC2_LecturerUnderload=2220|
[2025-05-30 17:20:43.771] PYTHON_PROGRESS: GA: Fitness (Total=9220.00): SC1_StudentClash=7000|SC2_LecturerUnderload=2220|
[2025-05-30 17:20:43.988] PYTHON_PROGRESS: GA: Fitness (Total=8220.00): SC1_StudentClash=6000|SC2_LecturerUnderload=2220|
[2025-05-30 17:20:44.133] PYTHON_PROGRESS: GA: ValidationFail HC2 (Event 40): Room 9 conflict at TS 1 for Course INS323702
[2025-05-30 17:20:44.173] PYTHON_PROGRESS: GA: ValidationFail HC1 (Event 16): Lect 26 conflict at TS 8 for Course INS203702
[2025-05-30 17:20:44.246] PYTHON_PROGRESS: GA: Fitness (Total=7220.00): SC1_StudentClash=5000|SC2_LecturerUnderload=2220|
[2025-05-30 17:20:44.277] PYTHON_PROGRESS: GA: Fitness (Total=8220.00): SC1_StudentClash=6000|SC2_LecturerUnderload=2220|
[2025-05-30 17:20:44.380] PYTHON_PROGRESS: GA: ValidationFail HC2 (Event 38): Room 15 conflict at TS 2 for Course INS315201
[2025-05-30 17:20:44.427] PYTHON_PROGRESS: GA: ValidationFail HC1 (Event 43): Lect 38 conflict at TS 2 for Course INS327102
[2025-05-30 17:20:44.513] PYTHON_PROGRESS: GA: Fitness (Total=7220.00): SC1_StudentClash=5000|SC2_LecturerUnderload=2220|
[2025-05-30 17:20:44.661] PYTHON_PROGRESS: GA: ValidationFail HC2 (Event 26): Room 17 conflict at TS 2 for Course INS302803
[2025-05-30 17:20:44.706] PYTHON_PROGRESS: GA: ValidationFail HC1 (Event 47): Lect 33 conflict at TS 22 for Course PEC100802
[2025-05-30 17:20:44.953] PYTHON_PROGRESS: GA: ValidationFail HC2 (Event 17): Room 1 conflict at TS 9 for Course INS207303
[2025-05-30 17:20:44.972] PYTHON_PROGRESS: GA: ValidationFail HC2 (Event 31): Room 7 conflict at TS 16 for Course INS306002
[2025-05-30 17:20:45.028] PYTHON_PROGRESS: GA: Fitness (Total=7220.00): SC1_StudentClash=5000|SC2_LecturerUnderload=2220|
[2025-05-30 17:20:45.053] PYTHON_PROGRESS: GA: Fitness (Total=7220.00): SC1_StudentClash=5000|SC2_LecturerUnderload=2220|
[2025-05-30 17:20:45.190] PYTHON_PROGRESS: GA: ValidationFail HC2 (Event 29): Room 5 conflict at TS 4 for Course INS303201
[2025-05-30 17:20:45.282] PYTHON_PROGRESS: GA: Fitness (Total=5220.00): SC1_StudentClash=3000|SC2_LecturerUnderload=2220|
[2025-05-30 17:20:45.340] PYTHON_PROGRESS: GA: Fitness (Total=7220.00): SC1_StudentClash=5000|SC2_LecturerUnderload=2220|
[2025-05-30 17:20:45.368] PYTHON_PROGRESS: GA: Fitness (Total=6220.00): SC1_StudentClash=4000|SC2_LecturerUnderload=2220|
[2025-05-30 17:20:45.558] PYTHON_PROGRESS: GA: Fitness (Total=5220.00): SC1_StudentClash=3000|SC2_LecturerUnderload=2220|
[2025-05-30 17:20:45.584] PYTHON_PROGRESS: GA: Fitness (Total=7220.00): SC1_StudentClash=5000|SC2_LecturerUnderload=2220|
[2025-05-30 17:20:45.606] PYTHON_PROGRESS: GA: Fitness (Total=5220.00): SC1_StudentClash=3000|SC2_LecturerUnderload=2220|
[2025-05-30 17:20:45.689] PYTHON_PROGRESS: GA: Fitness (Total=5220.00): SC1_StudentClash=3000|SC2_LecturerUnderload=2220|
[2025-05-30 17:20:45.693] PYTHON_PROGRESS: GA: Fitness (Total=5220.00): SC1_StudentClash=3000|SC2_LecturerUnderload=2220|
[2025-05-30 17:20:45.730] PYTHON_PROGRESS: GA: ValidationFail HC2 (Event 45): Room 19 conflict at TS 1 for Course MAT100501
[2025-05-30 17:20:45.756] PYTHON_PROGRESS: GA: ValidationFail HC2 (Event 34): Room 10 conflict at TS 1 for Course INS307403
[2025-05-30 17:20:45.877] PYTHON_PROGRESS: GA: Fitness (Total=4220.00): SC1_StudentClash=2000|SC2_LecturerUnderload=2220|
[2025-05-30 17:20:45.889] PYTHON_PROGRESS: GA: Fitness (Total=5220.00): SC1_StudentClash=3000|SC2_LecturerUnderload=2220|
[2025-05-30 17:20:45.966] PYTHON_PROGRESS: GA: Fitness (Total=5220.00): SC1_StudentClash=3000|SC2_LecturerUnderload=2220|
[2025-05-30 17:20:45.969] PYTHON_PROGRESS: GA: End Gen 30/100: BestInGenPen=4220.00, OverallBestPen=4220.00
[2025-05-30 17:20:46.194] PYTHON_PROGRESS: GA: Fitness (Total=4220.00): SC1_StudentClash=2000|SC2_LecturerUnderload=2220|
[2025-05-30 17:20:46.228] PYTHON_PROGRESS: GA: Fitness (Total=4220.00): SC1_StudentClash=2000|SC2_LecturerUnderload=2220|
[2025-05-30 17:20:46.313] PYTHON_PROGRESS: GA: ValidationFail HC1 (Event 36): Lect 22 conflict at TS 3 for Course INS309701
[2025-05-30 17:20:46.456] PYTHON_PROGRESS: GA: Fitness (Total=4220.00): SC1_StudentClash=2000|SC2_LecturerUnderload=2220|
[2025-05-30 17:20:46.489] PYTHON_PROGRESS: GA: Fitness (Total=4220.00): SC1_StudentClash=2000|SC2_LecturerUnderload=2220|
[2025-05-30 17:20:46.664] PYTHON_PROGRESS: GA: Fitness (Total=4220.00): SC1_StudentClash=2000|SC2_LecturerUnderload=2220|
[2025-05-30 17:20:46.717] PYTHON_PROGRESS: GA: Fitness (Total=4220.00): SC1_StudentClash=2000|SC2_LecturerUnderload=2220|
[2025-05-30 17:20:46.742] PYTHON_PROGRESS: GA: Fitness (Total=4220.00): SC1_StudentClash=2000|SC2_LecturerUnderload=2220|
[2025-05-30 17:20:46.746] PYTHON_PROGRESS: GA: Fitness (Total=4220.00): SC1_StudentClash=2000|SC2_LecturerUnderload=2220|
[2025-05-30 17:20:46.878] PYTHON_PROGRESS: GA: ValidationFail HC2 (Event 25): Room 12 conflict at TS 2 for Course INS30201
[2025-05-30 17:20:46.903] PYTHON_PROGRESS: GA: ValidationFail HC2 (Event 31): Room 4 conflict at TS 16 for Course INS306002
[2025-05-30 17:20:46.948] PYTHON_PROGRESS: GA: Fitness (Total=5220.00): SC1_StudentClash=3000|SC2_LecturerUnderload=2220|
[2025-05-30 17:20:46.968] PYTHON_PROGRESS: GA: Fitness (Total=4220.00): SC1_StudentClash=2000|SC2_LecturerUnderload=2220|
[2025-05-30 17:20:46.974] PYTHON_PROGRESS: GA: Fitness (Total=4220.00): SC1_StudentClash=2000|SC2_LecturerUnderload=2220|
[2025-05-30 17:20:47.046] PYTHON_PROGRESS: GA: Fitness (Total=4220.00): SC1_StudentClash=2000|SC2_LecturerUnderload=2220|
[2025-05-30 17:20:47.174] PYTHON_PROGRESS: GA: ValidationFail HC2 (Event 12): Room 1 conflict at TS 3 for Course INS201101
[2025-05-30 17:20:47.193] PYTHON_PROGRESS: GA: ValidationFail HC2 (Event 32): Room 3 conflict at TS 1 for Course INS306603
[2025-05-30 17:20:47.207] PYTHON_PROGRESS: GA: Fitness (Total=4220.00): SC1_StudentClash=2000|SC2_LecturerUnderload=2220|
[2025-05-30 17:20:47.251] PYTHON_PROGRESS: GA: Fitness (Total=4220.00): SC1_StudentClash=2000|SC2_LecturerUnderload=2220|
[2025-05-30 17:20:47.471] PYTHON_PROGRESS: GA: ValidationFail HC2 (Event 21): Room 2 conflict at TS 4 for Course INS211102
[2025-05-30 17:20:47.501] PYTHON_PROGRESS: GA: Fitness (Total=4220.00): SC1_StudentClash=2000|SC2_LecturerUnderload=2220|
[2025-05-30 17:20:47.529] PYTHON_PROGRESS: GA: Fitness (Total=4220.00): SC1_StudentClash=2000|SC2_LecturerUnderload=2220|
[2025-05-30 17:20:47.820] PYTHON_PROGRESS: GA: Fitness (Total=4220.00): SC1_StudentClash=2000|SC2_LecturerUnderload=2220|
[2025-05-30 17:20:47.833] PYTHON_PROGRESS: GA: Fitness (Total=6220.00): SC1_StudentClash=4000|SC2_LecturerUnderload=2220|
[2025-05-30 17:20:47.878] PYTHON_PROGRESS: GA: Fitness (Total=4220.00): SC1_StudentClash=2000|SC2_LecturerUnderload=2220|
[2025-05-30 17:20:48.045] PYTHON_PROGRESS: GA: Fitness (Total=4220.00): SC1_StudentClash=2000|SC2_LecturerUnderload=2220|
[2025-05-30 17:20:48.228] PYTHON_PROGRESS: GA: ValidationFail HC1 (Event 41): Lect 7 conflict at TS 3 for Course INS325101
[2025-05-30 17:20:48.384] PYTHON_PROGRESS: GA: Fitness (Total=5220.00): SC1_StudentClash=3000|SC2_LecturerUnderload=2220|
[2025-05-30 17:20:48.401] PYTHON_PROGRESS: GA: Fitness (Total=4220.00): SC1_StudentClash=2000|SC2_LecturerUnderload=2220|
[2025-05-30 17:20:48.410] PYTHON_PROGRESS: GA: Fitness (Total=4220.00): SC1_StudentClash=2000|SC2_LecturerUnderload=2220|
[2025-05-30 17:20:48.553] PYTHON_PROGRESS: GA: ValidationFail HC2 (Event 21): Room 2 conflict at TS 5 for Course INS211102
[2025-05-30 17:20:48.582] PYTHON_PROGRESS: GA: Fitness (Total=4220.00): SC1_StudentClash=2000|SC2_LecturerUnderload=2220|
[2025-05-30 17:20:48.701] PYTHON_PROGRESS: GA: End Gen 40/100: BestInGenPen=3220.00, OverallBestPen=3220.00
[2025-05-30 17:20:49.140] PYTHON_PROGRESS: GA: Fitness (Total=3220.00): SC1_StudentClash=1000|SC2_LecturerUnderload=2220|
[2025-05-30 17:20:49.155] PYTHON_PROGRESS: GA: Fitness (Total=3220.00): SC1_StudentClash=1000|SC2_LecturerUnderload=2220|
[2025-05-30 17:20:49.172] PYTHON_PROGRESS: GA: Fitness (Total=3220.00): SC1_StudentClash=1000|SC2_LecturerUnderload=2220|
[2025-05-30 17:20:49.200] PYTHON_PROGRESS: GA: Fitness (Total=3220.00): SC1_StudentClash=1000|SC2_LecturerUnderload=2220|
[2025-05-30 17:20:49.428] PYTHON_PROGRESS: GA: Fitness (Total=3220.00): SC1_StudentClash=1000|SC2_LecturerUnderload=2220|
[2025-05-30 17:20:49.455] PYTHON_PROGRESS: GA: Fitness (Total=3220.00): SC1_StudentClash=1000|SC2_LecturerUnderload=2220|
[2025-05-30 17:20:49.505] PYTHON_PROGRESS: GA: Fitness (Total=3220.00): SC1_StudentClash=1000|SC2_LecturerUnderload=2220|
[2025-05-30 17:20:49.680] PYTHON_PROGRESS: GA: Fitness (Total=3220.00): SC1_StudentClash=1000|SC2_LecturerUnderload=2220|
[2025-05-30 17:20:49.779] PYTHON_PROGRESS: GA: Fitness (Total=3220.00): SC1_StudentClash=1000|SC2_LecturerUnderload=2220|
[2025-05-30 17:20:50.035] PYTHON_PROGRESS: GA: Fitness (Total=2220.00): SC2_LecturerUnderload=2220|
[2025-05-30 17:20:50.060] PYTHON_PROGRESS: GA: Fitness (Total=3220.00): SC1_StudentClash=1000|SC2_LecturerUnderload=2220|
[2025-05-30 17:20:50.133] PYTHON_PROGRESS: GA: ValidationFail HC2 (Event 16): Room 1 conflict at TS 7 for Course INS203702
[2025-05-30 17:20:50.157] PYTHON_PROGRESS: GA: ValidationFail HC2 (Event 29): Room 5 conflict at TS 4 for Course INS303201
[2025-05-30 17:20:50.289] PYTHON_PROGRESS: GA: Fitness (Total=2220.00): SC2_LecturerUnderload=2220|
[2025-05-30 17:20:50.293] PYTHON_PROGRESS: GA: Fitness (Total=2220.00): SC2_LecturerUnderload=2220|
[2025-05-30 17:20:50.300] PYTHON_PROGRESS: GA: Fitness (Total=2220.00): SC2_LecturerUnderload=2220|
[2025-05-30 17:20:50.542] PYTHON_PROGRESS: GA: Fitness (Total=2220.00): SC2_LecturerUnderload=2220|
[2025-05-30 17:20:50.546] PYTHON_PROGRESS: GA: Fitness (Total=2220.00): SC2_LecturerUnderload=2220|
[2025-05-30 17:20:50.696] PYTHON_PROGRESS: GA: ValidationFail HC2 (Event 5): Room 2 conflict at TS 5 for Course INE105001
[2025-05-30 17:20:50.798] PYTHON_PROGRESS: GA: Fitness (Total=2220.00): SC2_LecturerUnderload=2220|
[2025-05-30 17:20:50.863] PYTHON_PROGRESS: GA: Fitness (Total=2220.00): SC2_LecturerUnderload=2220|
[2025-05-30 17:20:50.872] PYTHON_PROGRESS: GA: Fitness (Total=2220.00): SC2_LecturerUnderload=2220|
[2025-05-30 17:20:51.104] PYTHON_PROGRESS: GA: Fitness (Total=2220.00): SC2_LecturerUnderload=2220|
[2025-05-30 17:20:51.142] PYTHON_PROGRESS: GA: Fitness (Total=2220.00): SC2_LecturerUnderload=2220|
[2025-05-30 17:20:51.169] PYTHON_PROGRESS: GA: Fitness (Total=2220.00): SC2_LecturerUnderload=2220|
[2025-05-30 17:20:51.319] PYTHON_PROGRESS: GA: Fitness (Total=2220.00): SC2_LecturerUnderload=2220|
[2025-05-30 17:20:51.345] PYTHON_PROGRESS: GA: Fitness (Total=2220.00): SC2_LecturerUnderload=2220|
[2025-05-30 17:20:51.401] PYTHON_PROGRESS: GA: Fitness (Total=2220.00): SC2_LecturerUnderload=2220|
[2025-05-30 17:20:51.453] PYTHON_PROGRESS: GA: Fitness (Total=2220.00): SC2_LecturerUnderload=2220|
[2025-05-30 17:20:51.458] PYTHON_PROGRESS: GA: End Gen 50/100: BestInGenPen=2220.00, OverallBestPen=2220.00
[2025-05-30 17:20:51.594] PYTHON_PROGRESS: GA: Fitness (Total=2220.00): SC2_LecturerUnderload=2220|
[2025-05-30 17:20:51.676] PYTHON_PROGRESS: GA: Fitness (Total=2220.00): SC2_LecturerUnderload=2220|
[2025-05-30 17:20:51.820] PYTHON_PROGRESS: GA: ValidationFail HC2 (Event 36): Room 20 conflict at TS 2 for Course INS309701
[2025-05-30 17:20:51.916] PYTHON_PROGRESS: GA: Fitness (Total=2220.00): SC2_LecturerUnderload=2220|
[2025-05-30 17:20:52.033] PYTHON_PROGRESS: GA: ValidationFail HC2 (Event 48): Room 18 conflict at TS 6 for Course PHI100201
[2025-05-30 17:20:52.034] PYTHON_PROGRESS: GA: ValidationFail HC1 (Event 24): Lect 18 conflict at TS 16 for Course INS301603
[2025-05-30 17:20:52.081] PYTHON_PROGRESS: GA: ValidationFail HC2 (Event 15): Room 1 conflict at TS 5 for Course INS201503
[2025-05-30 17:20:52.165] PYTHON_PROGRESS: GA: Fitness (Total=2220.00): SC2_LecturerUnderload=2220|
[2025-05-30 17:20:52.232] PYTHON_PROGRESS: GA: Fitness (Total=2220.00): SC2_LecturerUnderload=2220|
[2025-05-30 17:20:52.344] PYTHON_PROGRESS: GA: ValidationFail HC1 (Event 36): Lect 22 conflict at TS 4 for Course INS309701
[2025-05-30 17:20:52.366] PYTHON_PROGRESS: GA: ValidationFail HC1 (Event 41): Lect 7 conflict at TS 3 for Course INS325101
[2025-05-30 17:20:52.473] PYTHON_PROGRESS: GA: Fitness (Total=2220.00): SC2_LecturerUnderload=2220|
[2025-05-30 17:20:52.480] PYTHON_PROGRESS: GA: Fitness (Total=2220.00): SC2_LecturerUnderload=2220|
[2025-05-30 17:20:52.504] PYTHON_PROGRESS: GA: Fitness (Total=2220.00): SC2_LecturerUnderload=2220|
[2025-05-30 17:20:52.526] PYTHON_PROGRESS: GA: Fitness (Total=2220.00): SC2_LecturerUnderload=2220|
[2025-05-30 17:20:52.847] PYTHON_PROGRESS: GA: ValidationFail HC1 (Event 43): Lect 38 conflict at TS 2 for Course INS327102
[2025-05-30 17:20:52.938] PYTHON_PROGRESS: GA: ValidationFail HC2 (Event 27): Room 14 conflict at TS 2 for Course INS302901
[2025-05-30 17:20:52.944] PYTHON_PROGRESS: GA: Fitness (Total=2220.00): SC2_LecturerUnderload=2220|
[2025-05-30 17:20:52.983] PYTHON_PROGRESS: GA: Fitness (Total=2220.00): SC2_LecturerUnderload=2220|
[2025-05-30 17:20:53.009] PYTHON_PROGRESS: GA: Fitness (Total=2220.00): SC2_LecturerUnderload=2220|
[2025-05-30 17:20:53.071] PYTHON_PROGRESS: GA: Fitness (Total=2220.00): SC2_LecturerUnderload=2220|
[2025-05-30 17:20:53.144] PYTHON_PROGRESS: GA: ValidationFail HC2 (Event 21): Room 2 conflict at TS 7 for Course INS211102
[2025-05-30 17:20:53.150] PYTHON_PROGRESS: GA: ValidationFail HC2 (Event 31): Room 7 conflict at TS 16 for Course INS306002
[2025-05-30 17:20:53.164] PYTHON_PROGRESS: GA: ValidationFail HC2 (Event 32): Room 8 conflict at TS 5 for Course INS306603
[2025-05-30 17:20:53.210] PYTHON_PROGRESS: GA: ValidationFail HC1 (Event 46): Lect 22 conflict at TS 11 for Course MAT109204
[2025-05-30 17:20:53.226] PYTHON_PROGRESS: GA: Fitness (Total=2220.00): SC2_LecturerUnderload=2220|
[2025-05-30 17:20:53.243] PYTHON_PROGRESS: GA: Fitness (Total=2220.00): SC2_LecturerUnderload=2220|
[2025-05-30 17:20:53.338] PYTHON_PROGRESS: GA: Fitness (Total=2220.00): SC2_LecturerUnderload=2220|
[2025-05-30 17:20:53.466] PYTHON_PROGRESS: GA: ValidationFail HC2 (Event 35): Room 8 conflict at TS 2 for Course INS308001
[2025-05-30 17:20:53.474] PYTHON_PROGRESS: GA: ValidationFail HC2 (Event 15): Room 1 conflict at TS 8 for Course INS201503
[2025-05-30 17:20:53.514] PYTHON_PROGRESS: GA: Fitness (Total=2220.00): SC2_LecturerUnderload=2220|
[2025-05-30 17:20:53.578] PYTHON_PROGRESS: GA: Fitness (Total=2220.00): SC2_LecturerUnderload=2220|
[2025-05-30 17:20:53.593] PYTHON_PROGRESS: GA: Fitness (Total=2220.00): SC2_LecturerUnderload=2220|
[2025-05-30 17:20:53.674] PYTHON_PROGRESS: GA: ValidationFail HC2 (Event 37): Room 10 conflict at TS 1 for Course INS315101
[2025-05-30 17:20:53.746] PYTHON_PROGRESS: GA: ValidationFail HC1 (Event 40): Lect 19 conflict at TS 3 for Course INS323702
[2025-05-30 17:20:53.806] PYTHON_PROGRESS: GA: Fitness (Total=2220.00): SC2_LecturerUnderload=2220|
[2025-05-30 17:20:53.812] PYTHON_PROGRESS: GA: Fitness (Total=2220.00): SC2_LecturerUnderload=2220|
[2025-05-30 17:20:53.826] PYTHON_PROGRESS: GA: Fitness (Total=2220.00): SC2_LecturerUnderload=2220|
[2025-05-30 17:20:53.980] PYTHON_PROGRESS: GA: ValidationFail HC2 (Event 38): Room 8 conflict at TS 2 for Course INS315201
[2025-05-30 17:20:54.037] PYTHON_PROGRESS: GA: Fitness (Total=2220.00): SC2_LecturerUnderload=2220|
[2025-05-30 17:20:54.130] PYTHON_PROGRESS: GA: Fitness (Total=2220.00): SC2_LecturerUnderload=2220|
[2025-05-30 17:20:54.171] PYTHON_PROGRESS: GA: End Gen 60/100: BestInGenPen=2220.00, OverallBestPen=2220.00
[2025-05-30 17:20:54.323] PYTHON_PROGRESS: GA: Fitness (Total=2220.00): SC2_LecturerUnderload=2220|
[2025-05-30 17:20:54.349] PYTHON_PROGRESS: GA: Fitness (Total=2220.00): SC2_LecturerUnderload=2220|
[2025-05-30 17:20:54.380] PYTHON_PROGRESS: GA: Fitness (Total=2220.00): SC2_LecturerUnderload=2220|
[2025-05-30 17:20:54.413] PYTHON_PROGRESS: GA: Fitness (Total=2220.00): SC2_LecturerUnderload=2220|
[2025-05-30 17:20:54.529] PYTHON_PROGRESS: GA: ValidationFail HC2 (Event 29): Room 2 conflict at TS 4 for Course INS303201
[2025-05-30 17:20:54.544] PYTHON_PROGRESS: GA: ValidationFail HC2 (Event 49): Room 3 conflict at TS 1 for Course RUS500201
[2025-05-30 17:20:54.574] PYTHON_PROGRESS: GA: ValidationFail HC2 (Event 12): Room 1 conflict at TS 3 for Course INS201101
[2025-05-30 17:20:54.598] PYTHON_PROGRESS: GA: ValidationFail HC2 (Event 29): Room 20 conflict at TS 4 for Course INS303201
[2025-05-30 17:20:54.640] PYTHON_PROGRESS: GA: Fitness (Total=2220.00): SC2_LecturerUnderload=2220|
[2025-05-30 17:20:54.841] PYTHON_PROGRESS: GA: ValidationFail HC2 (Event 38): Room 14 conflict at TS 2 for Course INS315201
[2025-05-30 17:20:54.890] PYTHON_PROGRESS: GA: Fitness (Total=2220.00): SC2_LecturerUnderload=2220|
[2025-05-30 17:20:54.897] PYTHON_PROGRESS: GA: Fitness (Total=2220.00): SC2_LecturerUnderload=2220|
[2025-05-30 17:20:54.932] PYTHON_PROGRESS: GA: Fitness (Total=2220.00): SC2_LecturerUnderload=2220|
[2025-05-30 17:20:54.995] PYTHON_PROGRESS: GA: Fitness (Total=2220.00): SC2_LecturerUnderload=2220|
[2025-05-30 17:20:55.001] PYTHON_PROGRESS: GA: Fitness (Total=2220.00): SC2_LecturerUnderload=2220|
[2025-05-30 17:20:55.137] PYTHON_PROGRESS: GA: ValidationFail HC2 (Event 26): Room 3 conflict at TS 2 for Course INS302803
[2025-05-30 17:20:55.157] PYTHON_PROGRESS: GA: ValidationFail HC2 (Event 28): Room 15 conflict at TS 4 for Course INS303002
[2025-05-30 17:20:55.157] PYTHON_PROGRESS: GA: Fitness (Total=2220.00): SC2_LecturerUnderload=2220|
[2025-05-30 17:20:55.232] PYTHON_PROGRESS: GA: Fitness (Total=2220.00): SC2_LecturerUnderload=2220|
[2025-05-30 17:20:55.236] PYTHON_PROGRESS: GA: Fitness (Total=2220.00): SC2_LecturerUnderload=2220|
[2025-05-30 17:20:55.264] PYTHON_PROGRESS: GA: Fitness (Total=2220.00): SC2_LecturerUnderload=2220|
[2025-05-30 17:20:55.273] PYTHON_PROGRESS: GA: Fitness (Total=2220.00): SC2_LecturerUnderload=2220|
[2025-05-30 17:20:55.363] PYTHON_PROGRESS: GA: ValidationFail HC2 (Event 43): Room 12 conflict at TS 1 for Course INS327102
[2025-05-30 17:20:55.384] PYTHON_PROGRESS: GA: ValidationFail HC1 (Event 49): Lect 4 conflict at TS 1 for Course RUS500201
[2025-05-30 17:20:55.464] PYTHON_PROGRESS: GA: Fitness (Total=2220.00): SC2_LecturerUnderload=2220|
[2025-05-30 17:20:55.483] PYTHON_PROGRESS: GA: Fitness (Total=2220.00): SC2_LecturerUnderload=2220|
[2025-05-30 17:20:55.529] PYTHON_PROGRESS: GA: Fitness (Total=2220.00): SC2_LecturerUnderload=2220|
[2025-05-30 17:20:55.544] PYTHON_PROGRESS: GA: Fitness (Total=2220.00): SC2_LecturerUnderload=2220|
[2025-05-30 17:20:55.581] PYTHON_PROGRESS: GA: Fitness (Total=2220.00): SC2_LecturerUnderload=2220|
[2025-05-30 17:20:55.653] PYTHON_PROGRESS: GA: ValidationFail HC2 (Event 38): Room 8 conflict at TS 2 for Course INS315201
[2025-05-30 17:20:55.704] PYTHON_PROGRESS: GA: ValidationFail HC2 (Event 45): Room 19 conflict at TS 1 for Course MAT100501
[2025-05-30 17:20:55.749] PYTHON_PROGRESS: GA: Fitness (Total=2220.00): SC2_LecturerUnderload=2220|
[2025-05-30 17:20:55.794] PYTHON_PROGRESS: GA: Fitness (Total=3220.00): SC1_StudentClash=1000|SC2_LecturerUnderload=2220|
[2025-05-30 17:20:55.806] PYTHON_PROGRESS: GA: Fitness (Total=2220.00): SC2_LecturerUnderload=2220|
[2025-05-30 17:20:55.822] PYTHON_PROGRESS: GA: Fitness (Total=3220.00): SC1_StudentClash=1000|SC2_LecturerUnderload=2220|
[2025-05-30 17:20:55.912] PYTHON_PROGRESS: GA: ValidationFail HC2 (Event 38): Room 23 conflict at TS 2 for Course INS315201
[2025-05-30 17:20:55.970] PYTHON_PROGRESS: GA: ValidationFail HC2 (Event 26): Room 8 conflict at TS 2 for Course INS302803
[2025-05-30 17:20:56.064] PYTHON_PROGRESS: GA: Fitness (Total=2220.00): SC2_LecturerUnderload=2220|
[2025-05-30 17:20:56.077] PYTHON_PROGRESS: GA: Fitness (Total=2220.00): SC2_LecturerUnderload=2220|
[2025-05-30 17:20:56.123] PYTHON_PROGRESS: GA: Fitness (Total=2220.00): SC2_LecturerUnderload=2220|
[2025-05-30 17:20:56.187] PYTHON_PROGRESS: GA: ValidationFail HC2 (Event 47): Room 21 conflict at TS 1 for Course PEC100802
[2025-05-30 17:20:56.218] PYTHON_PROGRESS: GA: ValidationFail HC2 (Event 44): Room 18 conflict at TS 6 for Course INS328003
[2025-05-30 17:20:56.292] PYTHON_PROGRESS: GA: Fitness (Total=2220.00): SC2_LecturerUnderload=2220|
[2025-05-30 17:20:56.346] PYTHON_PROGRESS: GA: Fitness (Total=2220.00): SC2_LecturerUnderload=2220|
[2025-05-30 17:20:56.494] PYTHON_PROGRESS: GA: ValidationFail HC2 (Event 43): Room 3 conflict at TS 1 for Course INS327102
[2025-05-30 17:20:56.570] PYTHON_PROGRESS: GA: Fitness (Total=2220.00): SC2_LecturerUnderload=2220|
[2025-05-30 17:20:56.627] PYTHON_PROGRESS: GA: Fitness (Total=2220.00): SC2_LecturerUnderload=2220|
[2025-05-30 17:20:56.671] PYTHON_PROGRESS: GA: Fitness (Total=2220.00): SC2_LecturerUnderload=2220|
[2025-05-30 17:20:56.673] PYTHON_PROGRESS: GA: Fitness (Total=2220.00): SC2_LecturerUnderload=2220|
[2025-05-30 17:20:56.818] PYTHON_PROGRESS: GA: ValidationFail HC2 (Event 21): Room 2 conflict at TS 7 for Course INS211102
[2025-05-30 17:20:56.824] PYTHON_PROGRESS: GA: ValidationFail HC2 (Event 21): Room 2 conflict at TS 7 for Course INS211102
[2025-05-30 17:20:56.895] PYTHON_PROGRESS: GA: Fitness (Total=2220.00): SC2_LecturerUnderload=2220|
[2025-05-30 17:20:56.902] PYTHON_PROGRESS: GA: Fitness (Total=2220.00): SC2_LecturerUnderload=2220|
[2025-05-30 17:20:56.918] PYTHON_PROGRESS: GA: Fitness (Total=3220.00): SC1_StudentClash=1000|SC2_LecturerUnderload=2220|
[2025-05-30 17:20:56.957] PYTHON_PROGRESS: GA: Fitness (Total=2220.00): SC2_LecturerUnderload=2220|
[2025-05-30 17:20:57.001] PYTHON_PROGRESS: GA: End Gen 70/100: BestInGenPen=2220.00, OverallBestPen=2220.00
[2025-05-30 17:20:57.096] PYTHON_PROGRESS: GA: ValidationFail HC1 (Event 29): Lect 32 conflict at TS 2 for Course INS303201
[2025-05-30 17:20:57.175] PYTHON_PROGRESS: GA: Fitness (Total=2220.00): SC2_LecturerUnderload=2220|
[2025-05-30 17:20:57.219] PYTHON_PROGRESS: GA: Fitness (Total=2220.00): SC2_LecturerUnderload=2220|
[2025-05-30 17:20:57.265] PYTHON_PROGRESS: GA: Fitness (Total=2220.00): SC2_LecturerUnderload=2220|
[2025-05-30 17:20:57.354] PYTHON_PROGRESS: GA: ValidationFail HC2 (Event 15): Room 1 conflict at TS 6 for Course INS201503
[2025-05-30 17:20:57.460] PYTHON_PROGRESS: GA: Fitness (Total=2220.00): SC2_LecturerUnderload=2220|
[2025-05-30 17:20:57.496] PYTHON_PROGRESS: GA: Fitness (Total=2220.00): SC2_LecturerUnderload=2220|
[2025-05-30 17:20:57.753] PYTHON_PROGRESS: GA: Fitness (Total=2220.00): SC2_LecturerUnderload=2220|
[2025-05-30 17:20:57.763] PYTHON_PROGRESS: GA: Fitness (Total=2220.00): SC2_LecturerUnderload=2220|
[2025-05-30 17:20:57.816] PYTHON_PROGRESS: GA: Fitness (Total=2220.00): SC2_LecturerUnderload=2220|
[2025-05-30 17:20:57.902] PYTHON_PROGRESS: GA: ValidationFail HC2 (Event 28): Room 2 conflict at TS 4 for Course INS303002
[2025-05-30 17:20:58.242] PYTHON_PROGRESS: GA: ValidationFail HC2 (Event 15): Room 1 conflict at TS 22 for Course INS201503
[2025-05-30 17:20:58.311] PYTHON_PROGRESS: GA: Fitness (Total=2220.00): SC2_LecturerUnderload=2220|
[2025-05-30 17:20:58.315] PYTHON_PROGRESS: GA: Fitness (Total=2220.00): SC2_LecturerUnderload=2220|
[2025-05-30 17:20:58.342] PYTHON_PROGRESS: GA: Fitness (Total=2220.00): SC2_LecturerUnderload=2220|
[2025-05-30 17:20:58.370] PYTHON_PROGRESS: GA: Fitness (Total=2220.00): SC2_LecturerUnderload=2220|
[2025-05-30 17:20:58.559] PYTHON_PROGRESS: GA: Fitness (Total=2220.00): SC2_LecturerUnderload=2220|
[2025-05-30 17:20:58.600] PYTHON_PROGRESS: GA: Fitness (Total=2220.00): SC2_LecturerUnderload=2220|
[2025-05-30 17:20:58.718] PYTHON_PROGRESS: GA: ValidationFail HC2 (Event 47): Room 19 conflict at TS 1 for Course PEC100802
[2025-05-30 17:20:58.843] PYTHON_PROGRESS: GA: Fitness (Total=2220.00): SC2_LecturerUnderload=2220|
[2025-05-30 17:20:58.923] PYTHON_PROGRESS: GA: Fitness (Total=2220.00): SC2_LecturerUnderload=2220|
[2025-05-30 17:20:59.109] PYTHON_PROGRESS: GA: Fitness (Total=2220.00): SC2_LecturerUnderload=2220|
[2025-05-30 17:20:59.158] PYTHON_PROGRESS: GA: Fitness (Total=2220.00): SC2_LecturerUnderload=2220|
[2025-05-30 17:20:59.162] PYTHON_PROGRESS: GA: Fitness (Total=2220.00): SC2_LecturerUnderload=2220|
[2025-05-30 17:20:59.263] PYTHON_PROGRESS: GA: ValidationFail HC1 (Event 29): Lect 32 conflict at TS 4 for Course INS303201
[2025-05-30 17:20:59.324] PYTHON_PROGRESS: GA: ValidationFail HC2 (Event 8): Room 20 conflict at TS 4 for Course INE300901
[2025-05-30 17:20:59.364] PYTHON_PROGRESS: GA: Fitness (Total=2220.00): SC2_LecturerUnderload=2220|
[2025-05-30 17:20:59.464] PYTHON_PROGRESS: GA: Fitness (Total=2220.00): SC2_LecturerUnderload=2220|
[2025-05-30 17:20:59.482] PYTHON_PROGRESS: GA: Fitness (Total=2220.00): SC2_LecturerUnderload=2220|
[2025-05-30 17:20:59.521] PYTHON_PROGRESS: GA: ValidationFail HC2 (Event 16): Room 1 conflict at TS 22 for Course INS203702
[2025-05-30 17:20:59.544] PYTHON_PROGRESS: GA: ValidationFail HC2 (Event 45): Room 12 conflict at TS 1 for Course MAT100501
[2025-05-30 17:20:59.728] PYTHON_PROGRESS: GA: Fitness (Total=2220.00): SC2_LecturerUnderload=2220|
[2025-05-30 17:20:59.758] PYTHON_PROGRESS: GA: End Gen 80/100: BestInGenPen=2220.00, OverallBestPen=2220.00
[2025-05-30 17:20:59.886] PYTHON_PROGRESS: GA: ValidationFail HC2 (Event 28): Room 15 conflict at TS 16 for Course INS303002
[2025-05-30 17:20:59.910] PYTHON_PROGRESS: GA: Fitness (Total=2220.00): SC2_LecturerUnderload=2220|
[2025-05-30 17:21:00.200] PYTHON_PROGRESS: GA: ValidationFail HC2 (Event 23): Room 3 conflict at TS 1 for Course INS301601
[2025-05-30 17:21:00.311] PYTHON_PROGRESS: GA: Fitness (Total=2220.00): SC2_LecturerUnderload=2220|
[2025-05-30 17:21:00.347] PYTHON_PROGRESS: GA: Fitness (Total=2220.00): SC2_LecturerUnderload=2220|
[2025-05-30 17:21:00.410] PYTHON_PROGRESS: GA: ValidationFail HC2 (Event 35): Room 1 conflict at TS 10 for Course INS308001
[2025-05-30 17:21:00.476] PYTHON_PROGRESS: GA: ValidationFail HC2 (Event 38): Room 20 conflict at TS 2 for Course INS315201
[2025-05-30 17:21:00.503] PYTHON_PROGRESS: GA: Fitness (Total=2220.00): SC2_LecturerUnderload=2220|
[2025-05-30 17:21:00.511] PYTHON_PROGRESS: GA: Fitness (Total=2220.00): SC2_LecturerUnderload=2220|
[2025-05-30 17:21:00.515] PYTHON_PROGRESS: GA: Fitness (Total=2220.00): SC2_LecturerUnderload=2220|
[2025-05-30 17:21:00.596] PYTHON_PROGRESS: GA: Fitness (Total=2220.00): SC2_LecturerUnderload=2220|
[2025-05-30 17:21:00.642] PYTHON_PROGRESS: GA: Fitness (Total=2220.00): SC2_LecturerUnderload=2220|
[2025-05-30 17:21:00.813] PYTHON_PROGRESS: GA: Fitness (Total=2220.00): SC2_LecturerUnderload=2220|
[2025-05-30 17:21:00.922] PYTHON_PROGRESS: GA: Fitness (Total=2220.00): SC2_LecturerUnderload=2220|
[2025-05-30 17:21:01.056] PYTHON_PROGRESS: GA: ValidationFail HC2 (Event 35): Room 11 conflict at TS 10 for Course INS308001
[2025-05-30 17:21:01.089] PYTHON_PROGRESS: GA: Fitness (Total=2220.00): SC2_LecturerUnderload=2220|
[2025-05-30 17:21:01.165] PYTHON_PROGRESS: GA: Fitness (Total=2220.00): SC2_LecturerUnderload=2220|
[2025-05-30 17:21:01.330] PYTHON_PROGRESS: GA: ValidationFail HC2 (Event 43): Room 10 conflict at TS 1 for Course INS327102
[2025-05-30 17:21:01.408] PYTHON_PROGRESS: GA: Fitness (Total=2220.00): SC2_LecturerUnderload=2220|
[2025-05-30 17:21:01.424] PYTHON_PROGRESS: GA: Fitness (Total=2220.00): SC2_LecturerUnderload=2220|
[2025-05-30 17:21:01.433] PYTHON_PROGRESS: GA: Fitness (Total=2220.00): SC2_LecturerUnderload=2220|
[2025-05-30 17:21:01.479] PYTHON_PROGRESS: GA: Fitness (Total=2220.00): SC2_LecturerUnderload=2220|
[2025-05-30 17:21:01.680] PYTHON_PROGRESS: GA: Fitness (Total=2220.00): SC2_LecturerUnderload=2220|
[2025-05-30 17:21:01.727] PYTHON_PROGRESS: GA: Fitness (Total=2220.00): SC2_LecturerUnderload=2220|
[2025-05-30 17:21:01.735] PYTHON_PROGRESS: GA: Fitness (Total=2220.00): SC2_LecturerUnderload=2220|
[2025-05-30 17:21:01.757] PYTHON_PROGRESS: GA: Fitness (Total=2220.00): SC2_LecturerUnderload=2220|
[2025-05-30 17:21:01.966] PYTHON_PROGRESS: GA: Fitness (Total=2220.00): SC2_LecturerUnderload=2220|
[2025-05-30 17:21:02.010] PYTHON_PROGRESS: GA: Fitness (Total=2220.00): SC2_LecturerUnderload=2220|
[2025-05-30 17:21:02.031] PYTHON_PROGRESS: GA: Fitness (Total=2220.00): SC2_LecturerUnderload=2220|
[2025-05-30 17:21:02.066] PYTHON_PROGRESS: GA: Fitness (Total=2220.00): SC2_LecturerUnderload=2220|
[2025-05-30 17:21:02.083] PYTHON_PROGRESS: GA: Fitness (Total=2220.00): SC2_LecturerUnderload=2220|
[2025-05-30 17:21:02.324] PYTHON_PROGRESS: GA: Fitness (Total=2220.00): SC2_LecturerUnderload=2220|
[2025-05-30 17:21:02.341] PYTHON_PROGRESS: GA: Fitness (Total=2220.00): SC2_LecturerUnderload=2220|
[2025-05-30 17:21:02.434] PYTHON_PROGRESS: GA: ValidationFail HC2 (Event 27): Room 8 conflict at TS 2 for Course INS302901
[2025-05-30 17:21:02.509] PYTHON_PROGRESS: GA: Fitness (Total=2220.00): SC2_LecturerUnderload=2220|
[2025-05-30 17:21:02.594] PYTHON_PROGRESS: GA: Fitness (Total=2220.00): SC2_LecturerUnderload=2220|
[2025-05-30 17:21:02.630] PYTHON_PROGRESS: GA: Fitness (Total=2220.00): SC2_LecturerUnderload=2220|
[2025-05-30 17:21:02.631] PYTHON_PROGRESS: GA: End Gen 90/100: BestInGenPen=2220.00, OverallBestPen=2220.00
[2025-05-30 17:21:02.723] PYTHON_PROGRESS: GA: ValidationFail HC2 (Event 20): Room 14 conflict at TS 2 for Course INS210902
[2025-05-30 17:21:02.725] PYTHON_PROGRESS: GA: ValidationFail HC1 (Event 34): Lect 36 conflict at TS 16 for Course INS307403
[2025-05-30 17:21:02.779] PYTHON_PROGRESS: GA: Fitness (Total=2220.00): SC2_LecturerUnderload=2220|
[2025-05-30 17:21:02.866] PYTHON_PROGRESS: GA: Fitness (Total=2220.00): SC2_LecturerUnderload=2220|
[2025-05-30 17:21:02.905] PYTHON_PROGRESS: GA: Fitness (Total=2220.00): SC2_LecturerUnderload=2220|
[2025-05-30 17:21:02.989] PYTHON_PROGRESS: GA: ValidationFail HC2 (Event 25): Room 8 conflict at TS 2 for Course INS30201
[2025-05-30 17:21:03.018] PYTHON_PROGRESS: GA: ValidationFail HC1 (Event 43): Lect 38 conflict at TS 1 for Course INS327102
[2025-05-30 17:21:03.077] PYTHON_PROGRESS: GA: Fitness (Total=2220.00): SC2_LecturerUnderload=2220|
[2025-05-30 17:21:03.097] PYTHON_PROGRESS: GA: Fitness (Total=2220.00): SC2_LecturerUnderload=2220|
[2025-05-30 17:21:03.259] PYTHON_PROGRESS: GA: ValidationFail HC1 (Event 49): Lect 4 conflict at TS 17 for Course RUS500201
[2025-05-30 17:21:03.864] PYTHON_PROGRESS: GA: ValidationFail HC1 (Event 24): Lect 18 conflict at TS 4 for Course INS301603
[2025-05-30 17:21:03.867] PYTHON_PROGRESS: GA: ValidationFail HC2 (Event 16): Room 1 conflict at TS 7 for Course INS203702
[2025-05-30 17:21:03.907] PYTHON_PROGRESS: GA: ValidationFail HC2 (Event 36): Room 22 conflict at TS 2 for Course INS309701
[2025-05-30 17:21:04.182] PYTHON_PROGRESS: GA: ValidationFail HC2 (Event 38): Room 23 conflict at TS 17 for Course INS315201
[2025-05-30 17:21:04.201] PYTHON_PROGRESS: GA: ValidationFail HC2 (Event 15): Room 1 conflict at TS 6 for Course INS201503
[2025-05-30 17:21:04.225] PYTHON_PROGRESS: GA: ValidationFail HC2 (Event 37): Room 12 conflict at TS 1 for Course INS315101
[2025-05-30 17:21:04.347] PYTHON_PROGRESS: GA: Fitness (Total=2220.00): SC2_LecturerUnderload=2220|
[2025-05-30 17:21:04.353] PYTHON_PROGRESS: GA: Fitness (Total=2220.00): SC2_LecturerUnderload=2220|
[2025-05-30 17:21:04.515] PYTHON_PROGRESS: GA: Fitness (Total=2220.00): SC2_LecturerUnderload=2220|
[2025-05-30 17:21:04.550] PYTHON_PROGRESS: GA: Fitness (Total=2220.00): SC2_LecturerUnderload=2220|
[2025-05-30 17:21:04.583] PYTHON_PROGRESS: GA: Fitness (Total=2220.00): SC2_LecturerUnderload=2220|
[2025-05-30 17:21:04.590] PYTHON_PROGRESS: GA: Fitness (Total=2220.00): SC2_LecturerUnderload=2220|
[2025-05-30 17:21:04.631] PYTHON_PROGRESS: GA: Fitness (Total=2220.00): SC2_LecturerUnderload=2220|
[2025-05-30 17:21:04.706] PYTHON_PROGRESS: GA: ValidationFail HC2 (Event 49): Room 23 conflict at TS 1 for Course RUS500201
[2025-05-30 17:21:04.757] PYTHON_PROGRESS: GA: ValidationFail HC2 (Event 14): Room 1 conflict at TS 5 for Course INS201502
[2025-05-30 17:21:04.772] PYTHON_PROGRESS: GA: ValidationFail HC2 (Event 33): Room 9 conflict at TS 19 for Course INS306901
[2025-05-30 17:21:04.791] PYTHON_PROGRESS: GA: Fitness (Total=2220.00): SC2_LecturerUnderload=2220|
[2025-05-30 17:21:04.801] PYTHON_PROGRESS: GA: Fitness (Total=2220.00): SC2_LecturerUnderload=2220|
[2025-05-30 17:21:04.851] PYTHON_PROGRESS: GA: Fitness (Total=2220.00): SC2_LecturerUnderload=2220|
[2025-05-30 17:21:04.865] PYTHON_PROGRESS: GA: Fitness (Total=2220.00): SC2_LecturerUnderload=2220|
[2025-05-30 17:21:04.872] PYTHON_PROGRESS: GA: Fitness (Total=3220.00): SC1_StudentClash=1000|SC2_LecturerUnderload=2220|
[2025-05-30 17:21:04.881] PYTHON_PROGRESS: GA: Fitness (Total=2220.00): SC2_LecturerUnderload=2220|
[2025-05-30 17:21:04.904] PYTHON_PROGRESS: GA: Fitness (Total=2220.00): SC2_LecturerUnderload=2220|
[2025-05-30 17:21:04.926] PYTHON_PROGRESS: GA: Fitness (Total=2220.00): SC2_LecturerUnderload=2220|
[2025-05-30 17:21:05.003] PYTHON_PROGRESS: GA: ValidationFail HC2 (Event 43): Room 12 conflict at TS 1 for Course INS327102
[2025-05-30 17:21:05.033] PYTHON_PROGRESS: GA: ValidationFail HC2 (Event 7): Room 2 conflict at TS 6 for Course INE105102
[2025-05-30 17:21:05.061] PYTHON_PROGRESS: GA: ValidationFail HC2 (Event 26): Room 14 conflict at TS 2 for Course INS302803
[2025-05-30 17:21:05.193] PYTHON_PROGRESS: GA: Fitness (Total=2220.00): SC2_LecturerUnderload=2220|
[2025-05-30 17:21:05.213] PYTHON_PROGRESS: GA: Fitness (Total=2220.00): SC2_LecturerUnderload=2220|
[2025-05-30 17:21:05.370] PYTHON_PROGRESS: GA: Fitness (Total=2220.00): SC2_LecturerUnderload=2220|
[2025-05-30 17:21:05.421] PYTHON_PROGRESS: GA: Fitness (Total=2220.00): SC2_LecturerUnderload=2220|
[2025-05-30 17:21:05.455] PYTHON_PROGRESS: GA: Fitness (Total=2220.00): SC2_LecturerUnderload=2220|
[2025-05-30 17:21:05.488] PYTHON_PROGRESS: GA: Fitness (Total=2220.00): SC2_LecturerUnderload=2220|
[2025-05-30 17:21:05.504] PYTHON_PROGRESS: GA: Fitness (Total=2220.00): SC2_LecturerUnderload=2220|
[2025-05-30 17:21:05.521] PYTHON_PROGRESS: GA: End Gen 100/100: BestInGenPen=2220.00, OverallBestPen=2220.00
[2025-05-30 17:21:05.521] PYTHON_PROGRESS: GA: GA Evolution Finished. Final best penalty: 2220.00
[2025-05-30 17:21:05.521] PYTHON_PROGRESS: GA: Detailed Metrics Calculated: {'final_penalty_score': 2220.0, 'num_scheduled_events': 50, 'hard_constraints_violated_in_final_schedule': False, 'soft_constraints_details': {'lecturer_underload': {'count': 74, 'penalty_contribution': 2220.0}}}
[2025-05-30 17:21:05.521] PYTHON_PROGRESS: GA: Num events in best GA schedule: 50
[2025-05-30 17:21:05.521] PYTHON_PROGRESS: Progress: 95% complete - GA Stage Finished.
[2025-05-30 17:21:05.521] PYTHON_PROGRESS: ================================================================================
[2025-05-30 17:21:05.521] PYTHON_PROGRESS: =====                4. PYTHON: FINALIZING AND SAVING RESULTS                =====
[2025-05-30 17:21:05.521] PYTHON_PROGRESS: ================================================================================
[2025-05-30 17:21:05.521] PYTHON_PROGRESS: Python: Final Outcome: success_full_schedule_generated_py - Python: Schedule generation status: success_full_schedule_generated_py. Events: 50. GA penalty: 2220.00.
[2025-05-30 17:21:05.537] PYTHON_PROGRESS: Output data saved to: C:\xampp\htdocs\DSS\python_algorithm\output_data/final_schedule_output_20250530_122033_b7ca5ddf.json
[2025-05-30 17:21:05.537] PYTHON_PROGRESS: Progress: 100% complete - Python: Results finalized and saved.
[2025-05-30 17:21:05.537] PYTHON_PROGRESS: Python: Total script execution time: 30.084 seconds.
[2025-05-30 17:21:05.554] PYTHON_PROGRESS: --- PYTHON: END OF SCHEDULER SCRIPT EXECUTION ---
