[2025-05-30 18:13:27.056] PYTHON_PROGRESS: Progress log initialized by Python.
[2025-05-30 18:13:27.056] PYTHON_PROGRESS: Progress: 0% complete - Python Scheduler Process Started.
[2025-05-30 18:13:27.056] PYTHON_PROGRESS: ================================================================================
[2025-05-30 18:13:27.056] PYTHON_PROGRESS: =====               0. PYTHON: LOADING SCHEDULER CONFIGURATION               =====
[2025-05-30 18:13:27.056] PYTHON_PROGRESS: ================================================================================
[2025-05-30 18:13:27.062] PYTHON_PROGRESS: Python: Effective Configuration (excluding log path): {'semester_id_to_load': 1, 'cp_time_limit_seconds': 30, 'ga_population_size': 50, 'ga_generations': 100, 'ga_crossover_rate': 0.8, 'ga_mutation_rate': 0.2, 'ga_tournament_size': 5, 'ga_allow_hard_constraint_violations': True, 'priority_student_clash': 'medium', 'priority_lecturer_load_break': 'medium', 'priority_classroom_util': 'medium'}
[2025-05-30 18:13:27.062] PYTHON_PROGRESS: Python: Output will be saved to: output_data/final_schedule_output_20250530_131325_09dae3bf.json
[2025-05-30 18:13:27.062] PYTHON_PROGRESS: Python: Progress log will be written to: C:\xampp\htdocs\DSS\python_algorithm\output_data/logs/scheduler_progress_20250530_131325_09dae3bf.log
[2025-05-30 18:13:27.062] PYTHON_PROGRESS: Python: Parameters Parsed. SemesterID=1
[2025-05-30 18:13:27.062] PYTHON_PROGRESS: Progress: 5% complete - Configuration loaded.
[2025-05-30 18:13:27.062] PYTHON_PROGRESS: ================================================================================
[2025-05-30 18:13:27.062] PYTHON_PROGRESS: =====         1. PYTHON: LOADING & PREPROCESSING DATA - SEMESTER: 1          =====
[2025-05-30 18:13:27.062] PYTHON_PROGRESS: ================================================================================
[2025-05-30 18:13:27.122] PYTHON_PROGRESS: Python: Raw data loaded: 50 SchedClasses.
[2025-05-30 18:13:27.122] PYTHON_PROGRESS: Progress: 15% complete - Data loaded. Starting preprocessing.
[2025-05-30 18:13:27.122] PYTHON_PROGRESS: Python: Data preprocessed. 50 items for scheduling.
[2025-05-30 18:13:27.137] PYTHON_PROGRESS: Progress: 25% complete - Preprocessing finished.
[2025-05-30 18:13:27.137] PYTHON_PROGRESS: ================================================================================
[2025-05-30 18:13:27.139] PYTHON_PROGRESS: =====            2. PYTHON: SOLVING HARD CONSTRAINTS WITH CP-SAT             =====
[2025-05-30 18:13:27.139] PYTHON_PROGRESS: ================================================================================
[2025-05-30 18:13:27.139] PYTHON_PROGRESS: Python: Starting CP-SAT. Time limit: 30.0s.
[2025-05-30 18:13:27.139] PYTHON_PROGRESS: CP_SAT: CP-SAT Module Initialized.
[2025-05-30 18:13:27.139] PYTHON_PROGRESS: CP_SAT: Starting CP-SAT model solving process...
[2025-05-30 18:13:27.139] PYTHON_PROGRESS: CP_SAT: Starting pre-filtering and variable creation...
[2025-05-30 18:13:27.139] PYTHON_PROGRESS: CP_SAT: Pre-filter: 50 items are potentially schedulable and variables created.
[2025-05-30 18:13:27.139] PYTHON_PROGRESS: CP_SAT: Finished pre-filtering and variable creation.
[2025-05-30 18:13:27.139] PYTHON_PROGRESS: CP_SAT: Adding hard constraints to the model...
[2025-05-30 18:13:27.322] PYTHON_PROGRESS: CP_SAT: Added 25 HC1 (Lecturer-Timeslot) and 1225 HC2 (Classroom-Timeslot) constraints.
[2025-05-30 18:13:27.322] PYTHON_PROGRESS: CP_SAT: Added 0 HC3 (Instructor Unavailable Slots) constraints.
[2025-05-30 18:13:27.322] PYTHON_PROGRESS: CP_SAT: Finished adding hard constraints.
[2025-05-30 18:13:27.322] PYTHON_PROGRESS: CP_SAT: Time to build CP-SAT model for 50 items: 0.18s.
[2025-05-30 18:13:27.322] PYTHON_PROGRESS: CP_SAT: Solver starting... Time limit: 30.0s. Solving for 50 items.
[2025-05-30 18:13:28.793] PYTHON_PROGRESS: CP_SAT: Solver finished in 1.47s. Status: OPTIMAL
[2025-05-30 18:13:28.794] PYTHON_PROGRESS: CP_SAT: Solver found a FEASIBLE or OPTIMAL solution. Extracting schedule...
[2025-05-30 18:13:28.794] PYTHON_PROGRESS: CP_SAT: Finished processing solver results. Extracted 50 fully scheduled items.
[2025-05-30 18:13:28.794] PYTHON_PROGRESS: CP_SAT: Successfully scheduled all 50 targeted items.
[2025-05-30 18:13:28.794] PYTHON_PROGRESS: CP_SAT: CP-SAT model solving process ended. Returning 50 actual scheduled items.
[2025-05-30 18:13:28.794] PYTHON_PROGRESS: CP-SAT found solution with 50 events. Status: OPTIMAL.
[2025-05-30 18:13:28.794] PYTHON_PROGRESS: Output data saved to: C:\xampp\htdocs\DSS\python_algorithm\output_data/cp_debug_solution_20250530_131325_09dae3bf.json
[2025-05-30 18:13:28.794] PYTHON_PROGRESS: Progress: 50% complete - CP-SAT Stage Finished.
[2025-05-30 18:13:28.794] PYTHON_PROGRESS: ================================================================================
[2025-05-30 18:13:28.794] PYTHON_PROGRESS: =====     3. PYTHON: OPTIMIZING SOFT CONSTRAINTS WITH GENETIC ALGORITHM      =====
[2025-05-30 18:13:28.804] PYTHON_PROGRESS: ================================================================================
[2025-05-30 18:13:28.805] PYTHON_PROGRESS: Python: Starting GA. Pop: 50, Gens: 100.
[2025-05-30 18:13:28.805] PYTHON_PROGRESS: GA: Initializing GeneticAlgorithmScheduler...
[2025-05-30 18:13:28.806] PYTHON_PROGRESS: GA: GA courses_catalog_map initialized. Number of entries: 55
[2025-05-30 18:13:28.807] PYTHON_PROGRESS: GA:   DEBUG CHECK: Problematic ID 'INS328003' IS PRESENT in self.courses_catalog (Name: Data Preparation and Visualization).
[2025-05-30 18:13:28.807] PYTHON_PROGRESS: GA:   DEBUG CHECK: Problematic ID 'INE105102' IS PRESENT in self.courses_catalog (Name: Macroeconomics).
[2025-05-30 18:13:28.808] PYTHON_PROGRESS: GA:   DEBUG CHECK: Problematic ID 'INS327102' IS PRESENT in self.courses_catalog (Name: International Accounting).
[2025-05-30 18:13:28.809] PYTHON_PROGRESS: GA:   DEBUG CHECK: Problematic ID 'INS325101' IS PRESENT in self.courses_catalog (Name: Taxation).
[2025-05-30 18:13:28.809] PYTHON_PROGRESS: GA:   DEBUG CHECK: Problematic ID 'PEC100802' IS PRESENT in self.courses_catalog (Name: Marx Leninist Political Economy).
[2025-05-30 18:13:28.811] PYTHON_PROGRESS: GA:   DEBUG CHECK: Problematic ID 'INS303002' IS PRESENT in self.courses_catalog (Name: Financial Statement Analysis).
[2025-05-30 18:13:28.811] PYTHON_PROGRESS: GA:   DEBUG CHECK: All previously problematic IDs checked ARE NOW PRESENT in self.courses_catalog.
[2025-05-30 18:13:28.811] PYTHON_PROGRESS: GA: GA Initialized. PopSize=50, Gens=100, AllowHCViolations=True
[2025-05-30 18:13:28.811] PYTHON_PROGRESS: GA: Settings: StudentClashPenalty=1000.0, LecturerOverloadPenalty=50.0, LecturerMinPeriods=4
[2025-05-30 18:13:28.811] PYTHON_PROGRESS: GA: Attempting to initialize GA population...
[2025-05-30 18:13:28.811] PYTHON_PROGRESS: GA: Initializing population...
[2025-05-30 18:13:28.811] PYTHON_PROGRESS: GA: Processing 1 schedule(s) from CP input.
[2025-05-30 18:13:28.811] PYTHON_PROGRESS: GA: Cloning 1 valid schedule(s) to reach population size 50.
[2025-05-30 18:13:28.845] PYTHON_PROGRESS: GA: Successfully initialized population with 50 individuals.
[2025-05-30 18:13:28.845] PYTHON_PROGRESS: GA: Evaluating initial population for GA...
[2025-05-30 18:13:28.955] PYTHON_PROGRESS: GA: Fitness (Total=39220.00): SC1_StudentClash=37000|SC2_LecturerUnderload=2220|
[2025-05-30 18:13:28.994] PYTHON_PROGRESS: GA: GA evolution started. PopSize: 50. Gens: 100.
[2025-05-30 18:13:28.994] PYTHON_PROGRESS: GA: Initial best penalty: 39220.00 for sched with 50 events.
[2025-05-30 18:13:29.160] PYTHON_PROGRESS: GA: ValidationFail HC2 (Event 49): Room 23 conflict at TS 1 for Course RUS500201
[2025-05-30 18:13:29.177] PYTHON_PROGRESS: GA: Fitness (Total=37220.00): SC1_StudentClash=35000|SC2_LecturerUnderload=2220|
[2025-05-30 18:13:29.178] PYTHON_PROGRESS: GA: ValidationFail HC2 (Event 20): Room 14 conflict at TS 2 for Course INS210902
[2025-05-30 18:13:29.223] PYTHON_PROGRESS: GA: Fitness (Total=39220.00): SC1_StudentClash=37000|SC2_LecturerUnderload=2220|
[2025-05-30 18:13:29.223] PYTHON_PROGRESS: GA: ValidationFail HC2 (Event 47): Room 21 conflict at TS 1 for Course PEC100802
[2025-05-30 18:13:29.239] PYTHON_PROGRESS: GA: ValidationFail HC2 (Event 35): Room 9 conflict at TS 1 for Course INS308001
[2025-05-30 18:13:29.273] PYTHON_PROGRESS: GA: End Gen 1/100: BestInGenPen=37220.00, OverallBestPen=37220.00
[2025-05-30 18:13:29.405] PYTHON_PROGRESS: GA: ValidationFail HC2 (Event 22): Room 4 conflict at TS 2 for Course INS300202
[2025-05-30 18:13:29.439] PYTHON_PROGRESS: GA: Fitness (Total=39220.00): SC1_StudentClash=37000|SC2_LecturerUnderload=2220|
[2025-05-30 18:13:29.439] PYTHON_PROGRESS: GA: Fitness (Total=39220.00): SC1_StudentClash=37000|SC2_LecturerUnderload=2220|
[2025-05-30 18:13:29.656] PYTHON_PROGRESS: GA: ValidationFail HC2 (Event 18): Room 1 conflict at TS 6 for Course INS207402
[2025-05-30 18:13:29.691] PYTHON_PROGRESS: GA: ValidationFail HC2 (Event 46): Room 10 conflict at TS 1 for Course MAT109204
[2025-05-30 18:13:29.738] PYTHON_PROGRESS: GA: ValidationFail HC2 (Event 8): Room 1 conflict at TS 3 for Course INE300901
[2025-05-30 18:13:29.754] PYTHON_PROGRESS: GA: Fitness (Total=37220.00): SC1_StudentClash=35000|SC2_LecturerUnderload=2220|
[2025-05-30 18:13:29.771] PYTHON_PROGRESS: GA: Fitness (Total=39220.00): SC1_StudentClash=37000|SC2_LecturerUnderload=2220|
[2025-05-30 18:13:29.788] PYTHON_PROGRESS: GA: Fitness (Total=39220.00): SC1_StudentClash=37000|SC2_LecturerUnderload=2220|
[2025-05-30 18:13:29.971] PYTHON_PROGRESS: GA: ValidationFail HC2 (Event 17): Room 1 conflict at TS 5 for Course INS207303
[2025-05-30 18:13:29.988] PYTHON_PROGRESS: GA: Fitness (Total=37220.00): SC1_StudentClash=35000|SC2_LecturerUnderload=2220|
[2025-05-30 18:13:30.004] PYTHON_PROGRESS: GA: ValidationFail HC2 (Event 44): Room 18 conflict at TS 1 for Course INS328003
[2025-05-30 18:13:30.338] PYTHON_PROGRESS: GA: Fitness (Total=36220.00): SC1_StudentClash=34000|SC2_LecturerUnderload=2220|
[2025-05-30 18:13:30.354] PYTHON_PROGRESS: GA: ValidationFail HC2 (Event 27): Room 4 conflict at TS 2 for Course INS302901
[2025-05-30 18:13:30.354] PYTHON_PROGRESS: GA: Fitness (Total=28220.00): SC1_StudentClash=26000|SC2_LecturerUnderload=2220|
[2025-05-30 18:13:30.393] PYTHON_PROGRESS: GA: Fitness (Total=30220.00): SC1_StudentClash=28000|SC2_LecturerUnderload=2220|
[2025-05-30 18:13:30.406] PYTHON_PROGRESS: GA: ValidationFail HC2 (Event 13): Room 1 conflict at TS 2 for Course INS201501
[2025-05-30 18:13:30.406] PYTHON_PROGRESS: GA: Fitness (Total=28220.00): SC1_StudentClash=26000|SC2_LecturerUnderload=2220|
[2025-05-30 18:13:30.438] PYTHON_PROGRESS: GA: ValidationFail HC2 (Event 45): Room 19 conflict at TS 1 for Course MAT100501
[2025-05-30 18:13:30.588] PYTHON_PROGRESS: GA: ValidationFail HC2 (Event 34): Room 10 conflict at TS 5 for Course INS307403
[2025-05-30 18:13:30.609] PYTHON_PROGRESS: GA: ValidationFail HC2 (Event 49): Room 12 conflict at TS 1 for Course RUS500201
[2025-05-30 18:13:30.621] PYTHON_PROGRESS: GA: ValidationFail HC2 (Event 22): Room 13 conflict at TS 2 for Course INS300202
[2025-05-30 18:13:30.654] PYTHON_PROGRESS: GA: Fitness (Total=28220.00): SC1_StudentClash=26000|SC2_LecturerUnderload=2220|
[2025-05-30 18:13:30.671] PYTHON_PROGRESS: GA: ValidationFail HC2 (Event 45): Room 11 conflict at TS 1 for Course MAT100501
[2025-05-30 18:13:30.704] PYTHON_PROGRESS: GA: ValidationFail HC2 (Event 44): Room 18 conflict at TS 1 for Course INS328003
[2025-05-30 18:13:30.872] PYTHON_PROGRESS: GA: Fitness (Total=27220.00): SC1_StudentClash=25000|SC2_LecturerUnderload=2220|
[2025-05-30 18:13:30.922] PYTHON_PROGRESS: GA: Fitness (Total=24220.00): SC1_StudentClash=22000|SC2_LecturerUnderload=2220|
[2025-05-30 18:13:31.138] PYTHON_PROGRESS: GA: Fitness (Total=27220.00): SC1_StudentClash=25000|SC2_LecturerUnderload=2220|
[2025-05-30 18:13:31.138] PYTHON_PROGRESS: GA: Fitness (Total=23220.00): SC1_StudentClash=21000|SC2_LecturerUnderload=2220|
[2025-05-30 18:13:31.153] PYTHON_PROGRESS: GA: Fitness (Total=26220.00): SC1_StudentClash=24000|SC2_LecturerUnderload=2220|
[2025-05-30 18:13:31.155] PYTHON_PROGRESS: GA: ValidationFail HC2 (Event 49): Room 7 conflict at TS 1 for Course RUS500201
[2025-05-30 18:13:31.172] PYTHON_PROGRESS: GA: Fitness (Total=23220.00): SC1_StudentClash=21000|SC2_LecturerUnderload=2220|
[2025-05-30 18:13:31.205] PYTHON_PROGRESS: GA: ValidationFail HC2 (Event 18): Room 1 conflict at TS 10 for Course INS207402
[2025-05-30 18:13:31.222] PYTHON_PROGRESS: GA: Fitness (Total=27220.00): SC1_StudentClash=25000|SC2_LecturerUnderload=2220|
[2025-05-30 18:13:31.275] PYTHON_PROGRESS: GA: Fitness (Total=27220.00): SC1_StudentClash=25000|SC2_LecturerUnderload=2220|
[2025-05-30 18:13:31.421] PYTHON_PROGRESS: GA: Fitness (Total=23220.00): SC1_StudentClash=21000|SC2_LecturerUnderload=2220|
[2025-05-30 18:13:31.491] PYTHON_PROGRESS: GA: ValidationFail HC2 (Event 36): Room 15 conflict at TS 2 for Course INS309701
[2025-05-30 18:13:31.504] PYTHON_PROGRESS: GA: ValidationFail HC2 (Event 25): Room 14 conflict at TS 2 for Course INS30201
[2025-05-30 18:13:31.538] PYTHON_PROGRESS: GA: ValidationFail HC2 (Event 39): Room 9 conflict at TS 1 for Course INS318901
[2025-05-30 18:13:31.670] PYTHON_PROGRESS: GA: Fitness (Total=21220.00): SC1_StudentClash=19000|SC2_LecturerUnderload=2220|
[2025-05-30 18:13:31.670] PYTHON_PROGRESS: GA: Fitness (Total=23220.00): SC1_StudentClash=21000|SC2_LecturerUnderload=2220|
[2025-05-30 18:13:31.687] PYTHON_PROGRESS: GA: ValidationFail HC2 (Event 43): Room 3 conflict at TS 1 for Course INS327102
[2025-05-30 18:13:31.704] PYTHON_PROGRESS: GA: Fitness (Total=23220.00): SC1_StudentClash=21000|SC2_LecturerUnderload=2220|
[2025-05-30 18:13:31.787] PYTHON_PROGRESS: GA: Fitness (Total=23220.00): SC1_StudentClash=21000|SC2_LecturerUnderload=2220|
[2025-05-30 18:13:31.804] PYTHON_PROGRESS: GA: End Gen 10/100: BestInGenPen=21220.00, OverallBestPen=21220.00
[2025-05-30 18:13:31.971] PYTHON_PROGRESS: GA: Fitness (Total=21220.00): SC1_StudentClash=19000|SC2_LecturerUnderload=2220|
[2025-05-30 18:13:32.054] PYTHON_PROGRESS: GA: Fitness (Total=21220.00): SC1_StudentClash=19000|SC2_LecturerUnderload=2220|
[2025-05-30 18:13:32.287] PYTHON_PROGRESS: GA: ValidationFail HC2 (Event 14): Room 1 conflict at TS 3 for Course INS201502
[2025-05-30 18:13:32.337] PYTHON_PROGRESS: GA: Fitness (Total=21220.00): SC1_StudentClash=19000|SC2_LecturerUnderload=2220|
[2025-05-30 18:13:32.487] PYTHON_PROGRESS: GA: Fitness (Total=18220.00): SC1_StudentClash=16000|SC2_LecturerUnderload=2220|
[2025-05-30 18:13:32.520] PYTHON_PROGRESS: GA: Fitness (Total=19220.00): SC1_StudentClash=17000|SC2_LecturerUnderload=2220|
[2025-05-30 18:13:32.539] PYTHON_PROGRESS: GA: Fitness (Total=16220.00): SC1_StudentClash=14000|SC2_LecturerUnderload=2220|
[2025-05-30 18:13:32.539] PYTHON_PROGRESS: GA: ValidationFail HC2 (Event 14): Room 1 conflict at TS 2 for Course INS201502
[2025-05-30 18:13:32.554] PYTHON_PROGRESS: GA: ValidationFail HC2 (Event 40): Room 14 conflict at TS 1 for Course INS323702
[2025-05-30 18:13:32.570] PYTHON_PROGRESS: GA: Fitness (Total=18220.00): SC1_StudentClash=16000|SC2_LecturerUnderload=2220|
[2025-05-30 18:13:32.604] PYTHON_PROGRESS: GA: ValidationFail HC2 (Event 17): Room 1 conflict at TS 6 for Course INS207303
[2025-05-30 18:13:32.604] PYTHON_PROGRESS: GA: Fitness (Total=18220.00): SC1_StudentClash=16000|SC2_LecturerUnderload=2220|
[2025-05-30 18:13:32.770] PYTHON_PROGRESS: GA: Fitness (Total=18220.00): SC1_StudentClash=16000|SC2_LecturerUnderload=2220|
[2025-05-30 18:13:32.787] PYTHON_PROGRESS: GA: ValidationFail HC2 (Event 49): Room 3 conflict at TS 1 for Course RUS500201
[2025-05-30 18:13:32.787] PYTHON_PROGRESS: GA: ValidationFail HC2 (Event 47): Room 21 conflict at TS 1 for Course PEC100802
[2025-05-30 18:13:32.804] PYTHON_PROGRESS: GA: ValidationFail HC2 (Event 16): Room 1 conflict at TS 5 for Course INS203702
[2025-05-30 18:13:33.070] PYTHON_PROGRESS: GA: ValidationFail HC2 (Event 25): Room 12 conflict at TS 2 for Course INS30201
[2025-05-30 18:13:33.070] PYTHON_PROGRESS: GA: Fitness (Total=18220.00): SC1_StudentClash=16000|SC2_LecturerUnderload=2220|
[2025-05-30 18:13:33.103] PYTHON_PROGRESS: GA: ValidationFail HC2 (Event 14): Room 1 conflict at TS 8 for Course INS201502
[2025-05-30 18:13:33.370] PYTHON_PROGRESS: GA: ValidationFail HC2 (Event 17): Room 1 conflict at TS 2 for Course INS207303
[2025-05-30 18:13:33.387] PYTHON_PROGRESS: GA: Fitness (Total=16220.00): SC1_StudentClash=14000|SC2_LecturerUnderload=2220|
[2025-05-30 18:13:33.403] PYTHON_PROGRESS: GA: Fitness (Total=18220.00): SC1_StudentClash=16000|SC2_LecturerUnderload=2220|
[2025-05-30 18:13:33.487] PYTHON_PROGRESS: GA: ValidationFail HC2 (Event 44): Room 13 conflict at TS 1 for Course INS328003
[2025-05-30 18:13:33.653] PYTHON_PROGRESS: GA: ValidationFail HC2 (Event 49): Room 21 conflict at TS 1 for Course RUS500201
[2025-05-30 18:13:33.653] PYTHON_PROGRESS: GA: Fitness (Total=16220.00): SC1_StudentClash=14000|SC2_LecturerUnderload=2220|
[2025-05-30 18:13:33.669] PYTHON_PROGRESS: GA: ValidationFail HC2 (Event 40): Room 14 conflict at TS 1 for Course INS323702
[2025-05-30 18:13:33.670] PYTHON_PROGRESS: GA: ValidationFail HC2 (Event 17): Room 1 conflict at TS 2 for Course INS207303
[2025-05-30 18:13:33.670] PYTHON_PROGRESS: GA: ValidationFail HC1 (Event 20): Lect 19 conflict at TS 22 for Course INS210902
[2025-05-30 18:13:33.670] PYTHON_PROGRESS: GA: Fitness (Total=16220.00): SC1_StudentClash=14000|SC2_LecturerUnderload=2220|
[2025-05-30 18:13:33.718] PYTHON_PROGRESS: GA: Fitness (Total=15220.00): SC1_StudentClash=13000|SC2_LecturerUnderload=2220|
[2025-05-30 18:13:33.737] PYTHON_PROGRESS: GA: ValidationFail HC2 (Event 49): Room 21 conflict at TS 1 for Course RUS500201
[2025-05-30 18:13:33.753] PYTHON_PROGRESS: GA: Fitness (Total=15220.00): SC1_StudentClash=13000|SC2_LecturerUnderload=2220|
[2025-05-30 18:13:33.786] PYTHON_PROGRESS: GA: ValidationFail HC2 (Event 22): Room 15 conflict at TS 2 for Course INS300202
[2025-05-30 18:13:33.786] PYTHON_PROGRESS: GA: Fitness (Total=14220.00): SC1_StudentClash=12000|SC2_LecturerUnderload=2220|
[2025-05-30 18:13:34.020] PYTHON_PROGRESS: GA: Fitness (Total=14220.00): SC1_StudentClash=12000|SC2_LecturerUnderload=2220|
[2025-05-30 18:13:34.053] PYTHON_PROGRESS: GA: Fitness (Total=14220.00): SC1_StudentClash=12000|SC2_LecturerUnderload=2220|
[2025-05-30 18:13:34.086] PYTHON_PROGRESS: GA: ValidationFail HC2 (Event 40): Room 5 conflict at TS 1 for Course INS323702
[2025-05-30 18:13:34.286] PYTHON_PROGRESS: GA: ValidationFail HC2 (Event 17): Room 1 conflict at TS 8 for Course INS207303
[2025-05-30 18:13:34.520] PYTHON_PROGRESS: GA: Fitness (Total=10220.00): SC1_StudentClash=8000|SC2_LecturerUnderload=2220|
[2025-05-30 18:13:34.520] PYTHON_PROGRESS: GA: Fitness (Total=10220.00): SC1_StudentClash=8000|SC2_LecturerUnderload=2220|
[2025-05-30 18:13:34.532] PYTHON_PROGRESS: GA: ValidationFail HC2 (Event 40): Room 14 conflict at TS 1 for Course INS323702
[2025-05-30 18:13:34.543] PYTHON_PROGRESS: GA: Fitness (Total=11220.00): SC1_StudentClash=9000|SC2_LecturerUnderload=2220|
[2025-05-30 18:13:34.603] PYTHON_PROGRESS: GA: Fitness (Total=10220.00): SC1_StudentClash=8000|SC2_LecturerUnderload=2220|
[2025-05-30 18:13:34.631] PYTHON_PROGRESS: GA: ValidationFail HC2 (Event 34): Room 4 conflict at TS 1 for Course INS307403
[2025-05-30 18:13:34.654] PYTHON_PROGRESS: GA: End Gen 20/100: BestInGenPen=7220.00, OverallBestPen=7220.00
[2025-05-30 18:13:34.798] PYTHON_PROGRESS: GA: Fitness (Total=7220.00): SC1_StudentClash=5000|SC2_LecturerUnderload=2220|
[2025-05-30 18:13:34.819] PYTHON_PROGRESS: GA: Fitness (Total=9220.00): SC1_StudentClash=7000|SC2_LecturerUnderload=2220|
[2025-05-30 18:13:34.863] PYTHON_PROGRESS: GA: ValidationFail HC2 (Event 44): Room 23 conflict at TS 3 for Course INS328003
[2025-05-30 18:13:34.869] PYTHON_PROGRESS: GA: ValidationFail HC2 (Event 39): Room 8 conflict at TS 1 for Course INS318901
[2025-05-30 18:13:34.919] PYTHON_PROGRESS: GA: ValidationFail HC2 (Event 40): Room 14 conflict at TS 1 for Course INS323702
[2025-05-30 18:13:34.936] PYTHON_PROGRESS: GA: ValidationFail HC2 (Event 40): Room 9 conflict at TS 1 for Course INS323702
[2025-05-30 18:13:35.103] PYTHON_PROGRESS: GA: Fitness (Total=8220.00): SC1_StudentClash=6000|SC2_LecturerUnderload=2220|
[2025-05-30 18:13:35.371] PYTHON_PROGRESS: GA: Fitness (Total=6220.00): SC1_StudentClash=4000|SC2_LecturerUnderload=2220|
[2025-05-30 18:13:35.388] PYTHON_PROGRESS: GA: ValidationFail HC2 (Event 27): Room 17 conflict at TS 2 for Course INS302901
[2025-05-30 18:13:35.403] PYTHON_PROGRESS: GA: Fitness (Total=9220.00): SC1_StudentClash=7000|SC2_LecturerUnderload=2220|
[2025-05-30 18:13:35.436] PYTHON_PROGRESS: GA: Fitness (Total=6220.00): SC1_StudentClash=4000|SC2_LecturerUnderload=2220|
[2025-05-30 18:13:35.486] PYTHON_PROGRESS: GA: ValidationFail HC2 (Event 47): Room 21 conflict at TS 1 for Course PEC100802
[2025-05-30 18:13:35.501] PYTHON_PROGRESS: GA: ValidationFail HC2 (Event 14): Room 1 conflict at TS 21 for Course INS201502
[2025-05-30 18:13:35.503] PYTHON_PROGRESS: GA: Fitness (Total=7220.00): SC1_StudentClash=5000|SC2_LecturerUnderload=2220|
[2025-05-30 18:13:35.688] PYTHON_PROGRESS: GA: ValidationFail HC1 (Event 24): Lect 18 conflict at TS 1 for Course INS301603
[2025-05-30 18:13:35.936] PYTHON_PROGRESS: GA: ValidationFail HC2 (Event 35): Room 11 conflict at TS 16 for Course INS308001
[2025-05-30 18:13:35.953] PYTHON_PROGRESS: GA: ValidationFail HC2 (Event 38): Room 23 conflict at TS 2 for Course INS315201
[2025-05-30 18:13:36.003] PYTHON_PROGRESS: GA: Fitness (Total=6220.00): SC1_StudentClash=4000|SC2_LecturerUnderload=2220|
[2025-05-30 18:13:36.019] PYTHON_PROGRESS: GA: Fitness (Total=4220.00): SC1_StudentClash=2000|SC2_LecturerUnderload=2220|
[2025-05-30 18:13:36.036] PYTHON_PROGRESS: GA: ValidationFail HC2 (Event 22): Room 15 conflict at TS 2 for Course INS300202
[2025-05-30 18:13:36.285] PYTHON_PROGRESS: GA: ValidationFail HC2 (Event 40): Room 14 conflict at TS 1 for Course INS323702
[2025-05-30 18:13:36.286] PYTHON_PROGRESS: GA: ValidationFail HC1 (Event 49): Lect 4 conflict at TS 1 for Course RUS500201
[2025-05-30 18:13:36.286] PYTHON_PROGRESS: GA: ValidationFail HC2 (Event 34): Room 3 conflict at TS 1 for Course INS307403
[2025-05-30 18:13:36.503] PYTHON_PROGRESS: GA: Fitness (Total=7220.00): SC1_StudentClash=5000|SC2_LecturerUnderload=2220|
[2025-05-30 18:13:36.569] PYTHON_PROGRESS: GA: ValidationFail HC2 (Event 49): Room 23 conflict at TS 1 for Course RUS500201
[2025-05-30 18:13:36.585] PYTHON_PROGRESS: GA: Fitness (Total=4220.00): SC1_StudentClash=2000|SC2_LecturerUnderload=2220|
[2025-05-30 18:13:36.602] PYTHON_PROGRESS: GA: Fitness (Total=4220.00): SC1_StudentClash=2000|SC2_LecturerUnderload=2220|
[2025-05-30 18:13:36.902] PYTHON_PROGRESS: GA: Fitness (Total=4220.00): SC1_StudentClash=2000|SC2_LecturerUnderload=2220|
[2025-05-30 18:13:36.935] PYTHON_PROGRESS: GA: Fitness (Total=4220.00): SC1_StudentClash=2000|SC2_LecturerUnderload=2220|
[2025-05-30 18:13:36.952] PYTHON_PROGRESS: GA: ValidationFail HC2 (Event 28): Room 15 conflict at TS 4 for Course INS303002
[2025-05-30 18:13:36.952] PYTHON_PROGRESS: GA: Fitness (Total=4220.00): SC1_StudentClash=2000|SC2_LecturerUnderload=2220|
[2025-05-30 18:13:36.985] PYTHON_PROGRESS: GA: Fitness (Total=4220.00): SC1_StudentClash=2000|SC2_LecturerUnderload=2220|
[2025-05-30 18:13:36.990] PYTHON_PROGRESS: GA: Fitness (Total=4220.00): SC1_StudentClash=2000|SC2_LecturerUnderload=2220|
[2025-05-30 18:13:37.252] PYTHON_PROGRESS: GA: ValidationFail HC2 (Event 49): Room 23 conflict at TS 1 for Course RUS500201
[2025-05-30 18:13:37.302] PYTHON_PROGRESS: GA: ValidationFail HC2 (Event 17): Room 1 conflict at TS 4 for Course INS207303
[2025-05-30 18:13:37.307] PYTHON_PROGRESS: GA: ValidationFail HC2 (Event 49): Room 19 conflict at TS 1 for Course RUS500201
[2025-05-30 18:13:37.352] PYTHON_PROGRESS: GA: Fitness (Total=4220.00): SC1_StudentClash=2000|SC2_LecturerUnderload=2220|
[2025-05-30 18:13:37.540] PYTHON_PROGRESS: GA: Fitness (Total=4220.00): SC1_StudentClash=2000|SC2_LecturerUnderload=2220|
[2025-05-30 18:13:37.569] PYTHON_PROGRESS: GA: Fitness (Total=4220.00): SC1_StudentClash=2000|SC2_LecturerUnderload=2220|
[2025-05-30 18:13:37.602] PYTHON_PROGRESS: GA: ValidationFail HC2 (Event 40): Room 14 conflict at TS 1 for Course INS323702
[2025-05-30 18:13:37.619] PYTHON_PROGRESS: GA: ValidationFail HC2 (Event 15): Room 1 conflict at TS 6 for Course INS201503
[2025-05-30 18:13:37.636] PYTHON_PROGRESS: GA: Fitness (Total=4220.00): SC1_StudentClash=2000|SC2_LecturerUnderload=2220|
[2025-05-30 18:13:37.652] PYTHON_PROGRESS: GA: End Gen 30/100: BestInGenPen=4220.00, OverallBestPen=4220.00
[2025-05-30 18:13:37.829] PYTHON_PROGRESS: GA: Fitness (Total=4220.00): SC1_StudentClash=2000|SC2_LecturerUnderload=2220|
[2025-05-30 18:13:37.885] PYTHON_PROGRESS: GA: Fitness (Total=4220.00): SC1_StudentClash=2000|SC2_LecturerUnderload=2220|
[2025-05-30 18:13:37.919] PYTHON_PROGRESS: GA: Fitness (Total=4220.00): SC1_StudentClash=2000|SC2_LecturerUnderload=2220|
[2025-05-30 18:13:37.935] PYTHON_PROGRESS: GA: ValidationFail HC2 (Event 32): Room 5 conflict at TS 1 for Course INS306603
[2025-05-30 18:13:38.118] PYTHON_PROGRESS: GA: Fitness (Total=4220.00): SC1_StudentClash=2000|SC2_LecturerUnderload=2220|
[2025-05-30 18:13:38.222] PYTHON_PROGRESS: GA: Fitness (Total=4220.00): SC1_StudentClash=2000|SC2_LecturerUnderload=2220|
[2025-05-30 18:13:38.268] PYTHON_PROGRESS: GA: Fitness (Total=4220.00): SC1_StudentClash=2000|SC2_LecturerUnderload=2220|
[2025-05-30 18:13:38.517] PYTHON_PROGRESS: GA: ValidationFail HC1 (Event 47): Lect 33 conflict at TS 1 for Course PEC100802
[2025-05-30 18:13:38.533] PYTHON_PROGRESS: GA: ValidationFail HC2 (Event 27): Room 12 conflict at TS 2 for Course INS302901
[2025-05-30 18:13:38.605] PYTHON_PROGRESS: GA: Fitness (Total=4220.00): SC1_StudentClash=2000|SC2_LecturerUnderload=2220|
[2025-05-30 18:13:38.610] PYTHON_PROGRESS: GA: ValidationFail HC2 (Event 44): Room 23 conflict at TS 3 for Course INS328003
[2025-05-30 18:13:38.622] PYTHON_PROGRESS: GA: ValidationFail HC2 (Event 19): Room 14 conflict at TS 2 for Course INS209801
[2025-05-30 18:13:38.830] PYTHON_PROGRESS: GA: ValidationFail HC2 (Event 12): Room 1 conflict at TS 4 for Course INS201101
[2025-05-30 18:13:38.864] PYTHON_PROGRESS: GA: Fitness (Total=4220.00): SC1_StudentClash=2000|SC2_LecturerUnderload=2220|
[2025-05-30 18:13:38.881] PYTHON_PROGRESS: GA: Fitness (Total=3220.00): SC1_StudentClash=1000|SC2_LecturerUnderload=2220|
[2025-05-30 18:13:38.891] PYTHON_PROGRESS: GA: Fitness (Total=4220.00): SC1_StudentClash=2000|SC2_LecturerUnderload=2220|
[2025-05-30 18:13:38.972] PYTHON_PROGRESS: GA: ValidationFail HC2 (Event 43): Room 17 conflict at TS 1 for Course INS327102
[2025-05-30 18:13:38.984] PYTHON_PROGRESS: GA: Fitness (Total=3220.00): SC1_StudentClash=1000|SC2_LecturerUnderload=2220|
[2025-05-30 18:13:39.020] PYTHON_PROGRESS: GA: Fitness (Total=3220.00): SC1_StudentClash=1000|SC2_LecturerUnderload=2220|
[2025-05-30 18:13:39.028] PYTHON_PROGRESS: GA: Fitness (Total=3220.00): SC1_StudentClash=1000|SC2_LecturerUnderload=2220|
[2025-05-30 18:13:39.040] PYTHON_PROGRESS: GA: Fitness (Total=4220.00): SC1_StudentClash=2000|SC2_LecturerUnderload=2220|
[2025-05-30 18:13:39.117] PYTHON_PROGRESS: GA: Fitness (Total=3220.00): SC1_StudentClash=1000|SC2_LecturerUnderload=2220|
[2025-05-30 18:13:39.133] PYTHON_PROGRESS: GA: Fitness (Total=3220.00): SC1_StudentClash=1000|SC2_LecturerUnderload=2220|
[2025-05-30 18:13:39.149] PYTHON_PROGRESS: GA: ValidationFail HC2 (Event 13): Room 22 conflict at TS 2 for Course INS201501
[2025-05-30 18:13:39.244] PYTHON_PROGRESS: GA: ValidationFail HC2 (Event 12): Room 1 conflict at TS 4 for Course INS201101
[2025-05-30 18:13:39.244] PYTHON_PROGRESS: GA: ValidationFail HC1 (Event 20): Lect 19 conflict at TS 22 for Course INS210902
[2025-05-30 18:13:39.277] PYTHON_PROGRESS: GA: ValidationFail HC2 (Event 14): Room 1 conflict at TS 8 for Course INS201502
[2025-05-30 18:13:39.564] PYTHON_PROGRESS: GA: ValidationFail HC2 (Event 7): Room 2 conflict at TS 5 for Course INE105102
[2025-05-30 18:13:39.569] PYTHON_PROGRESS: GA: Fitness (Total=3220.00): SC1_StudentClash=1000|SC2_LecturerUnderload=2220|
[2025-05-30 18:13:39.575] PYTHON_PROGRESS: GA: ValidationFail HC2 (Event 16): Room 1 conflict at TS 7 for Course INS203702
[2025-05-30 18:13:39.584] PYTHON_PROGRESS: GA: ValidationFail HC2 (Event 36): Room 17 conflict at TS 2 for Course INS309701
[2025-05-30 18:13:39.757] PYTHON_PROGRESS: GA: ValidationFail HC2 (Event 45): Room 14 conflict at TS 1 for Course MAT100501
[2025-05-30 18:13:39.839] PYTHON_PROGRESS: GA: Fitness (Total=3220.00): SC1_StudentClash=1000|SC2_LecturerUnderload=2220|
[2025-05-30 18:13:39.842] PYTHON_PROGRESS: GA: ValidationFail HC2 (Event 27): Room 1 conflict at TS 2 for Course INS302901
[2025-05-30 18:13:40.113] PYTHON_PROGRESS: GA: ValidationFail HC1 (Event 40): Lect 19 conflict at TS 2 for Course INS323702
[2025-05-30 18:13:40.164] PYTHON_PROGRESS: GA: End Gen 40/100: BestInGenPen=3220.00, OverallBestPen=3220.00
[2025-05-30 18:13:40.345] PYTHON_PROGRESS: GA: Fitness (Total=3220.00): SC1_StudentClash=1000|SC2_LecturerUnderload=2220|
[2025-05-30 18:13:40.361] PYTHON_PROGRESS: GA: Fitness (Total=3220.00): SC1_StudentClash=1000|SC2_LecturerUnderload=2220|
[2025-05-30 18:13:40.411] PYTHON_PROGRESS: GA: ValidationFail HC1 (Event 24): Lect 18 conflict at TS 1 for Course INS301603
[2025-05-30 18:13:40.458] PYTHON_PROGRESS: GA: Fitness (Total=3220.00): SC1_StudentClash=1000|SC2_LecturerUnderload=2220|
[2025-05-30 18:13:40.622] PYTHON_PROGRESS: GA: ValidationFail HC2 (Event 13): Room 15 conflict at TS 2 for Course INS201501
[2025-05-30 18:13:40.664] PYTHON_PROGRESS: GA: Fitness (Total=3220.00): SC1_StudentClash=1000|SC2_LecturerUnderload=2220|
[2025-05-30 18:13:40.698] PYTHON_PROGRESS: GA: ValidationFail HC2 (Event 36): Room 15 conflict at TS 2 for Course INS309701
[2025-05-30 18:13:40.706] PYTHON_PROGRESS: GA: ValidationFail HC2 (Event 16): Room 1 conflict at TS 3 for Course INS203702
[2025-05-30 18:13:40.889] PYTHON_PROGRESS: GA: Fitness (Total=3220.00): SC1_StudentClash=1000|SC2_LecturerUnderload=2220|
[2025-05-30 18:13:40.927] PYTHON_PROGRESS: GA: Fitness (Total=3220.00): SC1_StudentClash=1000|SC2_LecturerUnderload=2220|
[2025-05-30 18:13:40.928] PYTHON_PROGRESS: GA: ValidationFail HC2 (Event 27): Room 4 conflict at TS 2 for Course INS302901
[2025-05-30 18:13:40.937] PYTHON_PROGRESS: GA: Fitness (Total=3220.00): SC1_StudentClash=1000|SC2_LecturerUnderload=2220|
[2025-05-30 18:13:40.962] PYTHON_PROGRESS: GA: ValidationFail HC2 (Event 45): Room 5 conflict at TS 1 for Course MAT100501
[2025-05-30 18:13:40.983] PYTHON_PROGRESS: GA: ValidationFail HC2 (Event 49): Room 23 conflict at TS 1 for Course RUS500201
[2025-05-30 18:13:41.145] PYTHON_PROGRESS: GA: Fitness (Total=3220.00): SC1_StudentClash=1000|SC2_LecturerUnderload=2220|
[2025-05-30 18:13:41.189] PYTHON_PROGRESS: GA: Fitness (Total=3220.00): SC1_StudentClash=1000|SC2_LecturerUnderload=2220|
[2025-05-30 18:13:41.439] PYTHON_PROGRESS: GA: ValidationFail HC1 (Event 20): Lect 19 conflict at TS 22 for Course INS210902
[2025-05-30 18:13:41.484] PYTHON_PROGRESS: GA: Fitness (Total=3220.00): SC1_StudentClash=1000|SC2_LecturerUnderload=2220|
[2025-05-30 18:13:41.534] PYTHON_PROGRESS: GA: ValidationFail HC2 (Event 38): Room 20 conflict at TS 2 for Course INS315201
[2025-05-30 18:13:41.695] PYTHON_PROGRESS: GA: ValidationFail HC2 (Event 47): Room 21 conflict at TS 1 for Course PEC100802
[2025-05-30 18:13:41.737] PYTHON_PROGRESS: GA: ValidationFail HC2 (Event 47): Room 14 conflict at TS 1 for Course PEC100802
[2025-05-30 18:13:41.737] PYTHON_PROGRESS: GA: Fitness (Total=3220.00): SC1_StudentClash=1000|SC2_LecturerUnderload=2220|
[2025-05-30 18:13:41.769] PYTHON_PROGRESS: GA: Fitness (Total=3220.00): SC1_StudentClash=1000|SC2_LecturerUnderload=2220|
[2025-05-30 18:13:41.785] PYTHON_PROGRESS: GA: Fitness (Total=3220.00): SC1_StudentClash=1000|SC2_LecturerUnderload=2220|
[2025-05-30 18:13:41.952] PYTHON_PROGRESS: GA: ValidationFail HC2 (Event 36): Room 20 conflict at TS 2 for Course INS309701
[2025-05-30 18:13:41.968] PYTHON_PROGRESS: GA: Fitness (Total=3220.00): SC1_StudentClash=1000|SC2_LecturerUnderload=2220|
[2025-05-30 18:13:42.072] PYTHON_PROGRESS: GA: ValidationFail HC2 (Event 32): Room 4 conflict at TS 1 for Course INS306603
[2025-05-30 18:13:42.260] PYTHON_PROGRESS: GA: Fitness (Total=3220.00): SC1_StudentClash=1000|SC2_LecturerUnderload=2220|
[2025-05-30 18:13:42.292] PYTHON_PROGRESS: GA: Fitness (Total=3220.00): SC1_StudentClash=1000|SC2_LecturerUnderload=2220|
[2025-05-30 18:13:42.314] PYTHON_PROGRESS: GA: ValidationFail HC2 (Event 34): Room 4 conflict at TS 1 for Course INS307403
[2025-05-30 18:13:42.544] PYTHON_PROGRESS: GA: ValidationFail HC2 (Event 38): Room 23 conflict at TS 2 for Course INS315201
[2025-05-30 18:13:42.551] PYTHON_PROGRESS: GA: ValidationFail HC2 (Event 46): Room 8 conflict at TS 1 for Course MAT109204
[2025-05-30 18:13:42.608] PYTHON_PROGRESS: GA: ValidationFail HC2 (Event 41): Room 15 conflict at TS 3 for Course INS325101
[2025-05-30 18:13:42.615] PYTHON_PROGRESS: GA: Fitness (Total=3220.00): SC1_StudentClash=1000|SC2_LecturerUnderload=2220|
[2025-05-30 18:13:42.768] PYTHON_PROGRESS: GA: Fitness (Total=2220.00): SC2_LecturerUnderload=2220|
[2025-05-30 18:13:42.800] PYTHON_PROGRESS: GA: ValidationFail HC2 (Event 42): Room 16 conflict at TS 7 for Course INS325201
[2025-05-30 18:13:42.808] PYTHON_PROGRESS: GA: Fitness (Total=2220.00): SC2_LecturerUnderload=2220|
[2025-05-30 18:13:42.841] PYTHON_PROGRESS: GA: Fitness (Total=2220.00): SC2_LecturerUnderload=2220|
[2025-05-30 18:13:42.917] PYTHON_PROGRESS: GA: Fitness (Total=2220.00): SC2_LecturerUnderload=2220|
[2025-05-30 18:13:42.918] PYTHON_PROGRESS: GA: End Gen 50/100: BestInGenPen=2220.00, OverallBestPen=2220.00
[2025-05-30 18:13:43.068] PYTHON_PROGRESS: GA: ValidationFail HC2 (Event 21): Room 2 conflict at TS 7 for Course INS211102
[2025-05-30 18:13:43.102] PYTHON_PROGRESS: GA: Fitness (Total=2220.00): SC2_LecturerUnderload=2220|
[2025-05-30 18:13:43.142] PYTHON_PROGRESS: GA: ValidationFail HC2 (Event 17): Room 1 conflict at TS 7 for Course INS207303
[2025-05-30 18:13:43.146] PYTHON_PROGRESS: GA: Fitness (Total=2220.00): SC2_LecturerUnderload=2220|
[2025-05-30 18:13:43.167] PYTHON_PROGRESS: GA: Fitness (Total=2220.00): SC2_LecturerUnderload=2220|
[2025-05-30 18:13:43.371] PYTHON_PROGRESS: GA: Fitness (Total=2220.00): SC2_LecturerUnderload=2220|
[2025-05-30 18:13:43.393] PYTHON_PROGRESS: GA: Fitness (Total=2220.00): SC2_LecturerUnderload=2220|
[2025-05-30 18:13:43.409] PYTHON_PROGRESS: GA: ValidationFail HC2 (Event 15): Room 1 conflict at TS 6 for Course INS201503
[2025-05-30 18:13:43.445] PYTHON_PROGRESS: GA: Fitness (Total=2220.00): SC2_LecturerUnderload=2220|
[2025-05-30 18:13:43.450] PYTHON_PROGRESS: GA: ValidationFail HC2 (Event 7): Room 2 conflict at TS 4 for Course INE105102
[2025-05-30 18:13:43.456] PYTHON_PROGRESS: GA: Fitness (Total=2220.00): SC2_LecturerUnderload=2220|
[2025-05-30 18:13:43.596] PYTHON_PROGRESS: GA: Fitness (Total=3220.00): SC1_StudentClash=1000|SC2_LecturerUnderload=2220|
[2025-05-30 18:13:43.617] PYTHON_PROGRESS: GA: ValidationFail HC2 (Event 38): Room 23 conflict at TS 2 for Course INS315201
[2025-05-30 18:13:43.855] PYTHON_PROGRESS: GA: ValidationFail HC2 (Event 49): Room 13 conflict at TS 1 for Course RUS500201
[2025-05-30 18:13:43.918] PYTHON_PROGRESS: GA: Fitness (Total=2220.00): SC2_LecturerUnderload=2220|
[2025-05-30 18:13:43.925] PYTHON_PROGRESS: GA: Fitness (Total=2220.00): SC2_LecturerUnderload=2220|
[2025-05-30 18:13:43.957] PYTHON_PROGRESS: GA: Fitness (Total=2220.00): SC2_LecturerUnderload=2220|
[2025-05-30 18:13:44.158] PYTHON_PROGRESS: GA: ValidationFail HC2 (Event 36): Room 1 conflict at TS 2 for Course INS309701
[2025-05-30 18:13:44.175] PYTHON_PROGRESS: GA: ValidationFail HC2 (Event 25): Room 15 conflict at TS 2 for Course INS30201
[2025-05-30 18:13:44.233] PYTHON_PROGRESS: GA: Fitness (Total=2220.00): SC2_LecturerUnderload=2220|
[2025-05-30 18:13:44.405] PYTHON_PROGRESS: GA: ValidationFail HC2 (Event 49): Room 23 conflict at TS 1 for Course RUS500201
[2025-05-30 18:13:44.417] PYTHON_PROGRESS: GA: Fitness (Total=2220.00): SC2_LecturerUnderload=2220|
[2025-05-30 18:13:44.435] PYTHON_PROGRESS: GA: ValidationFail HC2 (Event 46): Room 20 conflict at TS 1 for Course MAT109204
[2025-05-30 18:13:44.469] PYTHON_PROGRESS: GA: Fitness (Total=2220.00): SC2_LecturerUnderload=2220|
[2025-05-30 18:13:44.484] PYTHON_PROGRESS: GA: Fitness (Total=2220.00): SC2_LecturerUnderload=2220|
[2025-05-30 18:13:44.717] PYTHON_PROGRESS: GA: ValidationFail HC2 (Event 28): Room 15 conflict at TS 2 for Course INS303002
[2025-05-30 18:13:44.973] PYTHON_PROGRESS: GA: Fitness (Total=2220.00): SC2_LecturerUnderload=2220|
[2025-05-30 18:13:45.015] PYTHON_PROGRESS: GA: ValidationFail HC2 (Event 47): Room 10 conflict at TS 1 for Course PEC100802
[2025-05-30 18:13:45.015] PYTHON_PROGRESS: GA: ValidationFail HC1 (Event 47): Lect 33 conflict at TS 2 for Course PEC100802
[2025-05-30 18:13:45.054] PYTHON_PROGRESS: GA: Fitness (Total=2220.00): SC2_LecturerUnderload=2220|
[2025-05-30 18:13:45.201] PYTHON_PROGRESS: GA: Fitness (Total=2220.00): SC2_LecturerUnderload=2220|
[2025-05-30 18:13:45.218] PYTHON_PROGRESS: GA: Fitness (Total=2220.00): SC2_LecturerUnderload=2220|
[2025-05-30 18:13:45.228] PYTHON_PROGRESS: GA: ValidationFail HC2 (Event 41): Room 23 conflict at TS 3 for Course INS325101
[2025-05-30 18:13:45.282] PYTHON_PROGRESS: GA: ValidationFail HC2 (Event 18): Room 1 conflict at TS 10 for Course INS207402
[2025-05-30 18:13:45.298] PYTHON_PROGRESS: GA: Fitness (Total=2220.00): SC2_LecturerUnderload=2220|
[2025-05-30 18:13:45.314] PYTHON_PROGRESS: GA: Fitness (Total=2220.00): SC2_LecturerUnderload=2220|
[2025-05-30 18:13:45.455] PYTHON_PROGRESS: GA: Fitness (Total=2220.00): SC2_LecturerUnderload=2220|
[2025-05-30 18:13:45.486] PYTHON_PROGRESS: GA: Fitness (Total=2220.00): SC2_LecturerUnderload=2220|
[2025-05-30 18:13:45.527] PYTHON_PROGRESS: GA: ValidationFail HC2 (Event 17): Room 1 conflict at TS 8 for Course INS207303
[2025-05-30 18:13:45.534] PYTHON_PROGRESS: GA: Fitness (Total=2220.00): SC2_LecturerUnderload=2220|
[2025-05-30 18:13:45.534] PYTHON_PROGRESS: GA: ValidationFail HC2 (Event 29): Room 4 conflict at TS 1 for Course INS303201
[2025-05-30 18:13:45.543] PYTHON_PROGRESS: GA: ValidationFail HC2 (Event 17): Room 1 conflict at TS 2 for Course INS207303
[2025-05-30 18:13:45.580] PYTHON_PROGRESS: GA: Fitness (Total=2220.00): SC2_LecturerUnderload=2220|
[2025-05-30 18:13:45.580] PYTHON_PROGRESS: GA: ValidationFail HC1 (Event 49): Lect 4 conflict at TS 1 for Course RUS500201
[2025-05-30 18:13:45.580] PYTHON_PROGRESS: GA: End Gen 60/100: BestInGenPen=2220.00, OverallBestPen=2220.00
[2025-05-30 18:13:45.783] PYTHON_PROGRESS: GA: Fitness (Total=2220.00): SC2_LecturerUnderload=2220|
[2025-05-30 18:13:45.832] PYTHON_PROGRESS: GA: Fitness (Total=2220.00): SC2_LecturerUnderload=2220|
[2025-05-30 18:13:45.836] PYTHON_PROGRESS: GA: Fitness (Total=2220.00): SC2_LecturerUnderload=2220|
[2025-05-30 18:13:45.983] PYTHON_PROGRESS: GA: Fitness (Total=2220.00): SC2_LecturerUnderload=2220|
[2025-05-30 18:13:46.003] PYTHON_PROGRESS: GA: Fitness (Total=2220.00): SC2_LecturerUnderload=2220|
[2025-05-30 18:13:46.013] PYTHON_PROGRESS: GA: ValidationFail HC2 (Event 19): Room 18 conflict at TS 2 for Course INS209801
[2025-05-30 18:13:46.028] PYTHON_PROGRESS: GA: ValidationFail HC2 (Event 40): Room 14 conflict at TS 13 for Course INS323702
[2025-05-30 18:13:46.065] PYTHON_PROGRESS: GA: Fitness (Total=2220.00): SC2_LecturerUnderload=2220|
[2025-05-30 18:13:46.078] PYTHON_PROGRESS: GA: Fitness (Total=2220.00): SC2_LecturerUnderload=2220|
[2025-05-30 18:13:46.105] PYTHON_PROGRESS: GA: Fitness (Total=2220.00): SC2_LecturerUnderload=2220|
[2025-05-30 18:13:46.378] PYTHON_PROGRESS: GA: ValidationFail HC1 (Event 46): Lect 22 conflict at TS 2 for Course MAT109204
[2025-05-30 18:13:46.387] PYTHON_PROGRESS: GA: Fitness (Total=2220.00): SC2_LecturerUnderload=2220|
[2025-05-30 18:13:46.409] PYTHON_PROGRESS: GA: ValidationFail HC2 (Event 12): Room 1 conflict at TS 2 for Course INS201101
[2025-05-30 18:13:46.538] PYTHON_PROGRESS: GA: ValidationFail HC1 (Event 36): Lect 22 conflict at TS 2 for Course INS309701
[2025-05-30 18:13:46.603] PYTHON_PROGRESS: GA: Fitness (Total=2220.00): SC2_LecturerUnderload=2220|
[2025-05-30 18:13:46.613] PYTHON_PROGRESS: GA: ValidationFail HC2 (Event 25): Room 12 conflict at TS 2 for Course INS30201
[2025-05-30 18:13:46.634] PYTHON_PROGRESS: GA: ValidationFail HC2 (Event 17): Room 1 conflict at TS 6 for Course INS207303
[2025-05-30 18:13:46.672] PYTHON_PROGRESS: GA: Fitness (Total=2220.00): SC2_LecturerUnderload=2220|
[2025-05-30 18:13:46.851] PYTHON_PROGRESS: GA: ValidationFail HC1 (Event 16): Lect 26 conflict at TS 8 for Course INS203702
[2025-05-30 18:13:46.919] PYTHON_PROGRESS: GA: ValidationFail HC2 (Event 9): Room 1 conflict at TS 3 for Course INE306001
[2025-05-30 18:13:46.925] PYTHON_PROGRESS: GA: Fitness (Total=2220.00): SC2_LecturerUnderload=2220|
[2025-05-30 18:13:47.087] PYTHON_PROGRESS: GA: Fitness (Total=2220.00): SC2_LecturerUnderload=2220|
[2025-05-30 18:13:47.104] PYTHON_PROGRESS: GA: Fitness (Total=2220.00): SC2_LecturerUnderload=2220|
[2025-05-30 18:13:47.109] PYTHON_PROGRESS: GA: Fitness (Total=2220.00): SC2_LecturerUnderload=2220|
[2025-05-30 18:13:47.435] PYTHON_PROGRESS: GA: ValidationFail HC2 (Event 36): Room 7 conflict at TS 2 for Course INS309701
[2025-05-30 18:13:47.435] PYTHON_PROGRESS: GA: ValidationFail HC2 (Event 49): Room 8 conflict at TS 1 for Course RUS500201
[2025-05-30 18:13:47.485] PYTHON_PROGRESS: GA: Fitness (Total=2220.00): SC2_LecturerUnderload=2220|
[2025-05-30 18:13:47.521] PYTHON_PROGRESS: GA: Fitness (Total=2220.00): SC2_LecturerUnderload=2220|
[2025-05-30 18:13:47.687] PYTHON_PROGRESS: GA: Fitness (Total=2220.00): SC2_LecturerUnderload=2220|
[2025-05-30 18:13:47.699] PYTHON_PROGRESS: GA: Fitness (Total=2220.00): SC2_LecturerUnderload=2220|
[2025-05-30 18:13:47.704] PYTHON_PROGRESS: GA: Fitness (Total=2220.00): SC2_LecturerUnderload=2220|
[2025-05-30 18:13:47.753] PYTHON_PROGRESS: GA: ValidationFail HC2 (Event 47): Room 21 conflict at TS 1 for Course PEC100802
[2025-05-30 18:13:47.753] PYTHON_PROGRESS: GA: ValidationFail HC2 (Event 36): Room 7 conflict at TS 2 for Course INS309701
[2025-05-30 18:13:47.753] PYTHON_PROGRESS: GA: Fitness (Total=2220.00): SC2_LecturerUnderload=2220|
[2025-05-30 18:13:47.771] PYTHON_PROGRESS: GA: ValidationFail HC2 (Event 14): Room 1 conflict at TS 5 for Course INS201502
[2025-05-30 18:13:47.780] PYTHON_PROGRESS: GA: Fitness (Total=2220.00): SC2_LecturerUnderload=2220|
[2025-05-30 18:13:47.786] PYTHON_PROGRESS: GA: Fitness (Total=2220.00): SC2_LecturerUnderload=2220|
[2025-05-30 18:13:47.803] PYTHON_PROGRESS: GA: Fitness (Total=2220.00): SC2_LecturerUnderload=2220|
[2025-05-30 18:13:47.820] PYTHON_PROGRESS: GA: Fitness (Total=2220.00): SC2_LecturerUnderload=2220|
[2025-05-30 18:13:47.987] PYTHON_PROGRESS: GA: Fitness (Total=2220.00): SC2_LecturerUnderload=2220|
[2025-05-30 18:13:47.991] PYTHON_PROGRESS: GA: ValidationFail HC2 (Event 17): Room 1 conflict at TS 5 for Course INS207303
[2025-05-30 18:13:48.001] PYTHON_PROGRESS: GA: Fitness (Total=2220.00): SC2_LecturerUnderload=2220|
[2025-05-30 18:13:48.033] PYTHON_PROGRESS: GA: Fitness (Total=2220.00): SC2_LecturerUnderload=2220|
[2025-05-30 18:13:48.040] PYTHON_PROGRESS: GA: ValidationFail HC2 (Event 36): Room 7 conflict at TS 2 for Course INS309701
[2025-05-30 18:13:48.069] PYTHON_PROGRESS: GA: Fitness (Total=2220.00): SC2_LecturerUnderload=2220|
[2025-05-30 18:13:48.074] PYTHON_PROGRESS: GA: Fitness (Total=3220.00): SC1_StudentClash=1000|SC2_LecturerUnderload=2220|
[2025-05-30 18:13:48.081] PYTHON_PROGRESS: GA: Fitness (Total=2220.00): SC2_LecturerUnderload=2220|
[2025-05-30 18:13:48.081] PYTHON_PROGRESS: GA: Fitness (Total=2220.00): SC2_LecturerUnderload=2220|
[2025-05-30 18:13:48.234] PYTHON_PROGRESS: GA: Fitness (Total=2220.00): SC2_LecturerUnderload=2220|
[2025-05-30 18:13:48.280] PYTHON_PROGRESS: GA: ValidationFail HC2 (Event 36): Room 20 conflict at TS 2 for Course INS309701
[2025-05-30 18:13:48.284] PYTHON_PROGRESS: GA: ValidationFail HC2 (Event 21): Room 2 conflict at TS 7 for Course INS211102
[2025-05-30 18:13:48.315] PYTHON_PROGRESS: GA: Fitness (Total=2220.00): SC2_LecturerUnderload=2220|
[2025-05-30 18:13:48.365] PYTHON_PROGRESS: GA: Fitness (Total=2220.00): SC2_LecturerUnderload=2220|
[2025-05-30 18:13:48.365] PYTHON_PROGRESS: GA: End Gen 70/100: BestInGenPen=2220.00, OverallBestPen=2220.00
[2025-05-30 18:13:48.555] PYTHON_PROGRESS: GA: ValidationFail HC1 (Event 49): Lect 4 conflict at TS 1 for Course RUS500201
[2025-05-30 18:13:48.564] PYTHON_PROGRESS: GA: Fitness (Total=2220.00): SC2_LecturerUnderload=2220|
[2025-05-30 18:13:48.597] PYTHON_PROGRESS: GA: ValidationFail HC1 (Event 41): Lect 7 conflict at TS 4 for Course INS325101
[2025-05-30 18:13:48.796] PYTHON_PROGRESS: GA: Fitness (Total=2220.00): SC2_LecturerUnderload=2220|
[2025-05-30 18:13:48.850] PYTHON_PROGRESS: GA: ValidationFail HC2 (Event 36): Room 1 conflict at TS 2 for Course INS309701
[2025-05-30 18:13:48.863] PYTHON_PROGRESS: GA: Fitness (Total=2220.00): SC2_LecturerUnderload=2220|
[2025-05-30 18:13:48.870] PYTHON_PROGRESS: GA: ValidationFail HC2 (Event 45): Room 4 conflict at TS 1 for Course MAT100501
[2025-05-30 18:13:48.893] PYTHON_PROGRESS: GA: Fitness (Total=2220.00): SC2_LecturerUnderload=2220|
[2025-05-30 18:13:49.054] PYTHON_PROGRESS: GA: Fitness (Total=2220.00): SC2_LecturerUnderload=2220|
[2025-05-30 18:13:49.094] PYTHON_PROGRESS: GA: ValidationFail HC2 (Event 49): Room 19 conflict at TS 1 for Course RUS500201
[2025-05-30 18:13:49.112] PYTHON_PROGRESS: GA: ValidationFail HC2 (Event 19): Room 1 conflict at TS 2 for Course INS209801
[2025-05-30 18:13:49.316] PYTHON_PROGRESS: GA: ValidationFail HC2 (Event 32): Room 3 conflict at TS 1 for Course INS306603
[2025-05-30 18:13:49.329] PYTHON_PROGRESS: GA: Fitness (Total=2220.00): SC2_LecturerUnderload=2220|
[2025-05-30 18:13:49.409] PYTHON_PROGRESS: GA: ValidationFail HC2 (Event 39): Room 3 conflict at TS 1 for Course INS318901
[2025-05-30 18:13:49.414] PYTHON_PROGRESS: GA: Fitness (Total=2220.00): SC2_LecturerUnderload=2220|
[2025-05-30 18:13:49.427] PYTHON_PROGRESS: GA: ValidationFail HC2 (Event 12): Room 1 conflict at TS 4 for Course INS201101
[2025-05-30 18:13:49.431] PYTHON_PROGRESS: GA: ValidationFail HC2 (Event 46): Room 4 conflict at TS 1 for Course MAT109204
[2025-05-30 18:13:49.443] PYTHON_PROGRESS: GA: Fitness (Total=2220.00): SC2_LecturerUnderload=2220|
[2025-05-30 18:13:49.587] PYTHON_PROGRESS: GA: Fitness (Total=2220.00): SC2_LecturerUnderload=2220|
[2025-05-30 18:13:49.598] PYTHON_PROGRESS: GA: Fitness (Total=2220.00): SC2_LecturerUnderload=2220|
[2025-05-30 18:13:49.660] PYTHON_PROGRESS: GA: ValidationFail HC2 (Event 14): Room 1 conflict at TS 4 for Course INS201502
[2025-05-30 18:13:49.843] PYTHON_PROGRESS: GA: Fitness (Total=2220.00): SC2_LecturerUnderload=2220|
[2025-05-30 18:13:49.862] PYTHON_PROGRESS: GA: ValidationFail HC1 (Event 49): Lect 4 conflict at TS 1 for Course RUS500201
[2025-05-30 18:13:49.945] PYTHON_PROGRESS: GA: ValidationFail HC2 (Event 38): Room 1 conflict at TS 2 for Course INS315201
[2025-05-30 18:13:50.120] PYTHON_PROGRESS: GA: Fitness (Total=2220.00): SC2_LecturerUnderload=2220|
[2025-05-30 18:13:50.175] PYTHON_PROGRESS: GA: ValidationFail HC2 (Event 41): Room 15 conflict at TS 2 for Course INS325101
[2025-05-30 18:13:50.206] PYTHON_PROGRESS: GA: Fitness (Total=2220.00): SC2_LecturerUnderload=2220|
[2025-05-30 18:13:50.248] PYTHON_PROGRESS: GA: Fitness (Total=2220.00): SC2_LecturerUnderload=2220|
[2025-05-30 18:13:50.253] PYTHON_PROGRESS: GA: Fitness (Total=2220.00): SC2_LecturerUnderload=2220|
[2025-05-30 18:13:50.402] PYTHON_PROGRESS: GA: ValidationFail HC1 (Event 37): Lect 42 conflict at TS 24 for Course INS315101
[2025-05-30 18:13:50.447] PYTHON_PROGRESS: GA: Fitness (Total=2220.00): SC2_LecturerUnderload=2220|
[2025-05-30 18:13:50.674] PYTHON_PROGRESS: GA: ValidationFail HC1 (Event 40): Lect 19 conflict at TS 2 for Course INS323702
[2025-05-30 18:13:50.674] PYTHON_PROGRESS: GA: Fitness (Total=2220.00): SC2_LecturerUnderload=2220|
[2025-05-30 18:13:50.722] PYTHON_PROGRESS: GA: Fitness (Total=2220.00): SC2_LecturerUnderload=2220|
[2025-05-30 18:13:50.757] PYTHON_PROGRESS: GA: Fitness (Total=2220.00): SC2_LecturerUnderload=2220|
[2025-05-30 18:13:50.777] PYTHON_PROGRESS: GA: ValidationFail HC2 (Event 48): Room 22 conflict at TS 14 for Course PHI100201
[2025-05-30 18:13:50.783] PYTHON_PROGRESS: GA: Fitness (Total=2220.00): SC2_LecturerUnderload=2220|
[2025-05-30 18:13:50.980] PYTHON_PROGRESS: GA: ValidationFail HC1 (Event 16): Lect 26 conflict at TS 8 for Course INS203702
[2025-05-30 18:13:50.980] PYTHON_PROGRESS: GA: ValidationFail HC2 (Event 49): Room 23 conflict at TS 1 for Course RUS500201
[2025-05-30 18:13:51.049] PYTHON_PROGRESS: GA: Fitness (Total=2220.00): SC2_LecturerUnderload=2220|
[2025-05-30 18:13:51.049] PYTHON_PROGRESS: GA: End Gen 80/100: BestInGenPen=2220.00, OverallBestPen=2220.00
[2025-05-30 18:13:51.211] PYTHON_PROGRESS: GA: ValidationFail HC2 (Event 25): Room 12 conflict at TS 2 for Course INS30201
[2025-05-30 18:13:51.227] PYTHON_PROGRESS: GA: Fitness (Total=2220.00): SC2_LecturerUnderload=2220|
[2025-05-30 18:13:51.259] PYTHON_PROGRESS: GA: Fitness (Total=2220.00): SC2_LecturerUnderload=2220|
[2025-05-30 18:13:51.274] PYTHON_PROGRESS: GA: ValidationFail HC1 (Event 46): Lect 22 conflict at TS 2 for Course MAT109204
[2025-05-30 18:13:51.458] PYTHON_PROGRESS: GA: ValidationFail HC2 (Event 38): Room 22 conflict at TS 2 for Course INS315201
[2025-05-30 18:13:51.512] PYTHON_PROGRESS: GA: ValidationFail HC2 (Event 19): Room 14 conflict at TS 2 for Course INS209801
[2025-05-30 18:13:51.732] PYTHON_PROGRESS: GA: Fitness (Total=2220.00): SC2_LecturerUnderload=2220|
[2025-05-30 18:13:51.744] PYTHON_PROGRESS: GA: Fitness (Total=2220.00): SC2_LecturerUnderload=2220|
[2025-05-30 18:13:51.752] PYTHON_PROGRESS: GA: Fitness (Total=2220.00): SC2_LecturerUnderload=2220|
[2025-05-30 18:13:51.752] PYTHON_PROGRESS: GA: ValidationFail HC2 (Event 46): Room 4 conflict at TS 1 for Course MAT109204
[2025-05-30 18:13:51.768] PYTHON_PROGRESS: GA: ValidationFail HC2 (Event 48): Room 7 conflict at TS 14 for Course PHI100201
[2025-05-30 18:13:51.768] PYTHON_PROGRESS: GA: Fitness (Total=2220.00): SC2_LecturerUnderload=2220|
[2025-05-30 18:13:51.800] PYTHON_PROGRESS: GA: Fitness (Total=2220.00): SC2_LecturerUnderload=2220|
[2025-05-30 18:13:51.999] PYTHON_PROGRESS: GA: ValidationFail HC1 (Event 11): Lect 18 conflict at TS 3 for Course INS200903
[2025-05-30 18:13:52.007] PYTHON_PROGRESS: GA: Fitness (Total=2220.00): SC2_LecturerUnderload=2220|
[2025-05-30 18:13:52.011] PYTHON_PROGRESS: GA: Fitness (Total=2220.00): SC2_LecturerUnderload=2220|
[2025-05-30 18:13:52.034] PYTHON_PROGRESS: GA: ValidationFail HC2 (Event 38): Room 23 conflict at TS 2 for Course INS315201
[2025-05-30 18:13:52.067] PYTHON_PROGRESS: GA: ValidationFail HC1 (Event 32): Lect 21 conflict at TS 1 for Course INS306603
[2025-05-30 18:13:52.281] PYTHON_PROGRESS: GA: ValidationFail HC1 (Event 48): Lect 37 conflict at TS 3 for Course PHI100201
[2025-05-30 18:13:52.335] PYTHON_PROGRESS: GA: ValidationFail HC2 (Event 18): Room 1 conflict at TS 4 for Course INS207402
[2025-05-30 18:13:52.348] PYTHON_PROGRESS: GA: Fitness (Total=2220.00): SC2_LecturerUnderload=2220|
[2025-05-30 18:13:52.350] PYTHON_PROGRESS: GA: Fitness (Total=2220.00): SC2_LecturerUnderload=2220|
[2025-05-30 18:13:52.350] PYTHON_PROGRESS: GA: ValidationFail HC2 (Event 22): Room 14 conflict at TS 2 for Course INS300202
[2025-05-30 18:13:52.367] PYTHON_PROGRESS: GA: Fitness (Total=2220.00): SC2_LecturerUnderload=2220|
[2025-05-30 18:13:52.367] PYTHON_PROGRESS: GA: Fitness (Total=2220.00): SC2_LecturerUnderload=2220|
[2025-05-30 18:13:52.367] PYTHON_PROGRESS: GA: Fitness (Total=2220.00): SC2_LecturerUnderload=2220|
[2025-05-30 18:13:52.565] PYTHON_PROGRESS: GA: ValidationFail HC2 (Event 49): Room 23 conflict at TS 1 for Course RUS500201
[2025-05-30 18:13:52.605] PYTHON_PROGRESS: GA: Fitness (Total=2220.00): SC2_LecturerUnderload=2220|
[2025-05-30 18:13:52.638] PYTHON_PROGRESS: GA: ValidationFail HC2 (Event 49): Room 23 conflict at TS 1 for Course RUS500201
[2025-05-30 18:13:52.844] PYTHON_PROGRESS: GA: Fitness (Total=2220.00): SC2_LecturerUnderload=2220|
[2025-05-30 18:13:52.844] PYTHON_PROGRESS: GA: ValidationFail HC2 (Event 18): Room 1 conflict at TS 10 for Course INS207402
[2025-05-30 18:13:52.857] PYTHON_PROGRESS: GA: Fitness (Total=2220.00): SC2_LecturerUnderload=2220|
[2025-05-30 18:13:52.872] PYTHON_PROGRESS: GA: ValidationFail HC1 (Event 46): Lect 22 conflict at TS 1 for Course MAT109204
[2025-05-30 18:13:52.896] PYTHON_PROGRESS: GA: Fitness (Total=2220.00): SC2_LecturerUnderload=2220|
[2025-05-30 18:13:53.045] PYTHON_PROGRESS: GA: ValidationFail HC2 (Event 38): Room 23 conflict at TS 2 for Course INS315201
[2025-05-30 18:13:53.045] PYTHON_PROGRESS: GA: ValidationFail HC1 (Event 47): Lect 33 conflict at TS 2 for Course PEC100802
[2025-05-30 18:13:53.061] PYTHON_PROGRESS: GA: ValidationFail HC2 (Event 16): Room 1 conflict at TS 7 for Course INS203702
[2025-05-30 18:13:53.077] PYTHON_PROGRESS: GA: ValidationFail HC2 (Event 25): Room 12 conflict at TS 2 for Course INS30201
[2025-05-30 18:13:53.125] PYTHON_PROGRESS: GA: Fitness (Total=2220.00): SC2_LecturerUnderload=2220|
[2025-05-30 18:13:53.300] PYTHON_PROGRESS: GA: Fitness (Total=2220.00): SC2_LecturerUnderload=2220|
[2025-05-30 18:13:53.408] PYTHON_PROGRESS: GA: ValidationFail HC2 (Event 17): Room 1 conflict at TS 9 for Course INS207303
[2025-05-30 18:13:53.440] PYTHON_PROGRESS: GA: Fitness (Total=2220.00): SC2_LecturerUnderload=2220|
[2025-05-30 18:13:53.591] PYTHON_PROGRESS: GA: ValidationFail HC2 (Event 36): Room 20 conflict at TS 2 for Course INS309701
[2025-05-30 18:13:53.630] PYTHON_PROGRESS: GA: ValidationFail HC2 (Event 46): Room 3 conflict at TS 1 for Course MAT109204
[2025-05-30 18:13:53.681] PYTHON_PROGRESS: GA: ValidationFail HC2 (Event 46): Room 19 conflict at TS 1 for Course MAT109204
[2025-05-30 18:13:53.683] PYTHON_PROGRESS: GA: Fitness (Total=2220.00): SC2_LecturerUnderload=2220|
[2025-05-30 18:13:53.700] PYTHON_PROGRESS: GA: Fitness (Total=2220.00): SC2_LecturerUnderload=2220|
[2025-05-30 18:13:53.700] PYTHON_PROGRESS: GA: End Gen 90/100: BestInGenPen=2220.00, OverallBestPen=2220.00
[2025-05-30 18:13:53.838] PYTHON_PROGRESS: GA: Fitness (Total=2220.00): SC2_LecturerUnderload=2220|
[2025-05-30 18:13:53.854] PYTHON_PROGRESS: GA: Fitness (Total=2220.00): SC2_LecturerUnderload=2220|
[2025-05-30 18:13:53.858] PYTHON_PROGRESS: GA: Fitness (Total=2220.00): SC2_LecturerUnderload=2220|
[2025-05-30 18:13:53.878] PYTHON_PROGRESS: GA: Fitness (Total=2220.00): SC2_LecturerUnderload=2220|
[2025-05-30 18:13:54.122] PYTHON_PROGRESS: GA: Fitness (Total=2220.00): SC2_LecturerUnderload=2220|
[2025-05-30 18:13:54.171] PYTHON_PROGRESS: GA: Fitness (Total=2220.00): SC2_LecturerUnderload=2220|
[2025-05-30 18:13:54.179] PYTHON_PROGRESS: GA: ValidationFail HC1 (Event 39): Lect 35 conflict at TS 5 for Course INS318901
[2025-05-30 18:13:54.179] PYTHON_PROGRESS: GA: Fitness (Total=2220.00): SC2_LecturerUnderload=2220|
[2025-05-30 18:13:54.242] PYTHON_PROGRESS: GA: Fitness (Total=2220.00): SC2_LecturerUnderload=2220|
[2025-05-30 18:13:54.403] PYTHON_PROGRESS: GA: Fitness (Total=2220.00): SC2_LecturerUnderload=2220|
[2025-05-30 18:13:54.407] PYTHON_PROGRESS: GA: Fitness (Total=2220.00): SC2_LecturerUnderload=2220|
[2025-05-30 18:13:54.455] PYTHON_PROGRESS: GA: ValidationFail HC2 (Event 14): Room 1 conflict at TS 5 for Course INS201502
[2025-05-30 18:13:54.459] PYTHON_PROGRESS: GA: ValidationFail HC2 (Event 49): Room 5 conflict at TS 1 for Course RUS500201
[2025-05-30 18:13:54.459] PYTHON_PROGRESS: GA: ValidationFail HC2 (Event 34): Room 3 conflict at TS 1 for Course INS307403
[2025-05-30 18:13:54.664] PYTHON_PROGRESS: GA: Fitness (Total=2220.00): SC2_LecturerUnderload=2220|
[2025-05-30 18:13:54.680] PYTHON_PROGRESS: GA: ValidationFail HC2 (Event 15): Room 1 conflict at TS 6 for Course INS201503
[2025-05-30 18:13:54.687] PYTHON_PROGRESS: GA: Fitness (Total=2220.00): SC2_LecturerUnderload=2220|
[2025-05-30 18:13:54.693] PYTHON_PROGRESS: GA: ValidationFail HC2 (Event 48): Room 22 conflict at TS 14 for Course PHI100201
[2025-05-30 18:13:54.751] PYTHON_PROGRESS: GA: ValidationFail HC2 (Event 16): Room 1 conflict at TS 7 for Course INS203702
[2025-05-30 18:13:54.752] PYTHON_PROGRESS: GA: ValidationFail HC2 (Event 27): Room 12 conflict at TS 2 for Course INS302901
[2025-05-30 18:13:54.762] PYTHON_PROGRESS: GA: Fitness (Total=2220.00): SC2_LecturerUnderload=2220|
[2025-05-30 18:13:54.763] PYTHON_PROGRESS: GA: ValidationFail HC2 (Event 16): Room 1 conflict at TS 7 for Course INS203702
[2025-05-30 18:13:54.775] PYTHON_PROGRESS: GA: Fitness (Total=2220.00): SC2_LecturerUnderload=2220|
[2025-05-30 18:13:54.911] PYTHON_PROGRESS: GA: ValidationFail HC2 (Event 16): Room 1 conflict at TS 11 for Course INS203702
[2025-05-30 18:13:54.961] PYTHON_PROGRESS: GA: Fitness (Total=2220.00): SC2_LecturerUnderload=2220|
[2025-05-30 18:13:55.003] PYTHON_PROGRESS: GA: Fitness (Total=2220.00): SC2_LecturerUnderload=2220|
[2025-05-30 18:13:55.201] PYTHON_PROGRESS: GA: ValidationFail HC2 (Event 47): Room 20 conflict at TS 1 for Course PEC100802
[2025-05-30 18:13:55.467] PYTHON_PROGRESS: GA: Fitness (Total=2220.00): SC2_LecturerUnderload=2220|
[2025-05-30 18:13:55.483] PYTHON_PROGRESS: GA: Fitness (Total=2220.00): SC2_LecturerUnderload=2220|
[2025-05-30 18:13:55.490] PYTHON_PROGRESS: GA: ValidationFail HC2 (Event 40): Room 14 conflict at TS 13 for Course INS323702
[2025-05-30 18:13:55.511] PYTHON_PROGRESS: GA: ValidationFail HC2 (Event 5): Room 13 conflict at TS 5 for Course INE105001
[2025-05-30 18:13:55.512] PYTHON_PROGRESS: GA: Fitness (Total=2220.00): SC2_LecturerUnderload=2220|
[2025-05-30 18:13:55.528] PYTHON_PROGRESS: GA: Fitness (Total=2220.00): SC2_LecturerUnderload=2220|
[2025-05-30 18:13:55.547] PYTHON_PROGRESS: GA: Fitness (Total=2220.00): SC2_LecturerUnderload=2220|
[2025-05-30 18:13:55.565] PYTHON_PROGRESS: GA: ValidationFail HC2 (Event 27): Room 1 conflict at TS 2 for Course INS302901
[2025-05-30 18:13:55.581] PYTHON_PROGRESS: GA: Fitness (Total=2220.00): SC2_LecturerUnderload=2220|
[2025-05-30 18:13:55.841] PYTHON_PROGRESS: GA: Fitness (Total=2220.00): SC2_LecturerUnderload=2220|
[2025-05-30 18:13:55.863] PYTHON_PROGRESS: GA: ValidationFail HC2 (Event 18): Room 1 conflict at TS 6 for Course INS207402
[2025-05-30 18:13:56.108] PYTHON_PROGRESS: GA: Fitness (Total=2220.00): SC2_LecturerUnderload=2220|
[2025-05-30 18:13:56.276] PYTHON_PROGRESS: GA: Fitness (Total=2220.00): SC2_LecturerUnderload=2220|
[2025-05-30 18:13:56.292] PYTHON_PROGRESS: GA: Fitness (Total=2220.00): SC2_LecturerUnderload=2220|
[2025-05-30 18:13:56.292] PYTHON_PROGRESS: GA: Fitness (Total=2220.00): SC2_LecturerUnderload=2220|
[2025-05-30 18:13:56.376] PYTHON_PROGRESS: GA: Fitness (Total=2220.00): SC2_LecturerUnderload=2220|
[2025-05-30 18:13:56.408] PYTHON_PROGRESS: GA: Fitness (Total=2220.00): SC2_LecturerUnderload=2220|
[2025-05-30 18:13:56.412] PYTHON_PROGRESS: GA: End Gen 100/100: BestInGenPen=2220.00, OverallBestPen=2220.00
[2025-05-30 18:13:56.412] PYTHON_PROGRESS: GA: GA Evolution Finished. Final best penalty: 2220.00
[2025-05-30 18:13:56.412] PYTHON_PROGRESS: GA: Detailed Metrics Calculated: {'final_penalty_score': 2220.0, 'num_scheduled_events': 50, 'hard_constraints_violated_in_final_schedule': False, 'soft_constraints_details': {'lecturer_underload': {'count': 74, 'penalty_contribution': 2220.0}}}
[2025-05-30 18:13:56.412] PYTHON_PROGRESS: GA: Num events in best GA schedule: 50
[2025-05-30 18:13:56.412] PYTHON_PROGRESS: Progress: 95% complete - GA Stage Finished.
[2025-05-30 18:13:56.412] PYTHON_PROGRESS: ================================================================================
[2025-05-30 18:13:56.412] PYTHON_PROGRESS: =====                4. PYTHON: FINALIZING AND SAVING RESULTS                =====
[2025-05-30 18:13:56.412] PYTHON_PROGRESS: ================================================================================
[2025-05-30 18:13:56.412] PYTHON_PROGRESS: Python: Final Outcome: success_full_schedule_generated_py - Python: Schedule generation status: success_full_schedule_generated_py. Events: 50. GA penalty: 2220.00.
[2025-05-30 18:13:56.424] PYTHON_PROGRESS: Output data saved to: C:\xampp\htdocs\DSS\python_algorithm\output_data/final_schedule_output_20250530_131325_09dae3bf.json
[2025-05-30 18:13:56.424] PYTHON_PROGRESS: Progress: 100% complete - Python: Results finalized and saved.
[2025-05-30 18:13:56.424] PYTHON_PROGRESS: Python: Total script execution time: 29.370 seconds.
[2025-05-30 18:13:56.449] PYTHON_PROGRESS: --- PYTHON: END OF SCHEDULER SCRIPT EXECUTION ---
