[2025-05-30 17:31:09.217] PYTHON_PROGRESS: Progress log initialized by Python.
[2025-05-30 17:31:09.217] PYTHON_PROGRESS: Progress: 0% complete - Python Scheduler Process Started.
[2025-05-30 17:31:09.228] PYTHON_PROGRESS: ================================================================================
[2025-05-30 17:31:09.229] PYTHON_PROGRESS: =====               0. PYTHON: LOADING SCHEDULER CONFIGURATION               =====
[2025-05-30 17:31:09.229] PYTHON_PROGRESS: ================================================================================
[2025-05-30 17:31:09.232] PYTHON_PROGRESS: Python: Effective Configuration (excluding log path): {'semester_id_to_load': 1, 'cp_time_limit_seconds': 30, 'ga_population_size': 50, 'ga_generations': 100, 'ga_crossover_rate': 0.8, 'ga_mutation_rate': 0.2, 'ga_tournament_size': 5, 'ga_allow_hard_constraint_violations': True, 'priority_student_clash': 'medium', 'priority_lecturer_load_break': 'medium', 'priority_classroom_util': 'medium'}
[2025-05-30 17:31:09.232] PYTHON_PROGRESS: Python: Output will be saved to: output_data/final_schedule_output_20250530_123107_e3acf564.json
[2025-05-30 17:31:09.234] PYTHON_PROGRESS: Python: Progress log will be written to: C:\xampp\htdocs\DSS\python_algorithm\output_data/logs/scheduler_progress_20250530_123107_e3acf564.log
[2025-05-30 17:31:09.235] PYTHON_PROGRESS: Python: Parameters Parsed. SemesterID=1
[2025-05-30 17:31:09.235] PYTHON_PROGRESS: Progress: 5% complete - Configuration loaded.
[2025-05-30 17:31:09.235] PYTHON_PROGRESS: ================================================================================
[2025-05-30 17:31:09.235] PYTHON_PROGRESS: =====         1. PYTHON: LOADING & PREPROCESSING DATA - SEMESTER: 1          =====
[2025-05-30 17:31:09.235] PYTHON_PROGRESS: ================================================================================
[2025-05-30 17:31:09.301] PYTHON_PROGRESS: Python: Raw data loaded: 50 SchedClasses.
[2025-05-30 17:31:09.301] PYTHON_PROGRESS: Progress: 15% complete - Data loaded. Starting preprocessing.
[2025-05-30 17:31:09.301] PYTHON_PROGRESS: Python: Data preprocessed. 50 items for scheduling.
[2025-05-30 17:31:09.301] PYTHON_PROGRESS: Progress: 25% complete - Preprocessing finished.
[2025-05-30 17:31:09.301] PYTHON_PROGRESS: ================================================================================
[2025-05-30 17:31:09.301] PYTHON_PROGRESS: =====            2. PYTHON: SOLVING HARD CONSTRAINTS WITH CP-SAT             =====
[2025-05-30 17:31:09.301] PYTHON_PROGRESS: ================================================================================
[2025-05-30 17:31:09.301] PYTHON_PROGRESS: Python: Starting CP-SAT. Time limit: 30.0s.
[2025-05-30 17:31:09.301] PYTHON_PROGRESS: CP_SAT: CP-SAT Module Initialized.
[2025-05-30 17:31:09.301] PYTHON_PROGRESS: CP_SAT: Starting CP-SAT model solving process...
[2025-05-30 17:31:09.301] PYTHON_PROGRESS: CP_SAT: Starting pre-filtering and variable creation...
[2025-05-30 17:31:09.315] PYTHON_PROGRESS: CP_SAT: Pre-filter: 50 items are potentially schedulable and variables created.
[2025-05-30 17:31:09.316] PYTHON_PROGRESS: CP_SAT: Finished pre-filtering and variable creation.
[2025-05-30 17:31:09.316] PYTHON_PROGRESS: CP_SAT: Adding hard constraints to the model...
[2025-05-30 17:31:09.485] PYTHON_PROGRESS: CP_SAT: Added 25 HC1 (Lecturer-Timeslot) and 1225 HC2 (Classroom-Timeslot) constraints.
[2025-05-30 17:31:09.485] PYTHON_PROGRESS: CP_SAT: Added 0 HC3 (Instructor Unavailable Slots) constraints.
[2025-05-30 17:31:09.485] PYTHON_PROGRESS: CP_SAT: Finished adding hard constraints.
[2025-05-30 17:31:09.485] PYTHON_PROGRESS: CP_SAT: Time to build CP-SAT model for 50 items: 0.18s.
[2025-05-30 17:31:09.485] PYTHON_PROGRESS: CP_SAT: Solver starting... Time limit: 30.0s. Solving for 50 items.
[2025-05-30 17:31:10.955] PYTHON_PROGRESS: CP_SAT: Solver finished in 1.47s. Status: OPTIMAL
[2025-05-30 17:31:10.956] PYTHON_PROGRESS: CP_SAT: Solver found a FEASIBLE or OPTIMAL solution. Extracting schedule...
[2025-05-30 17:31:10.957] PYTHON_PROGRESS: CP_SAT: Finished processing solver results. Extracted 50 fully scheduled items.
[2025-05-30 17:31:10.958] PYTHON_PROGRESS: CP_SAT: Successfully scheduled all 50 targeted items.
[2025-05-30 17:31:10.958] PYTHON_PROGRESS: CP_SAT: CP-SAT model solving process ended. Returning 50 actual scheduled items.
[2025-05-30 17:31:10.960] PYTHON_PROGRESS: CP-SAT found solution with 50 events. Status: OPTIMAL.
[2025-05-30 17:31:10.963] PYTHON_PROGRESS: Output data saved to: C:\xampp\htdocs\DSS\python_algorithm\output_data/cp_debug_solution_20250530_123107_e3acf564.json
[2025-05-30 17:31:10.964] PYTHON_PROGRESS: Progress: 50% complete - CP-SAT Stage Finished.
[2025-05-30 17:31:10.965] PYTHON_PROGRESS: ================================================================================
[2025-05-30 17:31:10.966] PYTHON_PROGRESS: =====     3. PYTHON: OPTIMIZING SOFT CONSTRAINTS WITH GENETIC ALGORITHM      =====
[2025-05-30 17:31:10.966] PYTHON_PROGRESS: ================================================================================
[2025-05-30 17:31:10.967] PYTHON_PROGRESS: Python: Starting GA. Pop: 50, Gens: 100.
[2025-05-30 17:31:10.967] PYTHON_PROGRESS: GA: Initializing GeneticAlgorithmScheduler...
[2025-05-30 17:31:10.969] PYTHON_PROGRESS: GA: GA courses_catalog_map initialized. Number of entries: 55
[2025-05-30 17:31:10.969] PYTHON_PROGRESS: GA:   DEBUG CHECK: Problematic ID 'INS328003' IS PRESENT in self.courses_catalog (Name: Data Preparation and Visualization).
[2025-05-30 17:31:10.970] PYTHON_PROGRESS: GA:   DEBUG CHECK: Problematic ID 'INE105102' IS PRESENT in self.courses_catalog (Name: Macroeconomics).
[2025-05-30 17:31:10.970] PYTHON_PROGRESS: GA:   DEBUG CHECK: Problematic ID 'INS327102' IS PRESENT in self.courses_catalog (Name: International Accounting).
[2025-05-30 17:31:10.971] PYTHON_PROGRESS: GA:   DEBUG CHECK: Problematic ID 'INS325101' IS PRESENT in self.courses_catalog (Name: Taxation).
[2025-05-30 17:31:10.972] PYTHON_PROGRESS: GA:   DEBUG CHECK: Problematic ID 'PEC100802' IS PRESENT in self.courses_catalog (Name: Marx Leninist Political Economy).
[2025-05-30 17:31:10.972] PYTHON_PROGRESS: GA:   DEBUG CHECK: Problematic ID 'INS303002' IS PRESENT in self.courses_catalog (Name: Financial Statement Analysis).
[2025-05-30 17:31:10.973] PYTHON_PROGRESS: GA:   DEBUG CHECK: All previously problematic IDs checked ARE NOW PRESENT in self.courses_catalog.
[2025-05-30 17:31:10.973] PYTHON_PROGRESS: GA: GA Initialized. PopSize=50, Gens=100, AllowHCViolations=True
[2025-05-30 17:31:10.974] PYTHON_PROGRESS: GA: Settings: StudentClashPenalty=1000.0, LecturerOverloadPenalty=50.0, LecturerMinPeriods=4
[2025-05-30 17:31:10.974] PYTHON_PROGRESS: GA: Attempting to initialize GA population...
[2025-05-30 17:31:10.975] PYTHON_PROGRESS: GA: Initializing population...
[2025-05-30 17:31:10.975] PYTHON_PROGRESS: GA: Processing 1 schedule(s) from CP input.
[2025-05-30 17:31:10.977] PYTHON_PROGRESS: GA: Cloning 1 valid schedule(s) to reach population size 50.
[2025-05-30 17:31:11.011] PYTHON_PROGRESS: GA: Successfully initialized population with 50 individuals.
[2025-05-30 17:31:11.012] PYTHON_PROGRESS: GA: Evaluating initial population for GA...
[2025-05-30 17:31:11.094] PYTHON_PROGRESS: GA: Fitness (Total=29220.00): SC1_StudentClash=27000|SC2_LecturerUnderload=2220|
[2025-05-30 17:31:11.112] PYTHON_PROGRESS: GA: Fitness (Total=29220.00): SC1_StudentClash=27000|SC2_LecturerUnderload=2220|
[2025-05-30 17:31:11.134] PYTHON_PROGRESS: GA: Fitness (Total=29220.00): SC1_StudentClash=27000|SC2_LecturerUnderload=2220|
[2025-05-30 17:31:11.140] PYTHON_PROGRESS: GA: Fitness (Total=29220.00): SC1_StudentClash=27000|SC2_LecturerUnderload=2220|
[2025-05-30 17:31:11.198] PYTHON_PROGRESS: GA: GA evolution started. PopSize: 50. Gens: 100.
[2025-05-30 17:31:11.199] PYTHON_PROGRESS: GA: Initial best penalty: 29220.00 for sched with 50 events.
[2025-05-30 17:31:11.397] PYTHON_PROGRESS: GA: Fitness (Total=29220.00): SC1_StudentClash=27000|SC2_LecturerUnderload=2220|
[2025-05-30 17:31:11.401] PYTHON_PROGRESS: GA: ValidationFail HC1 (Event 24): Lect 18 conflict at TS 3 for Course INS301603
[2025-05-30 17:31:11.433] PYTHON_PROGRESS: GA: ValidationFail HC1 (Event 43): Lect 38 conflict at TS 4 for Course INS327102
[2025-05-30 17:31:11.469] PYTHON_PROGRESS: GA: End Gen 1/100: BestInGenPen=29220.00, OverallBestPen=29220.00
[2025-05-30 17:31:11.637] PYTHON_PROGRESS: GA: ValidationFail HC2 (Event 41): Room 23 conflict at TS 3 for Course INS325101
[2025-05-30 17:31:11.734] PYTHON_PROGRESS: GA: Fitness (Total=29220.00): SC1_StudentClash=27000|SC2_LecturerUnderload=2220|
[2025-05-30 17:31:11.747] PYTHON_PROGRESS: GA: ValidationFail HC2 (Event 40): Room 14 conflict at TS 1 for Course INS323702
[2025-05-30 17:31:11.901] PYTHON_PROGRESS: GA: ValidationFail HC2 (Event 49): Room 23 conflict at TS 1 for Course RUS500201
[2025-05-30 17:31:11.901] PYTHON_PROGRESS: GA: ValidationFail HC2 (Event 36): Room 13 conflict at TS 2 for Course INS309701
[2025-05-30 17:31:12.016] PYTHON_PROGRESS: GA: Fitness (Total=25220.00): SC1_StudentClash=23000|SC2_LecturerUnderload=2220|
[2025-05-30 17:31:12.018] PYTHON_PROGRESS: GA: Fitness (Total=29220.00): SC1_StudentClash=27000|SC2_LecturerUnderload=2220|
[2025-05-30 17:31:12.244] PYTHON_PROGRESS: GA: Fitness (Total=25220.00): SC1_StudentClash=23000|SC2_LecturerUnderload=2220|
[2025-05-30 17:31:12.263] PYTHON_PROGRESS: GA: ValidationFail HC2 (Event 44): Room 18 conflict at TS 1 for Course INS328003
[2025-05-30 17:31:12.296] PYTHON_PROGRESS: GA: Fitness (Total=25220.00): SC1_StudentClash=23000|SC2_LecturerUnderload=2220|
[2025-05-30 17:31:12.450] PYTHON_PROGRESS: GA: Fitness (Total=26220.00): SC1_StudentClash=24000|SC2_LecturerUnderload=2220|
[2025-05-30 17:31:12.450] PYTHON_PROGRESS: GA: ValidationFail HC2 (Event 21): Room 2 conflict at TS 5 for Course INS211102
[2025-05-30 17:31:12.461] PYTHON_PROGRESS: GA: Fitness (Total=23220.00): SC1_StudentClash=21000|SC2_LecturerUnderload=2220|
[2025-05-30 17:31:12.501] PYTHON_PROGRESS: GA: Fitness (Total=25220.00): SC1_StudentClash=23000|SC2_LecturerUnderload=2220|
[2025-05-30 17:31:12.523] PYTHON_PROGRESS: GA: Fitness (Total=20220.00): SC1_StudentClash=18000|SC2_LecturerUnderload=2220|
[2025-05-30 17:31:12.533] PYTHON_PROGRESS: GA: Fitness (Total=22220.00): SC1_StudentClash=20000|SC2_LecturerUnderload=2220|
[2025-05-30 17:31:12.551] PYTHON_PROGRESS: GA: ValidationFail HC2 (Event 44): Room 6 conflict at TS 1 for Course INS328003
[2025-05-30 17:31:12.567] PYTHON_PROGRESS: GA: Fitness (Total=24220.00): SC1_StudentClash=22000|SC2_LecturerUnderload=2220|
[2025-05-30 17:31:12.601] PYTHON_PROGRESS: GA: Fitness (Total=23220.00): SC1_StudentClash=21000|SC2_LecturerUnderload=2220|
[2025-05-30 17:31:12.601] PYTHON_PROGRESS: GA: Fitness (Total=23220.00): SC1_StudentClash=21000|SC2_LecturerUnderload=2220|
[2025-05-30 17:31:12.780] PYTHON_PROGRESS: GA: Fitness (Total=21220.00): SC1_StudentClash=19000|SC2_LecturerUnderload=2220|
[2025-05-30 17:31:12.784] PYTHON_PROGRESS: GA: ValidationFail HC2 (Event 11): Room 12 conflict at TS 3 for Course INS200903
[2025-05-30 17:31:12.851] PYTHON_PROGRESS: GA: ValidationFail HC2 (Event 32): Room 8 conflict at TS 1 for Course INS306603
[2025-05-30 17:31:13.051] PYTHON_PROGRESS: GA: ValidationFail HC2 (Event 16): Room 11 conflict at TS 3 for Course INS203702
[2025-05-30 17:31:13.117] PYTHON_PROGRESS: GA: ValidationFail HC1 (Event 11): Lect 18 conflict at TS 4 for Course INS200903
[2025-05-30 17:31:13.134] PYTHON_PROGRESS: GA: Fitness (Total=20220.00): SC1_StudentClash=18000|SC2_LecturerUnderload=2220|
[2025-05-30 17:31:13.147] PYTHON_PROGRESS: GA: ValidationFail HC2 (Event 32): Room 21 conflict at TS 1 for Course INS306603
[2025-05-30 17:31:13.284] PYTHON_PROGRESS: GA: Fitness (Total=17220.00): SC1_StudentClash=15000|SC2_LecturerUnderload=2220|
[2025-05-30 17:31:13.333] PYTHON_PROGRESS: GA: Fitness (Total=17220.00): SC1_StudentClash=15000|SC2_LecturerUnderload=2220|
[2025-05-30 17:31:13.350] PYTHON_PROGRESS: GA: Fitness (Total=20220.00): SC1_StudentClash=18000|SC2_LecturerUnderload=2220|
[2025-05-30 17:31:13.383] PYTHON_PROGRESS: GA: ValidationFail HC2 (Event 20): Room 14 conflict at TS 2 for Course INS210902
[2025-05-30 17:31:13.383] PYTHON_PROGRESS: GA: ValidationFail HC2 (Event 42): Room 21 conflict at TS 1 for Course INS325201
[2025-05-30 17:31:13.394] PYTHON_PROGRESS: GA: ValidationFail HC2 (Event 41): Room 14 conflict at TS 3 for Course INS325101
[2025-05-30 17:31:13.400] PYTHON_PROGRESS: GA: ValidationFail HC2 (Event 36): Room 20 conflict at TS 2 for Course INS309701
[2025-05-30 17:31:13.600] PYTHON_PROGRESS: GA: ValidationFail HC2 (Event 42): Room 6 conflict at TS 1 for Course INS325201
[2025-05-30 17:31:13.600] PYTHON_PROGRESS: GA: ValidationFail HC1 (Event 24): Lect 18 conflict at TS 16 for Course INS301603
[2025-05-30 17:31:13.630] PYTHON_PROGRESS: GA: ValidationFail HC2 (Event 45): Room 19 conflict at TS 1 for Course MAT100501
[2025-05-30 17:31:13.646] PYTHON_PROGRESS: GA: Fitness (Total=19220.00): SC1_StudentClash=17000|SC2_LecturerUnderload=2220|
[2025-05-30 17:31:13.664] PYTHON_PROGRESS: GA: ValidationFail HC2 (Event 44): Room 14 conflict at TS 1 for Course INS328003
[2025-05-30 17:31:13.666] PYTHON_PROGRESS: GA: Fitness (Total=17220.00): SC1_StudentClash=15000|SC2_LecturerUnderload=2220|
[2025-05-30 17:31:13.684] PYTHON_PROGRESS: GA: ValidationFail HC2 (Event 21): Room 13 conflict at TS 2 for Course INS211102
[2025-05-30 17:31:13.700] PYTHON_PROGRESS: GA: ValidationFail HC1 (Event 11): Lect 18 conflict at TS 3 for Course INS200903
[2025-05-30 17:31:13.834] PYTHON_PROGRESS: GA: Fitness (Total=18220.00): SC1_StudentClash=16000|SC2_LecturerUnderload=2220|
[2025-05-30 17:31:13.913] PYTHON_PROGRESS: GA: ValidationFail HC2 (Event 26): Room 5 conflict at TS 2 for Course INS302803
[2025-05-30 17:31:13.934] PYTHON_PROGRESS: GA: Fitness (Total=17220.00): SC1_StudentClash=15000|SC2_LecturerUnderload=2220|
[2025-05-30 17:31:13.981] PYTHON_PROGRESS: GA: End Gen 10/100: BestInGenPen=14220.00, OverallBestPen=14220.00
[2025-05-30 17:31:14.122] PYTHON_PROGRESS: GA: ValidationFail HC2 (Event 20): Room 15 conflict at TS 2 for Course INS210902
[2025-05-30 17:31:14.150] PYTHON_PROGRESS: GA: Fitness (Total=15220.00): SC1_StudentClash=13000|SC2_LecturerUnderload=2220|
[2025-05-30 17:31:14.411] PYTHON_PROGRESS: GA: ValidationFail HC2 (Event 26): Room 5 conflict at TS 2 for Course INS302803
[2025-05-30 17:31:14.411] PYTHON_PROGRESS: GA: ValidationFail HC2 (Event 43): Room 23 conflict at TS 3 for Course INS327102
[2025-05-30 17:31:14.427] PYTHON_PROGRESS: GA: ValidationFail HC2 (Event 46): Room 20 conflict at TS 1 for Course MAT109204
[2025-05-30 17:31:14.479] PYTHON_PROGRESS: GA: ValidationFail HC2 (Event 34): Room 10 conflict at TS 1 for Course INS307403
[2025-05-30 17:31:14.662] PYTHON_PROGRESS: GA: Fitness (Total=14220.00): SC1_StudentClash=12000|SC2_LecturerUnderload=2220|
[2025-05-30 17:31:14.678] PYTHON_PROGRESS: GA: ValidationFail HC2 (Event 38): Room 23 conflict at TS 2 for Course INS315201
[2025-05-30 17:31:14.695] PYTHON_PROGRESS: GA: Fitness (Total=13220.00): SC1_StudentClash=11000|SC2_LecturerUnderload=2220|
[2025-05-30 17:31:14.695] PYTHON_PROGRESS: GA: ValidationFail HC2 (Event 40): Room 14 conflict at TS 1 for Course INS323702
[2025-05-30 17:31:14.945] PYTHON_PROGRESS: GA: Fitness (Total=12220.00): SC1_StudentClash=10000|SC2_LecturerUnderload=2220|
[2025-05-30 17:31:14.962] PYTHON_PROGRESS: GA: Fitness (Total=11220.00): SC1_StudentClash=9000|SC2_LecturerUnderload=2220|
[2025-05-30 17:31:14.996] PYTHON_PROGRESS: GA: ValidationFail HC2 (Event 32): Room 8 conflict at TS 1 for Course INS306603
[2025-05-30 17:31:15.008] PYTHON_PROGRESS: GA: Fitness (Total=13220.00): SC1_StudentClash=11000|SC2_LecturerUnderload=2220|
[2025-05-30 17:31:15.012] PYTHON_PROGRESS: GA: Fitness (Total=11220.00): SC1_StudentClash=9000|SC2_LecturerUnderload=2220|
[2025-05-30 17:31:15.078] PYTHON_PROGRESS: GA: Fitness (Total=11220.00): SC1_StudentClash=9000|SC2_LecturerUnderload=2220|
[2025-05-30 17:31:15.295] PYTHON_PROGRESS: GA: Fitness (Total=9220.00): SC1_StudentClash=7000|SC2_LecturerUnderload=2220|
[2025-05-30 17:31:15.328] PYTHON_PROGRESS: GA: Fitness (Total=11220.00): SC1_StudentClash=9000|SC2_LecturerUnderload=2220|
[2025-05-30 17:31:15.346] PYTHON_PROGRESS: GA: Fitness (Total=11220.00): SC1_StudentClash=9000|SC2_LecturerUnderload=2220|
[2025-05-30 17:31:15.350] PYTHON_PROGRESS: GA: Fitness (Total=10220.00): SC1_StudentClash=8000|SC2_LecturerUnderload=2220|
[2025-05-30 17:31:15.362] PYTHON_PROGRESS: GA: Fitness (Total=11220.00): SC1_StudentClash=9000|SC2_LecturerUnderload=2220|
[2025-05-30 17:31:15.519] PYTHON_PROGRESS: GA: Fitness (Total=10220.00): SC1_StudentClash=8000|SC2_LecturerUnderload=2220|
[2025-05-30 17:31:15.526] PYTHON_PROGRESS: GA: Fitness (Total=9220.00): SC1_StudentClash=7000|SC2_LecturerUnderload=2220|
[2025-05-30 17:31:15.531] PYTHON_PROGRESS: GA: Fitness (Total=10220.00): SC1_StudentClash=8000|SC2_LecturerUnderload=2220|
[2025-05-30 17:31:15.611] PYTHON_PROGRESS: GA: ValidationFail HC2 (Event 22): Room 17 conflict at TS 2 for Course INS300202
[2025-05-30 17:31:15.811] PYTHON_PROGRESS: GA: Fitness (Total=9220.00): SC1_StudentClash=7000|SC2_LecturerUnderload=2220|
[2025-05-30 17:31:15.828] PYTHON_PROGRESS: GA: Fitness (Total=10220.00): SC1_StudentClash=8000|SC2_LecturerUnderload=2220|
[2025-05-30 17:31:15.878] PYTHON_PROGRESS: GA: Fitness (Total=9220.00): SC1_StudentClash=7000|SC2_LecturerUnderload=2220|
[2025-05-30 17:31:15.878] PYTHON_PROGRESS: GA: ValidationFail HC2 (Event 24): Room 4 conflict at TS 1 for Course INS301603
[2025-05-30 17:31:16.116] PYTHON_PROGRESS: GA: Fitness (Total=9220.00): SC1_StudentClash=7000|SC2_LecturerUnderload=2220|
[2025-05-30 17:31:16.145] PYTHON_PROGRESS: GA: ValidationFail HC2 (Event 46): Room 21 conflict at TS 1 for Course MAT109204
[2025-05-30 17:31:16.212] PYTHON_PROGRESS: GA: Fitness (Total=9220.00): SC1_StudentClash=7000|SC2_LecturerUnderload=2220|
[2025-05-30 17:31:16.226] PYTHON_PROGRESS: GA: ValidationFail HC2 (Event 21): Room 2 conflict at TS 4 for Course INS211102
[2025-05-30 17:31:16.396] PYTHON_PROGRESS: GA: ValidationFail HC2 (Event 18): Room 1 conflict at TS 8 for Course INS207402
[2025-05-30 17:31:16.427] PYTHON_PROGRESS: GA: Fitness (Total=7220.00): SC1_StudentClash=5000|SC2_LecturerUnderload=2220|
[2025-05-30 17:31:16.500] PYTHON_PROGRESS: GA: ValidationFail HC1 (Event 22): Lect 18 conflict at TS 2 for Course INS300202
[2025-05-30 17:31:16.644] PYTHON_PROGRESS: GA: ValidationFail HC2 (Event 44): Room 18 conflict at TS 10 for Course INS328003
[2025-05-30 17:31:16.677] PYTHON_PROGRESS: GA: ValidationFail HC2 (Event 38): Room 23 conflict at TS 2 for Course INS315201
[2025-05-30 17:31:16.761] PYTHON_PROGRESS: GA: Fitness (Total=6220.00): SC1_StudentClash=4000|SC2_LecturerUnderload=2220|
[2025-05-30 17:31:16.778] PYTHON_PROGRESS: GA: End Gen 20/100: BestInGenPen=6220.00, OverallBestPen=6220.00
[2025-05-30 17:31:16.927] PYTHON_PROGRESS: GA: ValidationFail HC2 (Event 9): Room 23 conflict at TS 3 for Course INE306001
[2025-05-30 17:31:16.927] PYTHON_PROGRESS: GA: ValidationFail HC2 (Event 17): Room 1 conflict at TS 7 for Course INS207303
[2025-05-30 17:31:16.944] PYTHON_PROGRESS: GA: Fitness (Total=7220.00): SC1_StudentClash=5000|SC2_LecturerUnderload=2220|
[2025-05-30 17:31:16.961] PYTHON_PROGRESS: GA: Fitness (Total=7220.00): SC1_StudentClash=5000|SC2_LecturerUnderload=2220|
[2025-05-30 17:31:17.063] PYTHON_PROGRESS: GA: ValidationFail HC1 (Event 22): Lect 18 conflict at TS 4 for Course INS300202
[2025-05-30 17:31:17.077] PYTHON_PROGRESS: GA: ValidationFail HC2 (Event 21): Room 17 conflict at TS 2 for Course INS211102
[2025-05-30 17:31:17.233] PYTHON_PROGRESS: GA: Fitness (Total=7220.00): SC1_StudentClash=5000|SC2_LecturerUnderload=2220|
[2025-05-30 17:31:17.249] PYTHON_PROGRESS: GA: ValidationFail HC2 (Event 38): Room 4 conflict at TS 2 for Course INS315201
[2025-05-30 17:31:17.258] PYTHON_PROGRESS: GA: Fitness (Total=6220.00): SC1_StudentClash=4000|SC2_LecturerUnderload=2220|
[2025-05-30 17:31:17.533] PYTHON_PROGRESS: GA: Fitness (Total=6220.00): SC1_StudentClash=4000|SC2_LecturerUnderload=2220|
[2025-05-30 17:31:17.566] PYTHON_PROGRESS: GA: Fitness (Total=6220.00): SC1_StudentClash=4000|SC2_LecturerUnderload=2220|
[2025-05-30 17:31:17.596] PYTHON_PROGRESS: GA: Fitness (Total=6220.00): SC1_StudentClash=4000|SC2_LecturerUnderload=2220|
[2025-05-30 17:31:17.616] PYTHON_PROGRESS: GA: ValidationFail HC1 (Event 24): Lect 18 conflict at TS 2 for Course INS301603
[2025-05-30 17:31:17.779] PYTHON_PROGRESS: GA: Fitness (Total=5220.00): SC1_StudentClash=3000|SC2_LecturerUnderload=2220|
[2025-05-30 17:31:17.811] PYTHON_PROGRESS: GA: Fitness (Total=6220.00): SC1_StudentClash=4000|SC2_LecturerUnderload=2220|
[2025-05-30 17:31:17.899] PYTHON_PROGRESS: GA: Fitness (Total=5220.00): SC1_StudentClash=3000|SC2_LecturerUnderload=2220|
[2025-05-30 17:31:18.071] PYTHON_PROGRESS: GA: Fitness (Total=5220.00): SC1_StudentClash=3000|SC2_LecturerUnderload=2220|
[2025-05-30 17:31:18.071] PYTHON_PROGRESS: GA: ValidationFail HC1 (Event 20): Lect 19 conflict at TS 3 for Course INS210902
[2025-05-30 17:31:18.075] PYTHON_PROGRESS: GA: Fitness (Total=6220.00): SC1_StudentClash=4000|SC2_LecturerUnderload=2220|
[2025-05-30 17:31:18.128] PYTHON_PROGRESS: GA: ValidationFail HC2 (Event 24): Room 3 conflict at TS 1 for Course INS301603
[2025-05-30 17:31:18.138] PYTHON_PROGRESS: GA: Fitness (Total=5220.00): SC1_StudentClash=3000|SC2_LecturerUnderload=2220|
[2025-05-30 17:31:18.167] PYTHON_PROGRESS: GA: Fitness (Total=5220.00): SC1_StudentClash=3000|SC2_LecturerUnderload=2220|
[2025-05-30 17:31:18.344] PYTHON_PROGRESS: GA: Fitness (Total=5220.00): SC1_StudentClash=3000|SC2_LecturerUnderload=2220|
[2025-05-30 17:31:18.364] PYTHON_PROGRESS: GA: ValidationFail HC2 (Event 36): Room 13 conflict at TS 2 for Course INS309701
[2025-05-30 17:31:18.368] PYTHON_PROGRESS: GA: Fitness (Total=5220.00): SC1_StudentClash=3000|SC2_LecturerUnderload=2220|
[2025-05-30 17:31:18.465] PYTHON_PROGRESS: GA: Fitness (Total=4220.00): SC1_StudentClash=2000|SC2_LecturerUnderload=2220|
[2025-05-30 17:31:18.612] PYTHON_PROGRESS: GA: Fitness (Total=4220.00): SC1_StudentClash=2000|SC2_LecturerUnderload=2220|
[2025-05-30 17:31:18.627] PYTHON_PROGRESS: GA: ValidationFail HC2 (Event 42): Room 3 conflict at TS 1 for Course INS325201
[2025-05-30 17:31:18.632] PYTHON_PROGRESS: GA: Fitness (Total=4220.00): SC1_StudentClash=2000|SC2_LecturerUnderload=2220|
[2025-05-30 17:31:18.663] PYTHON_PROGRESS: GA: Fitness (Total=4220.00): SC1_StudentClash=2000|SC2_LecturerUnderload=2220|
[2025-05-30 17:31:18.698] PYTHON_PROGRESS: GA: ValidationFail HC2 (Event 36): Room 20 conflict at TS 2 for Course INS309701
[2025-05-30 17:31:18.915] PYTHON_PROGRESS: GA: Fitness (Total=4220.00): SC1_StudentClash=2000|SC2_LecturerUnderload=2220|
[2025-05-30 17:31:18.943] PYTHON_PROGRESS: GA: Fitness (Total=4220.00): SC1_StudentClash=2000|SC2_LecturerUnderload=2220|
[2025-05-30 17:31:18.946] PYTHON_PROGRESS: GA: Fitness (Total=4220.00): SC1_StudentClash=2000|SC2_LecturerUnderload=2220|
[2025-05-30 17:31:18.962] PYTHON_PROGRESS: GA: ValidationFail HC2 (Event 32): Room 8 conflict at TS 9 for Course INS306603
[2025-05-30 17:31:19.015] PYTHON_PROGRESS: GA: Fitness (Total=4220.00): SC1_StudentClash=2000|SC2_LecturerUnderload=2220|
[2025-05-30 17:31:19.251] PYTHON_PROGRESS: GA: ValidationFail HC2 (Event 17): Room 1 conflict at TS 7 for Course INS207303
[2025-05-30 17:31:19.282] PYTHON_PROGRESS: GA: ValidationFail HC1 (Event 22): Lect 18 conflict at TS 2 for Course INS300202
[2025-05-30 17:31:19.294] PYTHON_PROGRESS: GA: Fitness (Total=4220.00): SC1_StudentClash=2000|SC2_LecturerUnderload=2220|
[2025-05-30 17:31:19.299] PYTHON_PROGRESS: GA: ValidationFail HC2 (Event 17): Room 1 conflict at TS 8 for Course INS207303
[2025-05-30 17:31:19.432] PYTHON_PROGRESS: GA: ValidationFail HC2 (Event 46): Room 20 conflict at TS 1 for Course MAT109204
[2025-05-30 17:31:19.499] PYTHON_PROGRESS: GA: Fitness (Total=3220.00): SC1_StudentClash=1000|SC2_LecturerUnderload=2220|
[2025-05-30 17:31:19.526] PYTHON_PROGRESS: GA: Fitness (Total=4220.00): SC1_StudentClash=2000|SC2_LecturerUnderload=2220|
[2025-05-30 17:31:19.576] PYTHON_PROGRESS: GA: End Gen 30/100: BestInGenPen=3220.00, OverallBestPen=3220.00
[2025-05-30 17:31:19.727] PYTHON_PROGRESS: GA: ValidationFail HC2 (Event 27): Room 17 conflict at TS 13 for Course INS302901
[2025-05-30 17:31:19.781] PYTHON_PROGRESS: GA: ValidationFail HC2 (Event 27): Room 17 conflict at TS 13 for Course INS302901
[2025-05-30 17:31:19.825] PYTHON_PROGRESS: GA: ValidationFail HC2 (Event 25): Room 12 conflict at TS 10 for Course INS30201
[2025-05-30 17:31:19.842] PYTHON_PROGRESS: GA: Fitness (Total=4220.00): SC1_StudentClash=2000|SC2_LecturerUnderload=2220|
[2025-05-30 17:31:20.049] PYTHON_PROGRESS: GA: ValidationFail HC2 (Event 37): Room 12 conflict at TS 16 for Course INS315101
[2025-05-30 17:31:20.053] PYTHON_PROGRESS: GA: ValidationFail HC2 (Event 27): Room 17 conflict at TS 13 for Course INS302901
[2025-05-30 17:31:20.060] PYTHON_PROGRESS: GA: Fitness (Total=3220.00): SC1_StudentClash=1000|SC2_LecturerUnderload=2220|
[2025-05-30 17:31:20.113] PYTHON_PROGRESS: GA: ValidationFail HC2 (Event 27): Room 17 conflict at TS 13 for Course INS302901
[2025-05-30 17:31:20.126] PYTHON_PROGRESS: GA: Fitness (Total=3220.00): SC1_StudentClash=1000|SC2_LecturerUnderload=2220|
[2025-05-30 17:31:20.131] PYTHON_PROGRESS: GA: Fitness (Total=3220.00): SC1_StudentClash=1000|SC2_LecturerUnderload=2220|
[2025-05-30 17:31:20.332] PYTHON_PROGRESS: GA: Fitness (Total=3220.00): SC1_StudentClash=1000|SC2_LecturerUnderload=2220|
[2025-05-30 17:31:20.607] PYTHON_PROGRESS: GA: Fitness (Total=3220.00): SC1_StudentClash=1000|SC2_LecturerUnderload=2220|
[2025-05-30 17:31:20.640] PYTHON_PROGRESS: GA: ValidationFail HC2 (Event 21): Room 2 conflict at TS 8 for Course INS211102
[2025-05-30 17:31:20.742] PYTHON_PROGRESS: GA: Fitness (Total=3220.00): SC1_StudentClash=1000|SC2_LecturerUnderload=2220|
[2025-05-30 17:31:20.942] PYTHON_PROGRESS: GA: Fitness (Total=3220.00): SC1_StudentClash=1000|SC2_LecturerUnderload=2220|
[2025-05-30 17:31:20.976] PYTHON_PROGRESS: GA: ValidationFail HC2 (Event 43): Room 15 conflict at TS 3 for Course INS327102
[2025-05-30 17:31:21.025] PYTHON_PROGRESS: GA: Fitness (Total=3220.00): SC1_StudentClash=1000|SC2_LecturerUnderload=2220|
[2025-05-30 17:31:21.191] PYTHON_PROGRESS: GA: Fitness (Total=3220.00): SC1_StudentClash=1000|SC2_LecturerUnderload=2220|
[2025-05-30 17:31:21.192] PYTHON_PROGRESS: GA: Fitness (Total=3220.00): SC1_StudentClash=1000|SC2_LecturerUnderload=2220|
[2025-05-30 17:31:21.259] PYTHON_PROGRESS: GA: ValidationFail HC2 (Event 27): Room 17 conflict at TS 13 for Course INS302901
[2025-05-30 17:31:21.275] PYTHON_PROGRESS: GA: Fitness (Total=4220.00): SC1_StudentClash=2000|SC2_LecturerUnderload=2220|
[2025-05-30 17:31:21.475] PYTHON_PROGRESS: GA: ValidationFail HC1 (Event 43): Lect 38 conflict at TS 4 for Course INS327102
[2025-05-30 17:31:21.508] PYTHON_PROGRESS: GA: ValidationFail HC1 (Event 11): Lect 18 conflict at TS 4 for Course INS200903
[2025-05-30 17:31:21.525] PYTHON_PROGRESS: GA: ValidationFail HC2 (Event 39): Room 13 conflict at TS 1 for Course INS318901
[2025-05-30 17:31:21.527] PYTHON_PROGRESS: GA: Fitness (Total=2220.00): SC2_LecturerUnderload=2220|
[2025-05-30 17:31:21.725] PYTHON_PROGRESS: GA: Fitness (Total=2220.00): SC2_LecturerUnderload=2220|
[2025-05-30 17:31:21.753] PYTHON_PROGRESS: GA: Fitness (Total=2220.00): SC2_LecturerUnderload=2220|
[2025-05-30 17:31:21.761] PYTHON_PROGRESS: GA: Fitness (Total=2220.00): SC2_LecturerUnderload=2220|
[2025-05-30 17:31:21.825] PYTHON_PROGRESS: GA: Fitness (Total=2220.00): SC2_LecturerUnderload=2220|
[2025-05-30 17:31:21.858] PYTHON_PROGRESS: GA: Fitness (Total=2220.00): SC2_LecturerUnderload=2220|
[2025-05-30 17:31:22.008] PYTHON_PROGRESS: GA: Fitness (Total=2220.00): SC2_LecturerUnderload=2220|
[2025-05-30 17:31:22.092] PYTHON_PROGRESS: GA: Fitness (Total=2220.00): SC2_LecturerUnderload=2220|
[2025-05-30 17:31:22.108] PYTHON_PROGRESS: GA: Fitness (Total=2220.00): SC2_LecturerUnderload=2220|
[2025-05-30 17:31:22.276] PYTHON_PROGRESS: GA: Fitness (Total=2220.00): SC2_LecturerUnderload=2220|
[2025-05-30 17:31:22.354] PYTHON_PROGRESS: GA: Fitness (Total=2220.00): SC2_LecturerUnderload=2220|
[2025-05-30 17:31:22.376] PYTHON_PROGRESS: GA: Fitness (Total=2220.00): SC2_LecturerUnderload=2220|
[2025-05-30 17:31:22.395] PYTHON_PROGRESS: GA: Fitness (Total=2220.00): SC2_LecturerUnderload=2220|
[2025-05-30 17:31:22.427] PYTHON_PROGRESS: GA: End Gen 40/100: BestInGenPen=2220.00, OverallBestPen=2220.00
[2025-05-30 17:31:22.564] PYTHON_PROGRESS: GA: ValidationFail HC2 (Event 48): Room 9 conflict at TS 1 for Course PHI100201
[2025-05-30 17:31:22.576] PYTHON_PROGRESS: GA: Fitness (Total=2220.00): SC2_LecturerUnderload=2220|
[2025-05-30 17:31:22.647] PYTHON_PROGRESS: GA: Fitness (Total=2220.00): SC2_LecturerUnderload=2220|
[2025-05-30 17:31:22.691] PYTHON_PROGRESS: GA: ValidationFail HC2 (Event 32): Room 1 conflict at TS 9 for Course INS306603
[2025-05-30 17:31:22.925] PYTHON_PROGRESS: GA: ValidationFail HC2 (Event 35): Room 11 conflict at TS 5 for Course INS308001
[2025-05-30 17:31:22.942] PYTHON_PROGRESS: GA: Fitness (Total=2220.00): SC2_LecturerUnderload=2220|
[2025-05-30 17:31:23.118] PYTHON_PROGRESS: GA: Fitness (Total=2220.00): SC2_LecturerUnderload=2220|
[2025-05-30 17:31:23.134] PYTHON_PROGRESS: GA: Fitness (Total=2220.00): SC2_LecturerUnderload=2220|
[2025-05-30 17:31:23.149] PYTHON_PROGRESS: GA: ValidationFail HC2 (Event 38): Room 22 conflict at TS 2 for Course INS315201
[2025-05-30 17:31:23.181] PYTHON_PROGRESS: GA: Fitness (Total=2220.00): SC2_LecturerUnderload=2220|
[2025-05-30 17:31:23.181] PYTHON_PROGRESS: GA: ValidationFail HC2 (Event 14): Room 1 conflict at TS 11 for Course INS201502
[2025-05-30 17:31:23.204] PYTHON_PROGRESS: GA: Fitness (Total=2220.00): SC2_LecturerUnderload=2220|
[2025-05-30 17:31:23.207] PYTHON_PROGRESS: GA: Fitness (Total=2220.00): SC2_LecturerUnderload=2220|
[2025-05-30 17:31:23.236] PYTHON_PROGRESS: GA: Fitness (Total=2220.00): SC2_LecturerUnderload=2220|
[2025-05-30 17:31:23.426] PYTHON_PROGRESS: GA: Fitness (Total=2220.00): SC2_LecturerUnderload=2220|
[2025-05-30 17:31:23.443] PYTHON_PROGRESS: GA: Fitness (Total=2220.00): SC2_LecturerUnderload=2220|
[2025-05-30 17:31:23.526] PYTHON_PROGRESS: GA: Fitness (Total=2220.00): SC2_LecturerUnderload=2220|
[2025-05-30 17:31:23.775] PYTHON_PROGRESS: GA: Fitness (Total=2220.00): SC2_LecturerUnderload=2220|
[2025-05-30 17:31:23.959] PYTHON_PROGRESS: GA: ValidationFail HC2 (Event 31): Room 7 conflict at TS 5 for Course INS306002
[2025-05-30 17:31:24.026] PYTHON_PROGRESS: GA: Fitness (Total=2220.00): SC2_LecturerUnderload=2220|
[2025-05-30 17:31:24.031] PYTHON_PROGRESS: GA: Fitness (Total=2220.00): SC2_LecturerUnderload=2220|
[2025-05-30 17:31:24.042] PYTHON_PROGRESS: GA: Fitness (Total=2220.00): SC2_LecturerUnderload=2220|
[2025-05-30 17:31:24.198] PYTHON_PROGRESS: GA: Fitness (Total=2220.00): SC2_LecturerUnderload=2220|
[2025-05-30 17:31:24.202] PYTHON_PROGRESS: GA: Fitness (Total=2220.00): SC2_LecturerUnderload=2220|
[2025-05-30 17:31:24.217] PYTHON_PROGRESS: GA: Fitness (Total=2220.00): SC2_LecturerUnderload=2220|
[2025-05-30 17:31:24.221] PYTHON_PROGRESS: GA: Fitness (Total=2220.00): SC2_LecturerUnderload=2220|
[2025-05-30 17:31:24.254] PYTHON_PROGRESS: GA: ValidationFail HC2 (Event 38): Room 20 conflict at TS 2 for Course INS315201
[2025-05-30 17:31:24.256] PYTHON_PROGRESS: GA: ValidationFail HC2 (Event 42): Room 5 conflict at TS 1 for Course INS325201
[2025-05-30 17:31:24.319] PYTHON_PROGRESS: GA: Fitness (Total=2220.00): SC2_LecturerUnderload=2220|
[2025-05-30 17:31:24.335] PYTHON_PROGRESS: GA: Fitness (Total=2220.00): SC2_LecturerUnderload=2220|
[2025-05-30 17:31:24.494] PYTHON_PROGRESS: GA: Fitness (Total=2220.00): SC2_LecturerUnderload=2220|
[2025-05-30 17:31:24.528] PYTHON_PROGRESS: GA: ValidationFail HC2 (Event 32): Room 8 conflict at TS 9 for Course INS306603
[2025-05-30 17:31:24.757] PYTHON_PROGRESS: GA: Fitness (Total=2220.00): SC2_LecturerUnderload=2220|
[2025-05-30 17:31:24.772] PYTHON_PROGRESS: GA: Fitness (Total=2220.00): SC2_LecturerUnderload=2220|
[2025-05-30 17:31:24.806] PYTHON_PROGRESS: GA: ValidationFail HC2 (Event 48): Room 16 conflict at TS 1 for Course PHI100201
[2025-05-30 17:31:24.819] PYTHON_PROGRESS: GA: ValidationFail HC2 (Event 43): Room 17 conflict at TS 3 for Course INS327102
[2025-05-30 17:31:24.835] PYTHON_PROGRESS: GA: ValidationFail HC2 (Event 33): Room 9 conflict at TS 1 for Course INS306901
[2025-05-30 17:31:24.867] PYTHON_PROGRESS: GA: ValidationFail HC2 (Event 17): Room 1 conflict at TS 11 for Course INS207303
[2025-05-30 17:31:25.006] PYTHON_PROGRESS: GA: ValidationFail HC2 (Event 14): Room 1 conflict at TS 11 for Course INS201502
[2025-05-30 17:31:25.107] PYTHON_PROGRESS: GA: Fitness (Total=2220.00): SC2_LecturerUnderload=2220|
[2025-05-30 17:31:25.141] PYTHON_PROGRESS: GA: End Gen 50/100: BestInGenPen=2220.00, OverallBestPen=2220.00
[2025-05-30 17:31:25.678] PYTHON_PROGRESS: GA: Fitness (Total=2220.00): SC2_LecturerUnderload=2220|
[2025-05-30 17:31:25.694] PYTHON_PROGRESS: GA: Fitness (Total=2220.00): SC2_LecturerUnderload=2220|
[2025-05-30 17:31:25.694] PYTHON_PROGRESS: GA: ValidationFail HC2 (Event 31): Room 7 conflict at TS 5 for Course INS306002
[2025-05-30 17:31:25.840] PYTHON_PROGRESS: GA: Fitness (Total=2220.00): SC2_LecturerUnderload=2220|
[2025-05-30 17:31:25.873] PYTHON_PROGRESS: GA: Fitness (Total=2220.00): SC2_LecturerUnderload=2220|
[2025-05-30 17:31:25.944] PYTHON_PROGRESS: GA: Fitness (Total=2220.00): SC2_LecturerUnderload=2220|
[2025-05-30 17:31:25.970] PYTHON_PROGRESS: GA: Fitness (Total=2220.00): SC2_LecturerUnderload=2220|
[2025-05-30 17:31:26.156] PYTHON_PROGRESS: GA: ValidationFail HC2 (Event 43): Room 17 conflict at TS 3 for Course INS327102
[2025-05-30 17:31:26.156] PYTHON_PROGRESS: GA: ValidationFail HC2 (Event 25): Room 12 conflict at TS 10 for Course INS30201
[2025-05-30 17:31:26.222] PYTHON_PROGRESS: GA: Fitness (Total=2220.00): SC2_LecturerUnderload=2220|
[2025-05-30 17:31:26.237] PYTHON_PROGRESS: GA: Fitness (Total=2220.00): SC2_LecturerUnderload=2220|
[2025-05-30 17:31:26.416] PYTHON_PROGRESS: GA: Fitness (Total=2220.00): SC2_LecturerUnderload=2220|
[2025-05-30 17:31:26.455] PYTHON_PROGRESS: GA: Fitness (Total=2220.00): SC2_LecturerUnderload=2220|
[2025-05-30 17:31:26.505] PYTHON_PROGRESS: GA: Fitness (Total=2220.00): SC2_LecturerUnderload=2220|
[2025-05-30 17:31:26.523] PYTHON_PROGRESS: GA: ValidationFail HC2 (Event 37): Room 2 conflict at TS 4 for Course INS315101
[2025-05-30 17:31:26.550] PYTHON_PROGRESS: GA: Fitness (Total=2220.00): SC2_LecturerUnderload=2220|
[2025-05-30 17:31:26.712] PYTHON_PROGRESS: GA: ValidationFail HC2 (Event 26): Room 5 conflict at TS 2 for Course INS302803
[2025-05-30 17:31:26.738] PYTHON_PROGRESS: GA: Fitness (Total=2220.00): SC2_LecturerUnderload=2220|
[2025-05-30 17:31:26.754] PYTHON_PROGRESS: GA: Fitness (Total=2220.00): SC2_LecturerUnderload=2220|
[2025-05-30 17:31:27.029] PYTHON_PROGRESS: GA: Fitness (Total=2220.00): SC2_LecturerUnderload=2220|
[2025-05-30 17:31:27.061] PYTHON_PROGRESS: GA: ValidationFail HC1 (Event 24): Lect 18 conflict at TS 4 for Course INS301603
[2025-05-30 17:31:27.077] PYTHON_PROGRESS: GA: Fitness (Total=2220.00): SC2_LecturerUnderload=2220|
[2025-05-30 17:31:27.256] PYTHON_PROGRESS: GA: Fitness (Total=2220.00): SC2_LecturerUnderload=2220|
[2025-05-30 17:31:27.283] PYTHON_PROGRESS: GA: Fitness (Total=2220.00): SC2_LecturerUnderload=2220|
[2025-05-30 17:31:27.347] PYTHON_PROGRESS: GA: Fitness (Total=2220.00): SC2_LecturerUnderload=2220|
[2025-05-30 17:31:27.564] PYTHON_PROGRESS: GA: Fitness (Total=2220.00): SC2_LecturerUnderload=2220|
[2025-05-30 17:31:27.584] PYTHON_PROGRESS: GA: Fitness (Total=2220.00): SC2_LecturerUnderload=2220|
[2025-05-30 17:31:27.584] PYTHON_PROGRESS: GA: ValidationFail HC2 (Event 28): Room 15 conflict at TS 13 for Course INS303002
[2025-05-30 17:31:27.600] PYTHON_PROGRESS: GA: Fitness (Total=2220.00): SC2_LecturerUnderload=2220|
[2025-05-30 17:31:27.604] PYTHON_PROGRESS: GA: ValidationFail HC2 (Event 41): Room 15 conflict at TS 13 for Course INS325101
[2025-05-30 17:31:27.630] PYTHON_PROGRESS: GA: Fitness (Total=2220.00): SC2_LecturerUnderload=2220|
[2025-05-30 17:31:27.784] PYTHON_PROGRESS: GA: Fitness (Total=2220.00): SC2_LecturerUnderload=2220|
[2025-05-30 17:31:27.815] PYTHON_PROGRESS: GA: ValidationFail HC2 (Event 41): Room 15 conflict at TS 13 for Course INS325101
[2025-05-30 17:31:27.878] PYTHON_PROGRESS: GA: ValidationFail HC2 (Event 31): Room 7 conflict at TS 5 for Course INS306002
[2025-05-30 17:31:27.922] PYTHON_PROGRESS: GA: Fitness (Total=2220.00): SC2_LecturerUnderload=2220|
[2025-05-30 17:31:27.922] PYTHON_PROGRESS: GA: End Gen 60/100: BestInGenPen=2220.00, OverallBestPen=2220.00
[2025-05-30 17:31:28.144] PYTHON_PROGRESS: GA: Fitness (Total=2220.00): SC2_LecturerUnderload=2220|
[2025-05-30 17:31:28.160] PYTHON_PROGRESS: GA: Fitness (Total=2220.00): SC2_LecturerUnderload=2220|
[2025-05-30 17:31:28.176] PYTHON_PROGRESS: GA: ValidationFail HC2 (Event 7): Room 2 conflict at TS 4 for Course INE105102
[2025-05-30 17:31:28.358] PYTHON_PROGRESS: GA: ValidationFail HC2 (Event 41): Room 15 conflict at TS 13 for Course INS325101
[2025-05-30 17:31:28.383] PYTHON_PROGRESS: GA: Fitness (Total=2220.00): SC2_LecturerUnderload=2220|
[2025-05-30 17:31:28.383] PYTHON_PROGRESS: GA: ValidationFail HC2 (Event 41): Room 15 conflict at TS 13 for Course INS325101
[2025-05-30 17:31:28.432] PYTHON_PROGRESS: GA: Fitness (Total=3220.00): SC1_StudentClash=1000|SC2_LecturerUnderload=2220|
[2025-05-30 17:31:28.436] PYTHON_PROGRESS: GA: Fitness (Total=2220.00): SC2_LecturerUnderload=2220|
[2025-05-30 17:31:28.439] PYTHON_PROGRESS: GA: Fitness (Total=2220.00): SC2_LecturerUnderload=2220|
[2025-05-30 17:31:28.470] PYTHON_PROGRESS: GA: ValidationFail HC2 (Event 36): Room 20 conflict at TS 2 for Course INS309701
[2025-05-30 17:31:28.629] PYTHON_PROGRESS: GA: Fitness (Total=2220.00): SC2_LecturerUnderload=2220|
[2025-05-30 17:31:28.661] PYTHON_PROGRESS: GA: Fitness (Total=2220.00): SC2_LecturerUnderload=2220|
[2025-05-30 17:31:28.676] PYTHON_PROGRESS: GA: Fitness (Total=2220.00): SC2_LecturerUnderload=2220|
[2025-05-30 17:31:28.692] PYTHON_PROGRESS: GA: Fitness (Total=2220.00): SC2_LecturerUnderload=2220|
[2025-05-30 17:31:28.882] PYTHON_PROGRESS: GA: Fitness (Total=2220.00): SC2_LecturerUnderload=2220|
[2025-05-30 17:31:28.914] PYTHON_PROGRESS: GA: ValidationFail HC2 (Event 43): Room 14 conflict at TS 3 for Course INS327102
[2025-05-30 17:31:28.914] PYTHON_PROGRESS: GA: ValidationFail HC2 (Event 17): Room 1 conflict at TS 9 for Course INS207303
[2025-05-30 17:31:28.940] PYTHON_PROGRESS: GA: Fitness (Total=2220.00): SC2_LecturerUnderload=2220|
[2025-05-30 17:31:28.947] PYTHON_PROGRESS: GA: Fitness (Total=2220.00): SC2_LecturerUnderload=2220|
[2025-05-30 17:31:28.972] PYTHON_PROGRESS: GA: ValidationFail HC2 (Event 41): Room 15 conflict at TS 2 for Course INS325101
[2025-05-30 17:31:29.204] PYTHON_PROGRESS: GA: Fitness (Total=2220.00): SC2_LecturerUnderload=2220|
[2025-05-30 17:31:29.252] PYTHON_PROGRESS: GA: Fitness (Total=2220.00): SC2_LecturerUnderload=2220|
[2025-05-30 17:31:29.252] PYTHON_PROGRESS: GA: ValidationFail HC2 (Event 25): Room 20 conflict at TS 10 for Course INS30201
[2025-05-30 17:31:29.432] PYTHON_PROGRESS: GA: Fitness (Total=2220.00): SC2_LecturerUnderload=2220|
[2025-05-30 17:31:29.480] PYTHON_PROGRESS: GA: Fitness (Total=2220.00): SC2_LecturerUnderload=2220|
[2025-05-30 17:31:29.483] PYTHON_PROGRESS: GA: ValidationFail HC2 (Event 30): Room 14 conflict at TS 14 for Course INS304901
[2025-05-30 17:31:29.501] PYTHON_PROGRESS: GA: Fitness (Total=2220.00): SC2_LecturerUnderload=2220|
[2025-05-30 17:31:29.505] PYTHON_PROGRESS: GA: Fitness (Total=2220.00): SC2_LecturerUnderload=2220|
[2025-05-30 17:31:29.530] PYTHON_PROGRESS: GA: Fitness (Total=2220.00): SC2_LecturerUnderload=2220|
[2025-05-30 17:31:29.530] PYTHON_PROGRESS: GA: Fitness (Total=2220.00): SC2_LecturerUnderload=2220|
[2025-05-30 17:31:29.683] PYTHON_PROGRESS: GA: Fitness (Total=2220.00): SC2_LecturerUnderload=2220|
[2025-05-30 17:31:29.715] PYTHON_PROGRESS: GA: Fitness (Total=2220.00): SC2_LecturerUnderload=2220|
[2025-05-30 17:31:29.969] PYTHON_PROGRESS: GA: Fitness (Total=2220.00): SC2_LecturerUnderload=2220|
[2025-05-30 17:31:30.037] PYTHON_PROGRESS: GA: Fitness (Total=2220.00): SC2_LecturerUnderload=2220|
[2025-05-30 17:31:30.067] PYTHON_PROGRESS: GA: Fitness (Total=2220.00): SC2_LecturerUnderload=2220|
[2025-05-30 17:31:30.084] PYTHON_PROGRESS: GA: Fitness (Total=2220.00): SC2_LecturerUnderload=2220|
[2025-05-30 17:31:30.242] PYTHON_PROGRESS: GA: ValidationFail HC2 (Event 43): Room 17 conflict at TS 3 for Course INS327102
[2025-05-30 17:31:30.290] PYTHON_PROGRESS: GA: Fitness (Total=2220.00): SC2_LecturerUnderload=2220|
[2025-05-30 17:31:30.290] PYTHON_PROGRESS: GA: ValidationFail HC2 (Event 17): Room 1 conflict at TS 9 for Course INS207303
[2025-05-30 17:31:30.337] PYTHON_PROGRESS: GA: Fitness (Total=2220.00): SC2_LecturerUnderload=2220|
[2025-05-30 17:31:30.480] PYTHON_PROGRESS: GA: ValidationFail HC2 (Event 43): Room 14 conflict at TS 3 for Course INS327102
[2025-05-30 17:31:30.503] PYTHON_PROGRESS: GA: ValidationFail HC2 (Event 19): Room 11 conflict at TS 3 for Course INS209801
[2025-05-30 17:31:30.541] PYTHON_PROGRESS: GA: ValidationFail HC1 (Event 38): Lect 4 conflict at TS 3 for Course INS315201
[2025-05-30 17:31:30.566] PYTHON_PROGRESS: GA: Fitness (Total=2220.00): SC2_LecturerUnderload=2220|
[2025-05-30 17:31:30.618] PYTHON_PROGRESS: GA: End Gen 70/100: BestInGenPen=2220.00, OverallBestPen=2220.00
[2025-05-30 17:31:30.746] PYTHON_PROGRESS: GA: Fitness (Total=2220.00): SC2_LecturerUnderload=2220|
[2025-05-30 17:31:30.762] PYTHON_PROGRESS: GA: Fitness (Total=2220.00): SC2_LecturerUnderload=2220|
[2025-05-30 17:31:30.810] PYTHON_PROGRESS: GA: Fitness (Total=2220.00): SC2_LecturerUnderload=2220|
[2025-05-30 17:31:31.017] PYTHON_PROGRESS: GA: ValidationFail HC2 (Event 21): Room 2 conflict at TS 4 for Course INS211102
[2025-05-30 17:31:31.032] PYTHON_PROGRESS: GA: Fitness (Total=2220.00): SC2_LecturerUnderload=2220|
[2025-05-30 17:31:31.032] PYTHON_PROGRESS: GA: Fitness (Total=2220.00): SC2_LecturerUnderload=2220|
[2025-05-30 17:31:31.073] PYTHON_PROGRESS: GA: Fitness (Total=2220.00): SC2_LecturerUnderload=2220|
[2025-05-30 17:31:31.080] PYTHON_PROGRESS: GA: ValidationFail HC2 (Event 41): Room 15 conflict at TS 13 for Course INS325101
[2025-05-30 17:31:31.088] PYTHON_PROGRESS: GA: Fitness (Total=2220.00): SC2_LecturerUnderload=2220|
[2025-05-30 17:31:31.135] PYTHON_PROGRESS: GA: Fitness (Total=2220.00): SC2_LecturerUnderload=2220|
[2025-05-30 17:31:31.278] PYTHON_PROGRESS: GA: Fitness (Total=2220.00): SC2_LecturerUnderload=2220|
[2025-05-30 17:31:31.294] PYTHON_PROGRESS: GA: Fitness (Total=2220.00): SC2_LecturerUnderload=2220|
[2025-05-30 17:31:31.310] PYTHON_PROGRESS: GA: ValidationFail HC2 (Event 17): Room 1 conflict at TS 9 for Course INS207303
[2025-05-30 17:31:31.326] PYTHON_PROGRESS: GA: Fitness (Total=2220.00): SC2_LecturerUnderload=2220|
[2025-05-30 17:31:31.342] PYTHON_PROGRESS: GA: Fitness (Total=2220.00): SC2_LecturerUnderload=2220|
[2025-05-30 17:31:31.588] PYTHON_PROGRESS: GA: ValidationFail HC2 (Event 18): Room 1 conflict at TS 11 for Course INS207402
[2025-05-30 17:31:31.589] PYTHON_PROGRESS: GA: ValidationFail HC2 (Event 49): Room 8 conflict at TS 1 for Course RUS500201
[2025-05-30 17:31:31.607] PYTHON_PROGRESS: GA: Fitness (Total=2220.00): SC2_LecturerUnderload=2220|
[2025-05-30 17:31:31.621] PYTHON_PROGRESS: GA: Fitness (Total=2220.00): SC2_LecturerUnderload=2220|
[2025-05-30 17:31:31.668] PYTHON_PROGRESS: GA: Fitness (Total=2220.00): SC2_LecturerUnderload=2220|
[2025-05-30 17:31:31.827] PYTHON_PROGRESS: GA: Fitness (Total=2220.00): SC2_LecturerUnderload=2220|
[2025-05-30 17:31:31.859] PYTHON_PROGRESS: GA: Fitness (Total=2220.00): SC2_LecturerUnderload=2220|
[2025-05-30 17:31:31.938] PYTHON_PROGRESS: GA: Fitness (Total=2220.00): SC2_LecturerUnderload=2220|
[2025-05-30 17:31:32.123] PYTHON_PROGRESS: GA: Fitness (Total=2220.00): SC2_LecturerUnderload=2220|
[2025-05-30 17:31:32.134] PYTHON_PROGRESS: GA: Fitness (Total=2220.00): SC2_LecturerUnderload=2220|
[2025-05-30 17:31:32.144] PYTHON_PROGRESS: GA: ValidationFail HC2 (Event 41): Room 15 conflict at TS 3 for Course INS325101
[2025-05-30 17:31:32.165] PYTHON_PROGRESS: GA: Fitness (Total=2220.00): SC2_LecturerUnderload=2220|
[2025-05-30 17:31:32.373] PYTHON_PROGRESS: GA: Fitness (Total=2220.00): SC2_LecturerUnderload=2220|
[2025-05-30 17:31:32.422] PYTHON_PROGRESS: GA: Fitness (Total=2220.00): SC2_LecturerUnderload=2220|
[2025-05-30 17:31:32.489] PYTHON_PROGRESS: GA: Fitness (Total=2220.00): SC2_LecturerUnderload=2220|
[2025-05-30 17:31:32.706] PYTHON_PROGRESS: GA: Fitness (Total=2220.00): SC2_LecturerUnderload=2220|
[2025-05-30 17:31:32.706] PYTHON_PROGRESS: GA: ValidationFail HC1 (Event 40): Lect 19 conflict at TS 15 for Course INS323702
[2025-05-30 17:31:32.721] PYTHON_PROGRESS: GA: Fitness (Total=2220.00): SC2_LecturerUnderload=2220|
[2025-05-30 17:31:32.772] PYTHON_PROGRESS: GA: ValidationFail HC2 (Event 46): Room 16 conflict at TS 1 for Course MAT109204
[2025-05-30 17:31:32.972] PYTHON_PROGRESS: GA: Fitness (Total=2220.00): SC2_LecturerUnderload=2220|
[2025-05-30 17:31:32.990] PYTHON_PROGRESS: GA: Fitness (Total=2220.00): SC2_LecturerUnderload=2220|
[2025-05-30 17:31:33.006] PYTHON_PROGRESS: GA: Fitness (Total=2220.00): SC2_LecturerUnderload=2220|
[2025-05-30 17:31:33.022] PYTHON_PROGRESS: GA: Fitness (Total=2220.00): SC2_LecturerUnderload=2220|
[2025-05-30 17:31:33.256] PYTHON_PROGRESS: GA: Fitness (Total=2220.00): SC2_LecturerUnderload=2220|
[2025-05-30 17:31:33.306] PYTHON_PROGRESS: GA: Fitness (Total=2220.00): SC2_LecturerUnderload=2220|
[2025-05-30 17:31:33.322] PYTHON_PROGRESS: GA: ValidationFail HC2 (Event 38): Room 23 conflict at TS 2 for Course INS315201
[2025-05-30 17:31:33.322] PYTHON_PROGRESS: GA: End Gen 80/100: BestInGenPen=2220.00, OverallBestPen=2220.00
[2025-05-30 17:31:33.456] PYTHON_PROGRESS: GA: ValidationFail HC2 (Event 46): Room 20 conflict at TS 1 for Course MAT109204
[2025-05-30 17:31:33.505] PYTHON_PROGRESS: GA: ValidationFail HC2 (Event 9): Room 23 conflict at TS 3 for Course INE306001
[2025-05-30 17:31:33.589] PYTHON_PROGRESS: GA: Fitness (Total=2220.00): SC2_LecturerUnderload=2220|
[2025-05-30 17:31:33.722] PYTHON_PROGRESS: GA: Fitness (Total=2220.00): SC2_LecturerUnderload=2220|
[2025-05-30 17:31:33.772] PYTHON_PROGRESS: GA: Fitness (Total=2220.00): SC2_LecturerUnderload=2220|
[2025-05-30 17:31:33.772] PYTHON_PROGRESS: GA: Fitness (Total=2220.00): SC2_LecturerUnderload=2220|
[2025-05-30 17:31:33.789] PYTHON_PROGRESS: GA: Fitness (Total=2220.00): SC2_LecturerUnderload=2220|
[2025-05-30 17:31:33.839] PYTHON_PROGRESS: GA: Fitness (Total=2220.00): SC2_LecturerUnderload=2220|
[2025-05-30 17:31:34.105] PYTHON_PROGRESS: GA: Fitness (Total=2220.00): SC2_LecturerUnderload=2220|
[2025-05-30 17:31:34.289] PYTHON_PROGRESS: GA: ValidationFail HC2 (Event 22): Room 1 conflict at TS 2 for Course INS300202
[2025-05-30 17:31:34.320] PYTHON_PROGRESS: GA: Fitness (Total=2220.00): SC2_LecturerUnderload=2220|
[2025-05-30 17:31:34.339] PYTHON_PROGRESS: GA: Fitness (Total=2220.00): SC2_LecturerUnderload=2220|
[2025-05-30 17:31:34.361] PYTHON_PROGRESS: GA: Fitness (Total=2220.00): SC2_LecturerUnderload=2220|
[2025-05-30 17:31:34.361] PYTHON_PROGRESS: GA: Fitness (Total=2220.00): SC2_LecturerUnderload=2220|
[2025-05-30 17:31:34.372] PYTHON_PROGRESS: GA: ValidationFail HC2 (Event 36): Room 6 conflict at TS 2 for Course INS309701
[2025-05-30 17:31:34.522] PYTHON_PROGRESS: GA: ValidationFail HC2 (Event 41): Room 9 conflict at TS 3 for Course INS325101
[2025-05-30 17:31:34.531] PYTHON_PROGRESS: GA: ValidationFail HC2 (Event 22): Room 4 conflict at TS 2 for Course INS300202
[2025-05-30 17:31:34.605] PYTHON_PROGRESS: GA: Fitness (Total=2220.00): SC2_LecturerUnderload=2220|
[2025-05-30 17:31:34.622] PYTHON_PROGRESS: GA: Fitness (Total=2220.00): SC2_LecturerUnderload=2220|
[2025-05-30 17:31:34.805] PYTHON_PROGRESS: GA: Fitness (Total=2220.00): SC2_LecturerUnderload=2220|
[2025-05-30 17:31:34.855] PYTHON_PROGRESS: GA: Fitness (Total=2220.00): SC2_LecturerUnderload=2220|
[2025-05-30 17:31:34.855] PYTHON_PROGRESS: GA: ValidationFail HC2 (Event 38): Room 23 conflict at TS 2 for Course INS315201
[2025-05-30 17:31:34.872] PYTHON_PROGRESS: GA: ValidationFail HC2 (Event 35): Room 11 conflict at TS 8 for Course INS308001
[2025-05-30 17:31:35.088] PYTHON_PROGRESS: GA: Fitness (Total=2220.00): SC2_LecturerUnderload=2220|
[2025-05-30 17:31:35.088] PYTHON_PROGRESS: GA: ValidationFail HC2 (Event 16): Room 11 conflict at TS 5 for Course INS203702
[2025-05-30 17:31:35.120] PYTHON_PROGRESS: GA: Fitness (Total=2220.00): SC2_LecturerUnderload=2220|
[2025-05-30 17:31:35.144] PYTHON_PROGRESS: GA: Fitness (Total=2220.00): SC2_LecturerUnderload=2220|
[2025-05-30 17:31:35.168] PYTHON_PROGRESS: GA: ValidationFail HC1 (Event 37): Lect 42 conflict at TS 11 for Course INS315101
[2025-05-30 17:31:35.405] PYTHON_PROGRESS: GA: ValidationFail HC2 (Event 16): Room 11 conflict at TS 5 for Course INS203702
[2025-05-30 17:31:35.588] PYTHON_PROGRESS: GA: Fitness (Total=2220.00): SC2_LecturerUnderload=2220|
[2025-05-30 17:31:35.671] PYTHON_PROGRESS: GA: Fitness (Total=2220.00): SC2_LecturerUnderload=2220|
[2025-05-30 17:31:35.688] PYTHON_PROGRESS: GA: Fitness (Total=2220.00): SC2_LecturerUnderload=2220|
[2025-05-30 17:31:35.855] PYTHON_PROGRESS: GA: Fitness (Total=2220.00): SC2_LecturerUnderload=2220|
[2025-05-30 17:31:35.888] PYTHON_PROGRESS: GA: Fitness (Total=2220.00): SC2_LecturerUnderload=2220|
[2025-05-30 17:31:35.923] PYTHON_PROGRESS: GA: Fitness (Total=2220.00): SC2_LecturerUnderload=2220|
[2025-05-30 17:31:35.938] PYTHON_PROGRESS: GA: Fitness (Total=2220.00): SC2_LecturerUnderload=2220|
[2025-05-30 17:31:35.997] PYTHON_PROGRESS: GA: End Gen 90/100: BestInGenPen=2220.00, OverallBestPen=2220.00
[2025-05-30 17:31:36.121] PYTHON_PROGRESS: GA: Fitness (Total=2220.00): SC2_LecturerUnderload=2220|
[2025-05-30 17:31:36.154] PYTHON_PROGRESS: GA: Fitness (Total=2220.00): SC2_LecturerUnderload=2220|
[2025-05-30 17:31:36.163] PYTHON_PROGRESS: GA: Fitness (Total=2220.00): SC2_LecturerUnderload=2220|
[2025-05-30 17:31:36.172] PYTHON_PROGRESS: GA: Fitness (Total=2220.00): SC2_LecturerUnderload=2220|
[2025-05-30 17:31:36.172] PYTHON_PROGRESS: GA: Fitness (Total=2220.00): SC2_LecturerUnderload=2220|
[2025-05-30 17:31:36.172] PYTHON_PROGRESS: GA: ValidationFail HC2 (Event 17): Room 1 conflict at TS 11 for Course INS207303
[2025-05-30 17:31:36.205] PYTHON_PROGRESS: GA: Fitness (Total=2220.00): SC2_LecturerUnderload=2220|
[2025-05-30 17:31:36.221] PYTHON_PROGRESS: GA: ValidationFail HC1 (Event 46): Lect 22 conflict at TS 1 for Course MAT109204
[2025-05-30 17:31:36.237] PYTHON_PROGRESS: GA: ValidationFail HC2 (Event 46): Room 20 conflict at TS 1 for Course MAT109204
[2025-05-30 17:31:36.255] PYTHON_PROGRESS: GA: ValidationFail HC2 (Event 48): Room 22 conflict at TS 18 for Course PHI100201
[2025-05-30 17:31:36.471] PYTHON_PROGRESS: GA: Fitness (Total=2220.00): SC2_LecturerUnderload=2220|
[2025-05-30 17:31:36.503] PYTHON_PROGRESS: GA: ValidationFail HC2 (Event 49): Room 5 conflict at TS 1 for Course RUS500201
[2025-05-30 17:31:36.537] PYTHON_PROGRESS: GA: ValidationFail HC2 (Event 49): Room 23 conflict at TS 1 for Course RUS500201
[2025-05-30 17:31:36.770] PYTHON_PROGRESS: GA: ValidationFail HC1 (Event 24): Lect 18 conflict at TS 13 for Course INS301603
[2025-05-30 17:31:36.791] PYTHON_PROGRESS: GA: ValidationFail HC2 (Event 41): Room 15 conflict at TS 6 for Course INS325101
[2025-05-30 17:31:36.799] PYTHON_PROGRESS: GA: Fitness (Total=2220.00): SC2_LecturerUnderload=2220|
[2025-05-30 17:31:36.803] PYTHON_PROGRESS: GA: Fitness (Total=2220.00): SC2_LecturerUnderload=2220|
[2025-05-30 17:31:37.037] PYTHON_PROGRESS: GA: Fitness (Total=2220.00): SC2_LecturerUnderload=2220|
[2025-05-30 17:31:37.053] PYTHON_PROGRESS: GA: ValidationFail HC2 (Event 49): Room 23 conflict at TS 1 for Course RUS500201
[2025-05-30 17:31:37.119] PYTHON_PROGRESS: GA: Fitness (Total=2220.00): SC2_LecturerUnderload=2220|
[2025-05-30 17:31:37.320] PYTHON_PROGRESS: GA: Fitness (Total=2220.00): SC2_LecturerUnderload=2220|
[2025-05-30 17:31:37.320] PYTHON_PROGRESS: GA: ValidationFail HC2 (Event 42): Room 16 conflict at TS 1 for Course INS325201
[2025-05-30 17:31:37.320] PYTHON_PROGRESS: GA: Fitness (Total=2220.00): SC2_LecturerUnderload=2220|
[2025-05-30 17:31:37.344] PYTHON_PROGRESS: GA: ValidationFail HC2 (Event 41): Room 15 conflict at TS 6 for Course INS325101
[2025-05-30 17:31:37.657] PYTHON_PROGRESS: GA: ValidationFail HC2 (Event 42): Room 5 conflict at TS 1 for Course INS325201
[2025-05-30 17:31:37.725] PYTHON_PROGRESS: GA: Fitness (Total=2220.00): SC2_LecturerUnderload=2220|
[2025-05-30 17:31:37.979] PYTHON_PROGRESS: GA: Fitness (Total=2220.00): SC2_LecturerUnderload=2220|
[2025-05-30 17:31:38.051] PYTHON_PROGRESS: GA: Fitness (Total=2220.00): SC2_LecturerUnderload=2220|
[2025-05-30 17:31:38.302] PYTHON_PROGRESS: GA: Fitness (Total=2220.00): SC2_LecturerUnderload=2220|
[2025-05-30 17:31:38.606] PYTHON_PROGRESS: GA: Fitness (Total=2220.00): SC2_LecturerUnderload=2220|
[2025-05-30 17:31:38.622] PYTHON_PROGRESS: GA: Fitness (Total=2220.00): SC2_LecturerUnderload=2220|
[2025-05-30 17:31:38.628] PYTHON_PROGRESS: GA: Fitness (Total=2220.00): SC2_LecturerUnderload=2220|
[2025-05-30 17:31:38.835] PYTHON_PROGRESS: GA: Fitness (Total=2220.00): SC2_LecturerUnderload=2220|
[2025-05-30 17:31:38.867] PYTHON_PROGRESS: GA: Fitness (Total=2220.00): SC2_LecturerUnderload=2220|
[2025-05-30 17:31:38.946] PYTHON_PROGRESS: GA: Fitness (Total=2220.00): SC2_LecturerUnderload=2220|
[2025-05-30 17:31:38.946] PYTHON_PROGRESS: GA: ValidationFail HC1 (Event 36): Lect 22 conflict at TS 10 for Course INS309701
[2025-05-30 17:31:38.946] PYTHON_PROGRESS: GA: ValidationFail HC2 (Event 42): Room 9 conflict at TS 1 for Course INS325201
[2025-05-30 17:31:38.946] PYTHON_PROGRESS: GA: End Gen 100/100: BestInGenPen=2220.00, OverallBestPen=2220.00
[2025-05-30 17:31:38.946] PYTHON_PROGRESS: GA: GA Evolution Finished. Final best penalty: 2220.00
[2025-05-30 17:31:38.962] PYTHON_PROGRESS: GA: Detailed Metrics Calculated: {'final_penalty_score': 2220.0, 'num_scheduled_events': 50, 'hard_constraints_violated_in_final_schedule': False, 'soft_constraints_details': {'lecturer_underload': {'count': 74, 'penalty_contribution': 2220.0}}}
[2025-05-30 17:31:38.962] PYTHON_PROGRESS: GA: Num events in best GA schedule: 50
[2025-05-30 17:31:38.962] PYTHON_PROGRESS: Progress: 95% complete - GA Stage Finished.
[2025-05-30 17:31:38.962] PYTHON_PROGRESS: ================================================================================
[2025-05-30 17:31:38.962] PYTHON_PROGRESS: =====                4. PYTHON: FINALIZING AND SAVING RESULTS                =====
[2025-05-30 17:31:38.962] PYTHON_PROGRESS: ================================================================================
[2025-05-30 17:31:38.962] PYTHON_PROGRESS: Python: Final Outcome: success_full_schedule_generated_py - Python: Schedule generation status: success_full_schedule_generated_py. Events: 50. GA penalty: 2220.00.
[2025-05-30 17:31:38.973] PYTHON_PROGRESS: Output data saved to: C:\xampp\htdocs\DSS\python_algorithm\output_data/final_schedule_output_20250530_123107_e3acf564.json
[2025-05-30 17:31:38.973] PYTHON_PROGRESS: Progress: 100% complete - Python: Results finalized and saved.
[2025-05-30 17:31:38.973] PYTHON_PROGRESS: Python: Total script execution time: 29.755 seconds.
[2025-05-30 17:31:38.994] PYTHON_PROGRESS: --- PYTHON: END OF SCHEDULER SCRIPT EXECUTION ---
