[2025-05-30 17:26:25.041] PYTHON_PROGRESS: Progress log initialized by Python.
[2025-05-30 17:26:25.041] PYTHON_PROGRESS: Progress: 0% complete - Python Scheduler Process Started.
[2025-05-30 17:26:25.041] PYTHON_PROGRESS: ================================================================================
[2025-05-30 17:26:25.041] PYTHON_PROGRESS: =====               0. PYTHON: LOADING SCHEDULER CONFIGURATION               =====
[2025-05-30 17:26:25.041] PYTHON_PROGRESS: ================================================================================
[2025-05-30 17:26:25.052] PYTHON_PROGRESS: Python: Effective Configuration (excluding log path): {'semester_id_to_load': 1, 'cp_time_limit_seconds': 30, 'ga_population_size': 50, 'ga_generations': 100, 'ga_crossover_rate': 0.8, 'ga_mutation_rate': 0.2, 'ga_tournament_size': 5, 'ga_allow_hard_constraint_violations': False, 'priority_student_clash': 'medium', 'priority_lecturer_load_break': 'medium', 'priority_classroom_util': 'medium'}
[2025-05-30 17:26:25.053] PYTHON_PROGRESS: Python: Output will be saved to: output_data/final_schedule_output_20250530_122623_8e0931c1.json
[2025-05-30 17:26:25.054] PYTHON_PROGRESS: Python: Progress log will be written to: C:\xampp\htdocs\DSS\python_algorithm\output_data/logs/scheduler_progress_20250530_122623_8e0931c1.log
[2025-05-30 17:26:25.054] PYTHON_PROGRESS: Python: Parameters Parsed. SemesterID=1
[2025-05-30 17:26:25.055] PYTHON_PROGRESS: Progress: 5% complete - Configuration loaded.
[2025-05-30 17:26:25.056] PYTHON_PROGRESS: ================================================================================
[2025-05-30 17:26:25.057] PYTHON_PROGRESS: =====         1. PYTHON: LOADING & PREPROCESSING DATA - SEMESTER: 1          =====
[2025-05-30 17:26:25.057] PYTHON_PROGRESS: ================================================================================
[2025-05-30 17:26:25.125] PYTHON_PROGRESS: Python: Raw data loaded: 50 SchedClasses.
[2025-05-30 17:26:25.125] PYTHON_PROGRESS: Progress: 15% complete - Data loaded. Starting preprocessing.
[2025-05-30 17:26:25.125] PYTHON_PROGRESS: Python: Data preprocessed. 50 items for scheduling.
[2025-05-30 17:26:25.125] PYTHON_PROGRESS: Progress: 25% complete - Preprocessing finished.
[2025-05-30 17:26:25.125] PYTHON_PROGRESS: ================================================================================
[2025-05-30 17:26:25.125] PYTHON_PROGRESS: =====            2. PYTHON: SOLVING HARD CONSTRAINTS WITH CP-SAT             =====
[2025-05-30 17:26:25.125] PYTHON_PROGRESS: ================================================================================
[2025-05-30 17:26:25.125] PYTHON_PROGRESS: Python: Starting CP-SAT. Time limit: 30.0s.
[2025-05-30 17:26:25.125] PYTHON_PROGRESS: CP_SAT: CP-SAT Module Initialized.
[2025-05-30 17:26:25.125] PYTHON_PROGRESS: CP_SAT: Starting CP-SAT model solving process...
[2025-05-30 17:26:25.125] PYTHON_PROGRESS: CP_SAT: Starting pre-filtering and variable creation...
[2025-05-30 17:26:25.137] PYTHON_PROGRESS: CP_SAT: Pre-filter: 50 items are potentially schedulable and variables created.
[2025-05-30 17:26:25.138] PYTHON_PROGRESS: CP_SAT: Finished pre-filtering and variable creation.
[2025-05-30 17:26:25.139] PYTHON_PROGRESS: CP_SAT: Adding hard constraints to the model...
[2025-05-30 17:26:25.309] PYTHON_PROGRESS: CP_SAT: Added 25 HC1 (Lecturer-Timeslot) and 1225 HC2 (Classroom-Timeslot) constraints.
[2025-05-30 17:26:25.309] PYTHON_PROGRESS: CP_SAT: Added 0 HC3 (Instructor Unavailable Slots) constraints.
[2025-05-30 17:26:25.309] PYTHON_PROGRESS: CP_SAT: Finished adding hard constraints.
[2025-05-30 17:26:25.309] PYTHON_PROGRESS: CP_SAT: Time to build CP-SAT model for 50 items: 0.18s.
[2025-05-30 17:26:25.309] PYTHON_PROGRESS: CP_SAT: Solver starting... Time limit: 30.0s. Solving for 50 items.
[2025-05-30 17:26:26.786] PYTHON_PROGRESS: CP_SAT: Solver finished in 1.48s. Status: OPTIMAL
[2025-05-30 17:26:26.786] PYTHON_PROGRESS: CP_SAT: Solver found a FEASIBLE or OPTIMAL solution. Extracting schedule...
[2025-05-30 17:26:26.786] PYTHON_PROGRESS: CP_SAT: Finished processing solver results. Extracted 50 fully scheduled items.
[2025-05-30 17:26:26.786] PYTHON_PROGRESS: CP_SAT: Successfully scheduled all 50 targeted items.
[2025-05-30 17:26:26.786] PYTHON_PROGRESS: CP_SAT: CP-SAT model solving process ended. Returning 50 actual scheduled items.
[2025-05-30 17:26:26.786] PYTHON_PROGRESS: CP-SAT found solution with 50 events. Status: OPTIMAL.
[2025-05-30 17:26:26.786] PYTHON_PROGRESS: Output data saved to: C:\xampp\htdocs\DSS\python_algorithm\output_data/cp_debug_solution_20250530_122623_8e0931c1.json
[2025-05-30 17:26:26.786] PYTHON_PROGRESS: Progress: 50% complete - CP-SAT Stage Finished.
[2025-05-30 17:26:26.786] PYTHON_PROGRESS: ================================================================================
[2025-05-30 17:26:26.786] PYTHON_PROGRESS: =====     3. PYTHON: OPTIMIZING SOFT CONSTRAINTS WITH GENETIC ALGORITHM      =====
[2025-05-30 17:26:26.801] PYTHON_PROGRESS: ================================================================================
[2025-05-30 17:26:26.801] PYTHON_PROGRESS: Python: Starting GA. Pop: 50, Gens: 100.
[2025-05-30 17:26:26.801] PYTHON_PROGRESS: GA: Initializing GeneticAlgorithmScheduler...
[2025-05-30 17:26:26.801] PYTHON_PROGRESS: GA: GA courses_catalog_map initialized. Number of entries: 55
[2025-05-30 17:26:26.801] PYTHON_PROGRESS: GA:   DEBUG CHECK: Problematic ID 'INS328003' IS PRESENT in self.courses_catalog (Name: Data Preparation and Visualization).
[2025-05-30 17:26:26.801] PYTHON_PROGRESS: GA:   DEBUG CHECK: Problematic ID 'INE105102' IS PRESENT in self.courses_catalog (Name: Macroeconomics).
[2025-05-30 17:26:26.801] PYTHON_PROGRESS: GA:   DEBUG CHECK: Problematic ID 'INS327102' IS PRESENT in self.courses_catalog (Name: International Accounting).
[2025-05-30 17:26:26.801] PYTHON_PROGRESS: GA:   DEBUG CHECK: Problematic ID 'INS325101' IS PRESENT in self.courses_catalog (Name: Taxation).
[2025-05-30 17:26:26.801] PYTHON_PROGRESS: GA:   DEBUG CHECK: Problematic ID 'PEC100802' IS PRESENT in self.courses_catalog (Name: Marx Leninist Political Economy).
[2025-05-30 17:26:26.801] PYTHON_PROGRESS: GA:   DEBUG CHECK: Problematic ID 'INS303002' IS PRESENT in self.courses_catalog (Name: Financial Statement Analysis).
[2025-05-30 17:26:26.801] PYTHON_PROGRESS: GA:   DEBUG CHECK: All previously problematic IDs checked ARE NOW PRESENT in self.courses_catalog.
[2025-05-30 17:26:26.801] PYTHON_PROGRESS: GA: GA Initialized. PopSize=50, Gens=100, AllowHCViolations=False
[2025-05-30 17:26:26.801] PYTHON_PROGRESS: GA: Settings: StudentClashPenalty=1000.0, LecturerOverloadPenalty=50.0, LecturerMinPeriods=4
[2025-05-30 17:26:26.801] PYTHON_PROGRESS: GA: Attempting to initialize GA population...
[2025-05-30 17:26:26.801] PYTHON_PROGRESS: GA: Initializing population...
[2025-05-30 17:26:26.801] PYTHON_PROGRESS: GA: Processing 1 schedule(s) from CP input.
[2025-05-30 17:26:26.801] PYTHON_PROGRESS: GA: Cloning 1 valid schedule(s) to reach population size 50.
[2025-05-30 17:26:26.833] PYTHON_PROGRESS: GA: Successfully initialized population with 50 individuals.
[2025-05-30 17:26:26.833] PYTHON_PROGRESS: GA: Evaluating initial population for GA...
[2025-05-30 17:26:26.938] PYTHON_PROGRESS: GA: Fitness (Total=39220.00): SC1_StudentClash=37000|SC2_LecturerUnderload=2220|
[2025-05-30 17:26:26.975] PYTHON_PROGRESS: GA: Fitness (Total=39220.00): SC1_StudentClash=37000|SC2_LecturerUnderload=2220|
[2025-05-30 17:26:26.990] PYTHON_PROGRESS: GA: GA evolution started. PopSize: 50. Gens: 100.
[2025-05-30 17:26:26.991] PYTHON_PROGRESS: GA: Initial best penalty: 39220.00 for sched with 50 events.
[2025-05-30 17:26:27.106] PYTHON_PROGRESS: GA: ValidationFail HC2 (Event 17): Room 1 conflict at TS 9 for Course INS207303
[2025-05-30 17:26:27.111] PYTHON_PROGRESS: GA: ValidationFail HC2 (Event 17): Room 1 conflict at TS 6 for Course INS207303
[2025-05-30 17:26:27.295] PYTHON_PROGRESS: GA: End Gen 1/100: BestInGenPen=36220.00, OverallBestPen=36220.00
[2025-05-30 17:26:27.362] PYTHON_PROGRESS: GA: ValidationFail HC2 (Event 31): Room 7 conflict at TS 1 for Course INS306002
[2025-05-30 17:26:27.368] PYTHON_PROGRESS: GA: ValidationFail HC2 (Event 38): Room 23 conflict at TS 2 for Course INS315201
[2025-05-30 17:26:27.446] PYTHON_PROGRESS: GA: Fitness (Total=39220.00): SC1_StudentClash=37000|SC2_LecturerUnderload=2220|
[2025-05-30 17:26:27.494] PYTHON_PROGRESS: GA: Fitness (Total=39220.00): SC1_StudentClash=37000|SC2_LecturerUnderload=2220|
[2025-05-30 17:26:27.637] PYTHON_PROGRESS: GA: ValidationFail HC2 (Event 49): Room 6 conflict at TS 1 for Course RUS500201
[2025-05-30 17:26:27.684] PYTHON_PROGRESS: GA: ValidationFail HC2 (Event 49): Room 23 conflict at TS 1 for Course RUS500201
[2025-05-30 17:26:27.764] PYTHON_PROGRESS: GA: Fitness (Total=36220.00): SC1_StudentClash=34000|SC2_LecturerUnderload=2220|
[2025-05-30 17:26:27.890] PYTHON_PROGRESS: GA: ValidationFail HC2 (Event 32): Room 8 conflict at TS 1 for Course INS306603
[2025-05-30 17:26:27.930] PYTHON_PROGRESS: GA: ValidationFail HC2 (Event 28): Room 1 conflict at TS 4 for Course INS303002
[2025-05-30 17:26:27.952] PYTHON_PROGRESS: GA: ValidationFail HC2 (Event 49): Room 4 conflict at TS 1 for Course RUS500201
[2025-05-30 17:26:27.968] PYTHON_PROGRESS: GA: ValidationFail HC1 (Event 43): Lect 38 conflict at TS 2 for Course INS327102
[2025-05-30 17:26:27.984] PYTHON_PROGRESS: GA: Fitness (Total=35220.00): SC1_StudentClash=33000|SC2_LecturerUnderload=2220|
[2025-05-30 17:26:28.108] PYTHON_PROGRESS: GA: Fitness (Total=36220.00): SC1_StudentClash=34000|SC2_LecturerUnderload=2220|
[2025-05-30 17:26:28.169] PYTHON_PROGRESS: GA: ValidationFail HC1 (Event 22): Lect 18 conflict at TS 2 for Course INS300202
[2025-05-30 17:26:28.200] PYTHON_PROGRESS: GA: ValidationFail HC2 (Event 46): Room 20 conflict at TS 1 for Course MAT109204
[2025-05-30 17:26:28.245] PYTHON_PROGRESS: GA: ValidationFail HC2 (Event 20): Room 15 conflict at TS 2 for Course INS210902
[2025-05-30 17:26:28.414] PYTHON_PROGRESS: GA: Fitness (Total=34220.00): SC1_StudentClash=32000|SC2_LecturerUnderload=2220|
[2025-05-30 17:26:28.473] PYTHON_PROGRESS: GA: ValidationFail HC2 (Event 39): Room 13 conflict at TS 1 for Course INS318901
[2025-05-30 17:26:28.509] PYTHON_PROGRESS: GA: ValidationFail HC2 (Event 46): Room 13 conflict at TS 1 for Course MAT109204
[2025-05-30 17:26:28.749] PYTHON_PROGRESS: GA: ValidationFail HC2 (Event 48): Room 22 conflict at TS 1 for Course PHI100201
[2025-05-30 17:26:28.764] PYTHON_PROGRESS: GA: ValidationFail HC2 (Event 27): Room 17 conflict at TS 2 for Course INS302901
[2025-05-30 17:26:28.807] PYTHON_PROGRESS: GA: ValidationFail HC2 (Event 39): Room 3 conflict at TS 1 for Course INS318901
[2025-05-30 17:26:28.850] PYTHON_PROGRESS: GA: ValidationFail HC1 (Event 11): Lect 18 conflict at TS 4 for Course INS200903
[2025-05-30 17:26:28.880] PYTHON_PROGRESS: GA: Fitness (Total=29220.00): SC1_StudentClash=27000|SC2_LecturerUnderload=2220|
[2025-05-30 17:26:28.914] PYTHON_PROGRESS: GA: Fitness (Total=29220.00): SC1_StudentClash=27000|SC2_LecturerUnderload=2220|
[2025-05-30 17:26:28.935] PYTHON_PROGRESS: GA: Fitness (Total=29220.00): SC1_StudentClash=27000|SC2_LecturerUnderload=2220|
[2025-05-30 17:26:28.974] PYTHON_PROGRESS: GA: Fitness (Total=29220.00): SC1_StudentClash=27000|SC2_LecturerUnderload=2220|
[2025-05-30 17:26:29.034] PYTHON_PROGRESS: GA: ValidationFail HC2 (Event 38): Room 23 conflict at TS 2 for Course INS315201
[2025-05-30 17:26:29.037] PYTHON_PROGRESS: GA: ValidationFail HC2 (Event 47): Room 21 conflict at TS 1 for Course PEC100802
[2025-05-30 17:26:29.042] PYTHON_PROGRESS: GA: ValidationFail HC2 (Event 14): Room 1 conflict at TS 3 for Course INS201502
[2025-05-30 17:26:29.124] PYTHON_PROGRESS: GA: ValidationFail HC2 (Event 17): Room 1 conflict at TS 9 for Course INS207303
[2025-05-30 17:26:29.162] PYTHON_PROGRESS: GA: Fitness (Total=28220.00): SC1_StudentClash=26000|SC2_LecturerUnderload=2220|
[2025-05-30 17:26:29.185] PYTHON_PROGRESS: GA: Fitness (Total=22220.00): SC1_StudentClash=20000|SC2_LecturerUnderload=2220|
[2025-05-30 17:26:29.200] PYTHON_PROGRESS: GA: Fitness (Total=29220.00): SC1_StudentClash=27000|SC2_LecturerUnderload=2220|
[2025-05-30 17:26:29.511] PYTHON_PROGRESS: GA: Fitness (Total=19220.00): SC1_StudentClash=17000|SC2_LecturerUnderload=2220|
[2025-05-30 17:26:29.627] PYTHON_PROGRESS: GA: ValidationFail HC2 (Event 47): Room 21 conflict at TS 1 for Course PEC100802
[2025-05-30 17:26:29.647] PYTHON_PROGRESS: GA: ValidationFail HC2 (Event 3): Room 1 conflict at TS 2 for Course BSA301402
[2025-05-30 17:26:29.700] PYTHON_PROGRESS: GA: ValidationFail HC2 (Event 37): Room 4 conflict at TS 3 for Course INS315101
[2025-05-30 17:26:29.743] PYTHON_PROGRESS: GA: ValidationFail HC2 (Event 7): Room 2 conflict at TS 6 for Course INE105102
[2025-05-30 17:26:29.773] PYTHON_PROGRESS: GA: Fitness (Total=18220.00): SC1_StudentClash=16000|SC2_LecturerUnderload=2220|
[2025-05-30 17:26:29.831] PYTHON_PROGRESS: GA: Fitness (Total=19220.00): SC1_StudentClash=17000|SC2_LecturerUnderload=2220|
[2025-05-30 17:26:29.839] PYTHON_PROGRESS: GA: Fitness (Total=18220.00): SC1_StudentClash=16000|SC2_LecturerUnderload=2220|
[2025-05-30 17:26:29.845] PYTHON_PROGRESS: GA: Fitness (Total=18220.00): SC1_StudentClash=16000|SC2_LecturerUnderload=2220|
[2025-05-30 17:26:29.870] PYTHON_PROGRESS: GA: Fitness (Total=18220.00): SC1_StudentClash=16000|SC2_LecturerUnderload=2220|
[2025-05-30 17:26:29.882] PYTHON_PROGRESS: GA: End Gen 10/100: BestInGenPen=12220.00, OverallBestPen=12220.00
[2025-05-30 17:26:29.928] PYTHON_PROGRESS: GA: ValidationFail HC2 (Event 15): Room 1 conflict at TS 8 for Course INS201503
[2025-05-30 17:26:29.985] PYTHON_PROGRESS: GA: ValidationFail HC2 (Event 15): Room 2 conflict at TS 6 for Course INS201503
[2025-05-30 17:26:30.001] PYTHON_PROGRESS: GA: ValidationFail HC2 (Event 41): Room 15 conflict at TS 3 for Course INS325101
[2025-05-30 17:26:30.059] PYTHON_PROGRESS: GA: Fitness (Total=18220.00): SC1_StudentClash=16000|SC2_LecturerUnderload=2220|
[2025-05-30 17:26:30.121] PYTHON_PROGRESS: GA: Fitness (Total=15220.00): SC1_StudentClash=13000|SC2_LecturerUnderload=2220|
[2025-05-30 17:26:30.141] PYTHON_PROGRESS: GA: Fitness (Total=12220.00): SC1_StudentClash=10000|SC2_LecturerUnderload=2220|
[2025-05-30 17:26:30.155] PYTHON_PROGRESS: GA: Fitness (Total=18220.00): SC1_StudentClash=16000|SC2_LecturerUnderload=2220|
[2025-05-30 17:26:30.209] PYTHON_PROGRESS: GA: ValidationFail HC2 (Event 40): Room 10 conflict at TS 1 for Course INS323702
[2025-05-30 17:26:30.233] PYTHON_PROGRESS: GA: ValidationFail HC2 (Event 39): Room 13 conflict at TS 1 for Course INS318901
[2025-05-30 17:26:30.274] PYTHON_PROGRESS: GA: ValidationFail HC2 (Event 13): Room 15 conflict at TS 2 for Course INS201501
[2025-05-30 17:26:30.310] PYTHON_PROGRESS: GA: Fitness (Total=12220.00): SC1_StudentClash=10000|SC2_LecturerUnderload=2220|
[2025-05-30 17:26:30.335] PYTHON_PROGRESS: GA: Fitness (Total=12220.00): SC1_StudentClash=10000|SC2_LecturerUnderload=2220|
[2025-05-30 17:26:30.410] PYTHON_PROGRESS: GA: Fitness (Total=12220.00): SC1_StudentClash=10000|SC2_LecturerUnderload=2220|
[2025-05-30 17:26:30.479] PYTHON_PROGRESS: GA: ValidationFail HC2 (Event 39): Room 13 conflict at TS 1 for Course INS318901
[2025-05-30 17:26:30.533] PYTHON_PROGRESS: GA: ValidationFail HC2 (Event 35): Room 1 conflict at TS 9 for Course INS308001
[2025-05-30 17:26:30.730] PYTHON_PROGRESS: GA: Fitness (Total=11220.00): SC1_StudentClash=9000|SC2_LecturerUnderload=2220|
[2025-05-30 17:26:30.881] PYTHON_PROGRESS: GA: ValidationFail HC2 (Event 39): Room 13 conflict at TS 1 for Course INS318901
[2025-05-30 17:26:30.950] PYTHON_PROGRESS: GA: Fitness (Total=11220.00): SC1_StudentClash=9000|SC2_LecturerUnderload=2220|
[2025-05-30 17:26:30.950] PYTHON_PROGRESS: GA: Fitness (Total=10220.00): SC1_StudentClash=8000|SC2_LecturerUnderload=2220|
[2025-05-30 17:26:30.981] PYTHON_PROGRESS: GA: Fitness (Total=11220.00): SC1_StudentClash=9000|SC2_LecturerUnderload=2220|
[2025-05-30 17:26:30.981] PYTHON_PROGRESS: GA: Fitness (Total=11220.00): SC1_StudentClash=9000|SC2_LecturerUnderload=2220|
[2025-05-30 17:26:30.997] PYTHON_PROGRESS: GA: Fitness (Total=11220.00): SC1_StudentClash=9000|SC2_LecturerUnderload=2220|
[2025-05-30 17:26:31.129] PYTHON_PROGRESS: GA: ValidationFail HC2 (Event 48): Room 22 conflict at TS 1 for Course PHI100201
[2025-05-30 17:26:31.159] PYTHON_PROGRESS: GA: ValidationFail HC1 (Event 46): Lect 22 conflict at TS 19 for Course MAT109204
[2025-05-30 17:26:31.173] PYTHON_PROGRESS: GA: ValidationFail HC2 (Event 29): Room 4 conflict at TS 1 for Course INS303201
[2025-05-30 17:26:31.206] PYTHON_PROGRESS: GA: Fitness (Total=11220.00): SC1_StudentClash=9000|SC2_LecturerUnderload=2220|
[2025-05-30 17:26:31.464] PYTHON_PROGRESS: GA: Fitness (Total=11220.00): SC1_StudentClash=9000|SC2_LecturerUnderload=2220|
[2025-05-30 17:26:31.464] PYTHON_PROGRESS: GA: Fitness (Total=10220.00): SC1_StudentClash=8000|SC2_LecturerUnderload=2220|
[2025-05-30 17:26:31.591] PYTHON_PROGRESS: GA: Fitness (Total=10220.00): SC1_StudentClash=8000|SC2_LecturerUnderload=2220|
[2025-05-30 17:26:31.761] PYTHON_PROGRESS: GA: Fitness (Total=9220.00): SC1_StudentClash=7000|SC2_LecturerUnderload=2220|
[2025-05-30 17:26:31.767] PYTHON_PROGRESS: GA: Fitness (Total=9220.00): SC1_StudentClash=7000|SC2_LecturerUnderload=2220|
[2025-05-30 17:26:31.903] PYTHON_PROGRESS: GA: ValidationFail HC2 (Event 41): Room 4 conflict at TS 3 for Course INS325101
[2025-05-30 17:26:31.918] PYTHON_PROGRESS: GA: ValidationFail HC2 (Event 38): Room 4 conflict at TS 2 for Course INS315201
[2025-05-30 17:26:31.949] PYTHON_PROGRESS: GA: ValidationFail HC2 (Event 48): Room 22 conflict at TS 1 for Course PHI100201
[2025-05-30 17:26:32.017] PYTHON_PROGRESS: GA: Fitness (Total=9220.00): SC1_StudentClash=7000|SC2_LecturerUnderload=2220|
[2025-05-30 17:26:32.067] PYTHON_PROGRESS: GA: Fitness (Total=9220.00): SC1_StudentClash=7000|SC2_LecturerUnderload=2220|
[2025-05-30 17:26:32.083] PYTHON_PROGRESS: GA: Fitness (Total=9220.00): SC1_StudentClash=7000|SC2_LecturerUnderload=2220|
[2025-05-30 17:26:32.083] PYTHON_PROGRESS: GA: Fitness (Total=9220.00): SC1_StudentClash=7000|SC2_LecturerUnderload=2220|
[2025-05-30 17:26:32.183] PYTHON_PROGRESS: GA: ValidationFail HC2 (Event 38): Room 20 conflict at TS 2 for Course INS315201
[2025-05-30 17:26:32.188] PYTHON_PROGRESS: GA: ValidationFail HC1 (Event 41): Lect 7 conflict at TS 4 for Course INS325101
[2025-05-30 17:26:32.335] PYTHON_PROGRESS: GA: Fitness (Total=9220.00): SC1_StudentClash=7000|SC2_LecturerUnderload=2220|
[2025-05-30 17:26:32.460] PYTHON_PROGRESS: GA: ValidationFail HC2 (Event 41): Room 15 conflict at TS 6 for Course INS325101
[2025-05-30 17:26:32.591] PYTHON_PROGRESS: GA: Fitness (Total=8220.00): SC1_StudentClash=6000|SC2_LecturerUnderload=2220|
[2025-05-30 17:26:32.631] PYTHON_PROGRESS: GA: Fitness (Total=8220.00): SC1_StudentClash=6000|SC2_LecturerUnderload=2220|
[2025-05-30 17:26:32.686] PYTHON_PROGRESS: GA: End Gen 20/100: BestInGenPen=7220.00, OverallBestPen=7220.00
[2025-05-30 17:26:32.758] PYTHON_PROGRESS: GA: ValidationFail HC2 (Event 41): Room 4 conflict at TS 3 for Course INS325101
[2025-05-30 17:26:32.760] PYTHON_PROGRESS: GA: ValidationFail HC2 (Event 12): Room 1 conflict at TS 8 for Course INS201101
[2025-05-30 17:26:32.879] PYTHON_PROGRESS: GA: Fitness (Total=8220.00): SC1_StudentClash=6000|SC2_LecturerUnderload=2220|
[2025-05-30 17:26:32.932] PYTHON_PROGRESS: GA: Fitness (Total=7220.00): SC1_StudentClash=5000|SC2_LecturerUnderload=2220|
[2025-05-30 17:26:32.942] PYTHON_PROGRESS: GA: Fitness (Total=8220.00): SC1_StudentClash=6000|SC2_LecturerUnderload=2220|
[2025-05-30 17:26:32.958] PYTHON_PROGRESS: GA: Fitness (Total=8220.00): SC1_StudentClash=6000|SC2_LecturerUnderload=2220|
[2025-05-30 17:26:33.069] PYTHON_PROGRESS: GA: ValidationFail HC2 (Event 15): Room 15 conflict at TS 6 for Course INS201503
[2025-05-30 17:26:33.133] PYTHON_PROGRESS: GA: Fitness (Total=7220.00): SC1_StudentClash=5000|SC2_LecturerUnderload=2220|
[2025-05-30 17:26:33.149] PYTHON_PROGRESS: GA: Fitness (Total=7220.00): SC1_StudentClash=5000|SC2_LecturerUnderload=2220|
[2025-05-30 17:26:33.182] PYTHON_PROGRESS: GA: Fitness (Total=8220.00): SC1_StudentClash=6000|SC2_LecturerUnderload=2220|
[2025-05-30 17:26:33.213] PYTHON_PROGRESS: GA: Fitness (Total=7220.00): SC1_StudentClash=5000|SC2_LecturerUnderload=2220|
[2025-05-30 17:26:33.276] PYTHON_PROGRESS: GA: ValidationFail HC2 (Event 49): Room 23 conflict at TS 1 for Course RUS500201
[2025-05-30 17:26:33.310] PYTHON_PROGRESS: GA: ValidationFail HC2 (Event 46): Room 20 conflict at TS 1 for Course MAT109204
[2025-05-30 17:26:33.430] PYTHON_PROGRESS: GA: Fitness (Total=7220.00): SC1_StudentClash=5000|SC2_LecturerUnderload=2220|
[2025-05-30 17:26:33.541] PYTHON_PROGRESS: GA: ValidationFail HC2 (Event 18): Room 1 conflict at TS 6 for Course INS207402
[2025-05-30 17:26:33.541] PYTHON_PROGRESS: GA: ValidationFail HC2 (Event 11): Room 4 conflict at TS 3 for Course INS200903
[2025-05-30 17:26:33.589] PYTHON_PROGRESS: GA: ValidationFail HC2 (Event 4): Room 1 conflict at TS 3 for Course FIB300501
[2025-05-30 17:26:33.884] PYTHON_PROGRESS: GA: ValidationFail HC2 (Event 32): Room 8 conflict at TS 1 for Course INS306603
[2025-05-30 17:26:33.916] PYTHON_PROGRESS: GA: ValidationFail HC2 (Event 44): Room 18 conflict at TS 7 for Course INS328003
[2025-05-30 17:26:33.987] PYTHON_PROGRESS: GA: Fitness (Total=6220.00): SC1_StudentClash=4000|SC2_LecturerUnderload=2220|
[2025-05-30 17:26:34.157] PYTHON_PROGRESS: GA: ValidationFail HC2 (Event 46): Room 20 conflict at TS 1 for Course MAT109204
[2025-05-30 17:26:34.215] PYTHON_PROGRESS: GA: Fitness (Total=4220.00): SC1_StudentClash=2000|SC2_LecturerUnderload=2220|
[2025-05-30 17:26:34.443] PYTHON_PROGRESS: GA: ValidationFail HC2 (Event 18): Room 1 conflict at TS 11 for Course INS207402
[2025-05-30 17:26:34.522] PYTHON_PROGRESS: GA: Fitness (Total=4220.00): SC1_StudentClash=2000|SC2_LecturerUnderload=2220|
[2025-05-30 17:26:34.540] PYTHON_PROGRESS: GA: Fitness (Total=3220.00): SC1_StudentClash=1000|SC2_LecturerUnderload=2220|
[2025-05-30 17:26:34.716] PYTHON_PROGRESS: GA: ValidationFail HC2 (Event 27): Room 9 conflict at TS 2 for Course INS302901
[2025-05-30 17:26:34.768] PYTHON_PROGRESS: GA: ValidationFail HC2 (Event 18): Room 1 conflict at TS 8 for Course INS207402
[2025-05-30 17:26:34.779] PYTHON_PROGRESS: GA: Fitness (Total=3220.00): SC1_StudentClash=1000|SC2_LecturerUnderload=2220|
[2025-05-30 17:26:34.814] PYTHON_PROGRESS: GA: Fitness (Total=3220.00): SC1_StudentClash=1000|SC2_LecturerUnderload=2220|
[2025-05-30 17:26:34.861] PYTHON_PROGRESS: GA: Fitness (Total=3220.00): SC1_StudentClash=1000|SC2_LecturerUnderload=2220|
[2025-05-30 17:26:35.007] PYTHON_PROGRESS: GA: ValidationFail HC2 (Event 34): Room 5 conflict at TS 1 for Course INS307403
[2025-05-30 17:26:35.026] PYTHON_PROGRESS: GA: ValidationFail HC2 (Event 15): Room 1 conflict at TS 6 for Course INS201503
[2025-05-30 17:26:35.049] PYTHON_PROGRESS: GA: Fitness (Total=3220.00): SC1_StudentClash=1000|SC2_LecturerUnderload=2220|
[2025-05-30 17:26:35.229] PYTHON_PROGRESS: GA: ValidationFail HC2 (Event 49): Room 23 conflict at TS 1 for Course RUS500201
[2025-05-30 17:26:35.349] PYTHON_PROGRESS: GA: Fitness (Total=2220.00): SC2_LecturerUnderload=2220|
[2025-05-30 17:26:35.448] PYTHON_PROGRESS: GA: End Gen 30/100: BestInGenPen=2220.00, OverallBestPen=2220.00
[2025-05-30 17:26:35.615] PYTHON_PROGRESS: GA: Fitness (Total=2220.00): SC2_LecturerUnderload=2220|
[2025-05-30 17:26:35.631] PYTHON_PROGRESS: GA: Fitness (Total=2220.00): SC2_LecturerUnderload=2220|
[2025-05-30 17:26:35.670] PYTHON_PROGRESS: GA: Fitness (Total=2220.00): SC2_LecturerUnderload=2220|
[2025-05-30 17:26:35.684] PYTHON_PROGRESS: GA: Fitness (Total=2220.00): SC2_LecturerUnderload=2220|
[2025-05-30 17:26:35.749] PYTHON_PROGRESS: GA: ValidationFail HC2 (Event 18): Room 1 conflict at TS 11 for Course INS207402
[2025-05-30 17:26:35.869] PYTHON_PROGRESS: GA: Fitness (Total=2220.00): SC2_LecturerUnderload=2220|
[2025-05-30 17:26:35.898] PYTHON_PROGRESS: GA: Fitness (Total=2220.00): SC2_LecturerUnderload=2220|
[2025-05-30 17:26:36.048] PYTHON_PROGRESS: GA: ValidationFail HC2 (Event 36): Room 22 conflict at TS 2 for Course INS309701
[2025-05-30 17:26:36.317] PYTHON_PROGRESS: GA: ValidationFail HC2 (Event 12): Room 1 conflict at TS 4 for Course INS201101
[2025-05-30 17:26:36.380] PYTHON_PROGRESS: GA: Fitness (Total=2220.00): SC2_LecturerUnderload=2220|
[2025-05-30 17:26:36.428] PYTHON_PROGRESS: GA: Fitness (Total=2220.00): SC2_LecturerUnderload=2220|
[2025-05-30 17:26:36.596] PYTHON_PROGRESS: GA: ValidationFail HC2 (Event 18): Room 1 conflict at TS 9 for Course INS207402
[2025-05-30 17:26:36.644] PYTHON_PROGRESS: GA: Fitness (Total=2220.00): SC2_LecturerUnderload=2220|
[2025-05-30 17:26:36.715] PYTHON_PROGRESS: GA: Fitness (Total=2220.00): SC2_LecturerUnderload=2220|
[2025-05-30 17:26:36.746] PYTHON_PROGRESS: GA: Fitness (Total=2220.00): SC2_LecturerUnderload=2220|
[2025-05-30 17:26:36.844] PYTHON_PROGRESS: GA: ValidationFail HC2 (Event 25): Room 14 conflict at TS 2 for Course INS30201
[2025-05-30 17:26:36.934] PYTHON_PROGRESS: GA: Fitness (Total=2220.00): SC2_LecturerUnderload=2220|
[2025-05-30 17:26:36.946] PYTHON_PROGRESS: GA: Fitness (Total=2220.00): SC2_LecturerUnderload=2220|
[2025-05-30 17:26:36.962] PYTHON_PROGRESS: GA: Fitness (Total=2220.00): SC2_LecturerUnderload=2220|
[2025-05-30 17:26:37.027] PYTHON_PROGRESS: GA: Fitness (Total=2220.00): SC2_LecturerUnderload=2220|
[2025-05-30 17:26:37.256] PYTHON_PROGRESS: GA: Fitness (Total=2220.00): SC2_LecturerUnderload=2220|
[2025-05-30 17:26:37.272] PYTHON_PROGRESS: GA: Fitness (Total=2220.00): SC2_LecturerUnderload=2220|
[2025-05-30 17:26:37.335] PYTHON_PROGRESS: GA: Fitness (Total=2220.00): SC2_LecturerUnderload=2220|
[2025-05-30 17:26:37.492] PYTHON_PROGRESS: GA: Fitness (Total=2220.00): SC2_LecturerUnderload=2220|
[2025-05-30 17:26:37.592] PYTHON_PROGRESS: GA: Fitness (Total=2220.00): SC2_LecturerUnderload=2220|
[2025-05-30 17:26:37.843] PYTHON_PROGRESS: GA: Fitness (Total=2220.00): SC2_LecturerUnderload=2220|
[2025-05-30 17:26:37.864] PYTHON_PROGRESS: GA: Fitness (Total=2220.00): SC2_LecturerUnderload=2220|
[2025-05-30 17:26:38.043] PYTHON_PROGRESS: GA: Fitness (Total=2220.00): SC2_LecturerUnderload=2220|
[2025-05-30 17:26:38.114] PYTHON_PROGRESS: GA: Fitness (Total=2220.00): SC2_LecturerUnderload=2220|
[2025-05-30 17:26:38.164] PYTHON_PROGRESS: GA: End Gen 40/100: BestInGenPen=2220.00, OverallBestPen=2220.00
[2025-05-30 17:26:38.228] PYTHON_PROGRESS: GA: ValidationFail HC2 (Event 37): Room 12 conflict at TS 3 for Course INS315101
[2025-05-30 17:26:38.332] PYTHON_PROGRESS: GA: Fitness (Total=2220.00): SC2_LecturerUnderload=2220|
[2025-05-30 17:26:38.544] PYTHON_PROGRESS: GA: ValidationFail HC2 (Event 7): Room 2 conflict at TS 4 for Course INE105102
[2025-05-30 17:26:38.576] PYTHON_PROGRESS: GA: Fitness (Total=2220.00): SC2_LecturerUnderload=2220|
[2025-05-30 17:26:38.655] PYTHON_PROGRESS: GA: Fitness (Total=2220.00): SC2_LecturerUnderload=2220|
[2025-05-30 17:26:38.679] PYTHON_PROGRESS: GA: Fitness (Total=2220.00): SC2_LecturerUnderload=2220|
[2025-05-30 17:26:38.681] PYTHON_PROGRESS: GA: Fitness (Total=2220.00): SC2_LecturerUnderload=2220|
[2025-05-30 17:26:39.098] PYTHON_PROGRESS: GA: ValidationFail HC2 (Event 36): Room 17 conflict at TS 2 for Course INS309701
[2025-05-30 17:26:39.314] PYTHON_PROGRESS: GA: ValidationFail HC2 (Event 38): Room 23 conflict at TS 2 for Course INS315201
[2025-05-30 17:26:39.333] PYTHON_PROGRESS: GA: ValidationFail HC2 (Event 26): Room 5 conflict at TS 2 for Course INS302803
[2025-05-30 17:26:39.363] PYTHON_PROGRESS: GA: ValidationFail HC2 (Event 14): Room 1 conflict at TS 5 for Course INS201502
[2025-05-30 17:26:39.379] PYTHON_PROGRESS: GA: ValidationFail HC2 (Event 20): Room 18 conflict at TS 2 for Course INS210902
[2025-05-30 17:26:39.442] PYTHON_PROGRESS: GA: Fitness (Total=2220.00): SC2_LecturerUnderload=2220|
[2025-05-30 17:26:39.498] PYTHON_PROGRESS: GA: Fitness (Total=2220.00): SC2_LecturerUnderload=2220|
[2025-05-30 17:26:39.645] PYTHON_PROGRESS: GA: Fitness (Total=2220.00): SC2_LecturerUnderload=2220|
[2025-05-30 17:26:39.744] PYTHON_PROGRESS: GA: Fitness (Total=2220.00): SC2_LecturerUnderload=2220|
[2025-05-30 17:26:39.780] PYTHON_PROGRESS: GA: Fitness (Total=2220.00): SC2_LecturerUnderload=2220|
[2025-05-30 17:26:39.857] PYTHON_PROGRESS: GA: ValidationFail HC2 (Event 3): Room 1 conflict at TS 14 for Course BSA301402
[2025-05-30 17:26:40.009] PYTHON_PROGRESS: GA: Fitness (Total=2220.00): SC2_LecturerUnderload=2220|
[2025-05-30 17:26:40.020] PYTHON_PROGRESS: GA: Fitness (Total=2220.00): SC2_LecturerUnderload=2220|
[2025-05-30 17:26:40.105] PYTHON_PROGRESS: GA: ValidationFail HC2 (Event 17): Room 1 conflict at TS 9 for Course INS207303
[2025-05-30 17:26:40.278] PYTHON_PROGRESS: GA: Fitness (Total=2220.00): SC2_LecturerUnderload=2220|
[2025-05-30 17:26:40.333] PYTHON_PROGRESS: GA: Fitness (Total=2220.00): SC2_LecturerUnderload=2220|
[2025-05-30 17:26:40.398] PYTHON_PROGRESS: GA: ValidationFail HC2 (Event 21): Room 2 conflict at TS 7 for Course INS211102
[2025-05-30 17:26:40.414] PYTHON_PROGRESS: GA: ValidationFail HC1 (Event 16): Lect 26 conflict at TS 7 for Course INS203702
[2025-05-30 17:26:40.430] PYTHON_PROGRESS: GA: ValidationFail HC2 (Event 38): Room 20 conflict at TS 2 for Course INS315201
[2025-05-30 17:26:40.446] PYTHON_PROGRESS: GA: ValidationFail HC2 (Event 36): Room 5 conflict at TS 2 for Course INS309701
[2025-05-30 17:26:40.477] PYTHON_PROGRESS: GA: Fitness (Total=2220.00): SC2_LecturerUnderload=2220|
[2025-05-30 17:26:40.568] PYTHON_PROGRESS: GA: Fitness (Total=2220.00): SC2_LecturerUnderload=2220|
[2025-05-30 17:26:40.752] PYTHON_PROGRESS: GA: Fitness (Total=2220.00): SC2_LecturerUnderload=2220|
[2025-05-30 17:26:40.827] PYTHON_PROGRESS: GA: Fitness (Total=3220.00): SC1_StudentClash=1000|SC2_LecturerUnderload=2220|
[2025-05-30 17:26:40.839] PYTHON_PROGRESS: GA: Fitness (Total=2220.00): SC2_LecturerUnderload=2220|
[2025-05-30 17:26:40.847] PYTHON_PROGRESS: GA: Fitness (Total=2220.00): SC2_LecturerUnderload=2220|
[2025-05-30 17:26:40.878] PYTHON_PROGRESS: GA: Fitness (Total=2220.00): SC2_LecturerUnderload=2220|
[2025-05-30 17:26:40.878] PYTHON_PROGRESS: GA: End Gen 50/100: BestInGenPen=2220.00, OverallBestPen=2220.00
[2025-05-30 17:26:40.962] PYTHON_PROGRESS: GA: ValidationFail HC2 (Event 46): Room 20 conflict at TS 1 for Course MAT109204
[2025-05-30 17:26:40.981] PYTHON_PROGRESS: GA: ValidationFail HC2 (Event 18): Room 1 conflict at TS 11 for Course INS207402
[2025-05-30 17:26:41.025] PYTHON_PROGRESS: GA: Fitness (Total=2220.00): SC2_LecturerUnderload=2220|
[2025-05-30 17:26:41.071] PYTHON_PROGRESS: GA: Fitness (Total=2220.00): SC2_LecturerUnderload=2220|
[2025-05-30 17:26:41.144] PYTHON_PROGRESS: GA: Fitness (Total=2220.00): SC2_LecturerUnderload=2220|
[2025-05-30 17:26:41.239] PYTHON_PROGRESS: GA: ValidationFail HC2 (Event 36): Room 20 conflict at TS 2 for Course INS309701
[2025-05-30 17:26:41.297] PYTHON_PROGRESS: GA: Fitness (Total=2220.00): SC2_LecturerUnderload=2220|
[2025-05-30 17:26:41.354] PYTHON_PROGRESS: GA: Fitness (Total=2220.00): SC2_LecturerUnderload=2220|
[2025-05-30 17:26:41.358] PYTHON_PROGRESS: GA: Fitness (Total=2220.00): SC2_LecturerUnderload=2220|
[2025-05-30 17:26:41.362] PYTHON_PROGRESS: GA: Fitness (Total=2220.00): SC2_LecturerUnderload=2220|
[2025-05-30 17:26:41.381] PYTHON_PROGRESS: GA: Fitness (Total=2220.00): SC2_LecturerUnderload=2220|
[2025-05-30 17:26:41.388] PYTHON_PROGRESS: GA: Fitness (Total=2220.00): SC2_LecturerUnderload=2220|
[2025-05-30 17:26:41.423] PYTHON_PROGRESS: GA: Fitness (Total=2220.00): SC2_LecturerUnderload=2220|
[2025-05-30 17:26:41.648] PYTHON_PROGRESS: GA: Fitness (Total=2220.00): SC2_LecturerUnderload=2220|
[2025-05-30 17:26:41.697] PYTHON_PROGRESS: GA: Fitness (Total=2220.00): SC2_LecturerUnderload=2220|
[2025-05-30 17:26:41.705] PYTHON_PROGRESS: GA: Fitness (Total=2220.00): SC2_LecturerUnderload=2220|
[2025-05-30 17:26:41.813] PYTHON_PROGRESS: GA: ValidationFail HC1 (Event 11): Lect 18 conflict at TS 12 for Course INS200903
[2025-05-30 17:26:41.854] PYTHON_PROGRESS: GA: Fitness (Total=2220.00): SC2_LecturerUnderload=2220|
[2025-05-30 17:26:42.030] PYTHON_PROGRESS: GA: ValidationFail HC2 (Event 16): Room 1 conflict at TS 3 for Course INS203702
[2025-05-30 17:26:42.040] PYTHON_PROGRESS: GA: ValidationFail HC2 (Event 49): Room 23 conflict at TS 1 for Course RUS500201
[2025-05-30 17:26:42.135] PYTHON_PROGRESS: GA: Fitness (Total=2220.00): SC2_LecturerUnderload=2220|
[2025-05-30 17:26:42.151] PYTHON_PROGRESS: GA: Fitness (Total=2220.00): SC2_LecturerUnderload=2220|
[2025-05-30 17:26:42.164] PYTHON_PROGRESS: GA: Fitness (Total=2220.00): SC2_LecturerUnderload=2220|
[2025-05-30 17:26:42.176] PYTHON_PROGRESS: GA: Fitness (Total=2220.00): SC2_LecturerUnderload=2220|
[2025-05-30 17:26:42.180] PYTHON_PROGRESS: GA: Fitness (Total=2220.00): SC2_LecturerUnderload=2220|
[2025-05-30 17:26:42.195] PYTHON_PROGRESS: GA: Fitness (Total=2220.00): SC2_LecturerUnderload=2220|
[2025-05-30 17:26:42.348] PYTHON_PROGRESS: GA: ValidationFail HC2 (Event 28): Room 15 conflict at TS 4 for Course INS303002
[2025-05-30 17:26:42.464] PYTHON_PROGRESS: GA: Fitness (Total=2220.00): SC2_LecturerUnderload=2220|
[2025-05-30 17:26:42.464] PYTHON_PROGRESS: GA: Fitness (Total=2220.00): SC2_LecturerUnderload=2220|
[2025-05-30 17:26:42.577] PYTHON_PROGRESS: GA: ValidationFail HC2 (Event 15): Room 1 conflict at TS 24 for Course INS201503
[2025-05-30 17:26:42.661] PYTHON_PROGRESS: GA: Fitness (Total=2220.00): SC2_LecturerUnderload=2220|
[2025-05-30 17:26:42.892] PYTHON_PROGRESS: GA: ValidationFail HC2 (Event 15): Room 1 conflict at TS 24 for Course INS201503
[2025-05-30 17:26:42.923] PYTHON_PROGRESS: GA: ValidationFail HC2 (Event 38): Room 11 conflict at TS 2 for Course INS315201
[2025-05-30 17:26:42.980] PYTHON_PROGRESS: GA: Fitness (Total=2220.00): SC2_LecturerUnderload=2220|
[2025-05-30 17:26:42.992] PYTHON_PROGRESS: GA: Fitness (Total=2220.00): SC2_LecturerUnderload=2220|
[2025-05-30 17:26:43.030] PYTHON_PROGRESS: GA: Fitness (Total=2220.00): SC2_LecturerUnderload=2220|
[2025-05-30 17:26:43.039] PYTHON_PROGRESS: GA: Fitness (Total=2220.00): SC2_LecturerUnderload=2220|
[2025-05-30 17:26:43.160] PYTHON_PROGRESS: GA: ValidationFail HC2 (Event 15): Room 15 conflict at TS 6 for Course INS201503
[2025-05-30 17:26:43.186] PYTHON_PROGRESS: GA: ValidationFail HC2 (Event 36): Room 20 conflict at TS 2 for Course INS309701
[2025-05-30 17:26:43.411] PYTHON_PROGRESS: GA: ValidationFail HC2 (Event 14): Room 1 conflict at TS 5 for Course INS201502
[2025-05-30 17:26:43.426] PYTHON_PROGRESS: GA: ValidationFail HC2 (Event 15): Room 1 conflict at TS 24 for Course INS201503
[2025-05-30 17:26:43.458] PYTHON_PROGRESS: GA: ValidationFail HC2 (Event 17): Room 1 conflict at TS 4 for Course INS207303
[2025-05-30 17:26:43.505] PYTHON_PROGRESS: GA: Fitness (Total=2220.00): SC2_LecturerUnderload=2220|
[2025-05-30 17:26:43.505] PYTHON_PROGRESS: GA: Fitness (Total=2220.00): SC2_LecturerUnderload=2220|
[2025-05-30 17:26:43.521] PYTHON_PROGRESS: GA: Fitness (Total=2220.00): SC2_LecturerUnderload=2220|
[2025-05-30 17:26:43.600] PYTHON_PROGRESS: GA: End Gen 60/100: BestInGenPen=2220.00, OverallBestPen=2220.00
[2025-05-30 17:26:43.695] PYTHON_PROGRESS: GA: ValidationFail HC2 (Event 20): Room 18 conflict at TS 2 for Course INS210902
[2025-05-30 17:26:43.742] PYTHON_PROGRESS: GA: ValidationFail HC1 (Event 38): Lect 4 conflict at TS 3 for Course INS315201
[2025-05-30 17:26:43.742] PYTHON_PROGRESS: GA: ValidationFail HC2 (Event 26): Room 12 conflict at TS 2 for Course INS302803
[2025-05-30 17:26:43.774] PYTHON_PROGRESS: GA: Fitness (Total=2220.00): SC2_LecturerUnderload=2220|
[2025-05-30 17:26:43.828] PYTHON_PROGRESS: GA: Fitness (Total=2220.00): SC2_LecturerUnderload=2220|
[2025-05-30 17:26:44.145] PYTHON_PROGRESS: GA: Fitness (Total=2220.00): SC2_LecturerUnderload=2220|
[2025-05-30 17:26:44.211] PYTHON_PROGRESS: GA: ValidationFail HC2 (Event 15): Room 1 conflict at TS 24 for Course INS201503
[2025-05-30 17:26:44.227] PYTHON_PROGRESS: GA: ValidationFail HC2 (Event 44): Room 18 conflict at TS 7 for Course INS328003
[2025-05-30 17:26:44.258] PYTHON_PROGRESS: GA: ValidationFail HC2 (Event 34): Room 10 conflict at TS 1 for Course INS307403
[2025-05-30 17:26:44.321] PYTHON_PROGRESS: GA: Fitness (Total=2220.00): SC2_LecturerUnderload=2220|
[2025-05-30 17:26:44.331] PYTHON_PROGRESS: GA: Fitness (Total=2220.00): SC2_LecturerUnderload=2220|
[2025-05-30 17:26:44.362] PYTHON_PROGRESS: GA: Fitness (Total=2220.00): SC2_LecturerUnderload=2220|
[2025-05-30 17:26:44.394] PYTHON_PROGRESS: GA: Fitness (Total=2220.00): SC2_LecturerUnderload=2220|
[2025-05-30 17:26:44.440] PYTHON_PROGRESS: GA: Fitness (Total=2220.00): SC2_LecturerUnderload=2220|
[2025-05-30 17:26:44.477] PYTHON_PROGRESS: GA: ValidationFail HC2 (Event 16): Room 1 conflict at TS 7 for Course INS203702
[2025-05-30 17:26:44.477] PYTHON_PROGRESS: GA: ValidationFail HC1 (Event 24): Lect 18 conflict at TS 9 for Course INS301603
[2025-05-30 17:26:44.493] PYTHON_PROGRESS: GA: ValidationFail HC2 (Event 14): Room 1 conflict at TS 3 for Course INS201502
[2025-05-30 17:26:44.509] PYTHON_PROGRESS: GA: ValidationFail HC2 (Event 41): Room 15 conflict at TS 6 for Course INS325101
[2025-05-30 17:26:44.556] PYTHON_PROGRESS: GA: ValidationFail HC2 (Event 27): Room 17 conflict at TS 2 for Course INS302901
[2025-05-30 17:26:44.556] PYTHON_PROGRESS: GA: ValidationFail HC2 (Event 28): Room 15 conflict at TS 4 for Course INS303002
[2025-05-30 17:26:44.626] PYTHON_PROGRESS: GA: Fitness (Total=2220.00): SC2_LecturerUnderload=2220|
[2025-05-30 17:26:44.746] PYTHON_PROGRESS: GA: ValidationFail HC2 (Event 4): Room 1 conflict at TS 8 for Course FIB300501
[2025-05-30 17:26:44.794] PYTHON_PROGRESS: GA: ValidationFail HC2 (Event 48): Room 20 conflict at TS 1 for Course PHI100201
[2025-05-30 17:26:44.814] PYTHON_PROGRESS: GA: ValidationFail HC1 (Event 34): Lect 36 conflict at TS 6 for Course INS307403
[2025-05-30 17:26:44.911] PYTHON_PROGRESS: GA: Fitness (Total=3220.00): SC1_StudentClash=1000|SC2_LecturerUnderload=2220|
[2025-05-30 17:26:45.037] PYTHON_PROGRESS: GA: ValidationFail HC1 (Event 46): Lect 22 conflict at TS 19 for Course MAT109204
[2025-05-30 17:26:45.116] PYTHON_PROGRESS: GA: Fitness (Total=2220.00): SC2_LecturerUnderload=2220|
[2025-05-30 17:26:45.151] PYTHON_PROGRESS: GA: Fitness (Total=2220.00): SC2_LecturerUnderload=2220|
[2025-05-30 17:26:45.188] PYTHON_PROGRESS: GA: Fitness (Total=2220.00): SC2_LecturerUnderload=2220|
[2025-05-30 17:26:45.212] PYTHON_PROGRESS: GA: Fitness (Total=2220.00): SC2_LecturerUnderload=2220|
[2025-05-30 17:26:45.614] PYTHON_PROGRESS: GA: ValidationFail HC2 (Event 38): Room 23 conflict at TS 2 for Course INS315201
[2025-05-30 17:26:45.677] PYTHON_PROGRESS: GA: ValidationFail HC2 (Event 45): Room 4 conflict at TS 20 for Course MAT100501
[2025-05-30 17:26:45.781] PYTHON_PROGRESS: GA: Fitness (Total=2220.00): SC2_LecturerUnderload=2220|
[2025-05-30 17:26:45.896] PYTHON_PROGRESS: GA: ValidationFail HC2 (Event 15): Room 1 conflict at TS 24 for Course INS201503
[2025-05-30 17:26:46.033] PYTHON_PROGRESS: GA: Fitness (Total=2220.00): SC2_LecturerUnderload=2220|
[2025-05-30 17:26:46.193] PYTHON_PROGRESS: GA: ValidationFail HC2 (Event 26): Room 5 conflict at TS 2 for Course INS302803
[2025-05-30 17:26:46.312] PYTHON_PROGRESS: GA: Fitness (Total=2220.00): SC2_LecturerUnderload=2220|
[2025-05-30 17:26:46.312] PYTHON_PROGRESS: GA: Fitness (Total=2220.00): SC2_LecturerUnderload=2220|
[2025-05-30 17:26:46.357] PYTHON_PROGRESS: GA: End Gen 70/100: BestInGenPen=2220.00, OverallBestPen=2220.00
[2025-05-30 17:26:46.420] PYTHON_PROGRESS: GA: ValidationFail HC2 (Event 18): Room 1 conflict at TS 7 for Course INS207402
[2025-05-30 17:26:46.468] PYTHON_PROGRESS: GA: ValidationFail HC2 (Event 35): Room 1 conflict at TS 9 for Course INS308001
[2025-05-30 17:26:46.468] PYTHON_PROGRESS: GA: ValidationFail HC2 (Event 20): Room 14 conflict at TS 2 for Course INS210902
[2025-05-30 17:26:46.484] PYTHON_PROGRESS: GA: ValidationFail HC2 (Event 38): Room 23 conflict at TS 2 for Course INS315201
[2025-05-30 17:26:46.516] PYTHON_PROGRESS: GA: Fitness (Total=2220.00): SC2_LecturerUnderload=2220|
[2025-05-30 17:26:46.579] PYTHON_PROGRESS: GA: Fitness (Total=2220.00): SC2_LecturerUnderload=2220|
[2025-05-30 17:26:46.809] PYTHON_PROGRESS: GA: Fitness (Total=2220.00): SC2_LecturerUnderload=2220|
[2025-05-30 17:26:46.891] PYTHON_PROGRESS: GA: Fitness (Total=2220.00): SC2_LecturerUnderload=2220|
[2025-05-30 17:26:46.943] PYTHON_PROGRESS: GA: ValidationFail HC2 (Event 17): Room 1 conflict at TS 9 for Course INS207303
[2025-05-30 17:26:46.995] PYTHON_PROGRESS: GA: ValidationFail HC2 (Event 46): Room 10 conflict at TS 1 for Course MAT109204
[2025-05-30 17:26:47.013] PYTHON_PROGRESS: GA: ValidationFail HC1 (Event 16): Lect 26 conflict at TS 7 for Course INS203702
[2025-05-30 17:26:47.033] PYTHON_PROGRESS: GA: ValidationFail HC2 (Event 13): Room 22 conflict at TS 2 for Course INS201501
[2025-05-30 17:26:47.106] PYTHON_PROGRESS: GA: Fitness (Total=2220.00): SC2_LecturerUnderload=2220|
[2025-05-30 17:26:47.363] PYTHON_PROGRESS: GA: Fitness (Total=2220.00): SC2_LecturerUnderload=2220|
[2025-05-30 17:26:47.404] PYTHON_PROGRESS: GA: Fitness (Total=2220.00): SC2_LecturerUnderload=2220|
[2025-05-30 17:26:47.407] PYTHON_PROGRESS: GA: Fitness (Total=2220.00): SC2_LecturerUnderload=2220|
[2025-05-30 17:26:47.477] PYTHON_PROGRESS: GA: ValidationFail HC2 (Event 36): Room 12 conflict at TS 2 for Course INS309701
[2025-05-30 17:26:47.495] PYTHON_PROGRESS: GA: ValidationFail HC2 (Event 41): Room 23 conflict at TS 3 for Course INS325101
[2025-05-30 17:26:47.531] PYTHON_PROGRESS: GA: ValidationFail HC1 (Event 48): Lect 37 conflict at TS 1 for Course PHI100201
[2025-05-30 17:26:47.624] PYTHON_PROGRESS: GA: Fitness (Total=2220.00): SC2_LecturerUnderload=2220|
[2025-05-30 17:26:47.624] PYTHON_PROGRESS: GA: Fitness (Total=2220.00): SC2_LecturerUnderload=2220|
[2025-05-30 17:26:47.672] PYTHON_PROGRESS: GA: Fitness (Total=2220.00): SC2_LecturerUnderload=2220|
[2025-05-30 17:26:47.688] PYTHON_PROGRESS: GA: Fitness (Total=2220.00): SC2_LecturerUnderload=2220|
[2025-05-30 17:26:47.818] PYTHON_PROGRESS: GA: ValidationFail HC2 (Event 44): Room 1 conflict at TS 7 for Course INS328003
[2025-05-30 17:26:47.818] PYTHON_PROGRESS: GA: ValidationFail HC1 (Event 38): Lect 4 conflict at TS 3 for Course INS315201
[2025-05-30 17:26:47.866] PYTHON_PROGRESS: GA: Fitness (Total=2220.00): SC2_LecturerUnderload=2220|
[2025-05-30 17:26:47.926] PYTHON_PROGRESS: GA: Fitness (Total=2220.00): SC2_LecturerUnderload=2220|
[2025-05-30 17:26:47.932] PYTHON_PROGRESS: GA: Fitness (Total=2220.00): SC2_LecturerUnderload=2220|
[2025-05-30 17:26:47.942] PYTHON_PROGRESS: GA: Fitness (Total=2220.00): SC2_LecturerUnderload=2220|
[2025-05-30 17:26:47.950] PYTHON_PROGRESS: GA: Fitness (Total=2220.00): SC2_LecturerUnderload=2220|
[2025-05-30 17:26:47.977] PYTHON_PROGRESS: GA: Fitness (Total=2220.00): SC2_LecturerUnderload=2220|
[2025-05-30 17:26:48.124] PYTHON_PROGRESS: GA: Fitness (Total=2220.00): SC2_LecturerUnderload=2220|
[2025-05-30 17:26:48.179] PYTHON_PROGRESS: GA: Fitness (Total=2220.00): SC2_LecturerUnderload=2220|
[2025-05-30 17:26:48.190] PYTHON_PROGRESS: GA: Fitness (Total=2220.00): SC2_LecturerUnderload=2220|
[2025-05-30 17:26:48.210] PYTHON_PROGRESS: GA: Fitness (Total=2220.00): SC2_LecturerUnderload=2220|
[2025-05-30 17:26:48.386] PYTHON_PROGRESS: GA: ValidationFail HC2 (Event 48): Room 22 conflict at TS 1 for Course PHI100201
[2025-05-30 17:26:48.468] PYTHON_PROGRESS: GA: Fitness (Total=2220.00): SC2_LecturerUnderload=2220|
[2025-05-30 17:26:48.474] PYTHON_PROGRESS: GA: Fitness (Total=2220.00): SC2_LecturerUnderload=2220|
[2025-05-30 17:26:48.570] PYTHON_PROGRESS: GA: ValidationFail HC2 (Event 14): Room 1 conflict at TS 5 for Course INS201502
[2025-05-30 17:26:48.609] PYTHON_PROGRESS: GA: ValidationFail HC2 (Event 16): Room 1 conflict at TS 7 for Course INS203702
[2025-05-30 17:26:48.673] PYTHON_PROGRESS: GA: Fitness (Total=2220.00): SC2_LecturerUnderload=2220|
[2025-05-30 17:26:48.688] PYTHON_PROGRESS: GA: Fitness (Total=2220.00): SC2_LecturerUnderload=2220|
[2025-05-30 17:26:48.704] PYTHON_PROGRESS: GA: Fitness (Total=2220.00): SC2_LecturerUnderload=2220|
[2025-05-30 17:26:48.765] PYTHON_PROGRESS: GA: Fitness (Total=2220.00): SC2_LecturerUnderload=2220|
[2025-05-30 17:26:48.828] PYTHON_PROGRESS: GA: ValidationFail HC2 (Event 16): Room 1 conflict at TS 4 for Course INS203702
[2025-05-30 17:26:48.921] PYTHON_PROGRESS: GA: ValidationFail HC2 (Event 46): Room 20 conflict at TS 1 for Course MAT109204
[2025-05-30 17:26:49.069] PYTHON_PROGRESS: GA: End Gen 80/100: BestInGenPen=2220.00, OverallBestPen=2220.00
[2025-05-30 17:26:49.121] PYTHON_PROGRESS: GA: ValidationFail HC2 (Event 44): Room 18 conflict at TS 2 for Course INS328003
[2025-05-30 17:26:49.426] PYTHON_PROGRESS: GA: ValidationFail HC1 (Event 48): Lect 37 conflict at TS 1 for Course PHI100201
[2025-05-30 17:26:49.458] PYTHON_PROGRESS: GA: ValidationFail HC2 (Event 16): Room 1 conflict at TS 14 for Course INS203702
[2025-05-30 17:26:49.458] PYTHON_PROGRESS: GA: ValidationFail HC2 (Event 48): Room 22 conflict at TS 1 for Course PHI100201
[2025-05-30 17:26:49.490] PYTHON_PROGRESS: GA: Fitness (Total=2220.00): SC2_LecturerUnderload=2220|
[2025-05-30 17:26:49.556] PYTHON_PROGRESS: GA: Fitness (Total=2220.00): SC2_LecturerUnderload=2220|
[2025-05-30 17:26:49.569] PYTHON_PROGRESS: GA: Fitness (Total=2220.00): SC2_LecturerUnderload=2220|
[2025-05-30 17:26:49.667] PYTHON_PROGRESS: GA: ValidationFail HC2 (Event 41): Room 15 conflict at TS 3 for Course INS325101
[2025-05-30 17:26:49.668] PYTHON_PROGRESS: GA: ValidationFail HC2 (Event 49): Room 23 conflict at TS 1 for Course RUS500201
[2025-05-30 17:26:49.684] PYTHON_PROGRESS: GA: ValidationFail HC1 (Event 46): Lect 22 conflict at TS 1 for Course MAT109204
[2025-05-30 17:26:49.780] PYTHON_PROGRESS: GA: Fitness (Total=2220.00): SC2_LecturerUnderload=2220|
[2025-05-30 17:26:49.801] PYTHON_PROGRESS: GA: Fitness (Total=2220.00): SC2_LecturerUnderload=2220|
[2025-05-30 17:26:49.927] PYTHON_PROGRESS: GA: ValidationFail HC2 (Event 49): Room 20 conflict at TS 1 for Course RUS500201
[2025-05-30 17:26:49.975] PYTHON_PROGRESS: GA: ValidationFail HC2 (Event 18): Room 1 conflict at TS 4 for Course INS207402
[2025-05-30 17:26:50.117] PYTHON_PROGRESS: GA: Fitness (Total=2220.00): SC2_LecturerUnderload=2220|
[2025-05-30 17:26:50.133] PYTHON_PROGRESS: GA: Fitness (Total=5220.00): SC1_StudentClash=3000|SC2_LecturerUnderload=2220|
[2025-05-30 17:26:50.479] PYTHON_PROGRESS: GA: ValidationFail HC2 (Event 18): Room 1 conflict at TS 8 for Course INS207402
[2025-05-30 17:26:50.606] PYTHON_PROGRESS: GA: Fitness (Total=2220.00): SC2_LecturerUnderload=2220|
[2025-05-30 17:26:50.688] PYTHON_PROGRESS: GA: Fitness (Total=2220.00): SC2_LecturerUnderload=2220|
[2025-05-30 17:26:50.759] PYTHON_PROGRESS: GA: ValidationFail HC1 (Event 40): Lect 19 conflict at TS 3 for Course INS323702
[2025-05-30 17:26:50.854] PYTHON_PROGRESS: GA: Fitness (Total=2220.00): SC2_LecturerUnderload=2220|
[2025-05-30 17:26:50.901] PYTHON_PROGRESS: GA: Fitness (Total=2220.00): SC2_LecturerUnderload=2220|
[2025-05-30 17:26:50.950] PYTHON_PROGRESS: GA: Fitness (Total=2220.00): SC2_LecturerUnderload=2220|
[2025-05-30 17:26:51.010] PYTHON_PROGRESS: GA: ValidationFail HC2 (Event 39): Room 10 conflict at TS 1 for Course INS318901
[2025-05-30 17:26:51.090] PYTHON_PROGRESS: GA: ValidationFail HC2 (Event 46): Room 6 conflict at TS 1 for Course MAT109204
[2025-05-30 17:26:51.225] PYTHON_PROGRESS: GA: Fitness (Total=2220.00): SC2_LecturerUnderload=2220|
[2025-05-30 17:26:51.352] PYTHON_PROGRESS: GA: ValidationFail HC2 (Event 15): Room 1 conflict at TS 6 for Course INS201503
[2025-05-30 17:26:51.384] PYTHON_PROGRESS: GA: Fitness (Total=2220.00): SC2_LecturerUnderload=2220|
[2025-05-30 17:26:51.463] PYTHON_PROGRESS: GA: Fitness (Total=2220.00): SC2_LecturerUnderload=2220|
[2025-05-30 17:26:51.495] PYTHON_PROGRESS: GA: Fitness (Total=2220.00): SC2_LecturerUnderload=2220|
[2025-05-30 17:26:51.498] PYTHON_PROGRESS: GA: Fitness (Total=2220.00): SC2_LecturerUnderload=2220|
[2025-05-30 17:26:51.593] PYTHON_PROGRESS: GA: ValidationFail HC2 (Event 27): Room 17 conflict at TS 2 for Course INS302901
[2025-05-30 17:26:51.595] PYTHON_PROGRESS: GA: ValidationFail HC2 (Event 46): Room 6 conflict at TS 1 for Course MAT109204
[2025-05-30 17:26:51.658] PYTHON_PROGRESS: GA: Fitness (Total=2220.00): SC2_LecturerUnderload=2220|
[2025-05-30 17:26:51.721] PYTHON_PROGRESS: GA: Fitness (Total=2220.00): SC2_LecturerUnderload=2220|
[2025-05-30 17:26:51.721] PYTHON_PROGRESS: GA: Fitness (Total=2220.00): SC2_LecturerUnderload=2220|
[2025-05-30 17:26:51.737] PYTHON_PROGRESS: GA: Fitness (Total=2220.00): SC2_LecturerUnderload=2220|
[2025-05-30 17:26:51.753] PYTHON_PROGRESS: GA: Fitness (Total=2220.00): SC2_LecturerUnderload=2220|
[2025-05-30 17:26:51.785] PYTHON_PROGRESS: GA: End Gen 90/100: BestInGenPen=2220.00, OverallBestPen=2220.00
[2025-05-30 17:26:51.816] PYTHON_PROGRESS: GA: ValidationFail HC2 (Event 27): Room 17 conflict at TS 2 for Course INS302901
[2025-05-30 17:26:51.853] PYTHON_PROGRESS: GA: ValidationFail HC2 (Event 49): Room 4 conflict at TS 1 for Course RUS500201
[2025-05-30 17:26:51.863] PYTHON_PROGRESS: GA: ValidationFail HC2 (Event 14): Room 13 conflict at TS 5 for Course INS201502
[2025-05-30 17:26:51.880] PYTHON_PROGRESS: GA: ValidationFail HC2 (Event 46): Room 20 conflict at TS 1 for Course MAT109204
[2025-05-30 17:26:52.147] PYTHON_PROGRESS: GA: ValidationFail HC2 (Event 46): Room 6 conflict at TS 1 for Course MAT109204
[2025-05-30 17:26:52.219] PYTHON_PROGRESS: GA: ValidationFail HC2 (Event 36): Room 5 conflict at TS 2 for Course INS309701
[2025-05-30 17:26:52.239] PYTHON_PROGRESS: GA: ValidationFail HC2 (Event 26): Room 15 conflict at TS 2 for Course INS302803
[2025-05-30 17:26:52.253] PYTHON_PROGRESS: GA: ValidationFail HC2 (Event 46): Room 6 conflict at TS 1 for Course MAT109204
[2025-05-30 17:26:52.340] PYTHON_PROGRESS: GA: Fitness (Total=2220.00): SC2_LecturerUnderload=2220|
[2025-05-30 17:26:52.361] PYTHON_PROGRESS: GA: Fitness (Total=2220.00): SC2_LecturerUnderload=2220|
[2025-05-30 17:26:52.366] PYTHON_PROGRESS: GA: Fitness (Total=3220.00): SC1_StudentClash=1000|SC2_LecturerUnderload=2220|
[2025-05-30 17:26:52.683] PYTHON_PROGRESS: GA: Fitness (Total=2220.00): SC2_LecturerUnderload=2220|
[2025-05-30 17:26:52.699] PYTHON_PROGRESS: GA: Fitness (Total=2220.00): SC2_LecturerUnderload=2220|
[2025-05-30 17:26:52.699] PYTHON_PROGRESS: GA: Fitness (Total=2220.00): SC2_LecturerUnderload=2220|
[2025-05-30 17:26:52.762] PYTHON_PROGRESS: GA: Fitness (Total=2220.00): SC2_LecturerUnderload=2220|
[2025-05-30 17:26:52.762] PYTHON_PROGRESS: GA: Fitness (Total=2220.00): SC2_LecturerUnderload=2220|
[2025-05-30 17:26:52.865] PYTHON_PROGRESS: GA: ValidationFail HC1 (Event 22): Lect 18 conflict at TS 9 for Course INS300202
[2025-05-30 17:26:52.871] PYTHON_PROGRESS: GA: ValidationFail HC2 (Event 19): Room 23 conflict at TS 3 for Course INS209801
[2025-05-30 17:26:52.910] PYTHON_PROGRESS: GA: Fitness (Total=2220.00): SC2_LecturerUnderload=2220|
[2025-05-30 17:26:52.942] PYTHON_PROGRESS: GA: Fitness (Total=2220.00): SC2_LecturerUnderload=2220|
[2025-05-30 17:26:52.957] PYTHON_PROGRESS: GA: Fitness (Total=2220.00): SC2_LecturerUnderload=2220|
[2025-05-30 17:26:53.020] PYTHON_PROGRESS: GA: Fitness (Total=2220.00): SC2_LecturerUnderload=2220|
[2025-05-30 17:26:53.020] PYTHON_PROGRESS: GA: Fitness (Total=2220.00): SC2_LecturerUnderload=2220|
[2025-05-30 17:26:53.036] PYTHON_PROGRESS: GA: Fitness (Total=2220.00): SC2_LecturerUnderload=2220|
[2025-05-30 17:26:53.036] PYTHON_PROGRESS: GA: Fitness (Total=2220.00): SC2_LecturerUnderload=2220|
[2025-05-30 17:26:53.091] PYTHON_PROGRESS: GA: ValidationFail HC2 (Event 46): Room 6 conflict at TS 1 for Course MAT109204
[2025-05-30 17:26:53.122] PYTHON_PROGRESS: GA: ValidationFail HC1 (Event 38): Lect 4 conflict at TS 2 for Course INS315201
[2025-05-30 17:26:53.228] PYTHON_PROGRESS: GA: Fitness (Total=2220.00): SC2_LecturerUnderload=2220|
[2025-05-30 17:26:53.310] PYTHON_PROGRESS: GA: Fitness (Total=2220.00): SC2_LecturerUnderload=2220|
[2025-05-30 17:26:53.360] PYTHON_PROGRESS: GA: ValidationFail HC2 (Event 46): Room 20 conflict at TS 1 for Course MAT109204
[2025-05-30 17:26:53.362] PYTHON_PROGRESS: GA: ValidationFail HC2 (Event 46): Room 13 conflict at TS 1 for Course MAT109204
[2025-05-30 17:26:53.380] PYTHON_PROGRESS: GA: ValidationFail HC2 (Event 25): Room 12 conflict at TS 2 for Course INS30201
[2025-05-30 17:26:53.442] PYTHON_PROGRESS: GA: ValidationFail HC2 (Event 36): Room 12 conflict at TS 2 for Course INS309701
[2025-05-30 17:26:53.490] PYTHON_PROGRESS: GA: Fitness (Total=2220.00): SC2_LecturerUnderload=2220|
[2025-05-30 17:26:53.490] PYTHON_PROGRESS: GA: Fitness (Total=2220.00): SC2_LecturerUnderload=2220|
[2025-05-30 17:26:53.748] PYTHON_PROGRESS: GA: Fitness (Total=2220.00): SC2_LecturerUnderload=2220|
[2025-05-30 17:26:53.766] PYTHON_PROGRESS: GA: Fitness (Total=2220.00): SC2_LecturerUnderload=2220|
[2025-05-30 17:26:53.822] PYTHON_PROGRESS: GA: Fitness (Total=2220.00): SC2_LecturerUnderload=2220|
[2025-05-30 17:26:53.870] PYTHON_PROGRESS: GA: Fitness (Total=2220.00): SC2_LecturerUnderload=2220|
[2025-05-30 17:26:53.880] PYTHON_PROGRESS: GA: Fitness (Total=2220.00): SC2_LecturerUnderload=2220|
[2025-05-30 17:26:54.027] PYTHON_PROGRESS: GA: Fitness (Total=2220.00): SC2_LecturerUnderload=2220|
[2025-05-30 17:26:54.041] PYTHON_PROGRESS: GA: Fitness (Total=2220.00): SC2_LecturerUnderload=2220|
[2025-05-30 17:26:54.124] PYTHON_PROGRESS: GA: Fitness (Total=2220.00): SC2_LecturerUnderload=2220|
[2025-05-30 17:26:54.280] PYTHON_PROGRESS: GA: ValidationFail HC2 (Event 37): Room 14 conflict at TS 3 for Course INS315101
[2025-05-30 17:26:54.299] PYTHON_PROGRESS: GA: Fitness (Total=2220.00): SC2_LecturerUnderload=2220|
[2025-05-30 17:26:54.311] PYTHON_PROGRESS: GA: Fitness (Total=2220.00): SC2_LecturerUnderload=2220|
[2025-05-30 17:26:54.320] PYTHON_PROGRESS: GA: Fitness (Total=2220.00): SC2_LecturerUnderload=2220|
[2025-05-30 17:26:54.577] PYTHON_PROGRESS: GA: Fitness (Total=2220.00): SC2_LecturerUnderload=2220|
[2025-05-30 17:26:54.577] PYTHON_PROGRESS: GA: Fitness (Total=2220.00): SC2_LecturerUnderload=2220|
[2025-05-30 17:26:54.683] PYTHON_PROGRESS: GA: Fitness (Total=2220.00): SC2_LecturerUnderload=2220|
[2025-05-30 17:26:54.700] PYTHON_PROGRESS: GA: End Gen 100/100: BestInGenPen=2220.00, OverallBestPen=2220.00
[2025-05-30 17:26:54.701] PYTHON_PROGRESS: GA: GA Evolution Finished. Final best penalty: 2220.00
[2025-05-30 17:26:54.705] PYTHON_PROGRESS: GA: Detailed Metrics Calculated: {'final_penalty_score': 2220.0, 'num_scheduled_events': 50, 'hard_constraints_violated_in_final_schedule': False, 'soft_constraints_details': {'lecturer_underload': {'count': 74, 'penalty_contribution': 2220.0}}}
[2025-05-30 17:26:54.705] PYTHON_PROGRESS: GA: Num events in best GA schedule: 50
[2025-05-30 17:26:54.707] PYTHON_PROGRESS: Progress: 95% complete - GA Stage Finished.
[2025-05-30 17:26:54.707] PYTHON_PROGRESS: ================================================================================
[2025-05-30 17:26:54.708] PYTHON_PROGRESS: =====                4. PYTHON: FINALIZING AND SAVING RESULTS                =====
[2025-05-30 17:26:54.708] PYTHON_PROGRESS: ================================================================================
[2025-05-30 17:26:54.709] PYTHON_PROGRESS: Python: Final Outcome: success_full_schedule_generated_py - Python: Schedule generation status: success_full_schedule_generated_py. Events: 50. GA penalty: 2220.00.
[2025-05-30 17:26:54.713] PYTHON_PROGRESS: Output data saved to: C:\xampp\htdocs\DSS\python_algorithm\output_data/final_schedule_output_20250530_122623_8e0931c1.json
[2025-05-30 17:26:54.714] PYTHON_PROGRESS: Progress: 100% complete - Python: Results finalized and saved.
[2025-05-30 17:26:54.715] PYTHON_PROGRESS: Python: Total script execution time: 29.674 seconds.
[2025-05-30 17:26:54.733] PYTHON_PROGRESS: --- PYTHON: END OF SCHEDULER SCRIPT EXECUTION ---
